[2023-02-15T22:10:54.319+0000] {processor.py:153} INFO - Started process (PID=80) to work on /home/airflow/.local/lib/python3.7/site-packages/airflow/example_dags/example_datasets.py
[2023-02-15T22:10:54.320+0000] {processor.py:743} INFO - Processing file /home/airflow/.local/lib/python3.7/site-packages/airflow/example_dags/example_datasets.py for tasks to queue
[2023-02-15T22:10:54.321+0000] {logging_mixin.py:137} INFO - [2023-02-15T22:10:54.321+0000] {dagbag.py:538} INFO - Filling up the DagBag from /home/airflow/.local/lib/python3.7/site-packages/airflow/example_dags/example_datasets.py
[2023-02-15T22:10:54.482+0000] {processor.py:753} INFO - DAG(s) dict_keys(['dataset_consumes_unknown_never_scheduled', 'dataset_consumes_1', 'dataset_produces_1', 'dataset_consumes_1_never_scheduled', 'dataset_produces_2', 'dataset_consumes_1_and_2']) retrieved from /home/airflow/.local/lib/python3.7/site-packages/airflow/example_dags/example_datasets.py
[2023-02-15T22:10:55.191+0000] {logging_mixin.py:137} INFO - [2023-02-15T22:10:55.191+0000] {dag.py:2690} INFO - Sync 6 DAGs
[2023-02-15T22:10:55.358+0000] {logging_mixin.py:137} INFO - [2023-02-15T22:10:55.358+0000] {dag.py:3441} INFO - Setting next_dagrun for dataset_consumes_1 to None, run_after=None
[2023-02-15T22:10:55.388+0000] {logging_mixin.py:137} INFO - [2023-02-15T22:10:55.387+0000] {dag.py:3441} INFO - Setting next_dagrun for dataset_consumes_1_and_2 to None, run_after=None
[2023-02-15T22:10:55.389+0000] {logging_mixin.py:137} INFO - [2023-02-15T22:10:55.389+0000] {dag.py:3441} INFO - Setting next_dagrun for dataset_consumes_1_never_scheduled to None, run_after=None
[2023-02-15T22:10:55.422+0000] {logging_mixin.py:137} INFO - [2023-02-15T22:10:55.422+0000] {dag.py:3441} INFO - Setting next_dagrun for dataset_consumes_unknown_never_scheduled to None, run_after=None
[2023-02-15T22:10:55.436+0000] {logging_mixin.py:137} INFO - [2023-02-15T22:10:55.436+0000] {dag.py:3441} INFO - Setting next_dagrun for dataset_produces_1 to 2023-02-14T00:00:00+00:00, run_after=2023-02-15T00:00:00+00:00
[2023-02-15T22:10:55.451+0000] {logging_mixin.py:137} INFO - [2023-02-15T22:10:55.451+0000] {dag.py:3441} INFO - Setting next_dagrun for dataset_produces_2 to None, run_after=None
[2023-02-15T22:10:55.947+0000] {processor.py:175} INFO - Processing /home/airflow/.local/lib/python3.7/site-packages/airflow/example_dags/example_datasets.py took 1.659 seconds
[2023-02-15T22:11:26.358+0000] {processor.py:153} INFO - Started process (PID=140) to work on /home/airflow/.local/lib/python3.7/site-packages/airflow/example_dags/example_datasets.py
[2023-02-15T22:11:26.388+0000] {processor.py:743} INFO - Processing file /home/airflow/.local/lib/python3.7/site-packages/airflow/example_dags/example_datasets.py for tasks to queue
[2023-02-15T22:11:26.389+0000] {logging_mixin.py:137} INFO - [2023-02-15T22:11:26.389+0000] {dagbag.py:538} INFO - Filling up the DagBag from /home/airflow/.local/lib/python3.7/site-packages/airflow/example_dags/example_datasets.py
[2023-02-15T22:11:26.471+0000] {processor.py:753} INFO - DAG(s) dict_keys(['dataset_consumes_1_never_scheduled', 'dataset_consumes_unknown_never_scheduled', 'dataset_consumes_1', 'dataset_produces_2', 'dataset_consumes_1_and_2', 'dataset_produces_1']) retrieved from /home/airflow/.local/lib/python3.7/site-packages/airflow/example_dags/example_datasets.py
[2023-02-15T22:11:26.668+0000] {logging_mixin.py:137} INFO - [2023-02-15T22:11:26.668+0000] {dag.py:2690} INFO - Sync 6 DAGs
[2023-02-15T22:11:26.784+0000] {logging_mixin.py:137} INFO - [2023-02-15T22:11:26.783+0000] {dag.py:3441} INFO - Setting next_dagrun for dataset_consumes_1 to None, run_after=None
[2023-02-15T22:11:26.799+0000] {logging_mixin.py:137} INFO - [2023-02-15T22:11:26.799+0000] {dag.py:3441} INFO - Setting next_dagrun for dataset_consumes_1_and_2 to None, run_after=None
[2023-02-15T22:11:26.800+0000] {logging_mixin.py:137} INFO - [2023-02-15T22:11:26.800+0000] {dag.py:3441} INFO - Setting next_dagrun for dataset_consumes_1_never_scheduled to None, run_after=None
[2023-02-15T22:11:26.813+0000] {logging_mixin.py:137} INFO - [2023-02-15T22:11:26.813+0000] {dag.py:3441} INFO - Setting next_dagrun for dataset_consumes_unknown_never_scheduled to None, run_after=None
[2023-02-15T22:11:26.816+0000] {logging_mixin.py:137} INFO - [2023-02-15T22:11:26.816+0000] {dag.py:3441} INFO - Setting next_dagrun for dataset_produces_1 to 2023-02-14T00:00:00+00:00, run_after=2023-02-15T00:00:00+00:00
[2023-02-15T22:11:26.829+0000] {logging_mixin.py:137} INFO - [2023-02-15T22:11:26.829+0000] {dag.py:3441} INFO - Setting next_dagrun for dataset_produces_2 to None, run_after=None
[2023-02-15T22:11:27.012+0000] {processor.py:175} INFO - Processing /home/airflow/.local/lib/python3.7/site-packages/airflow/example_dags/example_datasets.py took 0.669 seconds
[2023-02-15T22:11:57.084+0000] {processor.py:153} INFO - Started process (PID=194) to work on /home/airflow/.local/lib/python3.7/site-packages/airflow/example_dags/example_datasets.py
[2023-02-15T22:11:57.085+0000] {processor.py:743} INFO - Processing file /home/airflow/.local/lib/python3.7/site-packages/airflow/example_dags/example_datasets.py for tasks to queue
[2023-02-15T22:11:57.086+0000] {logging_mixin.py:137} INFO - [2023-02-15T22:11:57.086+0000] {dagbag.py:538} INFO - Filling up the DagBag from /home/airflow/.local/lib/python3.7/site-packages/airflow/example_dags/example_datasets.py
[2023-02-15T22:11:57.135+0000] {processor.py:753} INFO - DAG(s) dict_keys(['dataset_consumes_1_never_scheduled', 'dataset_produces_1', 'dataset_consumes_1', 'dataset_consumes_1_and_2', 'dataset_consumes_unknown_never_scheduled', 'dataset_produces_2']) retrieved from /home/airflow/.local/lib/python3.7/site-packages/airflow/example_dags/example_datasets.py
[2023-02-15T22:11:57.262+0000] {logging_mixin.py:137} INFO - [2023-02-15T22:11:57.262+0000] {dag.py:2690} INFO - Sync 6 DAGs
[2023-02-15T22:11:57.333+0000] {logging_mixin.py:137} INFO - [2023-02-15T22:11:57.333+0000] {dag.py:3441} INFO - Setting next_dagrun for dataset_consumes_1 to None, run_after=None
[2023-02-15T22:11:57.337+0000] {logging_mixin.py:137} INFO - [2023-02-15T22:11:57.337+0000] {dag.py:3441} INFO - Setting next_dagrun for dataset_consumes_1_and_2 to None, run_after=None
[2023-02-15T22:11:57.348+0000] {logging_mixin.py:137} INFO - [2023-02-15T22:11:57.348+0000] {dag.py:3441} INFO - Setting next_dagrun for dataset_consumes_1_never_scheduled to None, run_after=None
[2023-02-15T22:11:57.350+0000] {logging_mixin.py:137} INFO - [2023-02-15T22:11:57.350+0000] {dag.py:3441} INFO - Setting next_dagrun for dataset_consumes_unknown_never_scheduled to None, run_after=None
[2023-02-15T22:11:57.354+0000] {logging_mixin.py:137} INFO - [2023-02-15T22:11:57.353+0000] {dag.py:3441} INFO - Setting next_dagrun for dataset_produces_1 to 2023-02-14T00:00:00+00:00, run_after=2023-02-15T00:00:00+00:00
[2023-02-15T22:11:57.366+0000] {logging_mixin.py:137} INFO - [2023-02-15T22:11:57.365+0000] {dag.py:3441} INFO - Setting next_dagrun for dataset_produces_2 to None, run_after=None
[2023-02-15T22:11:57.483+0000] {processor.py:175} INFO - Processing /home/airflow/.local/lib/python3.7/site-packages/airflow/example_dags/example_datasets.py took 0.403 seconds
[2023-02-15T22:12:27.673+0000] {processor.py:153} INFO - Started process (PID=255) to work on /home/airflow/.local/lib/python3.7/site-packages/airflow/example_dags/example_datasets.py
[2023-02-15T22:12:27.684+0000] {processor.py:743} INFO - Processing file /home/airflow/.local/lib/python3.7/site-packages/airflow/example_dags/example_datasets.py for tasks to queue
[2023-02-15T22:12:27.685+0000] {logging_mixin.py:137} INFO - [2023-02-15T22:12:27.684+0000] {dagbag.py:538} INFO - Filling up the DagBag from /home/airflow/.local/lib/python3.7/site-packages/airflow/example_dags/example_datasets.py
[2023-02-15T22:12:27.736+0000] {processor.py:753} INFO - DAG(s) dict_keys(['dataset_consumes_1_and_2', 'dataset_produces_1', 'dataset_consumes_unknown_never_scheduled', 'dataset_consumes_1_never_scheduled', 'dataset_produces_2', 'dataset_consumes_1']) retrieved from /home/airflow/.local/lib/python3.7/site-packages/airflow/example_dags/example_datasets.py
[2023-02-15T22:12:27.916+0000] {logging_mixin.py:137} INFO - [2023-02-15T22:12:27.916+0000] {dag.py:2690} INFO - Sync 6 DAGs
[2023-02-15T22:12:28.010+0000] {logging_mixin.py:137} INFO - [2023-02-15T22:12:28.010+0000] {dag.py:3441} INFO - Setting next_dagrun for dataset_consumes_1 to None, run_after=None
[2023-02-15T22:12:28.027+0000] {logging_mixin.py:137} INFO - [2023-02-15T22:12:28.026+0000] {dag.py:3441} INFO - Setting next_dagrun for dataset_consumes_1_and_2 to None, run_after=None
[2023-02-15T22:12:28.028+0000] {logging_mixin.py:137} INFO - [2023-02-15T22:12:28.028+0000] {dag.py:3441} INFO - Setting next_dagrun for dataset_consumes_1_never_scheduled to None, run_after=None
[2023-02-15T22:12:28.041+0000] {logging_mixin.py:137} INFO - [2023-02-15T22:12:28.041+0000] {dag.py:3441} INFO - Setting next_dagrun for dataset_consumes_unknown_never_scheduled to None, run_after=None
[2023-02-15T22:12:28.044+0000] {logging_mixin.py:137} INFO - [2023-02-15T22:12:28.044+0000] {dag.py:3441} INFO - Setting next_dagrun for dataset_produces_1 to 2023-02-14T00:00:00+00:00, run_after=2023-02-15T00:00:00+00:00
[2023-02-15T22:12:28.056+0000] {logging_mixin.py:137} INFO - [2023-02-15T22:12:28.056+0000] {dag.py:3441} INFO - Setting next_dagrun for dataset_produces_2 to None, run_after=None
[2023-02-15T22:12:28.179+0000] {processor.py:175} INFO - Processing /home/airflow/.local/lib/python3.7/site-packages/airflow/example_dags/example_datasets.py took 0.529 seconds
[2023-02-15T22:12:58.713+0000] {processor.py:153} INFO - Started process (PID=316) to work on /home/airflow/.local/lib/python3.7/site-packages/airflow/example_dags/example_datasets.py
[2023-02-15T22:12:58.714+0000] {processor.py:743} INFO - Processing file /home/airflow/.local/lib/python3.7/site-packages/airflow/example_dags/example_datasets.py for tasks to queue
[2023-02-15T22:12:58.714+0000] {logging_mixin.py:137} INFO - [2023-02-15T22:12:58.714+0000] {dagbag.py:538} INFO - Filling up the DagBag from /home/airflow/.local/lib/python3.7/site-packages/airflow/example_dags/example_datasets.py
[2023-02-15T22:12:58.809+0000] {processor.py:753} INFO - DAG(s) dict_keys(['dataset_produces_1', 'dataset_produces_2', 'dataset_consumes_1_and_2', 'dataset_consumes_1', 'dataset_consumes_1_never_scheduled', 'dataset_consumes_unknown_never_scheduled']) retrieved from /home/airflow/.local/lib/python3.7/site-packages/airflow/example_dags/example_datasets.py
[2023-02-15T22:12:59.064+0000] {logging_mixin.py:137} INFO - [2023-02-15T22:12:59.064+0000] {dag.py:2690} INFO - Sync 6 DAGs
[2023-02-15T22:12:59.195+0000] {logging_mixin.py:137} INFO - [2023-02-15T22:12:59.194+0000] {dag.py:3441} INFO - Setting next_dagrun for dataset_consumes_1 to None, run_after=None
[2023-02-15T22:12:59.224+0000] {logging_mixin.py:137} INFO - [2023-02-15T22:12:59.211+0000] {dag.py:3441} INFO - Setting next_dagrun for dataset_consumes_1_and_2 to None, run_after=None
[2023-02-15T22:12:59.226+0000] {logging_mixin.py:137} INFO - [2023-02-15T22:12:59.226+0000] {dag.py:3441} INFO - Setting next_dagrun for dataset_consumes_1_never_scheduled to None, run_after=None
[2023-02-15T22:12:59.227+0000] {logging_mixin.py:137} INFO - [2023-02-15T22:12:59.227+0000] {dag.py:3441} INFO - Setting next_dagrun for dataset_consumes_unknown_never_scheduled to None, run_after=None
[2023-02-15T22:12:59.243+0000] {logging_mixin.py:137} INFO - [2023-02-15T22:12:59.242+0000] {dag.py:3441} INFO - Setting next_dagrun for dataset_produces_1 to 2023-02-14T00:00:00+00:00, run_after=2023-02-15T00:00:00+00:00
[2023-02-15T22:12:59.257+0000] {logging_mixin.py:137} INFO - [2023-02-15T22:12:59.257+0000] {dag.py:3441} INFO - Setting next_dagrun for dataset_produces_2 to None, run_after=None
[2023-02-15T22:12:59.458+0000] {processor.py:175} INFO - Processing /home/airflow/.local/lib/python3.7/site-packages/airflow/example_dags/example_datasets.py took 0.775 seconds
[2023-02-15T22:13:29.590+0000] {processor.py:153} INFO - Started process (PID=371) to work on /home/airflow/.local/lib/python3.7/site-packages/airflow/example_dags/example_datasets.py
[2023-02-15T22:13:29.622+0000] {processor.py:743} INFO - Processing file /home/airflow/.local/lib/python3.7/site-packages/airflow/example_dags/example_datasets.py for tasks to queue
[2023-02-15T22:13:29.623+0000] {logging_mixin.py:137} INFO - [2023-02-15T22:13:29.622+0000] {dagbag.py:538} INFO - Filling up the DagBag from /home/airflow/.local/lib/python3.7/site-packages/airflow/example_dags/example_datasets.py
[2023-02-15T22:13:29.687+0000] {processor.py:753} INFO - DAG(s) dict_keys(['dataset_consumes_1', 'dataset_consumes_1_never_scheduled', 'dataset_produces_2', 'dataset_produces_1', 'dataset_consumes_unknown_never_scheduled', 'dataset_consumes_1_and_2']) retrieved from /home/airflow/.local/lib/python3.7/site-packages/airflow/example_dags/example_datasets.py
[2023-02-15T22:13:29.916+0000] {logging_mixin.py:137} INFO - [2023-02-15T22:13:29.915+0000] {dag.py:2690} INFO - Sync 6 DAGs
[2023-02-15T22:13:30.014+0000] {logging_mixin.py:137} INFO - [2023-02-15T22:13:30.014+0000] {dag.py:3441} INFO - Setting next_dagrun for dataset_consumes_1 to None, run_after=None
[2023-02-15T22:13:30.029+0000] {logging_mixin.py:137} INFO - [2023-02-15T22:13:30.029+0000] {dag.py:3441} INFO - Setting next_dagrun for dataset_consumes_1_and_2 to None, run_after=None
[2023-02-15T22:13:30.030+0000] {logging_mixin.py:137} INFO - [2023-02-15T22:13:30.030+0000] {dag.py:3441} INFO - Setting next_dagrun for dataset_consumes_1_never_scheduled to None, run_after=None
[2023-02-15T22:13:30.032+0000] {logging_mixin.py:137} INFO - [2023-02-15T22:13:30.032+0000] {dag.py:3441} INFO - Setting next_dagrun for dataset_consumes_unknown_never_scheduled to None, run_after=None
[2023-02-15T22:13:30.046+0000] {logging_mixin.py:137} INFO - [2023-02-15T22:13:30.046+0000] {dag.py:3441} INFO - Setting next_dagrun for dataset_produces_1 to 2023-02-14T00:00:00+00:00, run_after=2023-02-15T00:00:00+00:00
[2023-02-15T22:13:30.048+0000] {logging_mixin.py:137} INFO - [2023-02-15T22:13:30.048+0000] {dag.py:3441} INFO - Setting next_dagrun for dataset_produces_2 to None, run_after=None
[2023-02-15T22:13:30.239+0000] {processor.py:175} INFO - Processing /home/airflow/.local/lib/python3.7/site-packages/airflow/example_dags/example_datasets.py took 0.694 seconds
[2023-02-15T22:14:00.703+0000] {processor.py:153} INFO - Started process (PID=434) to work on /home/airflow/.local/lib/python3.7/site-packages/airflow/example_dags/example_datasets.py
[2023-02-15T22:14:00.704+0000] {processor.py:743} INFO - Processing file /home/airflow/.local/lib/python3.7/site-packages/airflow/example_dags/example_datasets.py for tasks to queue
[2023-02-15T22:14:00.705+0000] {logging_mixin.py:137} INFO - [2023-02-15T22:14:00.705+0000] {dagbag.py:538} INFO - Filling up the DagBag from /home/airflow/.local/lib/python3.7/site-packages/airflow/example_dags/example_datasets.py
[2023-02-15T22:14:00.726+0000] {processor.py:753} INFO - DAG(s) dict_keys(['dataset_produces_2', 'dataset_produces_1', 'dataset_consumes_1_and_2', 'dataset_consumes_unknown_never_scheduled', 'dataset_consumes_1', 'dataset_consumes_1_never_scheduled']) retrieved from /home/airflow/.local/lib/python3.7/site-packages/airflow/example_dags/example_datasets.py
[2023-02-15T22:14:00.782+0000] {logging_mixin.py:137} INFO - [2023-02-15T22:14:00.782+0000] {dag.py:2690} INFO - Sync 6 DAGs
[2023-02-15T22:14:00.818+0000] {logging_mixin.py:137} INFO - [2023-02-15T22:14:00.818+0000] {dag.py:3441} INFO - Setting next_dagrun for dataset_consumes_1 to None, run_after=None
[2023-02-15T22:14:00.823+0000] {logging_mixin.py:137} INFO - [2023-02-15T22:14:00.823+0000] {dag.py:3441} INFO - Setting next_dagrun for dataset_consumes_1_and_2 to None, run_after=None
[2023-02-15T22:14:00.824+0000] {logging_mixin.py:137} INFO - [2023-02-15T22:14:00.824+0000] {dag.py:3441} INFO - Setting next_dagrun for dataset_consumes_1_never_scheduled to None, run_after=None
[2023-02-15T22:14:00.825+0000] {logging_mixin.py:137} INFO - [2023-02-15T22:14:00.825+0000] {dag.py:3441} INFO - Setting next_dagrun for dataset_consumes_unknown_never_scheduled to None, run_after=None
[2023-02-15T22:14:00.829+0000] {logging_mixin.py:137} INFO - [2023-02-15T22:14:00.829+0000] {dag.py:3441} INFO - Setting next_dagrun for dataset_produces_1 to 2023-02-14T00:00:00+00:00, run_after=2023-02-15T00:00:00+00:00
[2023-02-15T22:14:00.830+0000] {logging_mixin.py:137} INFO - [2023-02-15T22:14:00.830+0000] {dag.py:3441} INFO - Setting next_dagrun for dataset_produces_2 to None, run_after=None
[2023-02-15T22:14:00.876+0000] {processor.py:175} INFO - Processing /home/airflow/.local/lib/python3.7/site-packages/airflow/example_dags/example_datasets.py took 0.178 seconds
[2023-02-15T22:14:31.085+0000] {processor.py:153} INFO - Started process (PID=509) to work on /home/airflow/.local/lib/python3.7/site-packages/airflow/example_dags/example_datasets.py
[2023-02-15T22:14:31.086+0000] {processor.py:743} INFO - Processing file /home/airflow/.local/lib/python3.7/site-packages/airflow/example_dags/example_datasets.py for tasks to queue
[2023-02-15T22:14:31.087+0000] {logging_mixin.py:137} INFO - [2023-02-15T22:14:31.087+0000] {dagbag.py:538} INFO - Filling up the DagBag from /home/airflow/.local/lib/python3.7/site-packages/airflow/example_dags/example_datasets.py
[2023-02-15T22:14:31.107+0000] {processor.py:753} INFO - DAG(s) dict_keys(['dataset_produces_2', 'dataset_consumes_1_and_2', 'dataset_consumes_unknown_never_scheduled', 'dataset_consumes_1', 'dataset_produces_1', 'dataset_consumes_1_never_scheduled']) retrieved from /home/airflow/.local/lib/python3.7/site-packages/airflow/example_dags/example_datasets.py
[2023-02-15T22:14:31.160+0000] {logging_mixin.py:137} INFO - [2023-02-15T22:14:31.160+0000] {dag.py:2690} INFO - Sync 6 DAGs
[2023-02-15T22:14:31.192+0000] {logging_mixin.py:137} INFO - [2023-02-15T22:14:31.192+0000] {dag.py:3441} INFO - Setting next_dagrun for dataset_consumes_1 to None, run_after=None
[2023-02-15T22:14:31.196+0000] {logging_mixin.py:137} INFO - [2023-02-15T22:14:31.196+0000] {dag.py:3441} INFO - Setting next_dagrun for dataset_consumes_1_and_2 to None, run_after=None
[2023-02-15T22:14:31.198+0000] {logging_mixin.py:137} INFO - [2023-02-15T22:14:31.197+0000] {dag.py:3441} INFO - Setting next_dagrun for dataset_consumes_1_never_scheduled to None, run_after=None
[2023-02-15T22:14:31.199+0000] {logging_mixin.py:137} INFO - [2023-02-15T22:14:31.199+0000] {dag.py:3441} INFO - Setting next_dagrun for dataset_consumes_unknown_never_scheduled to None, run_after=None
[2023-02-15T22:14:31.202+0000] {logging_mixin.py:137} INFO - [2023-02-15T22:14:31.202+0000] {dag.py:3441} INFO - Setting next_dagrun for dataset_produces_1 to 2023-02-14T00:00:00+00:00, run_after=2023-02-15T00:00:00+00:00
[2023-02-15T22:14:31.205+0000] {logging_mixin.py:137} INFO - [2023-02-15T22:14:31.205+0000] {dag.py:3441} INFO - Setting next_dagrun for dataset_produces_2 to None, run_after=None
[2023-02-15T22:14:31.255+0000] {processor.py:175} INFO - Processing /home/airflow/.local/lib/python3.7/site-packages/airflow/example_dags/example_datasets.py took 0.175 seconds
[2023-02-15T22:15:01.394+0000] {processor.py:153} INFO - Started process (PID=574) to work on /home/airflow/.local/lib/python3.7/site-packages/airflow/example_dags/example_datasets.py
[2023-02-15T22:15:01.395+0000] {processor.py:743} INFO - Processing file /home/airflow/.local/lib/python3.7/site-packages/airflow/example_dags/example_datasets.py for tasks to queue
[2023-02-15T22:15:01.395+0000] {logging_mixin.py:137} INFO - [2023-02-15T22:15:01.395+0000] {dagbag.py:538} INFO - Filling up the DagBag from /home/airflow/.local/lib/python3.7/site-packages/airflow/example_dags/example_datasets.py
[2023-02-15T22:15:01.414+0000] {processor.py:753} INFO - DAG(s) dict_keys(['dataset_produces_1', 'dataset_consumes_1_never_scheduled', 'dataset_produces_2', 'dataset_consumes_1_and_2', 'dataset_consumes_1', 'dataset_consumes_unknown_never_scheduled']) retrieved from /home/airflow/.local/lib/python3.7/site-packages/airflow/example_dags/example_datasets.py
[2023-02-15T22:15:01.465+0000] {logging_mixin.py:137} INFO - [2023-02-15T22:15:01.465+0000] {dag.py:2690} INFO - Sync 6 DAGs
[2023-02-15T22:15:01.499+0000] {logging_mixin.py:137} INFO - [2023-02-15T22:15:01.498+0000] {dag.py:3441} INFO - Setting next_dagrun for dataset_consumes_1 to None, run_after=None
[2023-02-15T22:15:01.503+0000] {logging_mixin.py:137} INFO - [2023-02-15T22:15:01.503+0000] {dag.py:3441} INFO - Setting next_dagrun for dataset_consumes_1_and_2 to None, run_after=None
[2023-02-15T22:15:01.505+0000] {logging_mixin.py:137} INFO - [2023-02-15T22:15:01.504+0000] {dag.py:3441} INFO - Setting next_dagrun for dataset_consumes_1_never_scheduled to None, run_after=None
[2023-02-15T22:15:01.506+0000] {logging_mixin.py:137} INFO - [2023-02-15T22:15:01.506+0000] {dag.py:3441} INFO - Setting next_dagrun for dataset_consumes_unknown_never_scheduled to None, run_after=None
[2023-02-15T22:15:01.509+0000] {logging_mixin.py:137} INFO - [2023-02-15T22:15:01.509+0000] {dag.py:3441} INFO - Setting next_dagrun for dataset_produces_1 to 2023-02-14T00:00:00+00:00, run_after=2023-02-15T00:00:00+00:00
[2023-02-15T22:15:01.511+0000] {logging_mixin.py:137} INFO - [2023-02-15T22:15:01.510+0000] {dag.py:3441} INFO - Setting next_dagrun for dataset_produces_2 to None, run_after=None
[2023-02-15T22:15:01.558+0000] {processor.py:175} INFO - Processing /home/airflow/.local/lib/python3.7/site-packages/airflow/example_dags/example_datasets.py took 0.169 seconds
[2023-02-15T22:15:31.712+0000] {processor.py:153} INFO - Started process (PID=638) to work on /home/airflow/.local/lib/python3.7/site-packages/airflow/example_dags/example_datasets.py
[2023-02-15T22:15:31.716+0000] {processor.py:743} INFO - Processing file /home/airflow/.local/lib/python3.7/site-packages/airflow/example_dags/example_datasets.py for tasks to queue
[2023-02-15T22:15:31.717+0000] {logging_mixin.py:137} INFO - [2023-02-15T22:15:31.716+0000] {dagbag.py:538} INFO - Filling up the DagBag from /home/airflow/.local/lib/python3.7/site-packages/airflow/example_dags/example_datasets.py
[2023-02-15T22:15:31.737+0000] {processor.py:753} INFO - DAG(s) dict_keys(['dataset_consumes_unknown_never_scheduled', 'dataset_consumes_1_and_2', 'dataset_consumes_1_never_scheduled', 'dataset_produces_1', 'dataset_consumes_1', 'dataset_produces_2']) retrieved from /home/airflow/.local/lib/python3.7/site-packages/airflow/example_dags/example_datasets.py
[2023-02-15T22:15:31.788+0000] {logging_mixin.py:137} INFO - [2023-02-15T22:15:31.788+0000] {dag.py:2690} INFO - Sync 6 DAGs
[2023-02-15T22:15:31.821+0000] {logging_mixin.py:137} INFO - [2023-02-15T22:15:31.821+0000] {dag.py:3441} INFO - Setting next_dagrun for dataset_consumes_1 to None, run_after=None
[2023-02-15T22:15:31.825+0000] {logging_mixin.py:137} INFO - [2023-02-15T22:15:31.825+0000] {dag.py:3441} INFO - Setting next_dagrun for dataset_consumes_1_and_2 to None, run_after=None
[2023-02-15T22:15:31.827+0000] {logging_mixin.py:137} INFO - [2023-02-15T22:15:31.827+0000] {dag.py:3441} INFO - Setting next_dagrun for dataset_consumes_1_never_scheduled to None, run_after=None
[2023-02-15T22:15:31.828+0000] {logging_mixin.py:137} INFO - [2023-02-15T22:15:31.828+0000] {dag.py:3441} INFO - Setting next_dagrun for dataset_consumes_unknown_never_scheduled to None, run_after=None
[2023-02-15T22:15:31.832+0000] {logging_mixin.py:137} INFO - [2023-02-15T22:15:31.832+0000] {dag.py:3441} INFO - Setting next_dagrun for dataset_produces_1 to 2023-02-14T00:00:00+00:00, run_after=2023-02-15T00:00:00+00:00
[2023-02-15T22:15:31.835+0000] {logging_mixin.py:137} INFO - [2023-02-15T22:15:31.835+0000] {dag.py:3441} INFO - Setting next_dagrun for dataset_produces_2 to None, run_after=None
[2023-02-15T22:15:31.886+0000] {processor.py:175} INFO - Processing /home/airflow/.local/lib/python3.7/site-packages/airflow/example_dags/example_datasets.py took 0.177 seconds
[2023-02-15T22:16:01.960+0000] {processor.py:153} INFO - Started process (PID=714) to work on /home/airflow/.local/lib/python3.7/site-packages/airflow/example_dags/example_datasets.py
[2023-02-15T22:16:01.961+0000] {processor.py:743} INFO - Processing file /home/airflow/.local/lib/python3.7/site-packages/airflow/example_dags/example_datasets.py for tasks to queue
[2023-02-15T22:16:01.961+0000] {logging_mixin.py:137} INFO - [2023-02-15T22:16:01.961+0000] {dagbag.py:538} INFO - Filling up the DagBag from /home/airflow/.local/lib/python3.7/site-packages/airflow/example_dags/example_datasets.py
[2023-02-15T22:16:01.981+0000] {processor.py:753} INFO - DAG(s) dict_keys(['dataset_produces_1', 'dataset_produces_2', 'dataset_consumes_unknown_never_scheduled', 'dataset_consumes_1_and_2', 'dataset_consumes_1_never_scheduled', 'dataset_consumes_1']) retrieved from /home/airflow/.local/lib/python3.7/site-packages/airflow/example_dags/example_datasets.py
[2023-02-15T22:16:02.032+0000] {logging_mixin.py:137} INFO - [2023-02-15T22:16:02.032+0000] {dag.py:2690} INFO - Sync 6 DAGs
[2023-02-15T22:16:02.064+0000] {logging_mixin.py:137} INFO - [2023-02-15T22:16:02.064+0000] {dag.py:3441} INFO - Setting next_dagrun for dataset_consumes_1 to None, run_after=None
[2023-02-15T22:16:02.067+0000] {logging_mixin.py:137} INFO - [2023-02-15T22:16:02.067+0000] {dag.py:3441} INFO - Setting next_dagrun for dataset_consumes_1_and_2 to None, run_after=None
[2023-02-15T22:16:02.069+0000] {logging_mixin.py:137} INFO - [2023-02-15T22:16:02.069+0000] {dag.py:3441} INFO - Setting next_dagrun for dataset_consumes_1_never_scheduled to None, run_after=None
[2023-02-15T22:16:02.071+0000] {logging_mixin.py:137} INFO - [2023-02-15T22:16:02.071+0000] {dag.py:3441} INFO - Setting next_dagrun for dataset_consumes_unknown_never_scheduled to None, run_after=None
[2023-02-15T22:16:02.075+0000] {logging_mixin.py:137} INFO - [2023-02-15T22:16:02.075+0000] {dag.py:3441} INFO - Setting next_dagrun for dataset_produces_1 to 2023-02-14T00:00:00+00:00, run_after=2023-02-15T00:00:00+00:00
[2023-02-15T22:16:02.076+0000] {logging_mixin.py:137} INFO - [2023-02-15T22:16:02.076+0000] {dag.py:3441} INFO - Setting next_dagrun for dataset_produces_2 to None, run_after=None
[2023-02-15T22:16:02.119+0000] {processor.py:175} INFO - Processing /home/airflow/.local/lib/python3.7/site-packages/airflow/example_dags/example_datasets.py took 0.163 seconds
[2023-02-15T22:16:32.173+0000] {processor.py:153} INFO - Started process (PID=778) to work on /home/airflow/.local/lib/python3.7/site-packages/airflow/example_dags/example_datasets.py
[2023-02-15T22:16:32.177+0000] {processor.py:743} INFO - Processing file /home/airflow/.local/lib/python3.7/site-packages/airflow/example_dags/example_datasets.py for tasks to queue
[2023-02-15T22:16:32.178+0000] {logging_mixin.py:137} INFO - [2023-02-15T22:16:32.178+0000] {dagbag.py:538} INFO - Filling up the DagBag from /home/airflow/.local/lib/python3.7/site-packages/airflow/example_dags/example_datasets.py
[2023-02-15T22:16:32.196+0000] {processor.py:753} INFO - DAG(s) dict_keys(['dataset_produces_2', 'dataset_consumes_unknown_never_scheduled', 'dataset_produces_1', 'dataset_consumes_1', 'dataset_consumes_1_never_scheduled', 'dataset_consumes_1_and_2']) retrieved from /home/airflow/.local/lib/python3.7/site-packages/airflow/example_dags/example_datasets.py
[2023-02-15T22:16:32.247+0000] {logging_mixin.py:137} INFO - [2023-02-15T22:16:32.246+0000] {dag.py:2690} INFO - Sync 6 DAGs
[2023-02-15T22:16:32.278+0000] {logging_mixin.py:137} INFO - [2023-02-15T22:16:32.278+0000] {dag.py:3441} INFO - Setting next_dagrun for dataset_consumes_1 to None, run_after=None
[2023-02-15T22:16:32.282+0000] {logging_mixin.py:137} INFO - [2023-02-15T22:16:32.282+0000] {dag.py:3441} INFO - Setting next_dagrun for dataset_consumes_1_and_2 to None, run_after=None
[2023-02-15T22:16:32.284+0000] {logging_mixin.py:137} INFO - [2023-02-15T22:16:32.283+0000] {dag.py:3441} INFO - Setting next_dagrun for dataset_consumes_1_never_scheduled to None, run_after=None
[2023-02-15T22:16:32.285+0000] {logging_mixin.py:137} INFO - [2023-02-15T22:16:32.285+0000] {dag.py:3441} INFO - Setting next_dagrun for dataset_consumes_unknown_never_scheduled to None, run_after=None
[2023-02-15T22:16:32.288+0000] {logging_mixin.py:137} INFO - [2023-02-15T22:16:32.288+0000] {dag.py:3441} INFO - Setting next_dagrun for dataset_produces_1 to 2023-02-14T00:00:00+00:00, run_after=2023-02-15T00:00:00+00:00
[2023-02-15T22:16:32.289+0000] {logging_mixin.py:137} INFO - [2023-02-15T22:16:32.289+0000] {dag.py:3441} INFO - Setting next_dagrun for dataset_produces_2 to None, run_after=None
[2023-02-15T22:16:32.334+0000] {processor.py:175} INFO - Processing /home/airflow/.local/lib/python3.7/site-packages/airflow/example_dags/example_datasets.py took 0.166 seconds
[2023-02-15T22:17:02.697+0000] {processor.py:153} INFO - Started process (PID=842) to work on /home/airflow/.local/lib/python3.7/site-packages/airflow/example_dags/example_datasets.py
[2023-02-15T22:17:02.698+0000] {processor.py:743} INFO - Processing file /home/airflow/.local/lib/python3.7/site-packages/airflow/example_dags/example_datasets.py for tasks to queue
[2023-02-15T22:17:02.698+0000] {logging_mixin.py:137} INFO - [2023-02-15T22:17:02.698+0000] {dagbag.py:538} INFO - Filling up the DagBag from /home/airflow/.local/lib/python3.7/site-packages/airflow/example_dags/example_datasets.py
[2023-02-15T22:17:02.733+0000] {processor.py:753} INFO - DAG(s) dict_keys(['dataset_produces_1', 'dataset_consumes_1', 'dataset_consumes_1_never_scheduled', 'dataset_consumes_unknown_never_scheduled', 'dataset_produces_2', 'dataset_consumes_1_and_2']) retrieved from /home/airflow/.local/lib/python3.7/site-packages/airflow/example_dags/example_datasets.py
[2023-02-15T22:17:02.826+0000] {logging_mixin.py:137} INFO - [2023-02-15T22:17:02.826+0000] {dag.py:2690} INFO - Sync 6 DAGs
[2023-02-15T22:17:02.867+0000] {logging_mixin.py:137} INFO - [2023-02-15T22:17:02.866+0000] {dag.py:3441} INFO - Setting next_dagrun for dataset_consumes_1 to None, run_after=None
[2023-02-15T22:17:02.873+0000] {logging_mixin.py:137} INFO - [2023-02-15T22:17:02.873+0000] {dag.py:3441} INFO - Setting next_dagrun for dataset_consumes_1_and_2 to None, run_after=None
[2023-02-15T22:17:02.875+0000] {logging_mixin.py:137} INFO - [2023-02-15T22:17:02.875+0000] {dag.py:3441} INFO - Setting next_dagrun for dataset_consumes_1_never_scheduled to None, run_after=None
[2023-02-15T22:17:02.876+0000] {logging_mixin.py:137} INFO - [2023-02-15T22:17:02.876+0000] {dag.py:3441} INFO - Setting next_dagrun for dataset_consumes_unknown_never_scheduled to None, run_after=None
[2023-02-15T22:17:02.880+0000] {logging_mixin.py:137} INFO - [2023-02-15T22:17:02.880+0000] {dag.py:3441} INFO - Setting next_dagrun for dataset_produces_1 to 2023-02-14T00:00:00+00:00, run_after=2023-02-15T00:00:00+00:00
[2023-02-15T22:17:02.883+0000] {logging_mixin.py:137} INFO - [2023-02-15T22:17:02.882+0000] {dag.py:3441} INFO - Setting next_dagrun for dataset_produces_2 to None, run_after=None
[2023-02-15T22:17:02.943+0000] {processor.py:175} INFO - Processing /home/airflow/.local/lib/python3.7/site-packages/airflow/example_dags/example_datasets.py took 0.250 seconds
[2023-02-15T22:17:33.377+0000] {processor.py:153} INFO - Started process (PID=917) to work on /home/airflow/.local/lib/python3.7/site-packages/airflow/example_dags/example_datasets.py
[2023-02-15T22:17:33.393+0000] {processor.py:743} INFO - Processing file /home/airflow/.local/lib/python3.7/site-packages/airflow/example_dags/example_datasets.py for tasks to queue
[2023-02-15T22:17:33.394+0000] {logging_mixin.py:137} INFO - [2023-02-15T22:17:33.393+0000] {dagbag.py:538} INFO - Filling up the DagBag from /home/airflow/.local/lib/python3.7/site-packages/airflow/example_dags/example_datasets.py
[2023-02-15T22:17:33.416+0000] {processor.py:753} INFO - DAG(s) dict_keys(['dataset_produces_1', 'dataset_produces_2', 'dataset_consumes_1', 'dataset_consumes_unknown_never_scheduled', 'dataset_consumes_1_never_scheduled', 'dataset_consumes_1_and_2']) retrieved from /home/airflow/.local/lib/python3.7/site-packages/airflow/example_dags/example_datasets.py
[2023-02-15T22:17:33.505+0000] {logging_mixin.py:137} INFO - [2023-02-15T22:17:33.505+0000] {dag.py:2690} INFO - Sync 6 DAGs
[2023-02-15T22:17:33.546+0000] {logging_mixin.py:137} INFO - [2023-02-15T22:17:33.546+0000] {dag.py:3441} INFO - Setting next_dagrun for dataset_consumes_1 to None, run_after=None
[2023-02-15T22:17:33.550+0000] {logging_mixin.py:137} INFO - [2023-02-15T22:17:33.550+0000] {dag.py:3441} INFO - Setting next_dagrun for dataset_consumes_1_and_2 to None, run_after=None
[2023-02-15T22:17:33.552+0000] {logging_mixin.py:137} INFO - [2023-02-15T22:17:33.552+0000] {dag.py:3441} INFO - Setting next_dagrun for dataset_consumes_1_never_scheduled to None, run_after=None
[2023-02-15T22:17:33.555+0000] {logging_mixin.py:137} INFO - [2023-02-15T22:17:33.555+0000] {dag.py:3441} INFO - Setting next_dagrun for dataset_consumes_unknown_never_scheduled to None, run_after=None
[2023-02-15T22:17:33.559+0000] {logging_mixin.py:137} INFO - [2023-02-15T22:17:33.559+0000] {dag.py:3441} INFO - Setting next_dagrun for dataset_produces_1 to 2023-02-14T00:00:00+00:00, run_after=2023-02-15T00:00:00+00:00
[2023-02-15T22:17:33.561+0000] {logging_mixin.py:137} INFO - [2023-02-15T22:17:33.561+0000] {dag.py:3441} INFO - Setting next_dagrun for dataset_produces_2 to None, run_after=None
[2023-02-15T22:17:33.614+0000] {processor.py:175} INFO - Processing /home/airflow/.local/lib/python3.7/site-packages/airflow/example_dags/example_datasets.py took 0.242 seconds
[2023-02-15T22:18:04.047+0000] {processor.py:153} INFO - Started process (PID=981) to work on /home/airflow/.local/lib/python3.7/site-packages/airflow/example_dags/example_datasets.py
[2023-02-15T22:18:04.047+0000] {processor.py:743} INFO - Processing file /home/airflow/.local/lib/python3.7/site-packages/airflow/example_dags/example_datasets.py for tasks to queue
[2023-02-15T22:18:04.048+0000] {logging_mixin.py:137} INFO - [2023-02-15T22:18:04.048+0000] {dagbag.py:538} INFO - Filling up the DagBag from /home/airflow/.local/lib/python3.7/site-packages/airflow/example_dags/example_datasets.py
[2023-02-15T22:18:04.088+0000] {processor.py:753} INFO - DAG(s) dict_keys(['dataset_consumes_1', 'dataset_consumes_1_and_2', 'dataset_consumes_1_never_scheduled', 'dataset_consumes_unknown_never_scheduled', 'dataset_produces_2', 'dataset_produces_1']) retrieved from /home/airflow/.local/lib/python3.7/site-packages/airflow/example_dags/example_datasets.py
[2023-02-15T22:18:04.212+0000] {logging_mixin.py:137} INFO - [2023-02-15T22:18:04.212+0000] {dag.py:2690} INFO - Sync 6 DAGs
[2023-02-15T22:18:04.283+0000] {logging_mixin.py:137} INFO - [2023-02-15T22:18:04.282+0000] {dag.py:3441} INFO - Setting next_dagrun for dataset_consumes_1 to None, run_after=None
[2023-02-15T22:18:04.287+0000] {logging_mixin.py:137} INFO - [2023-02-15T22:18:04.287+0000] {dag.py:3441} INFO - Setting next_dagrun for dataset_consumes_1_and_2 to None, run_after=None
[2023-02-15T22:18:04.296+0000] {logging_mixin.py:137} INFO - [2023-02-15T22:18:04.296+0000] {dag.py:3441} INFO - Setting next_dagrun for dataset_consumes_1_never_scheduled to None, run_after=None
[2023-02-15T22:18:04.298+0000] {logging_mixin.py:137} INFO - [2023-02-15T22:18:04.298+0000] {dag.py:3441} INFO - Setting next_dagrun for dataset_consumes_unknown_never_scheduled to None, run_after=None
[2023-02-15T22:18:04.301+0000] {logging_mixin.py:137} INFO - [2023-02-15T22:18:04.301+0000] {dag.py:3441} INFO - Setting next_dagrun for dataset_produces_1 to 2023-02-14T00:00:00+00:00, run_after=2023-02-15T00:00:00+00:00
[2023-02-15T22:18:04.309+0000] {logging_mixin.py:137} INFO - [2023-02-15T22:18:04.308+0000] {dag.py:3441} INFO - Setting next_dagrun for dataset_produces_2 to None, run_after=None
[2023-02-15T22:18:04.400+0000] {processor.py:175} INFO - Processing /home/airflow/.local/lib/python3.7/site-packages/airflow/example_dags/example_datasets.py took 0.369 seconds
[2023-02-15T22:18:34.620+0000] {processor.py:153} INFO - Started process (PID=1043) to work on /home/airflow/.local/lib/python3.7/site-packages/airflow/example_dags/example_datasets.py
[2023-02-15T22:18:34.626+0000] {processor.py:743} INFO - Processing file /home/airflow/.local/lib/python3.7/site-packages/airflow/example_dags/example_datasets.py for tasks to queue
[2023-02-15T22:18:34.628+0000] {logging_mixin.py:137} INFO - [2023-02-15T22:18:34.627+0000] {dagbag.py:538} INFO - Filling up the DagBag from /home/airflow/.local/lib/python3.7/site-packages/airflow/example_dags/example_datasets.py
[2023-02-15T22:18:34.653+0000] {processor.py:753} INFO - DAG(s) dict_keys(['dataset_consumes_1_never_scheduled', 'dataset_consumes_1_and_2', 'dataset_produces_2', 'dataset_produces_1', 'dataset_consumes_1', 'dataset_consumes_unknown_never_scheduled']) retrieved from /home/airflow/.local/lib/python3.7/site-packages/airflow/example_dags/example_datasets.py
[2023-02-15T22:18:34.720+0000] {logging_mixin.py:137} INFO - [2023-02-15T22:18:34.719+0000] {dag.py:2690} INFO - Sync 6 DAGs
[2023-02-15T22:18:34.759+0000] {logging_mixin.py:137} INFO - [2023-02-15T22:18:34.759+0000] {dag.py:3441} INFO - Setting next_dagrun for dataset_consumes_1 to None, run_after=None
[2023-02-15T22:18:34.763+0000] {logging_mixin.py:137} INFO - [2023-02-15T22:18:34.763+0000] {dag.py:3441} INFO - Setting next_dagrun for dataset_consumes_1_and_2 to None, run_after=None
[2023-02-15T22:18:34.765+0000] {logging_mixin.py:137} INFO - [2023-02-15T22:18:34.765+0000] {dag.py:3441} INFO - Setting next_dagrun for dataset_consumes_1_never_scheduled to None, run_after=None
[2023-02-15T22:18:34.767+0000] {logging_mixin.py:137} INFO - [2023-02-15T22:18:34.766+0000] {dag.py:3441} INFO - Setting next_dagrun for dataset_consumes_unknown_never_scheduled to None, run_after=None
[2023-02-15T22:18:34.770+0000] {logging_mixin.py:137} INFO - [2023-02-15T22:18:34.770+0000] {dag.py:3441} INFO - Setting next_dagrun for dataset_produces_1 to 2023-02-14T00:00:00+00:00, run_after=2023-02-15T00:00:00+00:00
[2023-02-15T22:18:34.772+0000] {logging_mixin.py:137} INFO - [2023-02-15T22:18:34.772+0000] {dag.py:3441} INFO - Setting next_dagrun for dataset_produces_2 to None, run_after=None
[2023-02-15T22:18:34.819+0000] {processor.py:175} INFO - Processing /home/airflow/.local/lib/python3.7/site-packages/airflow/example_dags/example_datasets.py took 0.203 seconds
[2023-02-15T22:19:04.938+0000] {processor.py:153} INFO - Started process (PID=1115) to work on /home/airflow/.local/lib/python3.7/site-packages/airflow/example_dags/example_datasets.py
[2023-02-15T22:19:04.939+0000] {processor.py:743} INFO - Processing file /home/airflow/.local/lib/python3.7/site-packages/airflow/example_dags/example_datasets.py for tasks to queue
[2023-02-15T22:19:04.940+0000] {logging_mixin.py:137} INFO - [2023-02-15T22:19:04.939+0000] {dagbag.py:538} INFO - Filling up the DagBag from /home/airflow/.local/lib/python3.7/site-packages/airflow/example_dags/example_datasets.py
[2023-02-15T22:19:04.992+0000] {processor.py:753} INFO - DAG(s) dict_keys(['dataset_consumes_1_never_scheduled', 'dataset_consumes_1_and_2', 'dataset_produces_2', 'dataset_consumes_1', 'dataset_produces_1', 'dataset_consumes_unknown_never_scheduled']) retrieved from /home/airflow/.local/lib/python3.7/site-packages/airflow/example_dags/example_datasets.py
[2023-02-15T22:19:05.115+0000] {logging_mixin.py:137} INFO - [2023-02-15T22:19:05.115+0000] {dag.py:2690} INFO - Sync 6 DAGs
[2023-02-15T22:19:05.174+0000] {logging_mixin.py:137} INFO - [2023-02-15T22:19:05.174+0000] {dag.py:3441} INFO - Setting next_dagrun for dataset_consumes_1 to None, run_after=None
[2023-02-15T22:19:05.189+0000] {logging_mixin.py:137} INFO - [2023-02-15T22:19:05.189+0000] {dag.py:3441} INFO - Setting next_dagrun for dataset_consumes_1_and_2 to None, run_after=None
[2023-02-15T22:19:05.191+0000] {logging_mixin.py:137} INFO - [2023-02-15T22:19:05.191+0000] {dag.py:3441} INFO - Setting next_dagrun for dataset_consumes_1_never_scheduled to None, run_after=None
[2023-02-15T22:19:05.196+0000] {logging_mixin.py:137} INFO - [2023-02-15T22:19:05.196+0000] {dag.py:3441} INFO - Setting next_dagrun for dataset_consumes_unknown_never_scheduled to None, run_after=None
[2023-02-15T22:19:05.206+0000] {logging_mixin.py:137} INFO - [2023-02-15T22:19:05.206+0000] {dag.py:3441} INFO - Setting next_dagrun for dataset_produces_1 to 2023-02-14T00:00:00+00:00, run_after=2023-02-15T00:00:00+00:00
[2023-02-15T22:19:05.207+0000] {logging_mixin.py:137} INFO - [2023-02-15T22:19:05.207+0000] {dag.py:3441} INFO - Setting next_dagrun for dataset_produces_2 to None, run_after=None
[2023-02-15T22:19:05.315+0000] {processor.py:175} INFO - Processing /home/airflow/.local/lib/python3.7/site-packages/airflow/example_dags/example_datasets.py took 0.381 seconds
[2023-02-15T22:19:35.464+0000] {processor.py:153} INFO - Started process (PID=1183) to work on /home/airflow/.local/lib/python3.7/site-packages/airflow/example_dags/example_datasets.py
[2023-02-15T22:19:35.465+0000] {processor.py:743} INFO - Processing file /home/airflow/.local/lib/python3.7/site-packages/airflow/example_dags/example_datasets.py for tasks to queue
[2023-02-15T22:19:35.465+0000] {logging_mixin.py:137} INFO - [2023-02-15T22:19:35.465+0000] {dagbag.py:538} INFO - Filling up the DagBag from /home/airflow/.local/lib/python3.7/site-packages/airflow/example_dags/example_datasets.py
[2023-02-15T22:19:35.483+0000] {processor.py:753} INFO - DAG(s) dict_keys(['dataset_produces_2', 'dataset_consumes_unknown_never_scheduled', 'dataset_consumes_1', 'dataset_consumes_1_and_2', 'dataset_consumes_1_never_scheduled', 'dataset_produces_1']) retrieved from /home/airflow/.local/lib/python3.7/site-packages/airflow/example_dags/example_datasets.py
[2023-02-15T22:19:35.530+0000] {logging_mixin.py:137} INFO - [2023-02-15T22:19:35.530+0000] {dag.py:2690} INFO - Sync 6 DAGs
[2023-02-15T22:19:35.560+0000] {logging_mixin.py:137} INFO - [2023-02-15T22:19:35.560+0000] {dag.py:3441} INFO - Setting next_dagrun for dataset_consumes_1 to None, run_after=None
[2023-02-15T22:19:35.563+0000] {logging_mixin.py:137} INFO - [2023-02-15T22:19:35.563+0000] {dag.py:3441} INFO - Setting next_dagrun for dataset_consumes_1_and_2 to None, run_after=None
[2023-02-15T22:19:35.565+0000] {logging_mixin.py:137} INFO - [2023-02-15T22:19:35.564+0000] {dag.py:3441} INFO - Setting next_dagrun for dataset_consumes_1_never_scheduled to None, run_after=None
[2023-02-15T22:19:35.566+0000] {logging_mixin.py:137} INFO - [2023-02-15T22:19:35.566+0000] {dag.py:3441} INFO - Setting next_dagrun for dataset_consumes_unknown_never_scheduled to None, run_after=None
[2023-02-15T22:19:35.568+0000] {logging_mixin.py:137} INFO - [2023-02-15T22:19:35.568+0000] {dag.py:3441} INFO - Setting next_dagrun for dataset_produces_1 to 2023-02-14T00:00:00+00:00, run_after=2023-02-15T00:00:00+00:00
[2023-02-15T22:19:35.569+0000] {logging_mixin.py:137} INFO - [2023-02-15T22:19:35.569+0000] {dag.py:3441} INFO - Setting next_dagrun for dataset_produces_2 to None, run_after=None
[2023-02-15T22:19:35.621+0000] {processor.py:175} INFO - Processing /home/airflow/.local/lib/python3.7/site-packages/airflow/example_dags/example_datasets.py took 0.161 seconds
[2023-02-15T22:20:06.187+0000] {processor.py:153} INFO - Started process (PID=1244) to work on /home/airflow/.local/lib/python3.7/site-packages/airflow/example_dags/example_datasets.py
[2023-02-15T22:20:06.189+0000] {processor.py:743} INFO - Processing file /home/airflow/.local/lib/python3.7/site-packages/airflow/example_dags/example_datasets.py for tasks to queue
[2023-02-15T22:20:06.190+0000] {logging_mixin.py:137} INFO - [2023-02-15T22:20:06.189+0000] {dagbag.py:538} INFO - Filling up the DagBag from /home/airflow/.local/lib/python3.7/site-packages/airflow/example_dags/example_datasets.py
[2023-02-15T22:20:06.208+0000] {processor.py:753} INFO - DAG(s) dict_keys(['dataset_consumes_unknown_never_scheduled', 'dataset_produces_1', 'dataset_produces_2', 'dataset_consumes_1_never_scheduled', 'dataset_consumes_1', 'dataset_consumes_1_and_2']) retrieved from /home/airflow/.local/lib/python3.7/site-packages/airflow/example_dags/example_datasets.py
[2023-02-15T22:20:06.260+0000] {logging_mixin.py:137} INFO - [2023-02-15T22:20:06.259+0000] {dag.py:2690} INFO - Sync 6 DAGs
[2023-02-15T22:20:06.289+0000] {logging_mixin.py:137} INFO - [2023-02-15T22:20:06.289+0000] {dag.py:3441} INFO - Setting next_dagrun for dataset_consumes_1 to None, run_after=None
[2023-02-15T22:20:06.294+0000] {logging_mixin.py:137} INFO - [2023-02-15T22:20:06.293+0000] {dag.py:3441} INFO - Setting next_dagrun for dataset_consumes_1_and_2 to None, run_after=None
[2023-02-15T22:20:06.295+0000] {logging_mixin.py:137} INFO - [2023-02-15T22:20:06.295+0000] {dag.py:3441} INFO - Setting next_dagrun for dataset_consumes_1_never_scheduled to None, run_after=None
[2023-02-15T22:20:06.297+0000] {logging_mixin.py:137} INFO - [2023-02-15T22:20:06.297+0000] {dag.py:3441} INFO - Setting next_dagrun for dataset_consumes_unknown_never_scheduled to None, run_after=None
[2023-02-15T22:20:06.300+0000] {logging_mixin.py:137} INFO - [2023-02-15T22:20:06.300+0000] {dag.py:3441} INFO - Setting next_dagrun for dataset_produces_1 to 2023-02-14T00:00:00+00:00, run_after=2023-02-15T00:00:00+00:00
[2023-02-15T22:20:06.301+0000] {logging_mixin.py:137} INFO - [2023-02-15T22:20:06.301+0000] {dag.py:3441} INFO - Setting next_dagrun for dataset_produces_2 to None, run_after=None
[2023-02-15T22:20:06.366+0000] {processor.py:175} INFO - Processing /home/airflow/.local/lib/python3.7/site-packages/airflow/example_dags/example_datasets.py took 0.184 seconds
[2023-02-15T22:20:37.179+0000] {processor.py:153} INFO - Started process (PID=1316) to work on /home/airflow/.local/lib/python3.7/site-packages/airflow/example_dags/example_datasets.py
[2023-02-15T22:20:37.183+0000] {processor.py:743} INFO - Processing file /home/airflow/.local/lib/python3.7/site-packages/airflow/example_dags/example_datasets.py for tasks to queue
[2023-02-15T22:20:37.184+0000] {logging_mixin.py:137} INFO - [2023-02-15T22:20:37.184+0000] {dagbag.py:538} INFO - Filling up the DagBag from /home/airflow/.local/lib/python3.7/site-packages/airflow/example_dags/example_datasets.py
[2023-02-15T22:20:37.219+0000] {processor.py:753} INFO - DAG(s) dict_keys(['dataset_consumes_1_never_scheduled', 'dataset_consumes_unknown_never_scheduled', 'dataset_produces_1', 'dataset_consumes_1_and_2', 'dataset_produces_2', 'dataset_consumes_1']) retrieved from /home/airflow/.local/lib/python3.7/site-packages/airflow/example_dags/example_datasets.py
[2023-02-15T22:20:37.344+0000] {logging_mixin.py:137} INFO - [2023-02-15T22:20:37.344+0000] {dag.py:2690} INFO - Sync 6 DAGs
[2023-02-15T22:20:37.404+0000] {logging_mixin.py:137} INFO - [2023-02-15T22:20:37.403+0000] {dag.py:3441} INFO - Setting next_dagrun for dataset_consumes_1 to None, run_after=None
[2023-02-15T22:20:37.420+0000] {logging_mixin.py:137} INFO - [2023-02-15T22:20:37.420+0000] {dag.py:3441} INFO - Setting next_dagrun for dataset_consumes_1_and_2 to None, run_after=None
[2023-02-15T22:20:37.425+0000] {logging_mixin.py:137} INFO - [2023-02-15T22:20:37.425+0000] {dag.py:3441} INFO - Setting next_dagrun for dataset_consumes_1_never_scheduled to None, run_after=None
[2023-02-15T22:20:37.428+0000] {logging_mixin.py:137} INFO - [2023-02-15T22:20:37.428+0000] {dag.py:3441} INFO - Setting next_dagrun for dataset_consumes_unknown_never_scheduled to None, run_after=None
[2023-02-15T22:20:37.434+0000] {logging_mixin.py:137} INFO - [2023-02-15T22:20:37.434+0000] {dag.py:3441} INFO - Setting next_dagrun for dataset_produces_1 to 2023-02-14T00:00:00+00:00, run_after=2023-02-15T00:00:00+00:00
[2023-02-15T22:20:37.436+0000] {logging_mixin.py:137} INFO - [2023-02-15T22:20:37.436+0000] {dag.py:3441} INFO - Setting next_dagrun for dataset_produces_2 to None, run_after=None
[2023-02-15T22:20:37.547+0000] {processor.py:175} INFO - Processing /home/airflow/.local/lib/python3.7/site-packages/airflow/example_dags/example_datasets.py took 0.372 seconds
[2023-02-15T22:21:07.630+0000] {processor.py:153} INFO - Started process (PID=1382) to work on /home/airflow/.local/lib/python3.7/site-packages/airflow/example_dags/example_datasets.py
[2023-02-15T22:21:07.636+0000] {processor.py:743} INFO - Processing file /home/airflow/.local/lib/python3.7/site-packages/airflow/example_dags/example_datasets.py for tasks to queue
[2023-02-15T22:21:07.637+0000] {logging_mixin.py:137} INFO - [2023-02-15T22:21:07.636+0000] {dagbag.py:538} INFO - Filling up the DagBag from /home/airflow/.local/lib/python3.7/site-packages/airflow/example_dags/example_datasets.py
[2023-02-15T22:21:07.656+0000] {processor.py:753} INFO - DAG(s) dict_keys(['dataset_consumes_unknown_never_scheduled', 'dataset_consumes_1_never_scheduled', 'dataset_produces_1', 'dataset_produces_2', 'dataset_consumes_1_and_2', 'dataset_consumes_1']) retrieved from /home/airflow/.local/lib/python3.7/site-packages/airflow/example_dags/example_datasets.py
[2023-02-15T22:21:07.713+0000] {logging_mixin.py:137} INFO - [2023-02-15T22:21:07.713+0000] {dag.py:2690} INFO - Sync 6 DAGs
[2023-02-15T22:21:07.745+0000] {logging_mixin.py:137} INFO - [2023-02-15T22:21:07.745+0000] {dag.py:3441} INFO - Setting next_dagrun for dataset_consumes_1 to None, run_after=None
[2023-02-15T22:21:07.749+0000] {logging_mixin.py:137} INFO - [2023-02-15T22:21:07.749+0000] {dag.py:3441} INFO - Setting next_dagrun for dataset_consumes_1_and_2 to None, run_after=None
[2023-02-15T22:21:07.751+0000] {logging_mixin.py:137} INFO - [2023-02-15T22:21:07.751+0000] {dag.py:3441} INFO - Setting next_dagrun for dataset_consumes_1_never_scheduled to None, run_after=None
[2023-02-15T22:21:07.752+0000] {logging_mixin.py:137} INFO - [2023-02-15T22:21:07.752+0000] {dag.py:3441} INFO - Setting next_dagrun for dataset_consumes_unknown_never_scheduled to None, run_after=None
[2023-02-15T22:21:07.755+0000] {logging_mixin.py:137} INFO - [2023-02-15T22:21:07.755+0000] {dag.py:3441} INFO - Setting next_dagrun for dataset_produces_1 to 2023-02-14T00:00:00+00:00, run_after=2023-02-15T00:00:00+00:00
[2023-02-15T22:21:07.757+0000] {logging_mixin.py:137} INFO - [2023-02-15T22:21:07.757+0000] {dag.py:3441} INFO - Setting next_dagrun for dataset_produces_2 to None, run_after=None
[2023-02-15T22:21:07.814+0000] {processor.py:175} INFO - Processing /home/airflow/.local/lib/python3.7/site-packages/airflow/example_dags/example_datasets.py took 0.188 seconds
[2023-02-15T22:21:38.031+0000] {processor.py:153} INFO - Started process (PID=1446) to work on /home/airflow/.local/lib/python3.7/site-packages/airflow/example_dags/example_datasets.py
[2023-02-15T22:21:38.032+0000] {processor.py:743} INFO - Processing file /home/airflow/.local/lib/python3.7/site-packages/airflow/example_dags/example_datasets.py for tasks to queue
[2023-02-15T22:21:38.033+0000] {logging_mixin.py:137} INFO - [2023-02-15T22:21:38.033+0000] {dagbag.py:538} INFO - Filling up the DagBag from /home/airflow/.local/lib/python3.7/site-packages/airflow/example_dags/example_datasets.py
[2023-02-15T22:21:38.052+0000] {processor.py:753} INFO - DAG(s) dict_keys(['dataset_consumes_unknown_never_scheduled', 'dataset_consumes_1_and_2', 'dataset_consumes_1', 'dataset_produces_1', 'dataset_produces_2', 'dataset_consumes_1_never_scheduled']) retrieved from /home/airflow/.local/lib/python3.7/site-packages/airflow/example_dags/example_datasets.py
[2023-02-15T22:21:38.108+0000] {logging_mixin.py:137} INFO - [2023-02-15T22:21:38.107+0000] {dag.py:2690} INFO - Sync 6 DAGs
[2023-02-15T22:21:38.141+0000] {logging_mixin.py:137} INFO - [2023-02-15T22:21:38.141+0000] {dag.py:3441} INFO - Setting next_dagrun for dataset_consumes_1 to None, run_after=None
[2023-02-15T22:21:38.146+0000] {logging_mixin.py:137} INFO - [2023-02-15T22:21:38.145+0000] {dag.py:3441} INFO - Setting next_dagrun for dataset_consumes_1_and_2 to None, run_after=None
[2023-02-15T22:21:38.147+0000] {logging_mixin.py:137} INFO - [2023-02-15T22:21:38.147+0000] {dag.py:3441} INFO - Setting next_dagrun for dataset_consumes_1_never_scheduled to None, run_after=None
[2023-02-15T22:21:38.149+0000] {logging_mixin.py:137} INFO - [2023-02-15T22:21:38.149+0000] {dag.py:3441} INFO - Setting next_dagrun for dataset_consumes_unknown_never_scheduled to None, run_after=None
[2023-02-15T22:21:38.152+0000] {logging_mixin.py:137} INFO - [2023-02-15T22:21:38.152+0000] {dag.py:3441} INFO - Setting next_dagrun for dataset_produces_1 to 2023-02-14T00:00:00+00:00, run_after=2023-02-15T00:00:00+00:00
[2023-02-15T22:21:38.154+0000] {logging_mixin.py:137} INFO - [2023-02-15T22:21:38.154+0000] {dag.py:3441} INFO - Setting next_dagrun for dataset_produces_2 to None, run_after=None
[2023-02-15T22:21:38.201+0000] {processor.py:175} INFO - Processing /home/airflow/.local/lib/python3.7/site-packages/airflow/example_dags/example_datasets.py took 0.173 seconds
[2023-02-15T22:22:08.231+0000] {processor.py:153} INFO - Started process (PID=1520) to work on /home/airflow/.local/lib/python3.7/site-packages/airflow/example_dags/example_datasets.py
[2023-02-15T22:22:08.238+0000] {processor.py:743} INFO - Processing file /home/airflow/.local/lib/python3.7/site-packages/airflow/example_dags/example_datasets.py for tasks to queue
[2023-02-15T22:22:08.239+0000] {logging_mixin.py:137} INFO - [2023-02-15T22:22:08.239+0000] {dagbag.py:538} INFO - Filling up the DagBag from /home/airflow/.local/lib/python3.7/site-packages/airflow/example_dags/example_datasets.py
[2023-02-15T22:22:08.264+0000] {processor.py:753} INFO - DAG(s) dict_keys(['dataset_consumes_1_never_scheduled', 'dataset_produces_1', 'dataset_consumes_1', 'dataset_produces_2', 'dataset_consumes_1_and_2', 'dataset_consumes_unknown_never_scheduled']) retrieved from /home/airflow/.local/lib/python3.7/site-packages/airflow/example_dags/example_datasets.py
[2023-02-15T22:22:08.384+0000] {logging_mixin.py:137} INFO - [2023-02-15T22:22:08.383+0000] {dag.py:2690} INFO - Sync 6 DAGs
[2023-02-15T22:22:08.463+0000] {logging_mixin.py:137} INFO - [2023-02-15T22:22:08.459+0000] {dag.py:3441} INFO - Setting next_dagrun for dataset_consumes_1 to None, run_after=None
[2023-02-15T22:22:08.479+0000] {logging_mixin.py:137} INFO - [2023-02-15T22:22:08.479+0000] {dag.py:3441} INFO - Setting next_dagrun for dataset_consumes_1_and_2 to None, run_after=None
[2023-02-15T22:22:08.481+0000] {logging_mixin.py:137} INFO - [2023-02-15T22:22:08.481+0000] {dag.py:3441} INFO - Setting next_dagrun for dataset_consumes_1_never_scheduled to None, run_after=None
[2023-02-15T22:22:08.483+0000] {logging_mixin.py:137} INFO - [2023-02-15T22:22:08.482+0000] {dag.py:3441} INFO - Setting next_dagrun for dataset_consumes_unknown_never_scheduled to None, run_after=None
[2023-02-15T22:22:08.503+0000] {logging_mixin.py:137} INFO - [2023-02-15T22:22:08.503+0000] {dag.py:3441} INFO - Setting next_dagrun for dataset_produces_1 to 2023-02-14T00:00:00+00:00, run_after=2023-02-15T00:00:00+00:00
[2023-02-15T22:22:08.505+0000] {logging_mixin.py:137} INFO - [2023-02-15T22:22:08.505+0000] {dag.py:3441} INFO - Setting next_dagrun for dataset_produces_2 to None, run_after=None
[2023-02-15T22:22:08.574+0000] {processor.py:175} INFO - Processing /home/airflow/.local/lib/python3.7/site-packages/airflow/example_dags/example_datasets.py took 0.348 seconds
[2023-02-15T22:22:38.792+0000] {processor.py:153} INFO - Started process (PID=1586) to work on /home/airflow/.local/lib/python3.7/site-packages/airflow/example_dags/example_datasets.py
[2023-02-15T22:22:38.793+0000] {processor.py:743} INFO - Processing file /home/airflow/.local/lib/python3.7/site-packages/airflow/example_dags/example_datasets.py for tasks to queue
[2023-02-15T22:22:38.794+0000] {logging_mixin.py:137} INFO - [2023-02-15T22:22:38.794+0000] {dagbag.py:538} INFO - Filling up the DagBag from /home/airflow/.local/lib/python3.7/site-packages/airflow/example_dags/example_datasets.py
[2023-02-15T22:22:38.825+0000] {processor.py:753} INFO - DAG(s) dict_keys(['dataset_consumes_1_and_2', 'dataset_consumes_unknown_never_scheduled', 'dataset_consumes_1', 'dataset_produces_1', 'dataset_produces_2', 'dataset_consumes_1_never_scheduled']) retrieved from /home/airflow/.local/lib/python3.7/site-packages/airflow/example_dags/example_datasets.py
[2023-02-15T22:22:38.892+0000] {logging_mixin.py:137} INFO - [2023-02-15T22:22:38.891+0000] {dag.py:2690} INFO - Sync 6 DAGs
[2023-02-15T22:22:38.936+0000] {logging_mixin.py:137} INFO - [2023-02-15T22:22:38.936+0000] {dag.py:3441} INFO - Setting next_dagrun for dataset_consumes_1 to None, run_after=None
[2023-02-15T22:22:38.941+0000] {logging_mixin.py:137} INFO - [2023-02-15T22:22:38.940+0000] {dag.py:3441} INFO - Setting next_dagrun for dataset_consumes_1_and_2 to None, run_after=None
[2023-02-15T22:22:38.942+0000] {logging_mixin.py:137} INFO - [2023-02-15T22:22:38.942+0000] {dag.py:3441} INFO - Setting next_dagrun for dataset_consumes_1_never_scheduled to None, run_after=None
[2023-02-15T22:22:38.945+0000] {logging_mixin.py:137} INFO - [2023-02-15T22:22:38.944+0000] {dag.py:3441} INFO - Setting next_dagrun for dataset_consumes_unknown_never_scheduled to None, run_after=None
[2023-02-15T22:22:38.949+0000] {logging_mixin.py:137} INFO - [2023-02-15T22:22:38.949+0000] {dag.py:3441} INFO - Setting next_dagrun for dataset_produces_1 to 2023-02-14T00:00:00+00:00, run_after=2023-02-15T00:00:00+00:00
[2023-02-15T22:22:38.951+0000] {logging_mixin.py:137} INFO - [2023-02-15T22:22:38.951+0000] {dag.py:3441} INFO - Setting next_dagrun for dataset_produces_2 to None, run_after=None
[2023-02-15T22:22:39.029+0000] {processor.py:175} INFO - Processing /home/airflow/.local/lib/python3.7/site-packages/airflow/example_dags/example_datasets.py took 0.241 seconds
[2023-02-15T22:23:09.166+0000] {processor.py:153} INFO - Started process (PID=1649) to work on /home/airflow/.local/lib/python3.7/site-packages/airflow/example_dags/example_datasets.py
[2023-02-15T22:23:09.169+0000] {processor.py:743} INFO - Processing file /home/airflow/.local/lib/python3.7/site-packages/airflow/example_dags/example_datasets.py for tasks to queue
[2023-02-15T22:23:09.169+0000] {logging_mixin.py:137} INFO - [2023-02-15T22:23:09.169+0000] {dagbag.py:538} INFO - Filling up the DagBag from /home/airflow/.local/lib/python3.7/site-packages/airflow/example_dags/example_datasets.py
[2023-02-15T22:23:09.192+0000] {processor.py:753} INFO - DAG(s) dict_keys(['dataset_consumes_1', 'dataset_consumes_unknown_never_scheduled', 'dataset_consumes_1_never_scheduled', 'dataset_consumes_1_and_2', 'dataset_produces_1', 'dataset_produces_2']) retrieved from /home/airflow/.local/lib/python3.7/site-packages/airflow/example_dags/example_datasets.py
[2023-02-15T22:23:09.249+0000] {logging_mixin.py:137} INFO - [2023-02-15T22:23:09.249+0000] {dag.py:2690} INFO - Sync 6 DAGs
[2023-02-15T22:23:09.280+0000] {logging_mixin.py:137} INFO - [2023-02-15T22:23:09.280+0000] {dag.py:3441} INFO - Setting next_dagrun for dataset_consumes_1 to None, run_after=None
[2023-02-15T22:23:09.284+0000] {logging_mixin.py:137} INFO - [2023-02-15T22:23:09.284+0000] {dag.py:3441} INFO - Setting next_dagrun for dataset_consumes_1_and_2 to None, run_after=None
[2023-02-15T22:23:09.285+0000] {logging_mixin.py:137} INFO - [2023-02-15T22:23:09.285+0000] {dag.py:3441} INFO - Setting next_dagrun for dataset_consumes_1_never_scheduled to None, run_after=None
[2023-02-15T22:23:09.286+0000] {logging_mixin.py:137} INFO - [2023-02-15T22:23:09.286+0000] {dag.py:3441} INFO - Setting next_dagrun for dataset_consumes_unknown_never_scheduled to None, run_after=None
[2023-02-15T22:23:09.289+0000] {logging_mixin.py:137} INFO - [2023-02-15T22:23:09.289+0000] {dag.py:3441} INFO - Setting next_dagrun for dataset_produces_1 to 2023-02-14T00:00:00+00:00, run_after=2023-02-15T00:00:00+00:00
[2023-02-15T22:23:09.291+0000] {logging_mixin.py:137} INFO - [2023-02-15T22:23:09.291+0000] {dag.py:3441} INFO - Setting next_dagrun for dataset_produces_2 to None, run_after=None
[2023-02-15T22:23:09.333+0000] {processor.py:175} INFO - Processing /home/airflow/.local/lib/python3.7/site-packages/airflow/example_dags/example_datasets.py took 0.171 seconds
