[2023-02-15T22:11:10.954+0000] {processor.py:153} INFO - Started process (PID=109) to work on /home/airflow/.local/lib/python3.7/site-packages/airflow/example_dags/example_branch_operator_decorator.py
[2023-02-15T22:11:10.955+0000] {processor.py:743} INFO - Processing file /home/airflow/.local/lib/python3.7/site-packages/airflow/example_dags/example_branch_operator_decorator.py for tasks to queue
[2023-02-15T22:11:10.955+0000] {logging_mixin.py:137} INFO - [2023-02-15T22:11:10.955+0000] {dagbag.py:538} INFO - Filling up the DagBag from /home/airflow/.local/lib/python3.7/site-packages/airflow/example_dags/example_branch_operator_decorator.py
[2023-02-15T22:11:11.241+0000] {processor.py:753} INFO - DAG(s) dict_keys(['example_branch_python_operator_decorator']) retrieved from /home/airflow/.local/lib/python3.7/site-packages/airflow/example_dags/example_branch_operator_decorator.py
[2023-02-15T22:11:11.373+0000] {logging_mixin.py:137} INFO - [2023-02-15T22:11:11.373+0000] {dag.py:2690} INFO - Sync 1 DAGs
[2023-02-15T22:11:12.794+0000] {logging_mixin.py:137} INFO - [2023-02-15T22:11:12.793+0000] {dag.py:3441} INFO - Setting next_dagrun for example_branch_python_operator_decorator to 2023-02-14T00:00:00+00:00, run_after=2023-02-15T00:00:00+00:00
[2023-02-15T22:11:13.297+0000] {processor.py:175} INFO - Processing /home/airflow/.local/lib/python3.7/site-packages/airflow/example_dags/example_branch_operator_decorator.py took 2.375 seconds
[2023-02-15T22:11:43.467+0000] {processor.py:153} INFO - Started process (PID=172) to work on /home/airflow/.local/lib/python3.7/site-packages/airflow/example_dags/example_branch_operator_decorator.py
[2023-02-15T22:11:43.512+0000] {processor.py:743} INFO - Processing file /home/airflow/.local/lib/python3.7/site-packages/airflow/example_dags/example_branch_operator_decorator.py for tasks to queue
[2023-02-15T22:11:43.513+0000] {logging_mixin.py:137} INFO - [2023-02-15T22:11:43.513+0000] {dagbag.py:538} INFO - Filling up the DagBag from /home/airflow/.local/lib/python3.7/site-packages/airflow/example_dags/example_branch_operator_decorator.py
[2023-02-15T22:11:43.678+0000] {processor.py:753} INFO - DAG(s) dict_keys(['example_branch_python_operator_decorator']) retrieved from /home/airflow/.local/lib/python3.7/site-packages/airflow/example_dags/example_branch_operator_decorator.py
[2023-02-15T22:11:43.853+0000] {logging_mixin.py:137} INFO - [2023-02-15T22:11:43.853+0000] {dag.py:2690} INFO - Sync 1 DAGs
[2023-02-15T22:11:43.948+0000] {logging_mixin.py:137} INFO - [2023-02-15T22:11:43.948+0000] {dag.py:3441} INFO - Setting next_dagrun for example_branch_python_operator_decorator to 2023-02-14T00:00:00+00:00, run_after=2023-02-15T00:00:00+00:00
[2023-02-15T22:11:44.090+0000] {processor.py:175} INFO - Processing /home/airflow/.local/lib/python3.7/site-packages/airflow/example_dags/example_branch_operator_decorator.py took 0.654 seconds
[2023-02-15T22:12:14.355+0000] {processor.py:153} INFO - Started process (PID=226) to work on /home/airflow/.local/lib/python3.7/site-packages/airflow/example_dags/example_branch_operator_decorator.py
[2023-02-15T22:12:14.361+0000] {processor.py:743} INFO - Processing file /home/airflow/.local/lib/python3.7/site-packages/airflow/example_dags/example_branch_operator_decorator.py for tasks to queue
[2023-02-15T22:12:14.362+0000] {logging_mixin.py:137} INFO - [2023-02-15T22:12:14.361+0000] {dagbag.py:538} INFO - Filling up the DagBag from /home/airflow/.local/lib/python3.7/site-packages/airflow/example_dags/example_branch_operator_decorator.py
[2023-02-15T22:12:14.435+0000] {processor.py:753} INFO - DAG(s) dict_keys(['example_branch_python_operator_decorator']) retrieved from /home/airflow/.local/lib/python3.7/site-packages/airflow/example_dags/example_branch_operator_decorator.py
[2023-02-15T22:12:14.502+0000] {logging_mixin.py:137} INFO - [2023-02-15T22:12:14.502+0000] {dag.py:2690} INFO - Sync 1 DAGs
[2023-02-15T22:12:14.597+0000] {logging_mixin.py:137} INFO - [2023-02-15T22:12:14.596+0000] {dag.py:3441} INFO - Setting next_dagrun for example_branch_python_operator_decorator to 2023-02-14T00:00:00+00:00, run_after=2023-02-15T00:00:00+00:00
[2023-02-15T22:12:14.693+0000] {processor.py:175} INFO - Processing /home/airflow/.local/lib/python3.7/site-packages/airflow/example_dags/example_branch_operator_decorator.py took 0.342 seconds
[2023-02-15T22:12:44.952+0000] {processor.py:153} INFO - Started process (PID=288) to work on /home/airflow/.local/lib/python3.7/site-packages/airflow/example_dags/example_branch_operator_decorator.py
[2023-02-15T22:12:44.953+0000] {processor.py:743} INFO - Processing file /home/airflow/.local/lib/python3.7/site-packages/airflow/example_dags/example_branch_operator_decorator.py for tasks to queue
[2023-02-15T22:12:44.954+0000] {logging_mixin.py:137} INFO - [2023-02-15T22:12:44.954+0000] {dagbag.py:538} INFO - Filling up the DagBag from /home/airflow/.local/lib/python3.7/site-packages/airflow/example_dags/example_branch_operator_decorator.py
[2023-02-15T22:12:45.037+0000] {processor.py:753} INFO - DAG(s) dict_keys(['example_branch_python_operator_decorator']) retrieved from /home/airflow/.local/lib/python3.7/site-packages/airflow/example_dags/example_branch_operator_decorator.py
[2023-02-15T22:12:45.121+0000] {logging_mixin.py:137} INFO - [2023-02-15T22:12:45.121+0000] {dag.py:2690} INFO - Sync 1 DAGs
[2023-02-15T22:12:45.216+0000] {logging_mixin.py:137} INFO - [2023-02-15T22:12:45.216+0000] {dag.py:3441} INFO - Setting next_dagrun for example_branch_python_operator_decorator to 2023-02-14T00:00:00+00:00, run_after=2023-02-15T00:00:00+00:00
[2023-02-15T22:12:45.314+0000] {processor.py:175} INFO - Processing /home/airflow/.local/lib/python3.7/site-packages/airflow/example_dags/example_branch_operator_decorator.py took 0.375 seconds
[2023-02-15T22:13:15.653+0000] {processor.py:153} INFO - Started process (PID=350) to work on /home/airflow/.local/lib/python3.7/site-packages/airflow/example_dags/example_branch_operator_decorator.py
[2023-02-15T22:13:15.680+0000] {processor.py:743} INFO - Processing file /home/airflow/.local/lib/python3.7/site-packages/airflow/example_dags/example_branch_operator_decorator.py for tasks to queue
[2023-02-15T22:13:15.681+0000] {logging_mixin.py:137} INFO - [2023-02-15T22:13:15.681+0000] {dagbag.py:538} INFO - Filling up the DagBag from /home/airflow/.local/lib/python3.7/site-packages/airflow/example_dags/example_branch_operator_decorator.py
[2023-02-15T22:13:15.795+0000] {processor.py:753} INFO - DAG(s) dict_keys(['example_branch_python_operator_decorator']) retrieved from /home/airflow/.local/lib/python3.7/site-packages/airflow/example_dags/example_branch_operator_decorator.py
[2023-02-15T22:13:15.907+0000] {logging_mixin.py:137} INFO - [2023-02-15T22:13:15.906+0000] {dag.py:2690} INFO - Sync 1 DAGs
[2023-02-15T22:13:16.019+0000] {logging_mixin.py:137} INFO - [2023-02-15T22:13:16.019+0000] {dag.py:3441} INFO - Setting next_dagrun for example_branch_python_operator_decorator to 2023-02-14T00:00:00+00:00, run_after=2023-02-15T00:00:00+00:00
[2023-02-15T22:13:16.151+0000] {processor.py:175} INFO - Processing /home/airflow/.local/lib/python3.7/site-packages/airflow/example_dags/example_branch_operator_decorator.py took 0.512 seconds
[2023-02-15T22:13:46.306+0000] {processor.py:153} INFO - Started process (PID=405) to work on /home/airflow/.local/lib/python3.7/site-packages/airflow/example_dags/example_branch_operator_decorator.py
[2023-02-15T22:13:46.311+0000] {processor.py:743} INFO - Processing file /home/airflow/.local/lib/python3.7/site-packages/airflow/example_dags/example_branch_operator_decorator.py for tasks to queue
[2023-02-15T22:13:46.313+0000] {logging_mixin.py:137} INFO - [2023-02-15T22:13:46.312+0000] {dagbag.py:538} INFO - Filling up the DagBag from /home/airflow/.local/lib/python3.7/site-packages/airflow/example_dags/example_branch_operator_decorator.py
[2023-02-15T22:13:46.354+0000] {processor.py:753} INFO - DAG(s) dict_keys(['example_branch_python_operator_decorator']) retrieved from /home/airflow/.local/lib/python3.7/site-packages/airflow/example_dags/example_branch_operator_decorator.py
[2023-02-15T22:13:46.385+0000] {logging_mixin.py:137} INFO - [2023-02-15T22:13:46.385+0000] {dag.py:2690} INFO - Sync 1 DAGs
[2023-02-15T22:13:46.466+0000] {logging_mixin.py:137} INFO - [2023-02-15T22:13:46.466+0000] {dag.py:3441} INFO - Setting next_dagrun for example_branch_python_operator_decorator to 2023-02-14T00:00:00+00:00, run_after=2023-02-15T00:00:00+00:00
[2023-02-15T22:13:46.540+0000] {processor.py:175} INFO - Processing /home/airflow/.local/lib/python3.7/site-packages/airflow/example_dags/example_branch_operator_decorator.py took 0.239 seconds
[2023-02-15T22:14:16.695+0000] {processor.py:153} INFO - Started process (PID=479) to work on /home/airflow/.local/lib/python3.7/site-packages/airflow/example_dags/example_branch_operator_decorator.py
[2023-02-15T22:14:16.697+0000] {processor.py:743} INFO - Processing file /home/airflow/.local/lib/python3.7/site-packages/airflow/example_dags/example_branch_operator_decorator.py for tasks to queue
[2023-02-15T22:14:16.698+0000] {logging_mixin.py:137} INFO - [2023-02-15T22:14:16.698+0000] {dagbag.py:538} INFO - Filling up the DagBag from /home/airflow/.local/lib/python3.7/site-packages/airflow/example_dags/example_branch_operator_decorator.py
[2023-02-15T22:14:16.727+0000] {processor.py:753} INFO - DAG(s) dict_keys(['example_branch_python_operator_decorator']) retrieved from /home/airflow/.local/lib/python3.7/site-packages/airflow/example_dags/example_branch_operator_decorator.py
[2023-02-15T22:14:16.760+0000] {logging_mixin.py:137} INFO - [2023-02-15T22:14:16.760+0000] {dag.py:2690} INFO - Sync 1 DAGs
[2023-02-15T22:14:16.799+0000] {logging_mixin.py:137} INFO - [2023-02-15T22:14:16.799+0000] {dag.py:3441} INFO - Setting next_dagrun for example_branch_python_operator_decorator to 2023-02-14T00:00:00+00:00, run_after=2023-02-15T00:00:00+00:00
[2023-02-15T22:14:16.832+0000] {processor.py:175} INFO - Processing /home/airflow/.local/lib/python3.7/site-packages/airflow/example_dags/example_branch_operator_decorator.py took 0.140 seconds
[2023-02-15T22:14:47.707+0000] {processor.py:153} INFO - Started process (PID=543) to work on /home/airflow/.local/lib/python3.7/site-packages/airflow/example_dags/example_branch_operator_decorator.py
[2023-02-15T22:14:47.708+0000] {processor.py:743} INFO - Processing file /home/airflow/.local/lib/python3.7/site-packages/airflow/example_dags/example_branch_operator_decorator.py for tasks to queue
[2023-02-15T22:14:47.709+0000] {logging_mixin.py:137} INFO - [2023-02-15T22:14:47.709+0000] {dagbag.py:538} INFO - Filling up the DagBag from /home/airflow/.local/lib/python3.7/site-packages/airflow/example_dags/example_branch_operator_decorator.py
[2023-02-15T22:14:47.737+0000] {processor.py:753} INFO - DAG(s) dict_keys(['example_branch_python_operator_decorator']) retrieved from /home/airflow/.local/lib/python3.7/site-packages/airflow/example_dags/example_branch_operator_decorator.py
[2023-02-15T22:14:47.767+0000] {logging_mixin.py:137} INFO - [2023-02-15T22:14:47.767+0000] {dag.py:2690} INFO - Sync 1 DAGs
[2023-02-15T22:14:47.800+0000] {logging_mixin.py:137} INFO - [2023-02-15T22:14:47.800+0000] {dag.py:3441} INFO - Setting next_dagrun for example_branch_python_operator_decorator to 2023-02-14T00:00:00+00:00, run_after=2023-02-15T00:00:00+00:00
[2023-02-15T22:14:47.823+0000] {processor.py:175} INFO - Processing /home/airflow/.local/lib/python3.7/site-packages/airflow/example_dags/example_branch_operator_decorator.py took 0.120 seconds
[2023-02-15T22:15:18.161+0000] {processor.py:153} INFO - Started process (PID=607) to work on /home/airflow/.local/lib/python3.7/site-packages/airflow/example_dags/example_branch_operator_decorator.py
[2023-02-15T22:15:18.163+0000] {processor.py:743} INFO - Processing file /home/airflow/.local/lib/python3.7/site-packages/airflow/example_dags/example_branch_operator_decorator.py for tasks to queue
[2023-02-15T22:15:18.164+0000] {logging_mixin.py:137} INFO - [2023-02-15T22:15:18.164+0000] {dagbag.py:538} INFO - Filling up the DagBag from /home/airflow/.local/lib/python3.7/site-packages/airflow/example_dags/example_branch_operator_decorator.py
[2023-02-15T22:15:18.196+0000] {processor.py:753} INFO - DAG(s) dict_keys(['example_branch_python_operator_decorator']) retrieved from /home/airflow/.local/lib/python3.7/site-packages/airflow/example_dags/example_branch_operator_decorator.py
[2023-02-15T22:15:18.235+0000] {logging_mixin.py:137} INFO - [2023-02-15T22:15:18.235+0000] {dag.py:2690} INFO - Sync 1 DAGs
[2023-02-15T22:15:18.270+0000] {logging_mixin.py:137} INFO - [2023-02-15T22:15:18.270+0000] {dag.py:3441} INFO - Setting next_dagrun for example_branch_python_operator_decorator to 2023-02-14T00:00:00+00:00, run_after=2023-02-15T00:00:00+00:00
[2023-02-15T22:15:18.297+0000] {processor.py:175} INFO - Processing /home/airflow/.local/lib/python3.7/site-packages/airflow/example_dags/example_branch_operator_decorator.py took 0.140 seconds
[2023-02-15T22:15:48.364+0000] {processor.py:153} INFO - Started process (PID=684) to work on /home/airflow/.local/lib/python3.7/site-packages/airflow/example_dags/example_branch_operator_decorator.py
[2023-02-15T22:15:48.365+0000] {processor.py:743} INFO - Processing file /home/airflow/.local/lib/python3.7/site-packages/airflow/example_dags/example_branch_operator_decorator.py for tasks to queue
[2023-02-15T22:15:48.366+0000] {logging_mixin.py:137} INFO - [2023-02-15T22:15:48.365+0000] {dagbag.py:538} INFO - Filling up the DagBag from /home/airflow/.local/lib/python3.7/site-packages/airflow/example_dags/example_branch_operator_decorator.py
[2023-02-15T22:15:48.397+0000] {processor.py:753} INFO - DAG(s) dict_keys(['example_branch_python_operator_decorator']) retrieved from /home/airflow/.local/lib/python3.7/site-packages/airflow/example_dags/example_branch_operator_decorator.py
[2023-02-15T22:15:48.427+0000] {logging_mixin.py:137} INFO - [2023-02-15T22:15:48.426+0000] {dag.py:2690} INFO - Sync 1 DAGs
[2023-02-15T22:15:48.459+0000] {logging_mixin.py:137} INFO - [2023-02-15T22:15:48.459+0000] {dag.py:3441} INFO - Setting next_dagrun for example_branch_python_operator_decorator to 2023-02-14T00:00:00+00:00, run_after=2023-02-15T00:00:00+00:00
[2023-02-15T22:15:48.482+0000] {processor.py:175} INFO - Processing /home/airflow/.local/lib/python3.7/site-packages/airflow/example_dags/example_branch_operator_decorator.py took 0.121 seconds
[2023-02-15T22:16:18.616+0000] {processor.py:153} INFO - Started process (PID=747) to work on /home/airflow/.local/lib/python3.7/site-packages/airflow/example_dags/example_branch_operator_decorator.py
[2023-02-15T22:16:18.617+0000] {processor.py:743} INFO - Processing file /home/airflow/.local/lib/python3.7/site-packages/airflow/example_dags/example_branch_operator_decorator.py for tasks to queue
[2023-02-15T22:16:18.618+0000] {logging_mixin.py:137} INFO - [2023-02-15T22:16:18.617+0000] {dagbag.py:538} INFO - Filling up the DagBag from /home/airflow/.local/lib/python3.7/site-packages/airflow/example_dags/example_branch_operator_decorator.py
[2023-02-15T22:16:18.648+0000] {processor.py:753} INFO - DAG(s) dict_keys(['example_branch_python_operator_decorator']) retrieved from /home/airflow/.local/lib/python3.7/site-packages/airflow/example_dags/example_branch_operator_decorator.py
[2023-02-15T22:16:18.678+0000] {logging_mixin.py:137} INFO - [2023-02-15T22:16:18.678+0000] {dag.py:2690} INFO - Sync 1 DAGs
[2023-02-15T22:16:18.711+0000] {logging_mixin.py:137} INFO - [2023-02-15T22:16:18.711+0000] {dag.py:3441} INFO - Setting next_dagrun for example_branch_python_operator_decorator to 2023-02-14T00:00:00+00:00, run_after=2023-02-15T00:00:00+00:00
[2023-02-15T22:16:18.744+0000] {processor.py:175} INFO - Processing /home/airflow/.local/lib/python3.7/site-packages/airflow/example_dags/example_branch_operator_decorator.py took 0.132 seconds
[2023-02-15T22:16:48.781+0000] {processor.py:153} INFO - Started process (PID=811) to work on /home/airflow/.local/lib/python3.7/site-packages/airflow/example_dags/example_branch_operator_decorator.py
[2023-02-15T22:16:48.782+0000] {processor.py:743} INFO - Processing file /home/airflow/.local/lib/python3.7/site-packages/airflow/example_dags/example_branch_operator_decorator.py for tasks to queue
[2023-02-15T22:16:48.782+0000] {logging_mixin.py:137} INFO - [2023-02-15T22:16:48.782+0000] {dagbag.py:538} INFO - Filling up the DagBag from /home/airflow/.local/lib/python3.7/site-packages/airflow/example_dags/example_branch_operator_decorator.py
[2023-02-15T22:16:48.825+0000] {processor.py:753} INFO - DAG(s) dict_keys(['example_branch_python_operator_decorator']) retrieved from /home/airflow/.local/lib/python3.7/site-packages/airflow/example_dags/example_branch_operator_decorator.py
[2023-02-15T22:16:48.892+0000] {logging_mixin.py:137} INFO - [2023-02-15T22:16:48.892+0000] {dag.py:2690} INFO - Sync 1 DAGs
[2023-02-15T22:16:48.950+0000] {logging_mixin.py:137} INFO - [2023-02-15T22:16:48.950+0000] {dag.py:3441} INFO - Setting next_dagrun for example_branch_python_operator_decorator to 2023-02-14T00:00:00+00:00, run_after=2023-02-15T00:00:00+00:00
[2023-02-15T22:16:49.007+0000] {processor.py:175} INFO - Processing /home/airflow/.local/lib/python3.7/site-packages/airflow/example_dags/example_branch_operator_decorator.py took 0.232 seconds
[2023-02-15T22:17:19.593+0000] {processor.py:153} INFO - Started process (PID=887) to work on /home/airflow/.local/lib/python3.7/site-packages/airflow/example_dags/example_branch_operator_decorator.py
[2023-02-15T22:17:19.606+0000] {processor.py:743} INFO - Processing file /home/airflow/.local/lib/python3.7/site-packages/airflow/example_dags/example_branch_operator_decorator.py for tasks to queue
[2023-02-15T22:17:19.606+0000] {logging_mixin.py:137} INFO - [2023-02-15T22:17:19.606+0000] {dagbag.py:538} INFO - Filling up the DagBag from /home/airflow/.local/lib/python3.7/site-packages/airflow/example_dags/example_branch_operator_decorator.py
[2023-02-15T22:17:19.665+0000] {processor.py:753} INFO - DAG(s) dict_keys(['example_branch_python_operator_decorator']) retrieved from /home/airflow/.local/lib/python3.7/site-packages/airflow/example_dags/example_branch_operator_decorator.py
[2023-02-15T22:17:19.748+0000] {logging_mixin.py:137} INFO - [2023-02-15T22:17:19.748+0000] {dag.py:2690} INFO - Sync 1 DAGs
[2023-02-15T22:17:19.811+0000] {logging_mixin.py:137} INFO - [2023-02-15T22:17:19.811+0000] {dag.py:3441} INFO - Setting next_dagrun for example_branch_python_operator_decorator to 2023-02-14T00:00:00+00:00, run_after=2023-02-15T00:00:00+00:00
[2023-02-15T22:17:19.860+0000] {processor.py:175} INFO - Processing /home/airflow/.local/lib/python3.7/site-packages/airflow/example_dags/example_branch_operator_decorator.py took 0.271 seconds
[2023-02-15T22:17:50.321+0000] {processor.py:153} INFO - Started process (PID=950) to work on /home/airflow/.local/lib/python3.7/site-packages/airflow/example_dags/example_branch_operator_decorator.py
[2023-02-15T22:17:50.323+0000] {processor.py:743} INFO - Processing file /home/airflow/.local/lib/python3.7/site-packages/airflow/example_dags/example_branch_operator_decorator.py for tasks to queue
[2023-02-15T22:17:50.324+0000] {logging_mixin.py:137} INFO - [2023-02-15T22:17:50.323+0000] {dagbag.py:538} INFO - Filling up the DagBag from /home/airflow/.local/lib/python3.7/site-packages/airflow/example_dags/example_branch_operator_decorator.py
[2023-02-15T22:17:50.379+0000] {processor.py:753} INFO - DAG(s) dict_keys(['example_branch_python_operator_decorator']) retrieved from /home/airflow/.local/lib/python3.7/site-packages/airflow/example_dags/example_branch_operator_decorator.py
[2023-02-15T22:17:50.420+0000] {logging_mixin.py:137} INFO - [2023-02-15T22:17:50.420+0000] {dag.py:2690} INFO - Sync 1 DAGs
[2023-02-15T22:17:50.468+0000] {logging_mixin.py:137} INFO - [2023-02-15T22:17:50.468+0000] {dag.py:3441} INFO - Setting next_dagrun for example_branch_python_operator_decorator to 2023-02-14T00:00:00+00:00, run_after=2023-02-15T00:00:00+00:00
[2023-02-15T22:17:50.501+0000] {processor.py:175} INFO - Processing /home/airflow/.local/lib/python3.7/site-packages/airflow/example_dags/example_branch_operator_decorator.py took 0.183 seconds
[2023-02-15T22:18:20.775+0000] {processor.py:153} INFO - Started process (PID=1014) to work on /home/airflow/.local/lib/python3.7/site-packages/airflow/example_dags/example_branch_operator_decorator.py
[2023-02-15T22:18:20.776+0000] {processor.py:743} INFO - Processing file /home/airflow/.local/lib/python3.7/site-packages/airflow/example_dags/example_branch_operator_decorator.py for tasks to queue
[2023-02-15T22:18:20.777+0000] {logging_mixin.py:137} INFO - [2023-02-15T22:18:20.777+0000] {dagbag.py:538} INFO - Filling up the DagBag from /home/airflow/.local/lib/python3.7/site-packages/airflow/example_dags/example_branch_operator_decorator.py
[2023-02-15T22:18:20.813+0000] {processor.py:753} INFO - DAG(s) dict_keys(['example_branch_python_operator_decorator']) retrieved from /home/airflow/.local/lib/python3.7/site-packages/airflow/example_dags/example_branch_operator_decorator.py
[2023-02-15T22:18:20.867+0000] {logging_mixin.py:137} INFO - [2023-02-15T22:18:20.867+0000] {dag.py:2690} INFO - Sync 1 DAGs
[2023-02-15T22:18:20.926+0000] {logging_mixin.py:137} INFO - [2023-02-15T22:18:20.926+0000] {dag.py:3441} INFO - Setting next_dagrun for example_branch_python_operator_decorator to 2023-02-14T00:00:00+00:00, run_after=2023-02-15T00:00:00+00:00
[2023-02-15T22:18:20.958+0000] {processor.py:175} INFO - Processing /home/airflow/.local/lib/python3.7/site-packages/airflow/example_dags/example_branch_operator_decorator.py took 0.191 seconds
[2023-02-15T22:18:51.499+0000] {processor.py:153} INFO - Started process (PID=1076) to work on /home/airflow/.local/lib/python3.7/site-packages/airflow/example_dags/example_branch_operator_decorator.py
[2023-02-15T22:18:51.501+0000] {processor.py:743} INFO - Processing file /home/airflow/.local/lib/python3.7/site-packages/airflow/example_dags/example_branch_operator_decorator.py for tasks to queue
[2023-02-15T22:18:51.501+0000] {logging_mixin.py:137} INFO - [2023-02-15T22:18:51.501+0000] {dagbag.py:538} INFO - Filling up the DagBag from /home/airflow/.local/lib/python3.7/site-packages/airflow/example_dags/example_branch_operator_decorator.py
[2023-02-15T22:18:51.531+0000] {processor.py:753} INFO - DAG(s) dict_keys(['example_branch_python_operator_decorator']) retrieved from /home/airflow/.local/lib/python3.7/site-packages/airflow/example_dags/example_branch_operator_decorator.py
[2023-02-15T22:18:51.571+0000] {logging_mixin.py:137} INFO - [2023-02-15T22:18:51.570+0000] {dag.py:2690} INFO - Sync 1 DAGs
[2023-02-15T22:18:51.606+0000] {logging_mixin.py:137} INFO - [2023-02-15T22:18:51.606+0000] {dag.py:3441} INFO - Setting next_dagrun for example_branch_python_operator_decorator to 2023-02-14T00:00:00+00:00, run_after=2023-02-15T00:00:00+00:00
[2023-02-15T22:18:51.639+0000] {processor.py:175} INFO - Processing /home/airflow/.local/lib/python3.7/site-packages/airflow/example_dags/example_branch_operator_decorator.py took 0.143 seconds
[2023-02-15T22:19:21.794+0000] {processor.py:153} INFO - Started process (PID=1152) to work on /home/airflow/.local/lib/python3.7/site-packages/airflow/example_dags/example_branch_operator_decorator.py
[2023-02-15T22:19:21.795+0000] {processor.py:743} INFO - Processing file /home/airflow/.local/lib/python3.7/site-packages/airflow/example_dags/example_branch_operator_decorator.py for tasks to queue
[2023-02-15T22:19:21.796+0000] {logging_mixin.py:137} INFO - [2023-02-15T22:19:21.796+0000] {dagbag.py:538} INFO - Filling up the DagBag from /home/airflow/.local/lib/python3.7/site-packages/airflow/example_dags/example_branch_operator_decorator.py
[2023-02-15T22:19:21.829+0000] {processor.py:753} INFO - DAG(s) dict_keys(['example_branch_python_operator_decorator']) retrieved from /home/airflow/.local/lib/python3.7/site-packages/airflow/example_dags/example_branch_operator_decorator.py
[2023-02-15T22:19:21.866+0000] {logging_mixin.py:137} INFO - [2023-02-15T22:19:21.866+0000] {dag.py:2690} INFO - Sync 1 DAGs
[2023-02-15T22:19:21.908+0000] {logging_mixin.py:137} INFO - [2023-02-15T22:19:21.908+0000] {dag.py:3441} INFO - Setting next_dagrun for example_branch_python_operator_decorator to 2023-02-14T00:00:00+00:00, run_after=2023-02-15T00:00:00+00:00
[2023-02-15T22:19:21.929+0000] {processor.py:175} INFO - Processing /home/airflow/.local/lib/python3.7/site-packages/airflow/example_dags/example_branch_operator_decorator.py took 0.139 seconds
[2023-02-15T22:19:52.478+0000] {processor.py:153} INFO - Started process (PID=1215) to work on /home/airflow/.local/lib/python3.7/site-packages/airflow/example_dags/example_branch_operator_decorator.py
[2023-02-15T22:19:52.479+0000] {processor.py:743} INFO - Processing file /home/airflow/.local/lib/python3.7/site-packages/airflow/example_dags/example_branch_operator_decorator.py for tasks to queue
[2023-02-15T22:19:52.480+0000] {logging_mixin.py:137} INFO - [2023-02-15T22:19:52.480+0000] {dagbag.py:538} INFO - Filling up the DagBag from /home/airflow/.local/lib/python3.7/site-packages/airflow/example_dags/example_branch_operator_decorator.py
[2023-02-15T22:19:52.509+0000] {processor.py:753} INFO - DAG(s) dict_keys(['example_branch_python_operator_decorator']) retrieved from /home/airflow/.local/lib/python3.7/site-packages/airflow/example_dags/example_branch_operator_decorator.py
[2023-02-15T22:19:52.541+0000] {logging_mixin.py:137} INFO - [2023-02-15T22:19:52.541+0000] {dag.py:2690} INFO - Sync 1 DAGs
[2023-02-15T22:19:52.589+0000] {logging_mixin.py:137} INFO - [2023-02-15T22:19:52.588+0000] {dag.py:3441} INFO - Setting next_dagrun for example_branch_python_operator_decorator to 2023-02-14T00:00:00+00:00, run_after=2023-02-15T00:00:00+00:00
[2023-02-15T22:19:52.647+0000] {processor.py:175} INFO - Processing /home/airflow/.local/lib/python3.7/site-packages/airflow/example_dags/example_branch_operator_decorator.py took 0.175 seconds
[2023-02-15T22:20:22.708+0000] {processor.py:153} INFO - Started process (PID=1277) to work on /home/airflow/.local/lib/python3.7/site-packages/airflow/example_dags/example_branch_operator_decorator.py
[2023-02-15T22:20:22.709+0000] {processor.py:743} INFO - Processing file /home/airflow/.local/lib/python3.7/site-packages/airflow/example_dags/example_branch_operator_decorator.py for tasks to queue
[2023-02-15T22:20:22.709+0000] {logging_mixin.py:137} INFO - [2023-02-15T22:20:22.709+0000] {dagbag.py:538} INFO - Filling up the DagBag from /home/airflow/.local/lib/python3.7/site-packages/airflow/example_dags/example_branch_operator_decorator.py
[2023-02-15T22:20:22.740+0000] {processor.py:753} INFO - DAG(s) dict_keys(['example_branch_python_operator_decorator']) retrieved from /home/airflow/.local/lib/python3.7/site-packages/airflow/example_dags/example_branch_operator_decorator.py
[2023-02-15T22:20:22.773+0000] {logging_mixin.py:137} INFO - [2023-02-15T22:20:22.773+0000] {dag.py:2690} INFO - Sync 1 DAGs
[2023-02-15T22:20:22.817+0000] {logging_mixin.py:137} INFO - [2023-02-15T22:20:22.816+0000] {dag.py:3441} INFO - Setting next_dagrun for example_branch_python_operator_decorator to 2023-02-14T00:00:00+00:00, run_after=2023-02-15T00:00:00+00:00
[2023-02-15T22:20:22.842+0000] {processor.py:175} INFO - Processing /home/airflow/.local/lib/python3.7/site-packages/airflow/example_dags/example_branch_operator_decorator.py took 0.138 seconds
[2023-02-15T22:20:53.308+0000] {processor.py:153} INFO - Started process (PID=1352) to work on /home/airflow/.local/lib/python3.7/site-packages/airflow/example_dags/example_branch_operator_decorator.py
[2023-02-15T22:20:53.310+0000] {processor.py:743} INFO - Processing file /home/airflow/.local/lib/python3.7/site-packages/airflow/example_dags/example_branch_operator_decorator.py for tasks to queue
[2023-02-15T22:20:53.311+0000] {logging_mixin.py:137} INFO - [2023-02-15T22:20:53.311+0000] {dagbag.py:538} INFO - Filling up the DagBag from /home/airflow/.local/lib/python3.7/site-packages/airflow/example_dags/example_branch_operator_decorator.py
[2023-02-15T22:20:53.340+0000] {processor.py:753} INFO - DAG(s) dict_keys(['example_branch_python_operator_decorator']) retrieved from /home/airflow/.local/lib/python3.7/site-packages/airflow/example_dags/example_branch_operator_decorator.py
[2023-02-15T22:20:53.376+0000] {logging_mixin.py:137} INFO - [2023-02-15T22:20:53.376+0000] {dag.py:2690} INFO - Sync 1 DAGs
[2023-02-15T22:20:53.408+0000] {logging_mixin.py:137} INFO - [2023-02-15T22:20:53.408+0000] {dag.py:3441} INFO - Setting next_dagrun for example_branch_python_operator_decorator to 2023-02-14T00:00:00+00:00, run_after=2023-02-15T00:00:00+00:00
[2023-02-15T22:20:53.433+0000] {processor.py:175} INFO - Processing /home/airflow/.local/lib/python3.7/site-packages/airflow/example_dags/example_branch_operator_decorator.py took 0.128 seconds
[2023-02-15T22:21:23.997+0000] {processor.py:153} INFO - Started process (PID=1415) to work on /home/airflow/.local/lib/python3.7/site-packages/airflow/example_dags/example_branch_operator_decorator.py
[2023-02-15T22:21:24.005+0000] {processor.py:743} INFO - Processing file /home/airflow/.local/lib/python3.7/site-packages/airflow/example_dags/example_branch_operator_decorator.py for tasks to queue
[2023-02-15T22:21:24.011+0000] {logging_mixin.py:137} INFO - [2023-02-15T22:21:24.008+0000] {dagbag.py:538} INFO - Filling up the DagBag from /home/airflow/.local/lib/python3.7/site-packages/airflow/example_dags/example_branch_operator_decorator.py
[2023-02-15T22:21:24.074+0000] {processor.py:753} INFO - DAG(s) dict_keys(['example_branch_python_operator_decorator']) retrieved from /home/airflow/.local/lib/python3.7/site-packages/airflow/example_dags/example_branch_operator_decorator.py
[2023-02-15T22:21:24.146+0000] {logging_mixin.py:137} INFO - [2023-02-15T22:21:24.146+0000] {dag.py:2690} INFO - Sync 1 DAGs
[2023-02-15T22:21:24.213+0000] {logging_mixin.py:137} INFO - [2023-02-15T22:21:24.213+0000] {dag.py:3441} INFO - Setting next_dagrun for example_branch_python_operator_decorator to 2023-02-14T00:00:00+00:00, run_after=2023-02-15T00:00:00+00:00
[2023-02-15T22:21:24.247+0000] {processor.py:175} INFO - Processing /home/airflow/.local/lib/python3.7/site-packages/airflow/example_dags/example_branch_operator_decorator.py took 0.254 seconds
[2023-02-15T22:21:54.403+0000] {processor.py:153} INFO - Started process (PID=1490) to work on /home/airflow/.local/lib/python3.7/site-packages/airflow/example_dags/example_branch_operator_decorator.py
[2023-02-15T22:21:54.403+0000] {processor.py:743} INFO - Processing file /home/airflow/.local/lib/python3.7/site-packages/airflow/example_dags/example_branch_operator_decorator.py for tasks to queue
[2023-02-15T22:21:54.404+0000] {logging_mixin.py:137} INFO - [2023-02-15T22:21:54.404+0000] {dagbag.py:538} INFO - Filling up the DagBag from /home/airflow/.local/lib/python3.7/site-packages/airflow/example_dags/example_branch_operator_decorator.py
[2023-02-15T22:21:54.470+0000] {processor.py:753} INFO - DAG(s) dict_keys(['example_branch_python_operator_decorator']) retrieved from /home/airflow/.local/lib/python3.7/site-packages/airflow/example_dags/example_branch_operator_decorator.py
[2023-02-15T22:21:54.552+0000] {logging_mixin.py:137} INFO - [2023-02-15T22:21:54.551+0000] {dag.py:2690} INFO - Sync 1 DAGs
[2023-02-15T22:21:54.594+0000] {logging_mixin.py:137} INFO - [2023-02-15T22:21:54.594+0000] {dag.py:3441} INFO - Setting next_dagrun for example_branch_python_operator_decorator to 2023-02-14T00:00:00+00:00, run_after=2023-02-15T00:00:00+00:00
[2023-02-15T22:21:54.649+0000] {processor.py:175} INFO - Processing /home/airflow/.local/lib/python3.7/site-packages/airflow/example_dags/example_branch_operator_decorator.py took 0.250 seconds
[2023-02-15T22:22:25.411+0000] {processor.py:153} INFO - Started process (PID=1556) to work on /home/airflow/.local/lib/python3.7/site-packages/airflow/example_dags/example_branch_operator_decorator.py
[2023-02-15T22:22:25.415+0000] {processor.py:743} INFO - Processing file /home/airflow/.local/lib/python3.7/site-packages/airflow/example_dags/example_branch_operator_decorator.py for tasks to queue
[2023-02-15T22:22:25.415+0000] {logging_mixin.py:137} INFO - [2023-02-15T22:22:25.415+0000] {dagbag.py:538} INFO - Filling up the DagBag from /home/airflow/.local/lib/python3.7/site-packages/airflow/example_dags/example_branch_operator_decorator.py
[2023-02-15T22:22:25.449+0000] {processor.py:753} INFO - DAG(s) dict_keys(['example_branch_python_operator_decorator']) retrieved from /home/airflow/.local/lib/python3.7/site-packages/airflow/example_dags/example_branch_operator_decorator.py
[2023-02-15T22:22:25.480+0000] {logging_mixin.py:137} INFO - [2023-02-15T22:22:25.480+0000] {dag.py:2690} INFO - Sync 1 DAGs
[2023-02-15T22:22:25.512+0000] {logging_mixin.py:137} INFO - [2023-02-15T22:22:25.512+0000] {dag.py:3441} INFO - Setting next_dagrun for example_branch_python_operator_decorator to 2023-02-14T00:00:00+00:00, run_after=2023-02-15T00:00:00+00:00
[2023-02-15T22:22:25.535+0000] {processor.py:175} INFO - Processing /home/airflow/.local/lib/python3.7/site-packages/airflow/example_dags/example_branch_operator_decorator.py took 0.128 seconds
[2023-02-15T22:22:55.729+0000] {processor.py:153} INFO - Started process (PID=1619) to work on /home/airflow/.local/lib/python3.7/site-packages/airflow/example_dags/example_branch_operator_decorator.py
[2023-02-15T22:22:55.730+0000] {processor.py:743} INFO - Processing file /home/airflow/.local/lib/python3.7/site-packages/airflow/example_dags/example_branch_operator_decorator.py for tasks to queue
[2023-02-15T22:22:55.731+0000] {logging_mixin.py:137} INFO - [2023-02-15T22:22:55.731+0000] {dagbag.py:538} INFO - Filling up the DagBag from /home/airflow/.local/lib/python3.7/site-packages/airflow/example_dags/example_branch_operator_decorator.py
[2023-02-15T22:22:55.761+0000] {processor.py:753} INFO - DAG(s) dict_keys(['example_branch_python_operator_decorator']) retrieved from /home/airflow/.local/lib/python3.7/site-packages/airflow/example_dags/example_branch_operator_decorator.py
[2023-02-15T22:22:55.792+0000] {logging_mixin.py:137} INFO - [2023-02-15T22:22:55.792+0000] {dag.py:2690} INFO - Sync 1 DAGs
[2023-02-15T22:22:55.823+0000] {logging_mixin.py:137} INFO - [2023-02-15T22:22:55.823+0000] {dag.py:3441} INFO - Setting next_dagrun for example_branch_python_operator_decorator to 2023-02-14T00:00:00+00:00, run_after=2023-02-15T00:00:00+00:00
[2023-02-15T22:22:55.845+0000] {processor.py:175} INFO - Processing /home/airflow/.local/lib/python3.7/site-packages/airflow/example_dags/example_branch_operator_decorator.py took 0.120 seconds
[2023-02-15T22:23:26.222+0000] {processor.py:153} INFO - Started process (PID=1693) to work on /home/airflow/.local/lib/python3.7/site-packages/airflow/example_dags/example_branch_operator_decorator.py
[2023-02-15T22:23:26.228+0000] {processor.py:743} INFO - Processing file /home/airflow/.local/lib/python3.7/site-packages/airflow/example_dags/example_branch_operator_decorator.py for tasks to queue
[2023-02-15T22:23:26.228+0000] {logging_mixin.py:137} INFO - [2023-02-15T22:23:26.228+0000] {dagbag.py:538} INFO - Filling up the DagBag from /home/airflow/.local/lib/python3.7/site-packages/airflow/example_dags/example_branch_operator_decorator.py
[2023-02-15T22:23:26.300+0000] {processor.py:753} INFO - DAG(s) dict_keys(['example_branch_python_operator_decorator']) retrieved from /home/airflow/.local/lib/python3.7/site-packages/airflow/example_dags/example_branch_operator_decorator.py
[2023-02-15T22:23:26.338+0000] {logging_mixin.py:137} INFO - [2023-02-15T22:23:26.338+0000] {dag.py:2690} INFO - Sync 1 DAGs
[2023-02-15T22:23:26.381+0000] {logging_mixin.py:137} INFO - [2023-02-15T22:23:26.381+0000] {dag.py:3441} INFO - Setting next_dagrun for example_branch_python_operator_decorator to 2023-02-14T00:00:00+00:00, run_after=2023-02-15T00:00:00+00:00
[2023-02-15T22:23:26.406+0000] {processor.py:175} INFO - Processing /home/airflow/.local/lib/python3.7/site-packages/airflow/example_dags/example_branch_operator_decorator.py took 0.188 seconds
