[2023-02-15T22:10:59.838+0000] {processor.py:153} INFO - Started process (PID=88) to work on /home/airflow/.local/lib/python3.7/site-packages/airflow/example_dags/example_nested_branch_dag.py
[2023-02-15T22:10:59.843+0000] {processor.py:743} INFO - Processing file /home/airflow/.local/lib/python3.7/site-packages/airflow/example_dags/example_nested_branch_dag.py for tasks to queue
[2023-02-15T22:10:59.844+0000] {logging_mixin.py:137} INFO - [2023-02-15T22:10:59.844+0000] {dagbag.py:538} INFO - Filling up the DagBag from /home/airflow/.local/lib/python3.7/site-packages/airflow/example_dags/example_nested_branch_dag.py
[2023-02-15T22:11:00.863+0000] {processor.py:753} INFO - DAG(s) dict_keys(['example_nested_branch_dag']) retrieved from /home/airflow/.local/lib/python3.7/site-packages/airflow/example_dags/example_nested_branch_dag.py
[2023-02-15T22:11:01.170+0000] {logging_mixin.py:137} INFO - [2023-02-15T22:11:01.157+0000] {dag.py:2690} INFO - Sync 1 DAGs
[2023-02-15T22:11:01.424+0000] {logging_mixin.py:137} INFO - [2023-02-15T22:11:01.424+0000] {dag.py:3441} INFO - Setting next_dagrun for example_nested_branch_dag to 2023-02-14T00:00:00+00:00, run_after=2023-02-15T00:00:00+00:00
[2023-02-15T22:11:01.545+0000] {processor.py:175} INFO - Processing /home/airflow/.local/lib/python3.7/site-packages/airflow/example_dags/example_nested_branch_dag.py took 1.808 seconds
[2023-02-15T22:11:32.319+0000] {processor.py:153} INFO - Started process (PID=150) to work on /home/airflow/.local/lib/python3.7/site-packages/airflow/example_dags/example_nested_branch_dag.py
[2023-02-15T22:11:32.333+0000] {processor.py:743} INFO - Processing file /home/airflow/.local/lib/python3.7/site-packages/airflow/example_dags/example_nested_branch_dag.py for tasks to queue
[2023-02-15T22:11:32.335+0000] {logging_mixin.py:137} INFO - [2023-02-15T22:11:32.335+0000] {dagbag.py:538} INFO - Filling up the DagBag from /home/airflow/.local/lib/python3.7/site-packages/airflow/example_dags/example_nested_branch_dag.py
[2023-02-15T22:11:32.398+0000] {processor.py:753} INFO - DAG(s) dict_keys(['example_nested_branch_dag']) retrieved from /home/airflow/.local/lib/python3.7/site-packages/airflow/example_dags/example_nested_branch_dag.py
[2023-02-15T22:11:32.467+0000] {logging_mixin.py:137} INFO - [2023-02-15T22:11:32.456+0000] {dag.py:2690} INFO - Sync 1 DAGs
[2023-02-15T22:11:32.547+0000] {logging_mixin.py:137} INFO - [2023-02-15T22:11:32.547+0000] {dag.py:3441} INFO - Setting next_dagrun for example_nested_branch_dag to 2023-02-14T00:00:00+00:00, run_after=2023-02-15T00:00:00+00:00
[2023-02-15T22:11:32.594+0000] {processor.py:175} INFO - Processing /home/airflow/.local/lib/python3.7/site-packages/airflow/example_dags/example_nested_branch_dag.py took 0.279 seconds
[2023-02-15T22:12:02.778+0000] {processor.py:153} INFO - Started process (PID=210) to work on /home/airflow/.local/lib/python3.7/site-packages/airflow/example_dags/example_nested_branch_dag.py
[2023-02-15T22:12:02.821+0000] {processor.py:743} INFO - Processing file /home/airflow/.local/lib/python3.7/site-packages/airflow/example_dags/example_nested_branch_dag.py for tasks to queue
[2023-02-15T22:12:02.822+0000] {logging_mixin.py:137} INFO - [2023-02-15T22:12:02.822+0000] {dagbag.py:538} INFO - Filling up the DagBag from /home/airflow/.local/lib/python3.7/site-packages/airflow/example_dags/example_nested_branch_dag.py
[2023-02-15T22:12:03.064+0000] {processor.py:753} INFO - DAG(s) dict_keys(['example_nested_branch_dag']) retrieved from /home/airflow/.local/lib/python3.7/site-packages/airflow/example_dags/example_nested_branch_dag.py
[2023-02-15T22:12:03.153+0000] {logging_mixin.py:137} INFO - [2023-02-15T22:12:03.153+0000] {dag.py:2690} INFO - Sync 1 DAGs
[2023-02-15T22:12:03.277+0000] {logging_mixin.py:137} INFO - [2023-02-15T22:12:03.277+0000] {dag.py:3441} INFO - Setting next_dagrun for example_nested_branch_dag to 2023-02-14T00:00:00+00:00, run_after=2023-02-15T00:00:00+00:00
[2023-02-15T22:12:03.405+0000] {processor.py:175} INFO - Processing /home/airflow/.local/lib/python3.7/site-packages/airflow/example_dags/example_nested_branch_dag.py took 0.660 seconds
[2023-02-15T22:12:33.732+0000] {processor.py:153} INFO - Started process (PID=263) to work on /home/airflow/.local/lib/python3.7/site-packages/airflow/example_dags/example_nested_branch_dag.py
[2023-02-15T22:12:33.745+0000] {processor.py:743} INFO - Processing file /home/airflow/.local/lib/python3.7/site-packages/airflow/example_dags/example_nested_branch_dag.py for tasks to queue
[2023-02-15T22:12:33.745+0000] {logging_mixin.py:137} INFO - [2023-02-15T22:12:33.745+0000] {dagbag.py:538} INFO - Filling up the DagBag from /home/airflow/.local/lib/python3.7/site-packages/airflow/example_dags/example_nested_branch_dag.py
[2023-02-15T22:12:33.801+0000] {processor.py:753} INFO - DAG(s) dict_keys(['example_nested_branch_dag']) retrieved from /home/airflow/.local/lib/python3.7/site-packages/airflow/example_dags/example_nested_branch_dag.py
[2023-02-15T22:12:33.859+0000] {logging_mixin.py:137} INFO - [2023-02-15T22:12:33.859+0000] {dag.py:2690} INFO - Sync 1 DAGs
[2023-02-15T22:12:33.939+0000] {logging_mixin.py:137} INFO - [2023-02-15T22:12:33.939+0000] {dag.py:3441} INFO - Setting next_dagrun for example_nested_branch_dag to 2023-02-14T00:00:00+00:00, run_after=2023-02-15T00:00:00+00:00
[2023-02-15T22:12:33.995+0000] {processor.py:175} INFO - Processing /home/airflow/.local/lib/python3.7/site-packages/airflow/example_dags/example_nested_branch_dag.py took 0.267 seconds
[2023-02-15T22:13:04.684+0000] {processor.py:153} INFO - Started process (PID=327) to work on /home/airflow/.local/lib/python3.7/site-packages/airflow/example_dags/example_nested_branch_dag.py
[2023-02-15T22:13:04.700+0000] {processor.py:743} INFO - Processing file /home/airflow/.local/lib/python3.7/site-packages/airflow/example_dags/example_nested_branch_dag.py for tasks to queue
[2023-02-15T22:13:04.701+0000] {logging_mixin.py:137} INFO - [2023-02-15T22:13:04.701+0000] {dagbag.py:538} INFO - Filling up the DagBag from /home/airflow/.local/lib/python3.7/site-packages/airflow/example_dags/example_nested_branch_dag.py
[2023-02-15T22:13:04.768+0000] {processor.py:753} INFO - DAG(s) dict_keys(['example_nested_branch_dag']) retrieved from /home/airflow/.local/lib/python3.7/site-packages/airflow/example_dags/example_nested_branch_dag.py
[2023-02-15T22:13:04.833+0000] {logging_mixin.py:137} INFO - [2023-02-15T22:13:04.832+0000] {dag.py:2690} INFO - Sync 1 DAGs
[2023-02-15T22:13:04.903+0000] {logging_mixin.py:137} INFO - [2023-02-15T22:13:04.902+0000] {dag.py:3441} INFO - Setting next_dagrun for example_nested_branch_dag to 2023-02-14T00:00:00+00:00, run_after=2023-02-15T00:00:00+00:00
[2023-02-15T22:13:04.974+0000] {processor.py:175} INFO - Processing /home/airflow/.local/lib/python3.7/site-packages/airflow/example_dags/example_nested_branch_dag.py took 0.294 seconds
[2023-02-15T22:13:35.810+0000] {processor.py:153} INFO - Started process (PID=392) to work on /home/airflow/.local/lib/python3.7/site-packages/airflow/example_dags/example_nested_branch_dag.py
[2023-02-15T22:13:35.821+0000] {processor.py:743} INFO - Processing file /home/airflow/.local/lib/python3.7/site-packages/airflow/example_dags/example_nested_branch_dag.py for tasks to queue
[2023-02-15T22:13:35.822+0000] {logging_mixin.py:137} INFO - [2023-02-15T22:13:35.822+0000] {dagbag.py:538} INFO - Filling up the DagBag from /home/airflow/.local/lib/python3.7/site-packages/airflow/example_dags/example_nested_branch_dag.py
[2023-02-15T22:13:35.917+0000] {processor.py:753} INFO - DAG(s) dict_keys(['example_nested_branch_dag']) retrieved from /home/airflow/.local/lib/python3.7/site-packages/airflow/example_dags/example_nested_branch_dag.py
[2023-02-15T22:13:36.014+0000] {logging_mixin.py:137} INFO - [2023-02-15T22:13:36.014+0000] {dag.py:2690} INFO - Sync 1 DAGs
[2023-02-15T22:13:36.113+0000] {logging_mixin.py:137} INFO - [2023-02-15T22:13:36.113+0000] {dag.py:3441} INFO - Setting next_dagrun for example_nested_branch_dag to 2023-02-14T00:00:00+00:00, run_after=2023-02-15T00:00:00+00:00
[2023-02-15T22:13:36.223+0000] {processor.py:175} INFO - Processing /home/airflow/.local/lib/python3.7/site-packages/airflow/example_dags/example_nested_branch_dag.py took 0.417 seconds
[2023-02-15T22:14:06.322+0000] {processor.py:153} INFO - Started process (PID=454) to work on /home/airflow/.local/lib/python3.7/site-packages/airflow/example_dags/example_nested_branch_dag.py
[2023-02-15T22:14:06.325+0000] {processor.py:743} INFO - Processing file /home/airflow/.local/lib/python3.7/site-packages/airflow/example_dags/example_nested_branch_dag.py for tasks to queue
[2023-02-15T22:14:06.325+0000] {logging_mixin.py:137} INFO - [2023-02-15T22:14:06.325+0000] {dagbag.py:538} INFO - Filling up the DagBag from /home/airflow/.local/lib/python3.7/site-packages/airflow/example_dags/example_nested_branch_dag.py
[2023-02-15T22:14:06.354+0000] {processor.py:753} INFO - DAG(s) dict_keys(['example_nested_branch_dag']) retrieved from /home/airflow/.local/lib/python3.7/site-packages/airflow/example_dags/example_nested_branch_dag.py
[2023-02-15T22:14:06.383+0000] {logging_mixin.py:137} INFO - [2023-02-15T22:14:06.382+0000] {dag.py:2690} INFO - Sync 1 DAGs
[2023-02-15T22:14:06.414+0000] {logging_mixin.py:137} INFO - [2023-02-15T22:14:06.414+0000] {dag.py:3441} INFO - Setting next_dagrun for example_nested_branch_dag to 2023-02-14T00:00:00+00:00, run_after=2023-02-15T00:00:00+00:00
[2023-02-15T22:14:06.436+0000] {processor.py:175} INFO - Processing /home/airflow/.local/lib/python3.7/site-packages/airflow/example_dags/example_nested_branch_dag.py took 0.118 seconds
[2023-02-15T22:14:36.603+0000] {processor.py:153} INFO - Started process (PID=517) to work on /home/airflow/.local/lib/python3.7/site-packages/airflow/example_dags/example_nested_branch_dag.py
[2023-02-15T22:14:36.605+0000] {processor.py:743} INFO - Processing file /home/airflow/.local/lib/python3.7/site-packages/airflow/example_dags/example_nested_branch_dag.py for tasks to queue
[2023-02-15T22:14:36.605+0000] {logging_mixin.py:137} INFO - [2023-02-15T22:14:36.605+0000] {dagbag.py:538} INFO - Filling up the DagBag from /home/airflow/.local/lib/python3.7/site-packages/airflow/example_dags/example_nested_branch_dag.py
[2023-02-15T22:14:36.644+0000] {processor.py:753} INFO - DAG(s) dict_keys(['example_nested_branch_dag']) retrieved from /home/airflow/.local/lib/python3.7/site-packages/airflow/example_dags/example_nested_branch_dag.py
[2023-02-15T22:14:36.690+0000] {logging_mixin.py:137} INFO - [2023-02-15T22:14:36.690+0000] {dag.py:2690} INFO - Sync 1 DAGs
[2023-02-15T22:14:36.729+0000] {logging_mixin.py:137} INFO - [2023-02-15T22:14:36.728+0000] {dag.py:3441} INFO - Setting next_dagrun for example_nested_branch_dag to 2023-02-14T00:00:00+00:00, run_after=2023-02-15T00:00:00+00:00
[2023-02-15T22:14:36.769+0000] {processor.py:175} INFO - Processing /home/airflow/.local/lib/python3.7/site-packages/airflow/example_dags/example_nested_branch_dag.py took 0.170 seconds
[2023-02-15T22:15:07.057+0000] {processor.py:153} INFO - Started process (PID=589) to work on /home/airflow/.local/lib/python3.7/site-packages/airflow/example_dags/example_nested_branch_dag.py
[2023-02-15T22:15:07.061+0000] {processor.py:743} INFO - Processing file /home/airflow/.local/lib/python3.7/site-packages/airflow/example_dags/example_nested_branch_dag.py for tasks to queue
[2023-02-15T22:15:07.062+0000] {logging_mixin.py:137} INFO - [2023-02-15T22:15:07.062+0000] {dagbag.py:538} INFO - Filling up the DagBag from /home/airflow/.local/lib/python3.7/site-packages/airflow/example_dags/example_nested_branch_dag.py
[2023-02-15T22:15:07.111+0000] {processor.py:753} INFO - DAG(s) dict_keys(['example_nested_branch_dag']) retrieved from /home/airflow/.local/lib/python3.7/site-packages/airflow/example_dags/example_nested_branch_dag.py
[2023-02-15T22:15:07.152+0000] {logging_mixin.py:137} INFO - [2023-02-15T22:15:07.152+0000] {dag.py:2690} INFO - Sync 1 DAGs
[2023-02-15T22:15:07.194+0000] {logging_mixin.py:137} INFO - [2023-02-15T22:15:07.193+0000] {dag.py:3441} INFO - Setting next_dagrun for example_nested_branch_dag to 2023-02-14T00:00:00+00:00, run_after=2023-02-15T00:00:00+00:00
[2023-02-15T22:15:07.220+0000] {processor.py:175} INFO - Processing /home/airflow/.local/lib/python3.7/site-packages/airflow/example_dags/example_nested_branch_dag.py took 0.169 seconds
[2023-02-15T22:15:37.334+0000] {processor.py:153} INFO - Started process (PID=658) to work on /home/airflow/.local/lib/python3.7/site-packages/airflow/example_dags/example_nested_branch_dag.py
[2023-02-15T22:15:37.335+0000] {processor.py:743} INFO - Processing file /home/airflow/.local/lib/python3.7/site-packages/airflow/example_dags/example_nested_branch_dag.py for tasks to queue
[2023-02-15T22:15:37.335+0000] {logging_mixin.py:137} INFO - [2023-02-15T22:15:37.335+0000] {dagbag.py:538} INFO - Filling up the DagBag from /home/airflow/.local/lib/python3.7/site-packages/airflow/example_dags/example_nested_branch_dag.py
[2023-02-15T22:15:37.363+0000] {processor.py:753} INFO - DAG(s) dict_keys(['example_nested_branch_dag']) retrieved from /home/airflow/.local/lib/python3.7/site-packages/airflow/example_dags/example_nested_branch_dag.py
[2023-02-15T22:15:37.394+0000] {logging_mixin.py:137} INFO - [2023-02-15T22:15:37.394+0000] {dag.py:2690} INFO - Sync 1 DAGs
[2023-02-15T22:15:37.424+0000] {logging_mixin.py:137} INFO - [2023-02-15T22:15:37.424+0000] {dag.py:3441} INFO - Setting next_dagrun for example_nested_branch_dag to 2023-02-14T00:00:00+00:00, run_after=2023-02-15T00:00:00+00:00
[2023-02-15T22:15:37.446+0000] {processor.py:175} INFO - Processing /home/airflow/.local/lib/python3.7/site-packages/airflow/example_dags/example_nested_branch_dag.py took 0.116 seconds
[2023-02-15T22:16:07.550+0000] {processor.py:153} INFO - Started process (PID=722) to work on /home/airflow/.local/lib/python3.7/site-packages/airflow/example_dags/example_nested_branch_dag.py
[2023-02-15T22:16:07.551+0000] {processor.py:743} INFO - Processing file /home/airflow/.local/lib/python3.7/site-packages/airflow/example_dags/example_nested_branch_dag.py for tasks to queue
[2023-02-15T22:16:07.551+0000] {logging_mixin.py:137} INFO - [2023-02-15T22:16:07.551+0000] {dagbag.py:538} INFO - Filling up the DagBag from /home/airflow/.local/lib/python3.7/site-packages/airflow/example_dags/example_nested_branch_dag.py
[2023-02-15T22:16:07.579+0000] {processor.py:753} INFO - DAG(s) dict_keys(['example_nested_branch_dag']) retrieved from /home/airflow/.local/lib/python3.7/site-packages/airflow/example_dags/example_nested_branch_dag.py
[2023-02-15T22:16:07.610+0000] {logging_mixin.py:137} INFO - [2023-02-15T22:16:07.610+0000] {dag.py:2690} INFO - Sync 1 DAGs
[2023-02-15T22:16:07.640+0000] {logging_mixin.py:137} INFO - [2023-02-15T22:16:07.639+0000] {dag.py:3441} INFO - Setting next_dagrun for example_nested_branch_dag to 2023-02-14T00:00:00+00:00, run_after=2023-02-15T00:00:00+00:00
[2023-02-15T22:16:07.664+0000] {processor.py:175} INFO - Processing /home/airflow/.local/lib/python3.7/site-packages/airflow/example_dags/example_nested_branch_dag.py took 0.118 seconds
[2023-02-15T22:16:37.799+0000] {processor.py:153} INFO - Started process (PID=795) to work on /home/airflow/.local/lib/python3.7/site-packages/airflow/example_dags/example_nested_branch_dag.py
[2023-02-15T22:16:37.801+0000] {processor.py:743} INFO - Processing file /home/airflow/.local/lib/python3.7/site-packages/airflow/example_dags/example_nested_branch_dag.py for tasks to queue
[2023-02-15T22:16:37.802+0000] {logging_mixin.py:137} INFO - [2023-02-15T22:16:37.802+0000] {dagbag.py:538} INFO - Filling up the DagBag from /home/airflow/.local/lib/python3.7/site-packages/airflow/example_dags/example_nested_branch_dag.py
[2023-02-15T22:16:37.841+0000] {processor.py:753} INFO - DAG(s) dict_keys(['example_nested_branch_dag']) retrieved from /home/airflow/.local/lib/python3.7/site-packages/airflow/example_dags/example_nested_branch_dag.py
[2023-02-15T22:16:37.877+0000] {logging_mixin.py:137} INFO - [2023-02-15T22:16:37.877+0000] {dag.py:2690} INFO - Sync 1 DAGs
[2023-02-15T22:16:37.916+0000] {logging_mixin.py:137} INFO - [2023-02-15T22:16:37.916+0000] {dag.py:3441} INFO - Setting next_dagrun for example_nested_branch_dag to 2023-02-14T00:00:00+00:00, run_after=2023-02-15T00:00:00+00:00
[2023-02-15T22:16:37.945+0000] {processor.py:175} INFO - Processing /home/airflow/.local/lib/python3.7/site-packages/airflow/example_dags/example_nested_branch_dag.py took 0.150 seconds
[2023-02-15T22:17:08.548+0000] {processor.py:153} INFO - Started process (PID=862) to work on /home/airflow/.local/lib/python3.7/site-packages/airflow/example_dags/example_nested_branch_dag.py
[2023-02-15T22:17:08.556+0000] {processor.py:743} INFO - Processing file /home/airflow/.local/lib/python3.7/site-packages/airflow/example_dags/example_nested_branch_dag.py for tasks to queue
[2023-02-15T22:17:08.557+0000] {logging_mixin.py:137} INFO - [2023-02-15T22:17:08.556+0000] {dagbag.py:538} INFO - Filling up the DagBag from /home/airflow/.local/lib/python3.7/site-packages/airflow/example_dags/example_nested_branch_dag.py
[2023-02-15T22:17:08.600+0000] {processor.py:753} INFO - DAG(s) dict_keys(['example_nested_branch_dag']) retrieved from /home/airflow/.local/lib/python3.7/site-packages/airflow/example_dags/example_nested_branch_dag.py
[2023-02-15T22:17:08.643+0000] {logging_mixin.py:137} INFO - [2023-02-15T22:17:08.643+0000] {dag.py:2690} INFO - Sync 1 DAGs
[2023-02-15T22:17:08.691+0000] {logging_mixin.py:137} INFO - [2023-02-15T22:17:08.690+0000] {dag.py:3441} INFO - Setting next_dagrun for example_nested_branch_dag to 2023-02-14T00:00:00+00:00, run_after=2023-02-15T00:00:00+00:00
[2023-02-15T22:17:08.827+0000] {processor.py:175} INFO - Processing /home/airflow/.local/lib/python3.7/site-packages/airflow/example_dags/example_nested_branch_dag.py took 0.285 seconds
[2023-02-15T22:17:39.299+0000] {processor.py:153} INFO - Started process (PID=925) to work on /home/airflow/.local/lib/python3.7/site-packages/airflow/example_dags/example_nested_branch_dag.py
[2023-02-15T22:17:39.303+0000] {processor.py:743} INFO - Processing file /home/airflow/.local/lib/python3.7/site-packages/airflow/example_dags/example_nested_branch_dag.py for tasks to queue
[2023-02-15T22:17:39.304+0000] {logging_mixin.py:137} INFO - [2023-02-15T22:17:39.304+0000] {dagbag.py:538} INFO - Filling up the DagBag from /home/airflow/.local/lib/python3.7/site-packages/airflow/example_dags/example_nested_branch_dag.py
[2023-02-15T22:17:39.340+0000] {processor.py:753} INFO - DAG(s) dict_keys(['example_nested_branch_dag']) retrieved from /home/airflow/.local/lib/python3.7/site-packages/airflow/example_dags/example_nested_branch_dag.py
[2023-02-15T22:17:39.373+0000] {logging_mixin.py:137} INFO - [2023-02-15T22:17:39.373+0000] {dag.py:2690} INFO - Sync 1 DAGs
[2023-02-15T22:17:39.406+0000] {logging_mixin.py:137} INFO - [2023-02-15T22:17:39.406+0000] {dag.py:3441} INFO - Setting next_dagrun for example_nested_branch_dag to 2023-02-14T00:00:00+00:00, run_after=2023-02-15T00:00:00+00:00
[2023-02-15T22:17:39.430+0000] {processor.py:175} INFO - Processing /home/airflow/.local/lib/python3.7/site-packages/airflow/example_dags/example_nested_branch_dag.py took 0.135 seconds
[2023-02-15T22:18:09.979+0000] {processor.py:153} INFO - Started process (PID=989) to work on /home/airflow/.local/lib/python3.7/site-packages/airflow/example_dags/example_nested_branch_dag.py
[2023-02-15T22:18:09.979+0000] {processor.py:743} INFO - Processing file /home/airflow/.local/lib/python3.7/site-packages/airflow/example_dags/example_nested_branch_dag.py for tasks to queue
[2023-02-15T22:18:09.980+0000] {logging_mixin.py:137} INFO - [2023-02-15T22:18:09.980+0000] {dagbag.py:538} INFO - Filling up the DagBag from /home/airflow/.local/lib/python3.7/site-packages/airflow/example_dags/example_nested_branch_dag.py
[2023-02-15T22:18:10.016+0000] {processor.py:753} INFO - DAG(s) dict_keys(['example_nested_branch_dag']) retrieved from /home/airflow/.local/lib/python3.7/site-packages/airflow/example_dags/example_nested_branch_dag.py
[2023-02-15T22:18:10.051+0000] {logging_mixin.py:137} INFO - [2023-02-15T22:18:10.051+0000] {dag.py:2690} INFO - Sync 1 DAGs
[2023-02-15T22:18:10.085+0000] {logging_mixin.py:137} INFO - [2023-02-15T22:18:10.085+0000] {dag.py:3441} INFO - Setting next_dagrun for example_nested_branch_dag to 2023-02-14T00:00:00+00:00, run_after=2023-02-15T00:00:00+00:00
[2023-02-15T22:18:10.115+0000] {processor.py:175} INFO - Processing /home/airflow/.local/lib/python3.7/site-packages/airflow/example_dags/example_nested_branch_dag.py took 0.141 seconds
[2023-02-15T22:18:40.448+0000] {processor.py:153} INFO - Started process (PID=1063) to work on /home/airflow/.local/lib/python3.7/site-packages/airflow/example_dags/example_nested_branch_dag.py
[2023-02-15T22:18:40.460+0000] {processor.py:743} INFO - Processing file /home/airflow/.local/lib/python3.7/site-packages/airflow/example_dags/example_nested_branch_dag.py for tasks to queue
[2023-02-15T22:18:40.461+0000] {logging_mixin.py:137} INFO - [2023-02-15T22:18:40.460+0000] {dagbag.py:538} INFO - Filling up the DagBag from /home/airflow/.local/lib/python3.7/site-packages/airflow/example_dags/example_nested_branch_dag.py
[2023-02-15T22:18:40.523+0000] {processor.py:753} INFO - DAG(s) dict_keys(['example_nested_branch_dag']) retrieved from /home/airflow/.local/lib/python3.7/site-packages/airflow/example_dags/example_nested_branch_dag.py
[2023-02-15T22:18:40.599+0000] {logging_mixin.py:137} INFO - [2023-02-15T22:18:40.599+0000] {dag.py:2690} INFO - Sync 1 DAGs
[2023-02-15T22:18:40.648+0000] {logging_mixin.py:137} INFO - [2023-02-15T22:18:40.647+0000] {dag.py:3441} INFO - Setting next_dagrun for example_nested_branch_dag to 2023-02-14T00:00:00+00:00, run_after=2023-02-15T00:00:00+00:00
[2023-02-15T22:18:40.688+0000] {processor.py:175} INFO - Processing /home/airflow/.local/lib/python3.7/site-packages/airflow/example_dags/example_nested_branch_dag.py took 0.243 seconds
[2023-02-15T22:19:10.841+0000] {processor.py:153} INFO - Started process (PID=1126) to work on /home/airflow/.local/lib/python3.7/site-packages/airflow/example_dags/example_nested_branch_dag.py
[2023-02-15T22:19:10.842+0000] {processor.py:743} INFO - Processing file /home/airflow/.local/lib/python3.7/site-packages/airflow/example_dags/example_nested_branch_dag.py for tasks to queue
[2023-02-15T22:19:10.843+0000] {logging_mixin.py:137} INFO - [2023-02-15T22:19:10.843+0000] {dagbag.py:538} INFO - Filling up the DagBag from /home/airflow/.local/lib/python3.7/site-packages/airflow/example_dags/example_nested_branch_dag.py
[2023-02-15T22:19:10.881+0000] {processor.py:753} INFO - DAG(s) dict_keys(['example_nested_branch_dag']) retrieved from /home/airflow/.local/lib/python3.7/site-packages/airflow/example_dags/example_nested_branch_dag.py
[2023-02-15T22:19:10.934+0000] {logging_mixin.py:137} INFO - [2023-02-15T22:19:10.934+0000] {dag.py:2690} INFO - Sync 1 DAGs
[2023-02-15T22:19:10.980+0000] {logging_mixin.py:137} INFO - [2023-02-15T22:19:10.980+0000] {dag.py:3441} INFO - Setting next_dagrun for example_nested_branch_dag to 2023-02-14T00:00:00+00:00, run_after=2023-02-15T00:00:00+00:00
[2023-02-15T22:19:11.007+0000] {processor.py:175} INFO - Processing /home/airflow/.local/lib/python3.7/site-packages/airflow/example_dags/example_nested_branch_dag.py took 0.169 seconds
[2023-02-15T22:19:41.342+0000] {processor.py:153} INFO - Started process (PID=1190) to work on /home/airflow/.local/lib/python3.7/site-packages/airflow/example_dags/example_nested_branch_dag.py
[2023-02-15T22:19:41.347+0000] {processor.py:743} INFO - Processing file /home/airflow/.local/lib/python3.7/site-packages/airflow/example_dags/example_nested_branch_dag.py for tasks to queue
[2023-02-15T22:19:41.348+0000] {logging_mixin.py:137} INFO - [2023-02-15T22:19:41.347+0000] {dagbag.py:538} INFO - Filling up the DagBag from /home/airflow/.local/lib/python3.7/site-packages/airflow/example_dags/example_nested_branch_dag.py
[2023-02-15T22:19:41.384+0000] {processor.py:753} INFO - DAG(s) dict_keys(['example_nested_branch_dag']) retrieved from /home/airflow/.local/lib/python3.7/site-packages/airflow/example_dags/example_nested_branch_dag.py
[2023-02-15T22:19:41.422+0000] {logging_mixin.py:137} INFO - [2023-02-15T22:19:41.421+0000] {dag.py:2690} INFO - Sync 1 DAGs
[2023-02-15T22:19:41.469+0000] {logging_mixin.py:137} INFO - [2023-02-15T22:19:41.469+0000] {dag.py:3441} INFO - Setting next_dagrun for example_nested_branch_dag to 2023-02-14T00:00:00+00:00, run_after=2023-02-15T00:00:00+00:00
[2023-02-15T22:19:41.511+0000] {processor.py:175} INFO - Processing /home/airflow/.local/lib/python3.7/site-packages/airflow/example_dags/example_nested_branch_dag.py took 0.173 seconds
[2023-02-15T22:20:11.700+0000] {processor.py:153} INFO - Started process (PID=1261) to work on /home/airflow/.local/lib/python3.7/site-packages/airflow/example_dags/example_nested_branch_dag.py
[2023-02-15T22:20:11.700+0000] {processor.py:743} INFO - Processing file /home/airflow/.local/lib/python3.7/site-packages/airflow/example_dags/example_nested_branch_dag.py for tasks to queue
[2023-02-15T22:20:11.701+0000] {logging_mixin.py:137} INFO - [2023-02-15T22:20:11.701+0000] {dagbag.py:538} INFO - Filling up the DagBag from /home/airflow/.local/lib/python3.7/site-packages/airflow/example_dags/example_nested_branch_dag.py
[2023-02-15T22:20:11.740+0000] {processor.py:753} INFO - DAG(s) dict_keys(['example_nested_branch_dag']) retrieved from /home/airflow/.local/lib/python3.7/site-packages/airflow/example_dags/example_nested_branch_dag.py
[2023-02-15T22:20:11.819+0000] {logging_mixin.py:137} INFO - [2023-02-15T22:20:11.819+0000] {dag.py:2690} INFO - Sync 1 DAGs
[2023-02-15T22:20:11.862+0000] {logging_mixin.py:137} INFO - [2023-02-15T22:20:11.862+0000] {dag.py:3441} INFO - Setting next_dagrun for example_nested_branch_dag to 2023-02-14T00:00:00+00:00, run_after=2023-02-15T00:00:00+00:00
[2023-02-15T22:20:11.888+0000] {processor.py:175} INFO - Processing /home/airflow/.local/lib/python3.7/site-packages/airflow/example_dags/example_nested_branch_dag.py took 0.192 seconds
[2023-02-15T22:20:42.426+0000] {processor.py:153} INFO - Started process (PID=1327) to work on /home/airflow/.local/lib/python3.7/site-packages/airflow/example_dags/example_nested_branch_dag.py
[2023-02-15T22:20:42.431+0000] {processor.py:743} INFO - Processing file /home/airflow/.local/lib/python3.7/site-packages/airflow/example_dags/example_nested_branch_dag.py for tasks to queue
[2023-02-15T22:20:42.432+0000] {logging_mixin.py:137} INFO - [2023-02-15T22:20:42.432+0000] {dagbag.py:538} INFO - Filling up the DagBag from /home/airflow/.local/lib/python3.7/site-packages/airflow/example_dags/example_nested_branch_dag.py
[2023-02-15T22:20:42.466+0000] {processor.py:753} INFO - DAG(s) dict_keys(['example_nested_branch_dag']) retrieved from /home/airflow/.local/lib/python3.7/site-packages/airflow/example_dags/example_nested_branch_dag.py
[2023-02-15T22:20:42.517+0000] {logging_mixin.py:137} INFO - [2023-02-15T22:20:42.517+0000] {dag.py:2690} INFO - Sync 1 DAGs
[2023-02-15T22:20:42.565+0000] {logging_mixin.py:137} INFO - [2023-02-15T22:20:42.565+0000] {dag.py:3441} INFO - Setting next_dagrun for example_nested_branch_dag to 2023-02-14T00:00:00+00:00, run_after=2023-02-15T00:00:00+00:00
[2023-02-15T22:20:42.592+0000] {processor.py:175} INFO - Processing /home/airflow/.local/lib/python3.7/site-packages/airflow/example_dags/example_nested_branch_dag.py took 0.174 seconds
[2023-02-15T22:21:13.167+0000] {processor.py:153} INFO - Started process (PID=1390) to work on /home/airflow/.local/lib/python3.7/site-packages/airflow/example_dags/example_nested_branch_dag.py
[2023-02-15T22:21:13.170+0000] {processor.py:743} INFO - Processing file /home/airflow/.local/lib/python3.7/site-packages/airflow/example_dags/example_nested_branch_dag.py for tasks to queue
[2023-02-15T22:21:13.170+0000] {logging_mixin.py:137} INFO - [2023-02-15T22:21:13.170+0000] {dagbag.py:538} INFO - Filling up the DagBag from /home/airflow/.local/lib/python3.7/site-packages/airflow/example_dags/example_nested_branch_dag.py
[2023-02-15T22:21:13.199+0000] {processor.py:753} INFO - DAG(s) dict_keys(['example_nested_branch_dag']) retrieved from /home/airflow/.local/lib/python3.7/site-packages/airflow/example_dags/example_nested_branch_dag.py
[2023-02-15T22:21:13.238+0000] {logging_mixin.py:137} INFO - [2023-02-15T22:21:13.238+0000] {dag.py:2690} INFO - Sync 1 DAGs
[2023-02-15T22:21:13.275+0000] {logging_mixin.py:137} INFO - [2023-02-15T22:21:13.275+0000] {dag.py:3441} INFO - Setting next_dagrun for example_nested_branch_dag to 2023-02-14T00:00:00+00:00, run_after=2023-02-15T00:00:00+00:00
[2023-02-15T22:21:13.305+0000] {processor.py:175} INFO - Processing /home/airflow/.local/lib/python3.7/site-packages/airflow/example_dags/example_nested_branch_dag.py took 0.142 seconds
[2023-02-15T22:21:43.947+0000] {processor.py:153} INFO - Started process (PID=1467) to work on /home/airflow/.local/lib/python3.7/site-packages/airflow/example_dags/example_nested_branch_dag.py
[2023-02-15T22:21:43.957+0000] {processor.py:743} INFO - Processing file /home/airflow/.local/lib/python3.7/site-packages/airflow/example_dags/example_nested_branch_dag.py for tasks to queue
[2023-02-15T22:21:43.958+0000] {logging_mixin.py:137} INFO - [2023-02-15T22:21:43.957+0000] {dagbag.py:538} INFO - Filling up the DagBag from /home/airflow/.local/lib/python3.7/site-packages/airflow/example_dags/example_nested_branch_dag.py
[2023-02-15T22:21:44.018+0000] {processor.py:753} INFO - DAG(s) dict_keys(['example_nested_branch_dag']) retrieved from /home/airflow/.local/lib/python3.7/site-packages/airflow/example_dags/example_nested_branch_dag.py
[2023-02-15T22:21:44.095+0000] {logging_mixin.py:137} INFO - [2023-02-15T22:21:44.095+0000] {dag.py:2690} INFO - Sync 1 DAGs
[2023-02-15T22:21:44.156+0000] {logging_mixin.py:137} INFO - [2023-02-15T22:21:44.156+0000] {dag.py:3441} INFO - Setting next_dagrun for example_nested_branch_dag to 2023-02-14T00:00:00+00:00, run_after=2023-02-15T00:00:00+00:00
[2023-02-15T22:21:44.196+0000] {processor.py:175} INFO - Processing /home/airflow/.local/lib/python3.7/site-packages/airflow/example_dags/example_nested_branch_dag.py took 0.253 seconds
[2023-02-15T22:22:15.046+0000] {processor.py:153} INFO - Started process (PID=1531) to work on /home/airflow/.local/lib/python3.7/site-packages/airflow/example_dags/example_nested_branch_dag.py
[2023-02-15T22:22:15.083+0000] {processor.py:743} INFO - Processing file /home/airflow/.local/lib/python3.7/site-packages/airflow/example_dags/example_nested_branch_dag.py for tasks to queue
[2023-02-15T22:22:15.084+0000] {logging_mixin.py:137} INFO - [2023-02-15T22:22:15.084+0000] {dagbag.py:538} INFO - Filling up the DagBag from /home/airflow/.local/lib/python3.7/site-packages/airflow/example_dags/example_nested_branch_dag.py
[2023-02-15T22:22:15.176+0000] {processor.py:753} INFO - DAG(s) dict_keys(['example_nested_branch_dag']) retrieved from /home/airflow/.local/lib/python3.7/site-packages/airflow/example_dags/example_nested_branch_dag.py
[2023-02-15T22:22:15.300+0000] {logging_mixin.py:137} INFO - [2023-02-15T22:22:15.300+0000] {dag.py:2690} INFO - Sync 1 DAGs
[2023-02-15T22:22:15.370+0000] {logging_mixin.py:137} INFO - [2023-02-15T22:22:15.370+0000] {dag.py:3441} INFO - Setting next_dagrun for example_nested_branch_dag to 2023-02-14T00:00:00+00:00, run_after=2023-02-15T00:00:00+00:00
[2023-02-15T22:22:15.416+0000] {processor.py:175} INFO - Processing /home/airflow/.local/lib/python3.7/site-packages/airflow/example_dags/example_nested_branch_dag.py took 0.373 seconds
[2023-02-15T22:22:46.390+0000] {processor.py:153} INFO - Started process (PID=1601) to work on /home/airflow/.local/lib/python3.7/site-packages/airflow/example_dags/example_nested_branch_dag.py
[2023-02-15T22:22:46.391+0000] {processor.py:743} INFO - Processing file /home/airflow/.local/lib/python3.7/site-packages/airflow/example_dags/example_nested_branch_dag.py for tasks to queue
[2023-02-15T22:22:46.391+0000] {logging_mixin.py:137} INFO - [2023-02-15T22:22:46.391+0000] {dagbag.py:538} INFO - Filling up the DagBag from /home/airflow/.local/lib/python3.7/site-packages/airflow/example_dags/example_nested_branch_dag.py
[2023-02-15T22:22:46.463+0000] {processor.py:753} INFO - DAG(s) dict_keys(['example_nested_branch_dag']) retrieved from /home/airflow/.local/lib/python3.7/site-packages/airflow/example_dags/example_nested_branch_dag.py
[2023-02-15T22:22:46.522+0000] {logging_mixin.py:137} INFO - [2023-02-15T22:22:46.522+0000] {dag.py:2690} INFO - Sync 1 DAGs
[2023-02-15T22:22:46.618+0000] {logging_mixin.py:137} INFO - [2023-02-15T22:22:46.618+0000] {dag.py:3441} INFO - Setting next_dagrun for example_nested_branch_dag to 2023-02-14T00:00:00+00:00, run_after=2023-02-15T00:00:00+00:00
[2023-02-15T22:22:46.685+0000] {processor.py:175} INFO - Processing /home/airflow/.local/lib/python3.7/site-packages/airflow/example_dags/example_nested_branch_dag.py took 0.299 seconds
[2023-02-15T22:23:17.673+0000] {processor.py:153} INFO - Started process (PID=1670) to work on /home/airflow/.local/lib/python3.7/site-packages/airflow/example_dags/example_nested_branch_dag.py
[2023-02-15T22:23:17.676+0000] {processor.py:743} INFO - Processing file /home/airflow/.local/lib/python3.7/site-packages/airflow/example_dags/example_nested_branch_dag.py for tasks to queue
[2023-02-15T22:23:17.677+0000] {logging_mixin.py:137} INFO - [2023-02-15T22:23:17.676+0000] {dagbag.py:538} INFO - Filling up the DagBag from /home/airflow/.local/lib/python3.7/site-packages/airflow/example_dags/example_nested_branch_dag.py
[2023-02-15T22:23:17.710+0000] {processor.py:753} INFO - DAG(s) dict_keys(['example_nested_branch_dag']) retrieved from /home/airflow/.local/lib/python3.7/site-packages/airflow/example_dags/example_nested_branch_dag.py
[2023-02-15T22:23:17.762+0000] {logging_mixin.py:137} INFO - [2023-02-15T22:23:17.761+0000] {dag.py:2690} INFO - Sync 1 DAGs
[2023-02-15T22:23:17.799+0000] {logging_mixin.py:137} INFO - [2023-02-15T22:23:17.798+0000] {dag.py:3441} INFO - Setting next_dagrun for example_nested_branch_dag to 2023-02-14T00:00:00+00:00, run_after=2023-02-15T00:00:00+00:00
[2023-02-15T22:23:17.832+0000] {processor.py:175} INFO - Processing /home/airflow/.local/lib/python3.7/site-packages/airflow/example_dags/example_nested_branch_dag.py took 0.164 seconds
