[2023-02-15T22:10:43.423+0000] {processor.py:153} INFO - Started process (PID=63) to work on /home/airflow/.local/lib/python3.7/site-packages/airflow/example_dags/example_local_kubernetes_executor.py
[2023-02-15T22:10:43.424+0000] {processor.py:743} INFO - Processing file /home/airflow/.local/lib/python3.7/site-packages/airflow/example_dags/example_local_kubernetes_executor.py for tasks to queue
[2023-02-15T22:10:43.425+0000] {logging_mixin.py:137} INFO - [2023-02-15T22:10:43.425+0000] {dagbag.py:538} INFO - Filling up the DagBag from /home/airflow/.local/lib/python3.7/site-packages/airflow/example_dags/example_local_kubernetes_executor.py
[2023-02-15T22:10:44.068+0000] {processor.py:753} INFO - DAG(s) dict_keys(['example_local_kubernetes_executor']) retrieved from /home/airflow/.local/lib/python3.7/site-packages/airflow/example_dags/example_local_kubernetes_executor.py
[2023-02-15T22:10:44.613+0000] {logging_mixin.py:137} INFO - [2023-02-15T22:10:44.612+0000] {dag.py:2690} INFO - Sync 1 DAGs
[2023-02-15T22:10:44.853+0000] {logging_mixin.py:137} INFO - [2023-02-15T22:10:44.853+0000] {dag.py:3441} INFO - Setting next_dagrun for example_local_kubernetes_executor to None, run_after=None
[2023-02-15T22:10:45.082+0000] {processor.py:175} INFO - Processing /home/airflow/.local/lib/python3.7/site-packages/airflow/example_dags/example_local_kubernetes_executor.py took 1.721 seconds
[2023-02-15T22:11:15.588+0000] {processor.py:153} INFO - Started process (PID=118) to work on /home/airflow/.local/lib/python3.7/site-packages/airflow/example_dags/example_local_kubernetes_executor.py
[2023-02-15T22:11:16.046+0000] {processor.py:743} INFO - Processing file /home/airflow/.local/lib/python3.7/site-packages/airflow/example_dags/example_local_kubernetes_executor.py for tasks to queue
[2023-02-15T22:11:16.047+0000] {logging_mixin.py:137} INFO - [2023-02-15T22:11:16.047+0000] {dagbag.py:538} INFO - Filling up the DagBag from /home/airflow/.local/lib/python3.7/site-packages/airflow/example_dags/example_local_kubernetes_executor.py
[2023-02-15T22:11:16.133+0000] {processor.py:753} INFO - DAG(s) dict_keys(['example_local_kubernetes_executor']) retrieved from /home/airflow/.local/lib/python3.7/site-packages/airflow/example_dags/example_local_kubernetes_executor.py
[2023-02-15T22:11:16.265+0000] {logging_mixin.py:137} INFO - [2023-02-15T22:11:16.265+0000] {dag.py:2690} INFO - Sync 1 DAGs
[2023-02-15T22:11:16.396+0000] {logging_mixin.py:137} INFO - [2023-02-15T22:11:16.396+0000] {dag.py:3441} INFO - Setting next_dagrun for example_local_kubernetes_executor to None, run_after=None
[2023-02-15T22:11:16.595+0000] {processor.py:175} INFO - Processing /home/airflow/.local/lib/python3.7/site-packages/airflow/example_dags/example_local_kubernetes_executor.py took 1.011 seconds
[2023-02-15T22:11:47.171+0000] {processor.py:153} INFO - Started process (PID=180) to work on /home/airflow/.local/lib/python3.7/site-packages/airflow/example_dags/example_local_kubernetes_executor.py
[2023-02-15T22:11:47.172+0000] {processor.py:743} INFO - Processing file /home/airflow/.local/lib/python3.7/site-packages/airflow/example_dags/example_local_kubernetes_executor.py for tasks to queue
[2023-02-15T22:11:47.173+0000] {logging_mixin.py:137} INFO - [2023-02-15T22:11:47.172+0000] {dagbag.py:538} INFO - Filling up the DagBag from /home/airflow/.local/lib/python3.7/site-packages/airflow/example_dags/example_local_kubernetes_executor.py
[2023-02-15T22:11:47.360+0000] {processor.py:753} INFO - DAG(s) dict_keys(['example_local_kubernetes_executor']) retrieved from /home/airflow/.local/lib/python3.7/site-packages/airflow/example_dags/example_local_kubernetes_executor.py
[2023-02-15T22:11:47.599+0000] {logging_mixin.py:137} INFO - [2023-02-15T22:11:47.599+0000] {dag.py:2690} INFO - Sync 1 DAGs
[2023-02-15T22:11:47.727+0000] {logging_mixin.py:137} INFO - [2023-02-15T22:11:47.726+0000] {dag.py:3441} INFO - Setting next_dagrun for example_local_kubernetes_executor to None, run_after=None
[2023-02-15T22:11:47.807+0000] {processor.py:175} INFO - Processing /home/airflow/.local/lib/python3.7/site-packages/airflow/example_dags/example_local_kubernetes_executor.py took 0.666 seconds
[2023-02-15T22:12:18.448+0000] {processor.py:153} INFO - Started process (PID=231) to work on /home/airflow/.local/lib/python3.7/site-packages/airflow/example_dags/example_local_kubernetes_executor.py
[2023-02-15T22:12:18.491+0000] {processor.py:743} INFO - Processing file /home/airflow/.local/lib/python3.7/site-packages/airflow/example_dags/example_local_kubernetes_executor.py for tasks to queue
[2023-02-15T22:12:18.492+0000] {logging_mixin.py:137} INFO - [2023-02-15T22:12:18.492+0000] {dagbag.py:538} INFO - Filling up the DagBag from /home/airflow/.local/lib/python3.7/site-packages/airflow/example_dags/example_local_kubernetes_executor.py
[2023-02-15T22:12:18.604+0000] {processor.py:753} INFO - DAG(s) dict_keys(['example_local_kubernetes_executor']) retrieved from /home/airflow/.local/lib/python3.7/site-packages/airflow/example_dags/example_local_kubernetes_executor.py
[2023-02-15T22:12:18.734+0000] {logging_mixin.py:137} INFO - [2023-02-15T22:12:18.734+0000] {dag.py:2690} INFO - Sync 1 DAGs
[2023-02-15T22:12:18.848+0000] {logging_mixin.py:137} INFO - [2023-02-15T22:12:18.847+0000] {dag.py:3441} INFO - Setting next_dagrun for example_local_kubernetes_executor to None, run_after=None
[2023-02-15T22:12:19.022+0000] {processor.py:175} INFO - Processing /home/airflow/.local/lib/python3.7/site-packages/airflow/example_dags/example_local_kubernetes_executor.py took 0.606 seconds
[2023-02-15T22:12:49.736+0000] {processor.py:153} INFO - Started process (PID=293) to work on /home/airflow/.local/lib/python3.7/site-packages/airflow/example_dags/example_local_kubernetes_executor.py
[2023-02-15T22:12:49.750+0000] {processor.py:743} INFO - Processing file /home/airflow/.local/lib/python3.7/site-packages/airflow/example_dags/example_local_kubernetes_executor.py for tasks to queue
[2023-02-15T22:12:49.751+0000] {logging_mixin.py:137} INFO - [2023-02-15T22:12:49.751+0000] {dagbag.py:538} INFO - Filling up the DagBag from /home/airflow/.local/lib/python3.7/site-packages/airflow/example_dags/example_local_kubernetes_executor.py
[2023-02-15T22:12:49.806+0000] {processor.py:753} INFO - DAG(s) dict_keys(['example_local_kubernetes_executor']) retrieved from /home/airflow/.local/lib/python3.7/site-packages/airflow/example_dags/example_local_kubernetes_executor.py
[2023-02-15T22:12:49.870+0000] {logging_mixin.py:137} INFO - [2023-02-15T22:12:49.870+0000] {dag.py:2690} INFO - Sync 1 DAGs
[2023-02-15T22:12:49.954+0000] {logging_mixin.py:137} INFO - [2023-02-15T22:12:49.953+0000] {dag.py:3441} INFO - Setting next_dagrun for example_local_kubernetes_executor to None, run_after=None
[2023-02-15T22:12:50.034+0000] {processor.py:175} INFO - Processing /home/airflow/.local/lib/python3.7/site-packages/airflow/example_dags/example_local_kubernetes_executor.py took 0.302 seconds
[2023-02-15T22:13:20.778+0000] {processor.py:153} INFO - Started process (PID=358) to work on /home/airflow/.local/lib/python3.7/site-packages/airflow/example_dags/example_local_kubernetes_executor.py
[2023-02-15T22:13:20.778+0000] {processor.py:743} INFO - Processing file /home/airflow/.local/lib/python3.7/site-packages/airflow/example_dags/example_local_kubernetes_executor.py for tasks to queue
[2023-02-15T22:13:20.779+0000] {logging_mixin.py:137} INFO - [2023-02-15T22:13:20.779+0000] {dagbag.py:538} INFO - Filling up the DagBag from /home/airflow/.local/lib/python3.7/site-packages/airflow/example_dags/example_local_kubernetes_executor.py
[2023-02-15T22:13:20.858+0000] {processor.py:753} INFO - DAG(s) dict_keys(['example_local_kubernetes_executor']) retrieved from /home/airflow/.local/lib/python3.7/site-packages/airflow/example_dags/example_local_kubernetes_executor.py
[2023-02-15T22:13:20.954+0000] {logging_mixin.py:137} INFO - [2023-02-15T22:13:20.954+0000] {dag.py:2690} INFO - Sync 1 DAGs
[2023-02-15T22:13:21.033+0000] {logging_mixin.py:137} INFO - [2023-02-15T22:13:21.033+0000] {dag.py:3441} INFO - Setting next_dagrun for example_local_kubernetes_executor to None, run_after=None
[2023-02-15T22:13:21.133+0000] {processor.py:175} INFO - Processing /home/airflow/.local/lib/python3.7/site-packages/airflow/example_dags/example_local_kubernetes_executor.py took 0.359 seconds
[2023-02-15T22:13:51.773+0000] {processor.py:153} INFO - Started process (PID=421) to work on /home/airflow/.local/lib/python3.7/site-packages/airflow/example_dags/example_local_kubernetes_executor.py
[2023-02-15T22:13:51.774+0000] {processor.py:743} INFO - Processing file /home/airflow/.local/lib/python3.7/site-packages/airflow/example_dags/example_local_kubernetes_executor.py for tasks to queue
[2023-02-15T22:13:51.775+0000] {logging_mixin.py:137} INFO - [2023-02-15T22:13:51.775+0000] {dagbag.py:538} INFO - Filling up the DagBag from /home/airflow/.local/lib/python3.7/site-packages/airflow/example_dags/example_local_kubernetes_executor.py
[2023-02-15T22:13:51.805+0000] {processor.py:753} INFO - DAG(s) dict_keys(['example_local_kubernetes_executor']) retrieved from /home/airflow/.local/lib/python3.7/site-packages/airflow/example_dags/example_local_kubernetes_executor.py
[2023-02-15T22:13:51.839+0000] {logging_mixin.py:137} INFO - [2023-02-15T22:13:51.839+0000] {dag.py:2690} INFO - Sync 1 DAGs
[2023-02-15T22:13:51.870+0000] {logging_mixin.py:137} INFO - [2023-02-15T22:13:51.870+0000] {dag.py:3441} INFO - Setting next_dagrun for example_local_kubernetes_executor to None, run_after=None
[2023-02-15T22:13:51.893+0000] {processor.py:175} INFO - Processing /home/airflow/.local/lib/python3.7/site-packages/airflow/example_dags/example_local_kubernetes_executor.py took 0.124 seconds
[2023-02-15T22:14:21.941+0000] {processor.py:153} INFO - Started process (PID=484) to work on /home/airflow/.local/lib/python3.7/site-packages/airflow/example_dags/example_local_kubernetes_executor.py
[2023-02-15T22:14:21.942+0000] {processor.py:743} INFO - Processing file /home/airflow/.local/lib/python3.7/site-packages/airflow/example_dags/example_local_kubernetes_executor.py for tasks to queue
[2023-02-15T22:14:21.943+0000] {logging_mixin.py:137} INFO - [2023-02-15T22:14:21.942+0000] {dagbag.py:538} INFO - Filling up the DagBag from /home/airflow/.local/lib/python3.7/site-packages/airflow/example_dags/example_local_kubernetes_executor.py
[2023-02-15T22:14:21.970+0000] {processor.py:753} INFO - DAG(s) dict_keys(['example_local_kubernetes_executor']) retrieved from /home/airflow/.local/lib/python3.7/site-packages/airflow/example_dags/example_local_kubernetes_executor.py
[2023-02-15T22:14:22.005+0000] {logging_mixin.py:137} INFO - [2023-02-15T22:14:22.005+0000] {dag.py:2690} INFO - Sync 1 DAGs
[2023-02-15T22:14:22.035+0000] {logging_mixin.py:137} INFO - [2023-02-15T22:14:22.035+0000] {dag.py:3441} INFO - Setting next_dagrun for example_local_kubernetes_executor to None, run_after=None
[2023-02-15T22:14:22.057+0000] {processor.py:175} INFO - Processing /home/airflow/.local/lib/python3.7/site-packages/airflow/example_dags/example_local_kubernetes_executor.py took 0.120 seconds
[2023-02-15T22:14:52.119+0000] {processor.py:153} INFO - Started process (PID=549) to work on /home/airflow/.local/lib/python3.7/site-packages/airflow/example_dags/example_local_kubernetes_executor.py
[2023-02-15T22:14:52.120+0000] {processor.py:743} INFO - Processing file /home/airflow/.local/lib/python3.7/site-packages/airflow/example_dags/example_local_kubernetes_executor.py for tasks to queue
[2023-02-15T22:14:52.121+0000] {logging_mixin.py:137} INFO - [2023-02-15T22:14:52.121+0000] {dagbag.py:538} INFO - Filling up the DagBag from /home/airflow/.local/lib/python3.7/site-packages/airflow/example_dags/example_local_kubernetes_executor.py
[2023-02-15T22:14:52.151+0000] {processor.py:753} INFO - DAG(s) dict_keys(['example_local_kubernetes_executor']) retrieved from /home/airflow/.local/lib/python3.7/site-packages/airflow/example_dags/example_local_kubernetes_executor.py
[2023-02-15T22:14:52.186+0000] {logging_mixin.py:137} INFO - [2023-02-15T22:14:52.186+0000] {dag.py:2690} INFO - Sync 1 DAGs
[2023-02-15T22:14:52.221+0000] {logging_mixin.py:137} INFO - [2023-02-15T22:14:52.221+0000] {dag.py:3441} INFO - Setting next_dagrun for example_local_kubernetes_executor to None, run_after=None
[2023-02-15T22:14:52.246+0000] {processor.py:175} INFO - Processing /home/airflow/.local/lib/python3.7/site-packages/airflow/example_dags/example_local_kubernetes_executor.py took 0.133 seconds
[2023-02-15T22:15:22.676+0000] {processor.py:153} INFO - Started process (PID=625) to work on /home/airflow/.local/lib/python3.7/site-packages/airflow/example_dags/example_local_kubernetes_executor.py
[2023-02-15T22:15:22.677+0000] {processor.py:743} INFO - Processing file /home/airflow/.local/lib/python3.7/site-packages/airflow/example_dags/example_local_kubernetes_executor.py for tasks to queue
[2023-02-15T22:15:22.677+0000] {logging_mixin.py:137} INFO - [2023-02-15T22:15:22.677+0000] {dagbag.py:538} INFO - Filling up the DagBag from /home/airflow/.local/lib/python3.7/site-packages/airflow/example_dags/example_local_kubernetes_executor.py
[2023-02-15T22:15:22.709+0000] {processor.py:753} INFO - DAG(s) dict_keys(['example_local_kubernetes_executor']) retrieved from /home/airflow/.local/lib/python3.7/site-packages/airflow/example_dags/example_local_kubernetes_executor.py
[2023-02-15T22:15:22.753+0000] {logging_mixin.py:137} INFO - [2023-02-15T22:15:22.753+0000] {dag.py:2690} INFO - Sync 1 DAGs
[2023-02-15T22:15:22.789+0000] {logging_mixin.py:137} INFO - [2023-02-15T22:15:22.789+0000] {dag.py:3441} INFO - Setting next_dagrun for example_local_kubernetes_executor to None, run_after=None
[2023-02-15T22:15:22.815+0000] {processor.py:175} INFO - Processing /home/airflow/.local/lib/python3.7/site-packages/airflow/example_dags/example_local_kubernetes_executor.py took 0.143 seconds
[2023-02-15T22:15:53.713+0000] {processor.py:153} INFO - Started process (PID=689) to work on /home/airflow/.local/lib/python3.7/site-packages/airflow/example_dags/example_local_kubernetes_executor.py
[2023-02-15T22:15:53.714+0000] {processor.py:743} INFO - Processing file /home/airflow/.local/lib/python3.7/site-packages/airflow/example_dags/example_local_kubernetes_executor.py for tasks to queue
[2023-02-15T22:15:53.715+0000] {logging_mixin.py:137} INFO - [2023-02-15T22:15:53.715+0000] {dagbag.py:538} INFO - Filling up the DagBag from /home/airflow/.local/lib/python3.7/site-packages/airflow/example_dags/example_local_kubernetes_executor.py
[2023-02-15T22:15:53.746+0000] {processor.py:753} INFO - DAG(s) dict_keys(['example_local_kubernetes_executor']) retrieved from /home/airflow/.local/lib/python3.7/site-packages/airflow/example_dags/example_local_kubernetes_executor.py
[2023-02-15T22:15:53.790+0000] {logging_mixin.py:137} INFO - [2023-02-15T22:15:53.789+0000] {dag.py:2690} INFO - Sync 1 DAGs
[2023-02-15T22:15:53.827+0000] {logging_mixin.py:137} INFO - [2023-02-15T22:15:53.827+0000] {dag.py:3441} INFO - Setting next_dagrun for example_local_kubernetes_executor to None, run_after=None
[2023-02-15T22:15:53.864+0000] {processor.py:175} INFO - Processing /home/airflow/.local/lib/python3.7/site-packages/airflow/example_dags/example_local_kubernetes_executor.py took 0.155 seconds
[2023-02-15T22:16:23.963+0000] {processor.py:153} INFO - Started process (PID=752) to work on /home/airflow/.local/lib/python3.7/site-packages/airflow/example_dags/example_local_kubernetes_executor.py
[2023-02-15T22:16:23.964+0000] {processor.py:743} INFO - Processing file /home/airflow/.local/lib/python3.7/site-packages/airflow/example_dags/example_local_kubernetes_executor.py for tasks to queue
[2023-02-15T22:16:23.967+0000] {logging_mixin.py:137} INFO - [2023-02-15T22:16:23.967+0000] {dagbag.py:538} INFO - Filling up the DagBag from /home/airflow/.local/lib/python3.7/site-packages/airflow/example_dags/example_local_kubernetes_executor.py
[2023-02-15T22:16:24.020+0000] {processor.py:753} INFO - DAG(s) dict_keys(['example_local_kubernetes_executor']) retrieved from /home/airflow/.local/lib/python3.7/site-packages/airflow/example_dags/example_local_kubernetes_executor.py
[2023-02-15T22:16:24.091+0000] {logging_mixin.py:137} INFO - [2023-02-15T22:16:24.091+0000] {dag.py:2690} INFO - Sync 1 DAGs
[2023-02-15T22:16:24.163+0000] {logging_mixin.py:137} INFO - [2023-02-15T22:16:24.163+0000] {dag.py:3441} INFO - Setting next_dagrun for example_local_kubernetes_executor to None, run_after=None
[2023-02-15T22:16:24.212+0000] {processor.py:175} INFO - Processing /home/airflow/.local/lib/python3.7/site-packages/airflow/example_dags/example_local_kubernetes_executor.py took 0.252 seconds
[2023-02-15T22:16:54.475+0000] {processor.py:153} INFO - Started process (PID=829) to work on /home/airflow/.local/lib/python3.7/site-packages/airflow/example_dags/example_local_kubernetes_executor.py
[2023-02-15T22:16:54.485+0000] {processor.py:743} INFO - Processing file /home/airflow/.local/lib/python3.7/site-packages/airflow/example_dags/example_local_kubernetes_executor.py for tasks to queue
[2023-02-15T22:16:54.485+0000] {logging_mixin.py:137} INFO - [2023-02-15T22:16:54.485+0000] {dagbag.py:538} INFO - Filling up the DagBag from /home/airflow/.local/lib/python3.7/site-packages/airflow/example_dags/example_local_kubernetes_executor.py
[2023-02-15T22:16:54.549+0000] {processor.py:753} INFO - DAG(s) dict_keys(['example_local_kubernetes_executor']) retrieved from /home/airflow/.local/lib/python3.7/site-packages/airflow/example_dags/example_local_kubernetes_executor.py
[2023-02-15T22:16:54.601+0000] {logging_mixin.py:137} INFO - [2023-02-15T22:16:54.601+0000] {dag.py:2690} INFO - Sync 1 DAGs
[2023-02-15T22:16:54.641+0000] {logging_mixin.py:137} INFO - [2023-02-15T22:16:54.640+0000] {dag.py:3441} INFO - Setting next_dagrun for example_local_kubernetes_executor to None, run_after=None
[2023-02-15T22:16:54.690+0000] {processor.py:175} INFO - Processing /home/airflow/.local/lib/python3.7/site-packages/airflow/example_dags/example_local_kubernetes_executor.py took 0.229 seconds
[2023-02-15T22:17:25.154+0000] {processor.py:153} INFO - Started process (PID=892) to work on /home/airflow/.local/lib/python3.7/site-packages/airflow/example_dags/example_local_kubernetes_executor.py
[2023-02-15T22:17:25.160+0000] {processor.py:743} INFO - Processing file /home/airflow/.local/lib/python3.7/site-packages/airflow/example_dags/example_local_kubernetes_executor.py for tasks to queue
[2023-02-15T22:17:25.161+0000] {logging_mixin.py:137} INFO - [2023-02-15T22:17:25.160+0000] {dagbag.py:538} INFO - Filling up the DagBag from /home/airflow/.local/lib/python3.7/site-packages/airflow/example_dags/example_local_kubernetes_executor.py
[2023-02-15T22:17:25.192+0000] {processor.py:753} INFO - DAG(s) dict_keys(['example_local_kubernetes_executor']) retrieved from /home/airflow/.local/lib/python3.7/site-packages/airflow/example_dags/example_local_kubernetes_executor.py
[2023-02-15T22:17:25.246+0000] {logging_mixin.py:137} INFO - [2023-02-15T22:17:25.246+0000] {dag.py:2690} INFO - Sync 1 DAGs
[2023-02-15T22:17:25.284+0000] {logging_mixin.py:137} INFO - [2023-02-15T22:17:25.283+0000] {dag.py:3441} INFO - Setting next_dagrun for example_local_kubernetes_executor to None, run_after=None
[2023-02-15T22:17:25.339+0000] {processor.py:175} INFO - Processing /home/airflow/.local/lib/python3.7/site-packages/airflow/example_dags/example_local_kubernetes_executor.py took 0.189 seconds
[2023-02-15T22:17:55.736+0000] {processor.py:153} INFO - Started process (PID=955) to work on /home/airflow/.local/lib/python3.7/site-packages/airflow/example_dags/example_local_kubernetes_executor.py
[2023-02-15T22:17:55.739+0000] {processor.py:743} INFO - Processing file /home/airflow/.local/lib/python3.7/site-packages/airflow/example_dags/example_local_kubernetes_executor.py for tasks to queue
[2023-02-15T22:17:55.742+0000] {logging_mixin.py:137} INFO - [2023-02-15T22:17:55.742+0000] {dagbag.py:538} INFO - Filling up the DagBag from /home/airflow/.local/lib/python3.7/site-packages/airflow/example_dags/example_local_kubernetes_executor.py
[2023-02-15T22:17:55.774+0000] {processor.py:753} INFO - DAG(s) dict_keys(['example_local_kubernetes_executor']) retrieved from /home/airflow/.local/lib/python3.7/site-packages/airflow/example_dags/example_local_kubernetes_executor.py
[2023-02-15T22:17:55.813+0000] {logging_mixin.py:137} INFO - [2023-02-15T22:17:55.813+0000] {dag.py:2690} INFO - Sync 1 DAGs
[2023-02-15T22:17:55.846+0000] {logging_mixin.py:137} INFO - [2023-02-15T22:17:55.845+0000] {dag.py:3441} INFO - Setting next_dagrun for example_local_kubernetes_executor to None, run_after=None
[2023-02-15T22:17:55.882+0000] {processor.py:175} INFO - Processing /home/airflow/.local/lib/python3.7/site-packages/airflow/example_dags/example_local_kubernetes_executor.py took 0.150 seconds
[2023-02-15T22:18:26.335+0000] {processor.py:153} INFO - Started process (PID=1027) to work on /home/airflow/.local/lib/python3.7/site-packages/airflow/example_dags/example_local_kubernetes_executor.py
[2023-02-15T22:18:26.335+0000] {processor.py:743} INFO - Processing file /home/airflow/.local/lib/python3.7/site-packages/airflow/example_dags/example_local_kubernetes_executor.py for tasks to queue
[2023-02-15T22:18:26.336+0000] {logging_mixin.py:137} INFO - [2023-02-15T22:18:26.336+0000] {dagbag.py:538} INFO - Filling up the DagBag from /home/airflow/.local/lib/python3.7/site-packages/airflow/example_dags/example_local_kubernetes_executor.py
[2023-02-15T22:18:26.412+0000] {processor.py:753} INFO - DAG(s) dict_keys(['example_local_kubernetes_executor']) retrieved from /home/airflow/.local/lib/python3.7/site-packages/airflow/example_dags/example_local_kubernetes_executor.py
[2023-02-15T22:18:26.496+0000] {logging_mixin.py:137} INFO - [2023-02-15T22:18:26.495+0000] {dag.py:2690} INFO - Sync 1 DAGs
[2023-02-15T22:18:26.538+0000] {logging_mixin.py:137} INFO - [2023-02-15T22:18:26.538+0000] {dag.py:3441} INFO - Setting next_dagrun for example_local_kubernetes_executor to None, run_after=None
[2023-02-15T22:18:26.566+0000] {processor.py:175} INFO - Processing /home/airflow/.local/lib/python3.7/site-packages/airflow/example_dags/example_local_kubernetes_executor.py took 0.238 seconds
[2023-02-15T22:18:56.894+0000] {processor.py:153} INFO - Started process (PID=1093) to work on /home/airflow/.local/lib/python3.7/site-packages/airflow/example_dags/example_local_kubernetes_executor.py
[2023-02-15T22:18:56.900+0000] {processor.py:743} INFO - Processing file /home/airflow/.local/lib/python3.7/site-packages/airflow/example_dags/example_local_kubernetes_executor.py for tasks to queue
[2023-02-15T22:18:56.901+0000] {logging_mixin.py:137} INFO - [2023-02-15T22:18:56.900+0000] {dagbag.py:538} INFO - Filling up the DagBag from /home/airflow/.local/lib/python3.7/site-packages/airflow/example_dags/example_local_kubernetes_executor.py
[2023-02-15T22:18:56.927+0000] {processor.py:753} INFO - DAG(s) dict_keys(['example_local_kubernetes_executor']) retrieved from /home/airflow/.local/lib/python3.7/site-packages/airflow/example_dags/example_local_kubernetes_executor.py
[2023-02-15T22:18:56.958+0000] {logging_mixin.py:137} INFO - [2023-02-15T22:18:56.958+0000] {dag.py:2690} INFO - Sync 1 DAGs
[2023-02-15T22:18:56.990+0000] {logging_mixin.py:137} INFO - [2023-02-15T22:18:56.990+0000] {dag.py:3441} INFO - Setting next_dagrun for example_local_kubernetes_executor to None, run_after=None
[2023-02-15T22:18:57.013+0000] {processor.py:175} INFO - Processing /home/airflow/.local/lib/python3.7/site-packages/airflow/example_dags/example_local_kubernetes_executor.py took 0.122 seconds
[2023-02-15T22:19:27.293+0000] {processor.py:153} INFO - Started process (PID=1157) to work on /home/airflow/.local/lib/python3.7/site-packages/airflow/example_dags/example_local_kubernetes_executor.py
[2023-02-15T22:19:27.296+0000] {processor.py:743} INFO - Processing file /home/airflow/.local/lib/python3.7/site-packages/airflow/example_dags/example_local_kubernetes_executor.py for tasks to queue
[2023-02-15T22:19:27.297+0000] {logging_mixin.py:137} INFO - [2023-02-15T22:19:27.297+0000] {dagbag.py:538} INFO - Filling up the DagBag from /home/airflow/.local/lib/python3.7/site-packages/airflow/example_dags/example_local_kubernetes_executor.py
[2023-02-15T22:19:27.324+0000] {processor.py:753} INFO - DAG(s) dict_keys(['example_local_kubernetes_executor']) retrieved from /home/airflow/.local/lib/python3.7/site-packages/airflow/example_dags/example_local_kubernetes_executor.py
[2023-02-15T22:19:27.360+0000] {logging_mixin.py:137} INFO - [2023-02-15T22:19:27.360+0000] {dag.py:2690} INFO - Sync 1 DAGs
[2023-02-15T22:19:27.389+0000] {logging_mixin.py:137} INFO - [2023-02-15T22:19:27.389+0000] {dag.py:3441} INFO - Setting next_dagrun for example_local_kubernetes_executor to None, run_after=None
[2023-02-15T22:19:27.410+0000] {processor.py:175} INFO - Processing /home/airflow/.local/lib/python3.7/site-packages/airflow/example_dags/example_local_kubernetes_executor.py took 0.121 seconds
[2023-02-15T22:19:57.869+0000] {processor.py:153} INFO - Started process (PID=1228) to work on /home/airflow/.local/lib/python3.7/site-packages/airflow/example_dags/example_local_kubernetes_executor.py
[2023-02-15T22:19:57.872+0000] {processor.py:743} INFO - Processing file /home/airflow/.local/lib/python3.7/site-packages/airflow/example_dags/example_local_kubernetes_executor.py for tasks to queue
[2023-02-15T22:19:57.873+0000] {logging_mixin.py:137} INFO - [2023-02-15T22:19:57.873+0000] {dagbag.py:538} INFO - Filling up the DagBag from /home/airflow/.local/lib/python3.7/site-packages/airflow/example_dags/example_local_kubernetes_executor.py
[2023-02-15T22:19:57.917+0000] {processor.py:753} INFO - DAG(s) dict_keys(['example_local_kubernetes_executor']) retrieved from /home/airflow/.local/lib/python3.7/site-packages/airflow/example_dags/example_local_kubernetes_executor.py
[2023-02-15T22:19:57.998+0000] {logging_mixin.py:137} INFO - [2023-02-15T22:19:57.998+0000] {dag.py:2690} INFO - Sync 1 DAGs
[2023-02-15T22:19:58.055+0000] {logging_mixin.py:137} INFO - [2023-02-15T22:19:58.055+0000] {dag.py:3441} INFO - Setting next_dagrun for example_local_kubernetes_executor to None, run_after=None
[2023-02-15T22:19:58.100+0000] {processor.py:175} INFO - Processing /home/airflow/.local/lib/python3.7/site-packages/airflow/example_dags/example_local_kubernetes_executor.py took 0.238 seconds
[2023-02-15T22:20:29.061+0000] {processor.py:153} INFO - Started process (PID=1294) to work on /home/airflow/.local/lib/python3.7/site-packages/airflow/example_dags/example_local_kubernetes_executor.py
[2023-02-15T22:20:29.075+0000] {processor.py:743} INFO - Processing file /home/airflow/.local/lib/python3.7/site-packages/airflow/example_dags/example_local_kubernetes_executor.py for tasks to queue
[2023-02-15T22:20:29.076+0000] {logging_mixin.py:137} INFO - [2023-02-15T22:20:29.076+0000] {dagbag.py:538} INFO - Filling up the DagBag from /home/airflow/.local/lib/python3.7/site-packages/airflow/example_dags/example_local_kubernetes_executor.py
[2023-02-15T22:20:29.139+0000] {processor.py:753} INFO - DAG(s) dict_keys(['example_local_kubernetes_executor']) retrieved from /home/airflow/.local/lib/python3.7/site-packages/airflow/example_dags/example_local_kubernetes_executor.py
[2023-02-15T22:20:29.191+0000] {logging_mixin.py:137} INFO - [2023-02-15T22:20:29.191+0000] {dag.py:2690} INFO - Sync 1 DAGs
[2023-02-15T22:20:29.238+0000] {logging_mixin.py:137} INFO - [2023-02-15T22:20:29.238+0000] {dag.py:3441} INFO - Setting next_dagrun for example_local_kubernetes_executor to None, run_after=None
[2023-02-15T22:20:29.279+0000] {processor.py:175} INFO - Processing /home/airflow/.local/lib/python3.7/site-packages/airflow/example_dags/example_local_kubernetes_executor.py took 0.221 seconds
[2023-02-15T22:20:59.718+0000] {processor.py:153} INFO - Started process (PID=1357) to work on /home/airflow/.local/lib/python3.7/site-packages/airflow/example_dags/example_local_kubernetes_executor.py
[2023-02-15T22:20:59.724+0000] {processor.py:743} INFO - Processing file /home/airflow/.local/lib/python3.7/site-packages/airflow/example_dags/example_local_kubernetes_executor.py for tasks to queue
[2023-02-15T22:20:59.726+0000] {logging_mixin.py:137} INFO - [2023-02-15T22:20:59.725+0000] {dagbag.py:538} INFO - Filling up the DagBag from /home/airflow/.local/lib/python3.7/site-packages/airflow/example_dags/example_local_kubernetes_executor.py
[2023-02-15T22:20:59.759+0000] {processor.py:753} INFO - DAG(s) dict_keys(['example_local_kubernetes_executor']) retrieved from /home/airflow/.local/lib/python3.7/site-packages/airflow/example_dags/example_local_kubernetes_executor.py
[2023-02-15T22:20:59.801+0000] {logging_mixin.py:137} INFO - [2023-02-15T22:20:59.801+0000] {dag.py:2690} INFO - Sync 1 DAGs
[2023-02-15T22:20:59.832+0000] {logging_mixin.py:137} INFO - [2023-02-15T22:20:59.832+0000] {dag.py:3441} INFO - Setting next_dagrun for example_local_kubernetes_executor to None, run_after=None
[2023-02-15T22:20:59.855+0000] {processor.py:175} INFO - Processing /home/airflow/.local/lib/python3.7/site-packages/airflow/example_dags/example_local_kubernetes_executor.py took 0.140 seconds
[2023-02-15T22:21:30.305+0000] {processor.py:153} INFO - Started process (PID=1433) to work on /home/airflow/.local/lib/python3.7/site-packages/airflow/example_dags/example_local_kubernetes_executor.py
[2023-02-15T22:21:30.306+0000] {processor.py:743} INFO - Processing file /home/airflow/.local/lib/python3.7/site-packages/airflow/example_dags/example_local_kubernetes_executor.py for tasks to queue
[2023-02-15T22:21:30.308+0000] {logging_mixin.py:137} INFO - [2023-02-15T22:21:30.307+0000] {dagbag.py:538} INFO - Filling up the DagBag from /home/airflow/.local/lib/python3.7/site-packages/airflow/example_dags/example_local_kubernetes_executor.py
[2023-02-15T22:21:30.362+0000] {processor.py:753} INFO - DAG(s) dict_keys(['example_local_kubernetes_executor']) retrieved from /home/airflow/.local/lib/python3.7/site-packages/airflow/example_dags/example_local_kubernetes_executor.py
[2023-02-15T22:21:30.435+0000] {logging_mixin.py:137} INFO - [2023-02-15T22:21:30.434+0000] {dag.py:2690} INFO - Sync 1 DAGs
[2023-02-15T22:21:30.480+0000] {logging_mixin.py:137} INFO - [2023-02-15T22:21:30.480+0000] {dag.py:3441} INFO - Setting next_dagrun for example_local_kubernetes_executor to None, run_after=None
[2023-02-15T22:21:30.540+0000] {processor.py:175} INFO - Processing /home/airflow/.local/lib/python3.7/site-packages/airflow/example_dags/example_local_kubernetes_executor.py took 0.239 seconds
[2023-02-15T22:22:01.017+0000] {processor.py:153} INFO - Started process (PID=1498) to work on /home/airflow/.local/lib/python3.7/site-packages/airflow/example_dags/example_local_kubernetes_executor.py
[2023-02-15T22:22:01.021+0000] {processor.py:743} INFO - Processing file /home/airflow/.local/lib/python3.7/site-packages/airflow/example_dags/example_local_kubernetes_executor.py for tasks to queue
[2023-02-15T22:22:01.022+0000] {logging_mixin.py:137} INFO - [2023-02-15T22:22:01.022+0000] {dagbag.py:538} INFO - Filling up the DagBag from /home/airflow/.local/lib/python3.7/site-packages/airflow/example_dags/example_local_kubernetes_executor.py
[2023-02-15T22:22:01.058+0000] {processor.py:753} INFO - DAG(s) dict_keys(['example_local_kubernetes_executor']) retrieved from /home/airflow/.local/lib/python3.7/site-packages/airflow/example_dags/example_local_kubernetes_executor.py
[2023-02-15T22:22:01.101+0000] {logging_mixin.py:137} INFO - [2023-02-15T22:22:01.101+0000] {dag.py:2690} INFO - Sync 1 DAGs
[2023-02-15T22:22:01.162+0000] {logging_mixin.py:137} INFO - [2023-02-15T22:22:01.162+0000] {dag.py:3441} INFO - Setting next_dagrun for example_local_kubernetes_executor to None, run_after=None
[2023-02-15T22:22:01.192+0000] {processor.py:175} INFO - Processing /home/airflow/.local/lib/python3.7/site-packages/airflow/example_dags/example_local_kubernetes_executor.py took 0.186 seconds
[2023-02-15T22:22:31.816+0000] {processor.py:153} INFO - Started process (PID=1561) to work on /home/airflow/.local/lib/python3.7/site-packages/airflow/example_dags/example_local_kubernetes_executor.py
[2023-02-15T22:22:31.817+0000] {processor.py:743} INFO - Processing file /home/airflow/.local/lib/python3.7/site-packages/airflow/example_dags/example_local_kubernetes_executor.py for tasks to queue
[2023-02-15T22:22:31.817+0000] {logging_mixin.py:137} INFO - [2023-02-15T22:22:31.817+0000] {dagbag.py:538} INFO - Filling up the DagBag from /home/airflow/.local/lib/python3.7/site-packages/airflow/example_dags/example_local_kubernetes_executor.py
[2023-02-15T22:22:31.846+0000] {processor.py:753} INFO - DAG(s) dict_keys(['example_local_kubernetes_executor']) retrieved from /home/airflow/.local/lib/python3.7/site-packages/airflow/example_dags/example_local_kubernetes_executor.py
[2023-02-15T22:22:31.878+0000] {logging_mixin.py:137} INFO - [2023-02-15T22:22:31.878+0000] {dag.py:2690} INFO - Sync 1 DAGs
[2023-02-15T22:22:31.908+0000] {logging_mixin.py:137} INFO - [2023-02-15T22:22:31.908+0000] {dag.py:3441} INFO - Setting next_dagrun for example_local_kubernetes_executor to None, run_after=None
[2023-02-15T22:22:31.937+0000] {processor.py:175} INFO - Processing /home/airflow/.local/lib/python3.7/site-packages/airflow/example_dags/example_local_kubernetes_executor.py took 0.125 seconds
[2023-02-15T22:23:02.004+0000] {processor.py:153} INFO - Started process (PID=1636) to work on /home/airflow/.local/lib/python3.7/site-packages/airflow/example_dags/example_local_kubernetes_executor.py
[2023-02-15T22:23:02.015+0000] {processor.py:743} INFO - Processing file /home/airflow/.local/lib/python3.7/site-packages/airflow/example_dags/example_local_kubernetes_executor.py for tasks to queue
[2023-02-15T22:23:02.016+0000] {logging_mixin.py:137} INFO - [2023-02-15T22:23:02.016+0000] {dagbag.py:538} INFO - Filling up the DagBag from /home/airflow/.local/lib/python3.7/site-packages/airflow/example_dags/example_local_kubernetes_executor.py
[2023-02-15T22:23:02.060+0000] {processor.py:753} INFO - DAG(s) dict_keys(['example_local_kubernetes_executor']) retrieved from /home/airflow/.local/lib/python3.7/site-packages/airflow/example_dags/example_local_kubernetes_executor.py
[2023-02-15T22:23:02.109+0000] {logging_mixin.py:137} INFO - [2023-02-15T22:23:02.109+0000] {dag.py:2690} INFO - Sync 1 DAGs
[2023-02-15T22:23:02.140+0000] {logging_mixin.py:137} INFO - [2023-02-15T22:23:02.140+0000] {dag.py:3441} INFO - Setting next_dagrun for example_local_kubernetes_executor to None, run_after=None
[2023-02-15T22:23:02.162+0000] {processor.py:175} INFO - Processing /home/airflow/.local/lib/python3.7/site-packages/airflow/example_dags/example_local_kubernetes_executor.py took 0.162 seconds
[2023-02-15T22:23:32.617+0000] {processor.py:153} INFO - Started process (PID=1701) to work on /home/airflow/.local/lib/python3.7/site-packages/airflow/example_dags/example_local_kubernetes_executor.py
[2023-02-15T22:23:32.623+0000] {processor.py:743} INFO - Processing file /home/airflow/.local/lib/python3.7/site-packages/airflow/example_dags/example_local_kubernetes_executor.py for tasks to queue
[2023-02-15T22:23:32.624+0000] {logging_mixin.py:137} INFO - [2023-02-15T22:23:32.624+0000] {dagbag.py:538} INFO - Filling up the DagBag from /home/airflow/.local/lib/python3.7/site-packages/airflow/example_dags/example_local_kubernetes_executor.py
[2023-02-15T22:23:32.665+0000] {processor.py:753} INFO - DAG(s) dict_keys(['example_local_kubernetes_executor']) retrieved from /home/airflow/.local/lib/python3.7/site-packages/airflow/example_dags/example_local_kubernetes_executor.py
[2023-02-15T22:23:32.699+0000] {logging_mixin.py:137} INFO - [2023-02-15T22:23:32.699+0000] {dag.py:2690} INFO - Sync 1 DAGs
[2023-02-15T22:23:32.745+0000] {logging_mixin.py:137} INFO - [2023-02-15T22:23:32.745+0000] {dag.py:3441} INFO - Setting next_dagrun for example_local_kubernetes_executor to None, run_after=None
[2023-02-15T22:23:32.776+0000] {processor.py:175} INFO - Processing /home/airflow/.local/lib/python3.7/site-packages/airflow/example_dags/example_local_kubernetes_executor.py took 0.162 seconds
