[2023-02-15T22:10:45.304+0000] {processor.py:153} INFO - Started process (PID=67) to work on /home/airflow/.local/lib/python3.7/site-packages/airflow/example_dags/example_external_task_marker_dag.py
[2023-02-15T22:10:45.305+0000] {processor.py:743} INFO - Processing file /home/airflow/.local/lib/python3.7/site-packages/airflow/example_dags/example_external_task_marker_dag.py for tasks to queue
[2023-02-15T22:10:45.306+0000] {logging_mixin.py:137} INFO - [2023-02-15T22:10:45.306+0000] {dagbag.py:538} INFO - Filling up the DagBag from /home/airflow/.local/lib/python3.7/site-packages/airflow/example_dags/example_external_task_marker_dag.py
[2023-02-15T22:10:45.420+0000] {processor.py:753} INFO - DAG(s) dict_keys(['example_external_task_marker_child', 'example_external_task_marker_parent']) retrieved from /home/airflow/.local/lib/python3.7/site-packages/airflow/example_dags/example_external_task_marker_dag.py
[2023-02-15T22:10:45.579+0000] {logging_mixin.py:137} INFO - [2023-02-15T22:10:45.579+0000] {dag.py:2690} INFO - Sync 2 DAGs
[2023-02-15T22:10:45.695+0000] {logging_mixin.py:137} INFO - [2023-02-15T22:10:45.695+0000] {dag.py:3441} INFO - Setting next_dagrun for example_external_task_marker_child to None, run_after=None
[2023-02-15T22:10:45.710+0000] {logging_mixin.py:137} INFO - [2023-02-15T22:10:45.710+0000] {dag.py:3441} INFO - Setting next_dagrun for example_external_task_marker_parent to None, run_after=None
[2023-02-15T22:10:45.819+0000] {processor.py:175} INFO - Processing /home/airflow/.local/lib/python3.7/site-packages/airflow/example_dags/example_external_task_marker_dag.py took 0.529 seconds
[2023-02-15T22:11:17.106+0000] {processor.py:153} INFO - Started process (PID=120) to work on /home/airflow/.local/lib/python3.7/site-packages/airflow/example_dags/example_external_task_marker_dag.py
[2023-02-15T22:11:17.143+0000] {processor.py:743} INFO - Processing file /home/airflow/.local/lib/python3.7/site-packages/airflow/example_dags/example_external_task_marker_dag.py for tasks to queue
[2023-02-15T22:11:17.144+0000] {logging_mixin.py:137} INFO - [2023-02-15T22:11:17.143+0000] {dagbag.py:538} INFO - Filling up the DagBag from /home/airflow/.local/lib/python3.7/site-packages/airflow/example_dags/example_external_task_marker_dag.py
[2023-02-15T22:11:17.185+0000] {processor.py:753} INFO - DAG(s) dict_keys(['example_external_task_marker_child', 'example_external_task_marker_parent']) retrieved from /home/airflow/.local/lib/python3.7/site-packages/airflow/example_dags/example_external_task_marker_dag.py
[2023-02-15T22:11:17.332+0000] {logging_mixin.py:137} INFO - [2023-02-15T22:11:17.332+0000] {dag.py:2690} INFO - Sync 2 DAGs
[2023-02-15T22:11:17.429+0000] {logging_mixin.py:137} INFO - [2023-02-15T22:11:17.429+0000] {dag.py:3441} INFO - Setting next_dagrun for example_external_task_marker_child to None, run_after=None
[2023-02-15T22:11:17.445+0000] {logging_mixin.py:137} INFO - [2023-02-15T22:11:17.445+0000] {dag.py:3441} INFO - Setting next_dagrun for example_external_task_marker_parent to None, run_after=None
[2023-02-15T22:11:17.554+0000] {processor.py:175} INFO - Processing /home/airflow/.local/lib/python3.7/site-packages/airflow/example_dags/example_external_task_marker_dag.py took 0.463 seconds
[2023-02-15T22:11:48.353+0000] {processor.py:153} INFO - Started process (PID=183) to work on /home/airflow/.local/lib/python3.7/site-packages/airflow/example_dags/example_external_task_marker_dag.py
[2023-02-15T22:11:48.354+0000] {processor.py:743} INFO - Processing file /home/airflow/.local/lib/python3.7/site-packages/airflow/example_dags/example_external_task_marker_dag.py for tasks to queue
[2023-02-15T22:11:48.355+0000] {logging_mixin.py:137} INFO - [2023-02-15T22:11:48.354+0000] {dagbag.py:538} INFO - Filling up the DagBag from /home/airflow/.local/lib/python3.7/site-packages/airflow/example_dags/example_external_task_marker_dag.py
[2023-02-15T22:11:48.416+0000] {processor.py:753} INFO - DAG(s) dict_keys(['example_external_task_marker_parent', 'example_external_task_marker_child']) retrieved from /home/airflow/.local/lib/python3.7/site-packages/airflow/example_dags/example_external_task_marker_dag.py
[2023-02-15T22:11:48.513+0000] {logging_mixin.py:137} INFO - [2023-02-15T22:11:48.513+0000] {dag.py:2690} INFO - Sync 2 DAGs
[2023-02-15T22:11:48.600+0000] {logging_mixin.py:137} INFO - [2023-02-15T22:11:48.600+0000] {dag.py:3441} INFO - Setting next_dagrun for example_external_task_marker_child to None, run_after=None
[2023-02-15T22:11:48.604+0000] {logging_mixin.py:137} INFO - [2023-02-15T22:11:48.604+0000] {dag.py:3441} INFO - Setting next_dagrun for example_external_task_marker_parent to None, run_after=None
[2023-02-15T22:11:48.706+0000] {processor.py:175} INFO - Processing /home/airflow/.local/lib/python3.7/site-packages/airflow/example_dags/example_external_task_marker_dag.py took 0.368 seconds
[2023-02-15T22:12:19.102+0000] {processor.py:153} INFO - Started process (PID=234) to work on /home/airflow/.local/lib/python3.7/site-packages/airflow/example_dags/example_external_task_marker_dag.py
[2023-02-15T22:12:19.171+0000] {processor.py:743} INFO - Processing file /home/airflow/.local/lib/python3.7/site-packages/airflow/example_dags/example_external_task_marker_dag.py for tasks to queue
[2023-02-15T22:12:19.172+0000] {logging_mixin.py:137} INFO - [2023-02-15T22:12:19.172+0000] {dagbag.py:538} INFO - Filling up the DagBag from /home/airflow/.local/lib/python3.7/site-packages/airflow/example_dags/example_external_task_marker_dag.py
[2023-02-15T22:12:19.237+0000] {processor.py:753} INFO - DAG(s) dict_keys(['example_external_task_marker_child', 'example_external_task_marker_parent']) retrieved from /home/airflow/.local/lib/python3.7/site-packages/airflow/example_dags/example_external_task_marker_dag.py
[2023-02-15T22:12:19.366+0000] {logging_mixin.py:137} INFO - [2023-02-15T22:12:19.365+0000] {dag.py:2690} INFO - Sync 2 DAGs
[2023-02-15T22:12:19.479+0000] {logging_mixin.py:137} INFO - [2023-02-15T22:12:19.478+0000] {dag.py:3441} INFO - Setting next_dagrun for example_external_task_marker_child to None, run_after=None
[2023-02-15T22:12:19.515+0000] {logging_mixin.py:137} INFO - [2023-02-15T22:12:19.515+0000] {dag.py:3441} INFO - Setting next_dagrun for example_external_task_marker_parent to None, run_after=None
[2023-02-15T22:12:19.626+0000] {processor.py:175} INFO - Processing /home/airflow/.local/lib/python3.7/site-packages/airflow/example_dags/example_external_task_marker_dag.py took 0.528 seconds
[2023-02-15T22:12:50.075+0000] {processor.py:153} INFO - Started process (PID=295) to work on /home/airflow/.local/lib/python3.7/site-packages/airflow/example_dags/example_external_task_marker_dag.py
[2023-02-15T22:12:50.076+0000] {processor.py:743} INFO - Processing file /home/airflow/.local/lib/python3.7/site-packages/airflow/example_dags/example_external_task_marker_dag.py for tasks to queue
[2023-02-15T22:12:50.076+0000] {logging_mixin.py:137} INFO - [2023-02-15T22:12:50.076+0000] {dagbag.py:538} INFO - Filling up the DagBag from /home/airflow/.local/lib/python3.7/site-packages/airflow/example_dags/example_external_task_marker_dag.py
[2023-02-15T22:12:50.124+0000] {processor.py:753} INFO - DAG(s) dict_keys(['example_external_task_marker_parent', 'example_external_task_marker_child']) retrieved from /home/airflow/.local/lib/python3.7/site-packages/airflow/example_dags/example_external_task_marker_dag.py
[2023-02-15T22:12:50.192+0000] {logging_mixin.py:137} INFO - [2023-02-15T22:12:50.192+0000] {dag.py:2690} INFO - Sync 2 DAGs
[2023-02-15T22:12:50.258+0000] {logging_mixin.py:137} INFO - [2023-02-15T22:12:50.258+0000] {dag.py:3441} INFO - Setting next_dagrun for example_external_task_marker_child to None, run_after=None
[2023-02-15T22:12:50.270+0000] {logging_mixin.py:137} INFO - [2023-02-15T22:12:50.270+0000] {dag.py:3441} INFO - Setting next_dagrun for example_external_task_marker_parent to None, run_after=None
[2023-02-15T22:12:50.318+0000] {processor.py:175} INFO - Processing /home/airflow/.local/lib/python3.7/site-packages/airflow/example_dags/example_external_task_marker_dag.py took 0.258 seconds
[2023-02-15T22:13:21.135+0000] {processor.py:153} INFO - Started process (PID=360) to work on /home/airflow/.local/lib/python3.7/site-packages/airflow/example_dags/example_external_task_marker_dag.py
[2023-02-15T22:13:21.137+0000] {processor.py:743} INFO - Processing file /home/airflow/.local/lib/python3.7/site-packages/airflow/example_dags/example_external_task_marker_dag.py for tasks to queue
[2023-02-15T22:13:21.138+0000] {logging_mixin.py:137} INFO - [2023-02-15T22:13:21.138+0000] {dagbag.py:538} INFO - Filling up the DagBag from /home/airflow/.local/lib/python3.7/site-packages/airflow/example_dags/example_external_task_marker_dag.py
[2023-02-15T22:13:21.184+0000] {processor.py:753} INFO - DAG(s) dict_keys(['example_external_task_marker_child', 'example_external_task_marker_parent']) retrieved from /home/airflow/.local/lib/python3.7/site-packages/airflow/example_dags/example_external_task_marker_dag.py
[2023-02-15T22:13:21.279+0000] {logging_mixin.py:137} INFO - [2023-02-15T22:13:21.279+0000] {dag.py:2690} INFO - Sync 2 DAGs
[2023-02-15T22:13:21.376+0000] {logging_mixin.py:137} INFO - [2023-02-15T22:13:21.376+0000] {dag.py:3441} INFO - Setting next_dagrun for example_external_task_marker_child to None, run_after=None
[2023-02-15T22:13:21.392+0000] {logging_mixin.py:137} INFO - [2023-02-15T22:13:21.391+0000] {dag.py:3441} INFO - Setting next_dagrun for example_external_task_marker_parent to None, run_after=None
[2023-02-15T22:13:21.448+0000] {processor.py:175} INFO - Processing /home/airflow/.local/lib/python3.7/site-packages/airflow/example_dags/example_external_task_marker_dag.py took 0.329 seconds
[2023-02-15T22:13:51.914+0000] {processor.py:153} INFO - Started process (PID=423) to work on /home/airflow/.local/lib/python3.7/site-packages/airflow/example_dags/example_external_task_marker_dag.py
[2023-02-15T22:13:51.915+0000] {processor.py:743} INFO - Processing file /home/airflow/.local/lib/python3.7/site-packages/airflow/example_dags/example_external_task_marker_dag.py for tasks to queue
[2023-02-15T22:13:51.915+0000] {logging_mixin.py:137} INFO - [2023-02-15T22:13:51.915+0000] {dagbag.py:538} INFO - Filling up the DagBag from /home/airflow/.local/lib/python3.7/site-packages/airflow/example_dags/example_external_task_marker_dag.py
[2023-02-15T22:13:51.930+0000] {processor.py:753} INFO - DAG(s) dict_keys(['example_external_task_marker_child', 'example_external_task_marker_parent']) retrieved from /home/airflow/.local/lib/python3.7/site-packages/airflow/example_dags/example_external_task_marker_dag.py
[2023-02-15T22:13:51.961+0000] {logging_mixin.py:137} INFO - [2023-02-15T22:13:51.961+0000] {dag.py:2690} INFO - Sync 2 DAGs
[2023-02-15T22:13:51.992+0000] {logging_mixin.py:137} INFO - [2023-02-15T22:13:51.992+0000] {dag.py:3441} INFO - Setting next_dagrun for example_external_task_marker_child to None, run_after=None
[2023-02-15T22:13:51.997+0000] {logging_mixin.py:137} INFO - [2023-02-15T22:13:51.996+0000] {dag.py:3441} INFO - Setting next_dagrun for example_external_task_marker_parent to None, run_after=None
[2023-02-15T22:13:52.017+0000] {processor.py:175} INFO - Processing /home/airflow/.local/lib/python3.7/site-packages/airflow/example_dags/example_external_task_marker_dag.py took 0.106 seconds
[2023-02-15T22:14:22.075+0000] {processor.py:153} INFO - Started process (PID=486) to work on /home/airflow/.local/lib/python3.7/site-packages/airflow/example_dags/example_external_task_marker_dag.py
[2023-02-15T22:14:22.077+0000] {processor.py:743} INFO - Processing file /home/airflow/.local/lib/python3.7/site-packages/airflow/example_dags/example_external_task_marker_dag.py for tasks to queue
[2023-02-15T22:14:22.078+0000] {logging_mixin.py:137} INFO - [2023-02-15T22:14:22.077+0000] {dagbag.py:538} INFO - Filling up the DagBag from /home/airflow/.local/lib/python3.7/site-packages/airflow/example_dags/example_external_task_marker_dag.py
[2023-02-15T22:14:22.094+0000] {processor.py:753} INFO - DAG(s) dict_keys(['example_external_task_marker_child', 'example_external_task_marker_parent']) retrieved from /home/airflow/.local/lib/python3.7/site-packages/airflow/example_dags/example_external_task_marker_dag.py
[2023-02-15T22:14:22.125+0000] {logging_mixin.py:137} INFO - [2023-02-15T22:14:22.125+0000] {dag.py:2690} INFO - Sync 2 DAGs
[2023-02-15T22:14:22.155+0000] {logging_mixin.py:137} INFO - [2023-02-15T22:14:22.155+0000] {dag.py:3441} INFO - Setting next_dagrun for example_external_task_marker_child to None, run_after=None
[2023-02-15T22:14:22.158+0000] {logging_mixin.py:137} INFO - [2023-02-15T22:14:22.158+0000] {dag.py:3441} INFO - Setting next_dagrun for example_external_task_marker_parent to None, run_after=None
[2023-02-15T22:14:22.178+0000] {processor.py:175} INFO - Processing /home/airflow/.local/lib/python3.7/site-packages/airflow/example_dags/example_external_task_marker_dag.py took 0.107 seconds
[2023-02-15T22:14:52.212+0000] {processor.py:153} INFO - Started process (PID=550) to work on /home/airflow/.local/lib/python3.7/site-packages/airflow/example_dags/example_external_task_marker_dag.py
[2023-02-15T22:14:52.213+0000] {processor.py:743} INFO - Processing file /home/airflow/.local/lib/python3.7/site-packages/airflow/example_dags/example_external_task_marker_dag.py for tasks to queue
[2023-02-15T22:14:52.213+0000] {logging_mixin.py:137} INFO - [2023-02-15T22:14:52.213+0000] {dagbag.py:538} INFO - Filling up the DagBag from /home/airflow/.local/lib/python3.7/site-packages/airflow/example_dags/example_external_task_marker_dag.py
[2023-02-15T22:14:52.231+0000] {processor.py:753} INFO - DAG(s) dict_keys(['example_external_task_marker_child', 'example_external_task_marker_parent']) retrieved from /home/airflow/.local/lib/python3.7/site-packages/airflow/example_dags/example_external_task_marker_dag.py
[2023-02-15T22:14:52.266+0000] {logging_mixin.py:137} INFO - [2023-02-15T22:14:52.265+0000] {dag.py:2690} INFO - Sync 2 DAGs
[2023-02-15T22:14:52.297+0000] {logging_mixin.py:137} INFO - [2023-02-15T22:14:52.297+0000] {dag.py:3441} INFO - Setting next_dagrun for example_external_task_marker_child to None, run_after=None
[2023-02-15T22:14:52.302+0000] {logging_mixin.py:137} INFO - [2023-02-15T22:14:52.302+0000] {dag.py:3441} INFO - Setting next_dagrun for example_external_task_marker_parent to None, run_after=None
[2023-02-15T22:14:52.328+0000] {processor.py:175} INFO - Processing /home/airflow/.local/lib/python3.7/site-packages/airflow/example_dags/example_external_task_marker_dag.py took 0.119 seconds
[2023-02-15T22:15:22.839+0000] {processor.py:153} INFO - Started process (PID=627) to work on /home/airflow/.local/lib/python3.7/site-packages/airflow/example_dags/example_external_task_marker_dag.py
[2023-02-15T22:15:22.842+0000] {processor.py:743} INFO - Processing file /home/airflow/.local/lib/python3.7/site-packages/airflow/example_dags/example_external_task_marker_dag.py for tasks to queue
[2023-02-15T22:15:22.843+0000] {logging_mixin.py:137} INFO - [2023-02-15T22:15:22.842+0000] {dagbag.py:538} INFO - Filling up the DagBag from /home/airflow/.local/lib/python3.7/site-packages/airflow/example_dags/example_external_task_marker_dag.py
[2023-02-15T22:15:22.859+0000] {processor.py:753} INFO - DAG(s) dict_keys(['example_external_task_marker_parent', 'example_external_task_marker_child']) retrieved from /home/airflow/.local/lib/python3.7/site-packages/airflow/example_dags/example_external_task_marker_dag.py
[2023-02-15T22:15:22.893+0000] {logging_mixin.py:137} INFO - [2023-02-15T22:15:22.892+0000] {dag.py:2690} INFO - Sync 2 DAGs
[2023-02-15T22:15:22.923+0000] {logging_mixin.py:137} INFO - [2023-02-15T22:15:22.923+0000] {dag.py:3441} INFO - Setting next_dagrun for example_external_task_marker_child to None, run_after=None
[2023-02-15T22:15:22.928+0000] {logging_mixin.py:137} INFO - [2023-02-15T22:15:22.927+0000] {dag.py:3441} INFO - Setting next_dagrun for example_external_task_marker_parent to None, run_after=None
[2023-02-15T22:15:22.955+0000] {processor.py:175} INFO - Processing /home/airflow/.local/lib/python3.7/site-packages/airflow/example_dags/example_external_task_marker_dag.py took 0.121 seconds
[2023-02-15T22:15:53.878+0000] {processor.py:153} INFO - Started process (PID=691) to work on /home/airflow/.local/lib/python3.7/site-packages/airflow/example_dags/example_external_task_marker_dag.py
[2023-02-15T22:15:53.879+0000] {processor.py:743} INFO - Processing file /home/airflow/.local/lib/python3.7/site-packages/airflow/example_dags/example_external_task_marker_dag.py for tasks to queue
[2023-02-15T22:15:53.880+0000] {logging_mixin.py:137} INFO - [2023-02-15T22:15:53.879+0000] {dagbag.py:538} INFO - Filling up the DagBag from /home/airflow/.local/lib/python3.7/site-packages/airflow/example_dags/example_external_task_marker_dag.py
[2023-02-15T22:15:53.898+0000] {processor.py:753} INFO - DAG(s) dict_keys(['example_external_task_marker_child', 'example_external_task_marker_parent']) retrieved from /home/airflow/.local/lib/python3.7/site-packages/airflow/example_dags/example_external_task_marker_dag.py
[2023-02-15T22:15:53.938+0000] {logging_mixin.py:137} INFO - [2023-02-15T22:15:53.937+0000] {dag.py:2690} INFO - Sync 2 DAGs
[2023-02-15T22:15:53.969+0000] {logging_mixin.py:137} INFO - [2023-02-15T22:15:53.969+0000] {dag.py:3441} INFO - Setting next_dagrun for example_external_task_marker_child to None, run_after=None
[2023-02-15T22:15:53.974+0000] {logging_mixin.py:137} INFO - [2023-02-15T22:15:53.974+0000] {dag.py:3441} INFO - Setting next_dagrun for example_external_task_marker_parent to None, run_after=None
[2023-02-15T22:15:54.006+0000] {processor.py:175} INFO - Processing /home/airflow/.local/lib/python3.7/site-packages/airflow/example_dags/example_external_task_marker_dag.py took 0.131 seconds
[2023-02-15T22:16:24.239+0000] {processor.py:153} INFO - Started process (PID=762) to work on /home/airflow/.local/lib/python3.7/site-packages/airflow/example_dags/example_external_task_marker_dag.py
[2023-02-15T22:16:24.240+0000] {processor.py:743} INFO - Processing file /home/airflow/.local/lib/python3.7/site-packages/airflow/example_dags/example_external_task_marker_dag.py for tasks to queue
[2023-02-15T22:16:24.241+0000] {logging_mixin.py:137} INFO - [2023-02-15T22:16:24.240+0000] {dagbag.py:538} INFO - Filling up the DagBag from /home/airflow/.local/lib/python3.7/site-packages/airflow/example_dags/example_external_task_marker_dag.py
[2023-02-15T22:16:24.260+0000] {processor.py:753} INFO - DAG(s) dict_keys(['example_external_task_marker_parent', 'example_external_task_marker_child']) retrieved from /home/airflow/.local/lib/python3.7/site-packages/airflow/example_dags/example_external_task_marker_dag.py
[2023-02-15T22:16:24.294+0000] {logging_mixin.py:137} INFO - [2023-02-15T22:16:24.293+0000] {dag.py:2690} INFO - Sync 2 DAGs
[2023-02-15T22:16:24.336+0000] {logging_mixin.py:137} INFO - [2023-02-15T22:16:24.336+0000] {dag.py:3441} INFO - Setting next_dagrun for example_external_task_marker_child to None, run_after=None
[2023-02-15T22:16:24.340+0000] {logging_mixin.py:137} INFO - [2023-02-15T22:16:24.340+0000] {dag.py:3441} INFO - Setting next_dagrun for example_external_task_marker_parent to None, run_after=None
[2023-02-15T22:16:24.365+0000] {processor.py:175} INFO - Processing /home/airflow/.local/lib/python3.7/site-packages/airflow/example_dags/example_external_task_marker_dag.py took 0.131 seconds
[2023-02-15T22:16:54.711+0000] {processor.py:153} INFO - Started process (PID=831) to work on /home/airflow/.local/lib/python3.7/site-packages/airflow/example_dags/example_external_task_marker_dag.py
[2023-02-15T22:16:54.711+0000] {processor.py:743} INFO - Processing file /home/airflow/.local/lib/python3.7/site-packages/airflow/example_dags/example_external_task_marker_dag.py for tasks to queue
[2023-02-15T22:16:54.712+0000] {logging_mixin.py:137} INFO - [2023-02-15T22:16:54.712+0000] {dagbag.py:538} INFO - Filling up the DagBag from /home/airflow/.local/lib/python3.7/site-packages/airflow/example_dags/example_external_task_marker_dag.py
[2023-02-15T22:16:54.733+0000] {processor.py:753} INFO - DAG(s) dict_keys(['example_external_task_marker_parent', 'example_external_task_marker_child']) retrieved from /home/airflow/.local/lib/python3.7/site-packages/airflow/example_dags/example_external_task_marker_dag.py
[2023-02-15T22:16:54.801+0000] {logging_mixin.py:137} INFO - [2023-02-15T22:16:54.800+0000] {dag.py:2690} INFO - Sync 2 DAGs
[2023-02-15T22:16:54.839+0000] {logging_mixin.py:137} INFO - [2023-02-15T22:16:54.839+0000] {dag.py:3441} INFO - Setting next_dagrun for example_external_task_marker_child to None, run_after=None
[2023-02-15T22:16:54.846+0000] {logging_mixin.py:137} INFO - [2023-02-15T22:16:54.846+0000] {dag.py:3441} INFO - Setting next_dagrun for example_external_task_marker_parent to None, run_after=None
[2023-02-15T22:16:54.877+0000] {processor.py:175} INFO - Processing /home/airflow/.local/lib/python3.7/site-packages/airflow/example_dags/example_external_task_marker_dag.py took 0.170 seconds
[2023-02-15T22:17:25.374+0000] {processor.py:153} INFO - Started process (PID=894) to work on /home/airflow/.local/lib/python3.7/site-packages/airflow/example_dags/example_external_task_marker_dag.py
[2023-02-15T22:17:25.379+0000] {processor.py:743} INFO - Processing file /home/airflow/.local/lib/python3.7/site-packages/airflow/example_dags/example_external_task_marker_dag.py for tasks to queue
[2023-02-15T22:17:25.379+0000] {logging_mixin.py:137} INFO - [2023-02-15T22:17:25.379+0000] {dagbag.py:538} INFO - Filling up the DagBag from /home/airflow/.local/lib/python3.7/site-packages/airflow/example_dags/example_external_task_marker_dag.py
[2023-02-15T22:17:25.430+0000] {processor.py:753} INFO - DAG(s) dict_keys(['example_external_task_marker_child', 'example_external_task_marker_parent']) retrieved from /home/airflow/.local/lib/python3.7/site-packages/airflow/example_dags/example_external_task_marker_dag.py
[2023-02-15T22:17:25.498+0000] {logging_mixin.py:137} INFO - [2023-02-15T22:17:25.498+0000] {dag.py:2690} INFO - Sync 2 DAGs
[2023-02-15T22:17:25.550+0000] {logging_mixin.py:137} INFO - [2023-02-15T22:17:25.550+0000] {dag.py:3441} INFO - Setting next_dagrun for example_external_task_marker_child to None, run_after=None
[2023-02-15T22:17:25.559+0000] {logging_mixin.py:137} INFO - [2023-02-15T22:17:25.558+0000] {dag.py:3441} INFO - Setting next_dagrun for example_external_task_marker_parent to None, run_after=None
[2023-02-15T22:17:25.612+0000] {processor.py:175} INFO - Processing /home/airflow/.local/lib/python3.7/site-packages/airflow/example_dags/example_external_task_marker_dag.py took 0.244 seconds
[2023-02-15T22:17:55.912+0000] {processor.py:153} INFO - Started process (PID=957) to work on /home/airflow/.local/lib/python3.7/site-packages/airflow/example_dags/example_external_task_marker_dag.py
[2023-02-15T22:17:55.914+0000] {processor.py:743} INFO - Processing file /home/airflow/.local/lib/python3.7/site-packages/airflow/example_dags/example_external_task_marker_dag.py for tasks to queue
[2023-02-15T22:17:55.914+0000] {logging_mixin.py:137} INFO - [2023-02-15T22:17:55.914+0000] {dagbag.py:538} INFO - Filling up the DagBag from /home/airflow/.local/lib/python3.7/site-packages/airflow/example_dags/example_external_task_marker_dag.py
[2023-02-15T22:17:55.932+0000] {processor.py:753} INFO - DAG(s) dict_keys(['example_external_task_marker_child', 'example_external_task_marker_parent']) retrieved from /home/airflow/.local/lib/python3.7/site-packages/airflow/example_dags/example_external_task_marker_dag.py
[2023-02-15T22:17:55.967+0000] {logging_mixin.py:137} INFO - [2023-02-15T22:17:55.967+0000] {dag.py:2690} INFO - Sync 2 DAGs
[2023-02-15T22:17:55.998+0000] {logging_mixin.py:137} INFO - [2023-02-15T22:17:55.998+0000] {dag.py:3441} INFO - Setting next_dagrun for example_external_task_marker_child to None, run_after=None
[2023-02-15T22:17:56.002+0000] {logging_mixin.py:137} INFO - [2023-02-15T22:17:56.002+0000] {dag.py:3441} INFO - Setting next_dagrun for example_external_task_marker_parent to None, run_after=None
[2023-02-15T22:17:56.025+0000] {processor.py:175} INFO - Processing /home/airflow/.local/lib/python3.7/site-packages/airflow/example_dags/example_external_task_marker_dag.py took 0.118 seconds
[2023-02-15T22:18:26.601+0000] {processor.py:153} INFO - Started process (PID=1032) to work on /home/airflow/.local/lib/python3.7/site-packages/airflow/example_dags/example_external_task_marker_dag.py
[2023-02-15T22:18:26.603+0000] {processor.py:743} INFO - Processing file /home/airflow/.local/lib/python3.7/site-packages/airflow/example_dags/example_external_task_marker_dag.py for tasks to queue
[2023-02-15T22:18:26.603+0000] {logging_mixin.py:137} INFO - [2023-02-15T22:18:26.603+0000] {dagbag.py:538} INFO - Filling up the DagBag from /home/airflow/.local/lib/python3.7/site-packages/airflow/example_dags/example_external_task_marker_dag.py
[2023-02-15T22:18:26.637+0000] {processor.py:753} INFO - DAG(s) dict_keys(['example_external_task_marker_child', 'example_external_task_marker_parent']) retrieved from /home/airflow/.local/lib/python3.7/site-packages/airflow/example_dags/example_external_task_marker_dag.py
[2023-02-15T22:18:26.756+0000] {logging_mixin.py:137} INFO - [2023-02-15T22:18:26.756+0000] {dag.py:2690} INFO - Sync 2 DAGs
[2023-02-15T22:18:26.838+0000] {logging_mixin.py:137} INFO - [2023-02-15T22:18:26.838+0000] {dag.py:3441} INFO - Setting next_dagrun for example_external_task_marker_child to None, run_after=None
[2023-02-15T22:18:26.853+0000] {logging_mixin.py:137} INFO - [2023-02-15T22:18:26.853+0000] {dag.py:3441} INFO - Setting next_dagrun for example_external_task_marker_parent to None, run_after=None
[2023-02-15T22:18:26.997+0000] {processor.py:175} INFO - Processing /home/airflow/.local/lib/python3.7/site-packages/airflow/example_dags/example_external_task_marker_dag.py took 0.400 seconds
[2023-02-15T22:18:57.157+0000] {processor.py:153} INFO - Started process (PID=1096) to work on /home/airflow/.local/lib/python3.7/site-packages/airflow/example_dags/example_external_task_marker_dag.py
[2023-02-15T22:18:57.158+0000] {processor.py:743} INFO - Processing file /home/airflow/.local/lib/python3.7/site-packages/airflow/example_dags/example_external_task_marker_dag.py for tasks to queue
[2023-02-15T22:18:57.159+0000] {logging_mixin.py:137} INFO - [2023-02-15T22:18:57.158+0000] {dagbag.py:538} INFO - Filling up the DagBag from /home/airflow/.local/lib/python3.7/site-packages/airflow/example_dags/example_external_task_marker_dag.py
[2023-02-15T22:18:57.175+0000] {processor.py:753} INFO - DAG(s) dict_keys(['example_external_task_marker_parent', 'example_external_task_marker_child']) retrieved from /home/airflow/.local/lib/python3.7/site-packages/airflow/example_dags/example_external_task_marker_dag.py
[2023-02-15T22:18:57.208+0000] {logging_mixin.py:137} INFO - [2023-02-15T22:18:57.208+0000] {dag.py:2690} INFO - Sync 2 DAGs
[2023-02-15T22:18:57.238+0000] {logging_mixin.py:137} INFO - [2023-02-15T22:18:57.238+0000] {dag.py:3441} INFO - Setting next_dagrun for example_external_task_marker_child to None, run_after=None
[2023-02-15T22:18:57.243+0000] {logging_mixin.py:137} INFO - [2023-02-15T22:18:57.242+0000] {dag.py:3441} INFO - Setting next_dagrun for example_external_task_marker_parent to None, run_after=None
[2023-02-15T22:18:57.263+0000] {processor.py:175} INFO - Processing /home/airflow/.local/lib/python3.7/site-packages/airflow/example_dags/example_external_task_marker_dag.py took 0.111 seconds
[2023-02-15T22:19:27.431+0000] {processor.py:153} INFO - Started process (PID=1159) to work on /home/airflow/.local/lib/python3.7/site-packages/airflow/example_dags/example_external_task_marker_dag.py
[2023-02-15T22:19:27.432+0000] {processor.py:743} INFO - Processing file /home/airflow/.local/lib/python3.7/site-packages/airflow/example_dags/example_external_task_marker_dag.py for tasks to queue
[2023-02-15T22:19:27.432+0000] {logging_mixin.py:137} INFO - [2023-02-15T22:19:27.432+0000] {dagbag.py:538} INFO - Filling up the DagBag from /home/airflow/.local/lib/python3.7/site-packages/airflow/example_dags/example_external_task_marker_dag.py
[2023-02-15T22:19:27.446+0000] {processor.py:753} INFO - DAG(s) dict_keys(['example_external_task_marker_parent', 'example_external_task_marker_child']) retrieved from /home/airflow/.local/lib/python3.7/site-packages/airflow/example_dags/example_external_task_marker_dag.py
[2023-02-15T22:19:27.478+0000] {logging_mixin.py:137} INFO - [2023-02-15T22:19:27.478+0000] {dag.py:2690} INFO - Sync 2 DAGs
[2023-02-15T22:19:27.508+0000] {logging_mixin.py:137} INFO - [2023-02-15T22:19:27.508+0000] {dag.py:3441} INFO - Setting next_dagrun for example_external_task_marker_child to None, run_after=None
[2023-02-15T22:19:27.512+0000] {logging_mixin.py:137} INFO - [2023-02-15T22:19:27.512+0000] {dag.py:3441} INFO - Setting next_dagrun for example_external_task_marker_parent to None, run_after=None
[2023-02-15T22:19:27.533+0000] {processor.py:175} INFO - Processing /home/airflow/.local/lib/python3.7/site-packages/airflow/example_dags/example_external_task_marker_dag.py took 0.106 seconds
[2023-02-15T22:19:58.124+0000] {processor.py:153} INFO - Started process (PID=1230) to work on /home/airflow/.local/lib/python3.7/site-packages/airflow/example_dags/example_external_task_marker_dag.py
[2023-02-15T22:19:58.140+0000] {processor.py:743} INFO - Processing file /home/airflow/.local/lib/python3.7/site-packages/airflow/example_dags/example_external_task_marker_dag.py for tasks to queue
[2023-02-15T22:19:58.141+0000] {logging_mixin.py:137} INFO - [2023-02-15T22:19:58.141+0000] {dagbag.py:538} INFO - Filling up the DagBag from /home/airflow/.local/lib/python3.7/site-packages/airflow/example_dags/example_external_task_marker_dag.py
[2023-02-15T22:19:58.175+0000] {processor.py:753} INFO - DAG(s) dict_keys(['example_external_task_marker_child', 'example_external_task_marker_parent']) retrieved from /home/airflow/.local/lib/python3.7/site-packages/airflow/example_dags/example_external_task_marker_dag.py
[2023-02-15T22:19:58.261+0000] {logging_mixin.py:137} INFO - [2023-02-15T22:19:58.261+0000] {dag.py:2690} INFO - Sync 2 DAGs
[2023-02-15T22:19:58.322+0000] {logging_mixin.py:137} INFO - [2023-02-15T22:19:58.321+0000] {dag.py:3441} INFO - Setting next_dagrun for example_external_task_marker_child to None, run_after=None
[2023-02-15T22:19:58.331+0000] {logging_mixin.py:137} INFO - [2023-02-15T22:19:58.331+0000] {dag.py:3441} INFO - Setting next_dagrun for example_external_task_marker_parent to None, run_after=None
[2023-02-15T22:19:58.379+0000] {processor.py:175} INFO - Processing /home/airflow/.local/lib/python3.7/site-packages/airflow/example_dags/example_external_task_marker_dag.py took 0.259 seconds
[2023-02-15T22:20:29.276+0000] {processor.py:153} INFO - Started process (PID=1296) to work on /home/airflow/.local/lib/python3.7/site-packages/airflow/example_dags/example_external_task_marker_dag.py
[2023-02-15T22:20:29.277+0000] {processor.py:743} INFO - Processing file /home/airflow/.local/lib/python3.7/site-packages/airflow/example_dags/example_external_task_marker_dag.py for tasks to queue
[2023-02-15T22:20:29.278+0000] {logging_mixin.py:137} INFO - [2023-02-15T22:20:29.277+0000] {dagbag.py:538} INFO - Filling up the DagBag from /home/airflow/.local/lib/python3.7/site-packages/airflow/example_dags/example_external_task_marker_dag.py
[2023-02-15T22:20:29.295+0000] {processor.py:753} INFO - DAG(s) dict_keys(['example_external_task_marker_child', 'example_external_task_marker_parent']) retrieved from /home/airflow/.local/lib/python3.7/site-packages/airflow/example_dags/example_external_task_marker_dag.py
[2023-02-15T22:20:29.338+0000] {logging_mixin.py:137} INFO - [2023-02-15T22:20:29.338+0000] {dag.py:2690} INFO - Sync 2 DAGs
[2023-02-15T22:20:29.377+0000] {logging_mixin.py:137} INFO - [2023-02-15T22:20:29.377+0000] {dag.py:3441} INFO - Setting next_dagrun for example_external_task_marker_child to None, run_after=None
[2023-02-15T22:20:29.382+0000] {logging_mixin.py:137} INFO - [2023-02-15T22:20:29.382+0000] {dag.py:3441} INFO - Setting next_dagrun for example_external_task_marker_parent to None, run_after=None
[2023-02-15T22:20:29.419+0000] {processor.py:175} INFO - Processing /home/airflow/.local/lib/python3.7/site-packages/airflow/example_dags/example_external_task_marker_dag.py took 0.148 seconds
[2023-02-15T22:20:59.860+0000] {processor.py:153} INFO - Started process (PID=1359) to work on /home/airflow/.local/lib/python3.7/site-packages/airflow/example_dags/example_external_task_marker_dag.py
[2023-02-15T22:20:59.863+0000] {processor.py:743} INFO - Processing file /home/airflow/.local/lib/python3.7/site-packages/airflow/example_dags/example_external_task_marker_dag.py for tasks to queue
[2023-02-15T22:20:59.864+0000] {logging_mixin.py:137} INFO - [2023-02-15T22:20:59.863+0000] {dagbag.py:538} INFO - Filling up the DagBag from /home/airflow/.local/lib/python3.7/site-packages/airflow/example_dags/example_external_task_marker_dag.py
[2023-02-15T22:20:59.879+0000] {processor.py:753} INFO - DAG(s) dict_keys(['example_external_task_marker_child', 'example_external_task_marker_parent']) retrieved from /home/airflow/.local/lib/python3.7/site-packages/airflow/example_dags/example_external_task_marker_dag.py
[2023-02-15T22:20:59.911+0000] {logging_mixin.py:137} INFO - [2023-02-15T22:20:59.911+0000] {dag.py:2690} INFO - Sync 2 DAGs
[2023-02-15T22:20:59.943+0000] {logging_mixin.py:137} INFO - [2023-02-15T22:20:59.943+0000] {dag.py:3441} INFO - Setting next_dagrun for example_external_task_marker_child to None, run_after=None
[2023-02-15T22:20:59.947+0000] {logging_mixin.py:137} INFO - [2023-02-15T22:20:59.947+0000] {dag.py:3441} INFO - Setting next_dagrun for example_external_task_marker_parent to None, run_after=None
[2023-02-15T22:20:59.967+0000] {processor.py:175} INFO - Processing /home/airflow/.local/lib/python3.7/site-packages/airflow/example_dags/example_external_task_marker_dag.py took 0.111 seconds
[2023-02-15T22:21:30.567+0000] {processor.py:153} INFO - Started process (PID=1435) to work on /home/airflow/.local/lib/python3.7/site-packages/airflow/example_dags/example_external_task_marker_dag.py
[2023-02-15T22:21:30.568+0000] {processor.py:743} INFO - Processing file /home/airflow/.local/lib/python3.7/site-packages/airflow/example_dags/example_external_task_marker_dag.py for tasks to queue
[2023-02-15T22:21:30.568+0000] {logging_mixin.py:137} INFO - [2023-02-15T22:21:30.568+0000] {dagbag.py:538} INFO - Filling up the DagBag from /home/airflow/.local/lib/python3.7/site-packages/airflow/example_dags/example_external_task_marker_dag.py
[2023-02-15T22:21:30.586+0000] {processor.py:753} INFO - DAG(s) dict_keys(['example_external_task_marker_parent', 'example_external_task_marker_child']) retrieved from /home/airflow/.local/lib/python3.7/site-packages/airflow/example_dags/example_external_task_marker_dag.py
[2023-02-15T22:21:30.626+0000] {logging_mixin.py:137} INFO - [2023-02-15T22:21:30.626+0000] {dag.py:2690} INFO - Sync 2 DAGs
[2023-02-15T22:21:30.662+0000] {logging_mixin.py:137} INFO - [2023-02-15T22:21:30.662+0000] {dag.py:3441} INFO - Setting next_dagrun for example_external_task_marker_child to None, run_after=None
[2023-02-15T22:21:30.667+0000] {logging_mixin.py:137} INFO - [2023-02-15T22:21:30.666+0000] {dag.py:3441} INFO - Setting next_dagrun for example_external_task_marker_parent to None, run_after=None
[2023-02-15T22:21:30.702+0000] {processor.py:175} INFO - Processing /home/airflow/.local/lib/python3.7/site-packages/airflow/example_dags/example_external_task_marker_dag.py took 0.139 seconds
[2023-02-15T22:22:01.218+0000] {processor.py:153} INFO - Started process (PID=1500) to work on /home/airflow/.local/lib/python3.7/site-packages/airflow/example_dags/example_external_task_marker_dag.py
[2023-02-15T22:22:01.222+0000] {processor.py:743} INFO - Processing file /home/airflow/.local/lib/python3.7/site-packages/airflow/example_dags/example_external_task_marker_dag.py for tasks to queue
[2023-02-15T22:22:01.223+0000] {logging_mixin.py:137} INFO - [2023-02-15T22:22:01.223+0000] {dagbag.py:538} INFO - Filling up the DagBag from /home/airflow/.local/lib/python3.7/site-packages/airflow/example_dags/example_external_task_marker_dag.py
[2023-02-15T22:22:01.244+0000] {processor.py:753} INFO - DAG(s) dict_keys(['example_external_task_marker_child', 'example_external_task_marker_parent']) retrieved from /home/airflow/.local/lib/python3.7/site-packages/airflow/example_dags/example_external_task_marker_dag.py
[2023-02-15T22:22:01.310+0000] {logging_mixin.py:137} INFO - [2023-02-15T22:22:01.309+0000] {dag.py:2690} INFO - Sync 2 DAGs
[2023-02-15T22:22:01.356+0000] {logging_mixin.py:137} INFO - [2023-02-15T22:22:01.355+0000] {dag.py:3441} INFO - Setting next_dagrun for example_external_task_marker_child to None, run_after=None
[2023-02-15T22:22:01.363+0000] {logging_mixin.py:137} INFO - [2023-02-15T22:22:01.363+0000] {dag.py:3441} INFO - Setting next_dagrun for example_external_task_marker_parent to None, run_after=None
[2023-02-15T22:22:01.398+0000] {processor.py:175} INFO - Processing /home/airflow/.local/lib/python3.7/site-packages/airflow/example_dags/example_external_task_marker_dag.py took 0.186 seconds
[2023-02-15T22:22:31.955+0000] {processor.py:153} INFO - Started process (PID=1563) to work on /home/airflow/.local/lib/python3.7/site-packages/airflow/example_dags/example_external_task_marker_dag.py
[2023-02-15T22:22:31.956+0000] {processor.py:743} INFO - Processing file /home/airflow/.local/lib/python3.7/site-packages/airflow/example_dags/example_external_task_marker_dag.py for tasks to queue
[2023-02-15T22:22:31.956+0000] {logging_mixin.py:137} INFO - [2023-02-15T22:22:31.956+0000] {dagbag.py:538} INFO - Filling up the DagBag from /home/airflow/.local/lib/python3.7/site-packages/airflow/example_dags/example_external_task_marker_dag.py
[2023-02-15T22:22:31.972+0000] {processor.py:753} INFO - DAG(s) dict_keys(['example_external_task_marker_parent', 'example_external_task_marker_child']) retrieved from /home/airflow/.local/lib/python3.7/site-packages/airflow/example_dags/example_external_task_marker_dag.py
[2023-02-15T22:22:32.005+0000] {logging_mixin.py:137} INFO - [2023-02-15T22:22:32.005+0000] {dag.py:2690} INFO - Sync 2 DAGs
[2023-02-15T22:22:32.043+0000] {logging_mixin.py:137} INFO - [2023-02-15T22:22:32.043+0000] {dag.py:3441} INFO - Setting next_dagrun for example_external_task_marker_child to None, run_after=None
[2023-02-15T22:22:32.047+0000] {logging_mixin.py:137} INFO - [2023-02-15T22:22:32.047+0000] {dag.py:3441} INFO - Setting next_dagrun for example_external_task_marker_parent to None, run_after=None
[2023-02-15T22:22:32.071+0000] {processor.py:175} INFO - Processing /home/airflow/.local/lib/python3.7/site-packages/airflow/example_dags/example_external_task_marker_dag.py took 0.119 seconds
[2023-02-15T22:23:02.179+0000] {processor.py:153} INFO - Started process (PID=1638) to work on /home/airflow/.local/lib/python3.7/site-packages/airflow/example_dags/example_external_task_marker_dag.py
[2023-02-15T22:23:02.180+0000] {processor.py:743} INFO - Processing file /home/airflow/.local/lib/python3.7/site-packages/airflow/example_dags/example_external_task_marker_dag.py for tasks to queue
[2023-02-15T22:23:02.181+0000] {logging_mixin.py:137} INFO - [2023-02-15T22:23:02.181+0000] {dagbag.py:538} INFO - Filling up the DagBag from /home/airflow/.local/lib/python3.7/site-packages/airflow/example_dags/example_external_task_marker_dag.py
[2023-02-15T22:23:02.195+0000] {processor.py:753} INFO - DAG(s) dict_keys(['example_external_task_marker_parent', 'example_external_task_marker_child']) retrieved from /home/airflow/.local/lib/python3.7/site-packages/airflow/example_dags/example_external_task_marker_dag.py
[2023-02-15T22:23:02.227+0000] {logging_mixin.py:137} INFO - [2023-02-15T22:23:02.227+0000] {dag.py:2690} INFO - Sync 2 DAGs
[2023-02-15T22:23:02.257+0000] {logging_mixin.py:137} INFO - [2023-02-15T22:23:02.257+0000] {dag.py:3441} INFO - Setting next_dagrun for example_external_task_marker_child to None, run_after=None
[2023-02-15T22:23:02.262+0000] {logging_mixin.py:137} INFO - [2023-02-15T22:23:02.261+0000] {dag.py:3441} INFO - Setting next_dagrun for example_external_task_marker_parent to None, run_after=None
[2023-02-15T22:23:02.283+0000] {processor.py:175} INFO - Processing /home/airflow/.local/lib/python3.7/site-packages/airflow/example_dags/example_external_task_marker_dag.py took 0.108 seconds
[2023-02-15T22:23:32.800+0000] {processor.py:153} INFO - Started process (PID=1703) to work on /home/airflow/.local/lib/python3.7/site-packages/airflow/example_dags/example_external_task_marker_dag.py
[2023-02-15T22:23:32.807+0000] {processor.py:743} INFO - Processing file /home/airflow/.local/lib/python3.7/site-packages/airflow/example_dags/example_external_task_marker_dag.py for tasks to queue
[2023-02-15T22:23:32.812+0000] {logging_mixin.py:137} INFO - [2023-02-15T22:23:32.812+0000] {dagbag.py:538} INFO - Filling up the DagBag from /home/airflow/.local/lib/python3.7/site-packages/airflow/example_dags/example_external_task_marker_dag.py
[2023-02-15T22:23:32.840+0000] {processor.py:753} INFO - DAG(s) dict_keys(['example_external_task_marker_parent', 'example_external_task_marker_child']) retrieved from /home/airflow/.local/lib/python3.7/site-packages/airflow/example_dags/example_external_task_marker_dag.py
[2023-02-15T22:23:32.885+0000] {logging_mixin.py:137} INFO - [2023-02-15T22:23:32.885+0000] {dag.py:2690} INFO - Sync 2 DAGs
[2023-02-15T22:23:32.922+0000] {logging_mixin.py:137} INFO - [2023-02-15T22:23:32.922+0000] {dag.py:3441} INFO - Setting next_dagrun for example_external_task_marker_child to None, run_after=None
[2023-02-15T22:23:32.932+0000] {logging_mixin.py:137} INFO - [2023-02-15T22:23:32.932+0000] {dag.py:3441} INFO - Setting next_dagrun for example_external_task_marker_parent to None, run_after=None
[2023-02-15T22:23:32.963+0000] {processor.py:175} INFO - Processing /home/airflow/.local/lib/python3.7/site-packages/airflow/example_dags/example_external_task_marker_dag.py took 0.179 seconds
