[2023-02-15T22:10:48.684+0000] {processor.py:153} INFO - Started process (PID=73) to work on /home/airflow/.local/lib/python3.7/site-packages/airflow/example_dags/example_branch_python_dop_operator_3.py
[2023-02-15T22:10:48.685+0000] {processor.py:743} INFO - Processing file /home/airflow/.local/lib/python3.7/site-packages/airflow/example_dags/example_branch_python_dop_operator_3.py for tasks to queue
[2023-02-15T22:10:48.705+0000] {logging_mixin.py:137} INFO - [2023-02-15T22:10:48.705+0000] {dagbag.py:538} INFO - Filling up the DagBag from /home/airflow/.local/lib/python3.7/site-packages/airflow/example_dags/example_branch_python_dop_operator_3.py
[2023-02-15T22:10:49.687+0000] {processor.py:753} INFO - DAG(s) dict_keys(['example_branch_dop_operator_v3']) retrieved from /home/airflow/.local/lib/python3.7/site-packages/airflow/example_dags/example_branch_python_dop_operator_3.py
[2023-02-15T22:10:50.752+0000] {logging_mixin.py:137} INFO - [2023-02-15T22:10:50.752+0000] {dag.py:2690} INFO - Sync 1 DAGs
[2023-02-15T22:10:51.288+0000] {logging_mixin.py:137} INFO - [2023-02-15T22:10:51.287+0000] {dag.py:3441} INFO - Setting next_dagrun for example_branch_dop_operator_v3 to 2023-02-15T22:09:00+00:00, run_after=2023-02-15T22:10:00+00:00
[2023-02-15T22:10:51.538+0000] {processor.py:175} INFO - Processing /home/airflow/.local/lib/python3.7/site-packages/airflow/example_dags/example_branch_python_dop_operator_3.py took 2.922 seconds
[2023-02-15T22:11:21.832+0000] {processor.py:153} INFO - Started process (PID=126) to work on /home/airflow/.local/lib/python3.7/site-packages/airflow/example_dags/example_branch_python_dop_operator_3.py
[2023-02-15T22:11:21.848+0000] {processor.py:743} INFO - Processing file /home/airflow/.local/lib/python3.7/site-packages/airflow/example_dags/example_branch_python_dop_operator_3.py for tasks to queue
[2023-02-15T22:11:21.849+0000] {logging_mixin.py:137} INFO - [2023-02-15T22:11:21.849+0000] {dagbag.py:538} INFO - Filling up the DagBag from /home/airflow/.local/lib/python3.7/site-packages/airflow/example_dags/example_branch_python_dop_operator_3.py
[2023-02-15T22:11:21.919+0000] {processor.py:753} INFO - DAG(s) dict_keys(['example_branch_dop_operator_v3']) retrieved from /home/airflow/.local/lib/python3.7/site-packages/airflow/example_dags/example_branch_python_dop_operator_3.py
[2023-02-15T22:11:21.999+0000] {logging_mixin.py:137} INFO - [2023-02-15T22:11:21.999+0000] {dag.py:2690} INFO - Sync 1 DAGs
[2023-02-15T22:11:22.094+0000] {logging_mixin.py:137} INFO - [2023-02-15T22:11:22.094+0000] {dag.py:3441} INFO - Setting next_dagrun for example_branch_dop_operator_v3 to 2023-02-15T22:10:00+00:00, run_after=2023-02-15T22:11:00+00:00
[2023-02-15T22:11:22.164+0000] {processor.py:175} INFO - Processing /home/airflow/.local/lib/python3.7/site-packages/airflow/example_dags/example_branch_python_dop_operator_3.py took 0.336 seconds
[2023-02-15T22:11:52.332+0000] {processor.py:153} INFO - Started process (PID=189) to work on /home/airflow/.local/lib/python3.7/site-packages/airflow/example_dags/example_branch_python_dop_operator_3.py
[2023-02-15T22:11:52.341+0000] {processor.py:743} INFO - Processing file /home/airflow/.local/lib/python3.7/site-packages/airflow/example_dags/example_branch_python_dop_operator_3.py for tasks to queue
[2023-02-15T22:11:52.342+0000] {logging_mixin.py:137} INFO - [2023-02-15T22:11:52.341+0000] {dagbag.py:538} INFO - Filling up the DagBag from /home/airflow/.local/lib/python3.7/site-packages/airflow/example_dags/example_branch_python_dop_operator_3.py
[2023-02-15T22:11:52.423+0000] {processor.py:753} INFO - DAG(s) dict_keys(['example_branch_dop_operator_v3']) retrieved from /home/airflow/.local/lib/python3.7/site-packages/airflow/example_dags/example_branch_python_dop_operator_3.py
[2023-02-15T22:11:52.495+0000] {logging_mixin.py:137} INFO - [2023-02-15T22:11:52.495+0000] {dag.py:2690} INFO - Sync 1 DAGs
[2023-02-15T22:11:52.583+0000] {logging_mixin.py:137} INFO - [2023-02-15T22:11:52.582+0000] {dag.py:3441} INFO - Setting next_dagrun for example_branch_dop_operator_v3 to 2023-02-15T22:10:00+00:00, run_after=2023-02-15T22:11:00+00:00
[2023-02-15T22:11:52.694+0000] {processor.py:175} INFO - Processing /home/airflow/.local/lib/python3.7/site-packages/airflow/example_dags/example_branch_python_dop_operator_3.py took 0.366 seconds
[2023-02-15T22:12:22.975+0000] {processor.py:153} INFO - Started process (PID=248) to work on /home/airflow/.local/lib/python3.7/site-packages/airflow/example_dags/example_branch_python_dop_operator_3.py
[2023-02-15T22:12:22.989+0000] {processor.py:743} INFO - Processing file /home/airflow/.local/lib/python3.7/site-packages/airflow/example_dags/example_branch_python_dop_operator_3.py for tasks to queue
[2023-02-15T22:12:22.990+0000] {logging_mixin.py:137} INFO - [2023-02-15T22:12:22.990+0000] {dagbag.py:538} INFO - Filling up the DagBag from /home/airflow/.local/lib/python3.7/site-packages/airflow/example_dags/example_branch_python_dop_operator_3.py
[2023-02-15T22:12:23.170+0000] {processor.py:753} INFO - DAG(s) dict_keys(['example_branch_dop_operator_v3']) retrieved from /home/airflow/.local/lib/python3.7/site-packages/airflow/example_dags/example_branch_python_dop_operator_3.py
[2023-02-15T22:12:23.279+0000] {logging_mixin.py:137} INFO - [2023-02-15T22:12:23.279+0000] {dag.py:2690} INFO - Sync 1 DAGs
[2023-02-15T22:12:23.615+0000] {logging_mixin.py:137} INFO - [2023-02-15T22:12:23.615+0000] {dag.py:3441} INFO - Setting next_dagrun for example_branch_dop_operator_v3 to 2023-02-15T22:11:00+00:00, run_after=2023-02-15T22:12:00+00:00
[2023-02-15T22:12:23.798+0000] {processor.py:175} INFO - Processing /home/airflow/.local/lib/python3.7/site-packages/airflow/example_dags/example_branch_python_dop_operator_3.py took 0.855 seconds
[2023-02-15T22:12:54.053+0000] {processor.py:153} INFO - Started process (PID=302) to work on /home/airflow/.local/lib/python3.7/site-packages/airflow/example_dags/example_branch_python_dop_operator_3.py
[2023-02-15T22:12:54.061+0000] {processor.py:743} INFO - Processing file /home/airflow/.local/lib/python3.7/site-packages/airflow/example_dags/example_branch_python_dop_operator_3.py for tasks to queue
[2023-02-15T22:12:54.067+0000] {logging_mixin.py:137} INFO - [2023-02-15T22:12:54.067+0000] {dagbag.py:538} INFO - Filling up the DagBag from /home/airflow/.local/lib/python3.7/site-packages/airflow/example_dags/example_branch_python_dop_operator_3.py
[2023-02-15T22:12:54.168+0000] {processor.py:753} INFO - DAG(s) dict_keys(['example_branch_dop_operator_v3']) retrieved from /home/airflow/.local/lib/python3.7/site-packages/airflow/example_dags/example_branch_python_dop_operator_3.py
[2023-02-15T22:12:54.264+0000] {logging_mixin.py:137} INFO - [2023-02-15T22:12:54.264+0000] {dag.py:2690} INFO - Sync 1 DAGs
[2023-02-15T22:12:54.406+0000] {logging_mixin.py:137} INFO - [2023-02-15T22:12:54.406+0000] {dag.py:3441} INFO - Setting next_dagrun for example_branch_dop_operator_v3 to 2023-02-15T22:11:00+00:00, run_after=2023-02-15T22:12:00+00:00
[2023-02-15T22:12:54.480+0000] {processor.py:175} INFO - Processing /home/airflow/.local/lib/python3.7/site-packages/airflow/example_dags/example_branch_python_dop_operator_3.py took 0.443 seconds
[2023-02-15T22:13:25.672+0000] {processor.py:153} INFO - Started process (PID=367) to work on /home/airflow/.local/lib/python3.7/site-packages/airflow/example_dags/example_branch_python_dop_operator_3.py
[2023-02-15T22:13:25.679+0000] {processor.py:743} INFO - Processing file /home/airflow/.local/lib/python3.7/site-packages/airflow/example_dags/example_branch_python_dop_operator_3.py for tasks to queue
[2023-02-15T22:13:25.680+0000] {logging_mixin.py:137} INFO - [2023-02-15T22:13:25.679+0000] {dagbag.py:538} INFO - Filling up the DagBag from /home/airflow/.local/lib/python3.7/site-packages/airflow/example_dags/example_branch_python_dop_operator_3.py
[2023-02-15T22:13:25.752+0000] {processor.py:753} INFO - DAG(s) dict_keys(['example_branch_dop_operator_v3']) retrieved from /home/airflow/.local/lib/python3.7/site-packages/airflow/example_dags/example_branch_python_dop_operator_3.py
[2023-02-15T22:13:25.846+0000] {logging_mixin.py:137} INFO - [2023-02-15T22:13:25.846+0000] {dag.py:2690} INFO - Sync 1 DAGs
[2023-02-15T22:13:25.960+0000] {logging_mixin.py:137} INFO - [2023-02-15T22:13:25.960+0000] {dag.py:3441} INFO - Setting next_dagrun for example_branch_dop_operator_v3 to 2023-02-15T22:12:00+00:00, run_after=2023-02-15T22:13:00+00:00
[2023-02-15T22:13:26.062+0000] {processor.py:175} INFO - Processing /home/airflow/.local/lib/python3.7/site-packages/airflow/example_dags/example_branch_python_dop_operator_3.py took 0.394 seconds
[2023-02-15T22:13:56.361+0000] {processor.py:153} INFO - Started process (PID=430) to work on /home/airflow/.local/lib/python3.7/site-packages/airflow/example_dags/example_branch_python_dop_operator_3.py
[2023-02-15T22:13:56.362+0000] {processor.py:743} INFO - Processing file /home/airflow/.local/lib/python3.7/site-packages/airflow/example_dags/example_branch_python_dop_operator_3.py for tasks to queue
[2023-02-15T22:13:56.363+0000] {logging_mixin.py:137} INFO - [2023-02-15T22:13:56.363+0000] {dagbag.py:538} INFO - Filling up the DagBag from /home/airflow/.local/lib/python3.7/site-packages/airflow/example_dags/example_branch_python_dop_operator_3.py
[2023-02-15T22:13:56.395+0000] {processor.py:753} INFO - DAG(s) dict_keys(['example_branch_dop_operator_v3']) retrieved from /home/airflow/.local/lib/python3.7/site-packages/airflow/example_dags/example_branch_python_dop_operator_3.py
[2023-02-15T22:13:56.434+0000] {logging_mixin.py:137} INFO - [2023-02-15T22:13:56.434+0000] {dag.py:2690} INFO - Sync 1 DAGs
[2023-02-15T22:13:56.476+0000] {logging_mixin.py:137} INFO - [2023-02-15T22:13:56.475+0000] {dag.py:3441} INFO - Setting next_dagrun for example_branch_dop_operator_v3 to 2023-02-15T22:12:00+00:00, run_after=2023-02-15T22:13:00+00:00
[2023-02-15T22:13:56.500+0000] {processor.py:175} INFO - Processing /home/airflow/.local/lib/python3.7/site-packages/airflow/example_dags/example_branch_python_dop_operator_3.py took 0.142 seconds
[2023-02-15T22:14:26.524+0000] {processor.py:153} INFO - Started process (PID=493) to work on /home/airflow/.local/lib/python3.7/site-packages/airflow/example_dags/example_branch_python_dop_operator_3.py
[2023-02-15T22:14:26.526+0000] {processor.py:743} INFO - Processing file /home/airflow/.local/lib/python3.7/site-packages/airflow/example_dags/example_branch_python_dop_operator_3.py for tasks to queue
[2023-02-15T22:14:26.526+0000] {logging_mixin.py:137} INFO - [2023-02-15T22:14:26.526+0000] {dagbag.py:538} INFO - Filling up the DagBag from /home/airflow/.local/lib/python3.7/site-packages/airflow/example_dags/example_branch_python_dop_operator_3.py
[2023-02-15T22:14:26.562+0000] {processor.py:753} INFO - DAG(s) dict_keys(['example_branch_dop_operator_v3']) retrieved from /home/airflow/.local/lib/python3.7/site-packages/airflow/example_dags/example_branch_python_dop_operator_3.py
[2023-02-15T22:14:26.595+0000] {logging_mixin.py:137} INFO - [2023-02-15T22:14:26.595+0000] {dag.py:2690} INFO - Sync 1 DAGs
[2023-02-15T22:14:26.655+0000] {logging_mixin.py:137} INFO - [2023-02-15T22:14:26.655+0000] {dag.py:3441} INFO - Setting next_dagrun for example_branch_dop_operator_v3 to 2023-02-15T22:13:00+00:00, run_after=2023-02-15T22:14:00+00:00
[2023-02-15T22:14:26.686+0000] {processor.py:175} INFO - Processing /home/airflow/.local/lib/python3.7/site-packages/airflow/example_dags/example_branch_python_dop_operator_3.py took 0.166 seconds
[2023-02-15T22:14:56.875+0000] {processor.py:153} INFO - Started process (PID=570) to work on /home/airflow/.local/lib/python3.7/site-packages/airflow/example_dags/example_branch_python_dop_operator_3.py
[2023-02-15T22:14:56.876+0000] {processor.py:743} INFO - Processing file /home/airflow/.local/lib/python3.7/site-packages/airflow/example_dags/example_branch_python_dop_operator_3.py for tasks to queue
[2023-02-15T22:14:56.877+0000] {logging_mixin.py:137} INFO - [2023-02-15T22:14:56.876+0000] {dagbag.py:538} INFO - Filling up the DagBag from /home/airflow/.local/lib/python3.7/site-packages/airflow/example_dags/example_branch_python_dop_operator_3.py
[2023-02-15T22:14:56.905+0000] {processor.py:753} INFO - DAG(s) dict_keys(['example_branch_dop_operator_v3']) retrieved from /home/airflow/.local/lib/python3.7/site-packages/airflow/example_dags/example_branch_python_dop_operator_3.py
[2023-02-15T22:14:56.934+0000] {logging_mixin.py:137} INFO - [2023-02-15T22:14:56.934+0000] {dag.py:2690} INFO - Sync 1 DAGs
[2023-02-15T22:14:56.972+0000] {logging_mixin.py:137} INFO - [2023-02-15T22:14:56.972+0000] {dag.py:3441} INFO - Setting next_dagrun for example_branch_dop_operator_v3 to 2023-02-15T22:13:00+00:00, run_after=2023-02-15T22:14:00+00:00
[2023-02-15T22:14:56.995+0000] {processor.py:175} INFO - Processing /home/airflow/.local/lib/python3.7/site-packages/airflow/example_dags/example_branch_python_dop_operator_3.py took 0.124 seconds
[2023-02-15T22:15:27.365+0000] {processor.py:153} INFO - Started process (PID=634) to work on /home/airflow/.local/lib/python3.7/site-packages/airflow/example_dags/example_branch_python_dop_operator_3.py
[2023-02-15T22:15:27.370+0000] {processor.py:743} INFO - Processing file /home/airflow/.local/lib/python3.7/site-packages/airflow/example_dags/example_branch_python_dop_operator_3.py for tasks to queue
[2023-02-15T22:15:27.373+0000] {logging_mixin.py:137} INFO - [2023-02-15T22:15:27.373+0000] {dagbag.py:538} INFO - Filling up the DagBag from /home/airflow/.local/lib/python3.7/site-packages/airflow/example_dags/example_branch_python_dop_operator_3.py
[2023-02-15T22:15:27.416+0000] {processor.py:753} INFO - DAG(s) dict_keys(['example_branch_dop_operator_v3']) retrieved from /home/airflow/.local/lib/python3.7/site-packages/airflow/example_dags/example_branch_python_dop_operator_3.py
[2023-02-15T22:15:27.453+0000] {logging_mixin.py:137} INFO - [2023-02-15T22:15:27.449+0000] {dag.py:2690} INFO - Sync 1 DAGs
[2023-02-15T22:15:27.497+0000] {logging_mixin.py:137} INFO - [2023-02-15T22:15:27.497+0000] {dag.py:3441} INFO - Setting next_dagrun for example_branch_dop_operator_v3 to 2023-02-15T22:14:00+00:00, run_after=2023-02-15T22:15:00+00:00
[2023-02-15T22:15:27.530+0000] {processor.py:175} INFO - Processing /home/airflow/.local/lib/python3.7/site-packages/airflow/example_dags/example_branch_python_dop_operator_3.py took 0.170 seconds
[2023-02-15T22:15:57.593+0000] {processor.py:153} INFO - Started process (PID=698) to work on /home/airflow/.local/lib/python3.7/site-packages/airflow/example_dags/example_branch_python_dop_operator_3.py
[2023-02-15T22:15:57.593+0000] {processor.py:743} INFO - Processing file /home/airflow/.local/lib/python3.7/site-packages/airflow/example_dags/example_branch_python_dop_operator_3.py for tasks to queue
[2023-02-15T22:15:57.595+0000] {logging_mixin.py:137} INFO - [2023-02-15T22:15:57.595+0000] {dagbag.py:538} INFO - Filling up the DagBag from /home/airflow/.local/lib/python3.7/site-packages/airflow/example_dags/example_branch_python_dop_operator_3.py
[2023-02-15T22:15:57.627+0000] {processor.py:753} INFO - DAG(s) dict_keys(['example_branch_dop_operator_v3']) retrieved from /home/airflow/.local/lib/python3.7/site-packages/airflow/example_dags/example_branch_python_dop_operator_3.py
[2023-02-15T22:15:57.680+0000] {logging_mixin.py:137} INFO - [2023-02-15T22:15:57.680+0000] {dag.py:2690} INFO - Sync 1 DAGs
[2023-02-15T22:15:57.722+0000] {logging_mixin.py:137} INFO - [2023-02-15T22:15:57.721+0000] {dag.py:3441} INFO - Setting next_dagrun for example_branch_dop_operator_v3 to 2023-02-15T22:14:00+00:00, run_after=2023-02-15T22:15:00+00:00
[2023-02-15T22:15:57.748+0000] {processor.py:175} INFO - Processing /home/airflow/.local/lib/python3.7/site-packages/airflow/example_dags/example_branch_python_dop_operator_3.py took 0.159 seconds
[2023-02-15T22:16:27.839+0000] {processor.py:153} INFO - Started process (PID=774) to work on /home/airflow/.local/lib/python3.7/site-packages/airflow/example_dags/example_branch_python_dop_operator_3.py
[2023-02-15T22:16:27.842+0000] {processor.py:743} INFO - Processing file /home/airflow/.local/lib/python3.7/site-packages/airflow/example_dags/example_branch_python_dop_operator_3.py for tasks to queue
[2023-02-15T22:16:27.843+0000] {logging_mixin.py:137} INFO - [2023-02-15T22:16:27.843+0000] {dagbag.py:538} INFO - Filling up the DagBag from /home/airflow/.local/lib/python3.7/site-packages/airflow/example_dags/example_branch_python_dop_operator_3.py
[2023-02-15T22:16:27.877+0000] {processor.py:753} INFO - DAG(s) dict_keys(['example_branch_dop_operator_v3']) retrieved from /home/airflow/.local/lib/python3.7/site-packages/airflow/example_dags/example_branch_python_dop_operator_3.py
[2023-02-15T22:16:27.909+0000] {logging_mixin.py:137} INFO - [2023-02-15T22:16:27.909+0000] {dag.py:2690} INFO - Sync 1 DAGs
[2023-02-15T22:16:27.955+0000] {logging_mixin.py:137} INFO - [2023-02-15T22:16:27.951+0000] {dag.py:3441} INFO - Setting next_dagrun for example_branch_dop_operator_v3 to 2023-02-15T22:15:00+00:00, run_after=2023-02-15T22:16:00+00:00
[2023-02-15T22:16:27.978+0000] {processor.py:175} INFO - Processing /home/airflow/.local/lib/python3.7/site-packages/airflow/example_dags/example_branch_python_dop_operator_3.py took 0.143 seconds
[2023-02-15T22:16:58.331+0000] {processor.py:153} INFO - Started process (PID=838) to work on /home/airflow/.local/lib/python3.7/site-packages/airflow/example_dags/example_branch_python_dop_operator_3.py
[2023-02-15T22:16:58.332+0000] {processor.py:743} INFO - Processing file /home/airflow/.local/lib/python3.7/site-packages/airflow/example_dags/example_branch_python_dop_operator_3.py for tasks to queue
[2023-02-15T22:16:58.333+0000] {logging_mixin.py:137} INFO - [2023-02-15T22:16:58.332+0000] {dagbag.py:538} INFO - Filling up the DagBag from /home/airflow/.local/lib/python3.7/site-packages/airflow/example_dags/example_branch_python_dop_operator_3.py
[2023-02-15T22:16:58.378+0000] {processor.py:753} INFO - DAG(s) dict_keys(['example_branch_dop_operator_v3']) retrieved from /home/airflow/.local/lib/python3.7/site-packages/airflow/example_dags/example_branch_python_dop_operator_3.py
[2023-02-15T22:16:58.415+0000] {logging_mixin.py:137} INFO - [2023-02-15T22:16:58.415+0000] {dag.py:2690} INFO - Sync 1 DAGs
[2023-02-15T22:16:58.465+0000] {logging_mixin.py:137} INFO - [2023-02-15T22:16:58.464+0000] {dag.py:3441} INFO - Setting next_dagrun for example_branch_dop_operator_v3 to 2023-02-15T22:15:00+00:00, run_after=2023-02-15T22:16:00+00:00
[2023-02-15T22:16:58.493+0000] {processor.py:175} INFO - Processing /home/airflow/.local/lib/python3.7/site-packages/airflow/example_dags/example_branch_python_dop_operator_3.py took 0.166 seconds
[2023-02-15T22:17:28.908+0000] {processor.py:153} INFO - Started process (PID=901) to work on /home/airflow/.local/lib/python3.7/site-packages/airflow/example_dags/example_branch_python_dop_operator_3.py
[2023-02-15T22:17:28.910+0000] {processor.py:743} INFO - Processing file /home/airflow/.local/lib/python3.7/site-packages/airflow/example_dags/example_branch_python_dop_operator_3.py for tasks to queue
[2023-02-15T22:17:28.911+0000] {logging_mixin.py:137} INFO - [2023-02-15T22:17:28.911+0000] {dagbag.py:538} INFO - Filling up the DagBag from /home/airflow/.local/lib/python3.7/site-packages/airflow/example_dags/example_branch_python_dop_operator_3.py
[2023-02-15T22:17:28.956+0000] {processor.py:753} INFO - DAG(s) dict_keys(['example_branch_dop_operator_v3']) retrieved from /home/airflow/.local/lib/python3.7/site-packages/airflow/example_dags/example_branch_python_dop_operator_3.py
[2023-02-15T22:17:29.028+0000] {logging_mixin.py:137} INFO - [2023-02-15T22:17:29.028+0000] {dag.py:2690} INFO - Sync 1 DAGs
[2023-02-15T22:17:29.098+0000] {logging_mixin.py:137} INFO - [2023-02-15T22:17:29.098+0000] {dag.py:3441} INFO - Setting next_dagrun for example_branch_dop_operator_v3 to 2023-02-15T22:16:00+00:00, run_after=2023-02-15T22:17:00+00:00
[2023-02-15T22:17:29.172+0000] {processor.py:175} INFO - Processing /home/airflow/.local/lib/python3.7/site-packages/airflow/example_dags/example_branch_python_dop_operator_3.py took 0.278 seconds
[2023-02-15T22:17:59.433+0000] {processor.py:153} INFO - Started process (PID=977) to work on /home/airflow/.local/lib/python3.7/site-packages/airflow/example_dags/example_branch_python_dop_operator_3.py
[2023-02-15T22:17:59.434+0000] {processor.py:743} INFO - Processing file /home/airflow/.local/lib/python3.7/site-packages/airflow/example_dags/example_branch_python_dop_operator_3.py for tasks to queue
[2023-02-15T22:17:59.439+0000] {logging_mixin.py:137} INFO - [2023-02-15T22:17:59.439+0000] {dagbag.py:538} INFO - Filling up the DagBag from /home/airflow/.local/lib/python3.7/site-packages/airflow/example_dags/example_branch_python_dop_operator_3.py
[2023-02-15T22:17:59.507+0000] {processor.py:753} INFO - DAG(s) dict_keys(['example_branch_dop_operator_v3']) retrieved from /home/airflow/.local/lib/python3.7/site-packages/airflow/example_dags/example_branch_python_dop_operator_3.py
[2023-02-15T22:17:59.594+0000] {logging_mixin.py:137} INFO - [2023-02-15T22:17:59.594+0000] {dag.py:2690} INFO - Sync 1 DAGs
[2023-02-15T22:17:59.681+0000] {logging_mixin.py:137} INFO - [2023-02-15T22:17:59.680+0000] {dag.py:3441} INFO - Setting next_dagrun for example_branch_dop_operator_v3 to 2023-02-15T22:16:00+00:00, run_after=2023-02-15T22:17:00+00:00
[2023-02-15T22:17:59.780+0000] {processor.py:175} INFO - Processing /home/airflow/.local/lib/python3.7/site-packages/airflow/example_dags/example_branch_python_dop_operator_3.py took 0.350 seconds
[2023-02-15T22:18:30.250+0000] {processor.py:153} INFO - Started process (PID=1039) to work on /home/airflow/.local/lib/python3.7/site-packages/airflow/example_dags/example_branch_python_dop_operator_3.py
[2023-02-15T22:18:30.255+0000] {processor.py:743} INFO - Processing file /home/airflow/.local/lib/python3.7/site-packages/airflow/example_dags/example_branch_python_dop_operator_3.py for tasks to queue
[2023-02-15T22:18:30.256+0000] {logging_mixin.py:137} INFO - [2023-02-15T22:18:30.256+0000] {dagbag.py:538} INFO - Filling up the DagBag from /home/airflow/.local/lib/python3.7/site-packages/airflow/example_dags/example_branch_python_dop_operator_3.py
[2023-02-15T22:18:30.298+0000] {processor.py:753} INFO - DAG(s) dict_keys(['example_branch_dop_operator_v3']) retrieved from /home/airflow/.local/lib/python3.7/site-packages/airflow/example_dags/example_branch_python_dop_operator_3.py
[2023-02-15T22:18:30.362+0000] {logging_mixin.py:137} INFO - [2023-02-15T22:18:30.362+0000] {dag.py:2690} INFO - Sync 1 DAGs
[2023-02-15T22:18:30.408+0000] {logging_mixin.py:137} INFO - [2023-02-15T22:18:30.408+0000] {dag.py:3441} INFO - Setting next_dagrun for example_branch_dop_operator_v3 to 2023-02-15T22:17:00+00:00, run_after=2023-02-15T22:18:00+00:00
[2023-02-15T22:18:30.437+0000] {processor.py:175} INFO - Processing /home/airflow/.local/lib/python3.7/site-packages/airflow/example_dags/example_branch_python_dop_operator_3.py took 0.193 seconds
[2023-02-15T22:19:00.571+0000] {processor.py:153} INFO - Started process (PID=1102) to work on /home/airflow/.local/lib/python3.7/site-packages/airflow/example_dags/example_branch_python_dop_operator_3.py
[2023-02-15T22:19:00.572+0000] {processor.py:743} INFO - Processing file /home/airflow/.local/lib/python3.7/site-packages/airflow/example_dags/example_branch_python_dop_operator_3.py for tasks to queue
[2023-02-15T22:19:00.573+0000] {logging_mixin.py:137} INFO - [2023-02-15T22:19:00.573+0000] {dagbag.py:538} INFO - Filling up the DagBag from /home/airflow/.local/lib/python3.7/site-packages/airflow/example_dags/example_branch_python_dop_operator_3.py
[2023-02-15T22:19:00.603+0000] {processor.py:753} INFO - DAG(s) dict_keys(['example_branch_dop_operator_v3']) retrieved from /home/airflow/.local/lib/python3.7/site-packages/airflow/example_dags/example_branch_python_dop_operator_3.py
[2023-02-15T22:19:00.632+0000] {logging_mixin.py:137} INFO - [2023-02-15T22:19:00.632+0000] {dag.py:2690} INFO - Sync 1 DAGs
[2023-02-15T22:19:00.668+0000] {logging_mixin.py:137} INFO - [2023-02-15T22:19:00.668+0000] {dag.py:3441} INFO - Setting next_dagrun for example_branch_dop_operator_v3 to 2023-02-15T22:18:00+00:00, run_after=2023-02-15T22:19:00+00:00
[2023-02-15T22:19:00.691+0000] {processor.py:175} INFO - Processing /home/airflow/.local/lib/python3.7/site-packages/airflow/example_dags/example_branch_python_dop_operator_3.py took 0.125 seconds
[2023-02-15T22:19:30.990+0000] {processor.py:153} INFO - Started process (PID=1175) to work on /home/airflow/.local/lib/python3.7/site-packages/airflow/example_dags/example_branch_python_dop_operator_3.py
[2023-02-15T22:19:30.991+0000] {processor.py:743} INFO - Processing file /home/airflow/.local/lib/python3.7/site-packages/airflow/example_dags/example_branch_python_dop_operator_3.py for tasks to queue
[2023-02-15T22:19:30.992+0000] {logging_mixin.py:137} INFO - [2023-02-15T22:19:30.992+0000] {dagbag.py:538} INFO - Filling up the DagBag from /home/airflow/.local/lib/python3.7/site-packages/airflow/example_dags/example_branch_python_dop_operator_3.py
[2023-02-15T22:19:31.027+0000] {processor.py:753} INFO - DAG(s) dict_keys(['example_branch_dop_operator_v3']) retrieved from /home/airflow/.local/lib/python3.7/site-packages/airflow/example_dags/example_branch_python_dop_operator_3.py
[2023-02-15T22:19:31.067+0000] {logging_mixin.py:137} INFO - [2023-02-15T22:19:31.067+0000] {dag.py:2690} INFO - Sync 1 DAGs
[2023-02-15T22:19:31.108+0000] {logging_mixin.py:137} INFO - [2023-02-15T22:19:31.108+0000] {dag.py:3441} INFO - Setting next_dagrun for example_branch_dop_operator_v3 to 2023-02-15T22:18:00+00:00, run_after=2023-02-15T22:19:00+00:00
[2023-02-15T22:19:31.130+0000] {processor.py:175} INFO - Processing /home/airflow/.local/lib/python3.7/site-packages/airflow/example_dags/example_branch_python_dop_operator_3.py took 0.145 seconds
[2023-02-15T22:20:01.745+0000] {processor.py:153} INFO - Started process (PID=1240) to work on /home/airflow/.local/lib/python3.7/site-packages/airflow/example_dags/example_branch_python_dop_operator_3.py
[2023-02-15T22:20:01.747+0000] {processor.py:743} INFO - Processing file /home/airflow/.local/lib/python3.7/site-packages/airflow/example_dags/example_branch_python_dop_operator_3.py for tasks to queue
[2023-02-15T22:20:01.747+0000] {logging_mixin.py:137} INFO - [2023-02-15T22:20:01.747+0000] {dagbag.py:538} INFO - Filling up the DagBag from /home/airflow/.local/lib/python3.7/site-packages/airflow/example_dags/example_branch_python_dop_operator_3.py
[2023-02-15T22:20:01.784+0000] {processor.py:753} INFO - DAG(s) dict_keys(['example_branch_dop_operator_v3']) retrieved from /home/airflow/.local/lib/python3.7/site-packages/airflow/example_dags/example_branch_python_dop_operator_3.py
[2023-02-15T22:20:01.817+0000] {logging_mixin.py:137} INFO - [2023-02-15T22:20:01.817+0000] {dag.py:2690} INFO - Sync 1 DAGs
[2023-02-15T22:20:01.854+0000] {logging_mixin.py:137} INFO - [2023-02-15T22:20:01.854+0000] {dag.py:3441} INFO - Setting next_dagrun for example_branch_dop_operator_v3 to 2023-02-15T22:19:00+00:00, run_after=2023-02-15T22:20:00+00:00
[2023-02-15T22:20:01.884+0000] {processor.py:175} INFO - Processing /home/airflow/.local/lib/python3.7/site-packages/airflow/example_dags/example_branch_python_dop_operator_3.py took 0.142 seconds
[2023-02-15T22:20:32.731+0000] {processor.py:153} INFO - Started process (PID=1303) to work on /home/airflow/.local/lib/python3.7/site-packages/airflow/example_dags/example_branch_python_dop_operator_3.py
[2023-02-15T22:20:32.733+0000] {processor.py:743} INFO - Processing file /home/airflow/.local/lib/python3.7/site-packages/airflow/example_dags/example_branch_python_dop_operator_3.py for tasks to queue
[2023-02-15T22:20:32.734+0000] {logging_mixin.py:137} INFO - [2023-02-15T22:20:32.734+0000] {dagbag.py:538} INFO - Filling up the DagBag from /home/airflow/.local/lib/python3.7/site-packages/airflow/example_dags/example_branch_python_dop_operator_3.py
[2023-02-15T22:20:32.770+0000] {processor.py:753} INFO - DAG(s) dict_keys(['example_branch_dop_operator_v3']) retrieved from /home/airflow/.local/lib/python3.7/site-packages/airflow/example_dags/example_branch_python_dop_operator_3.py
[2023-02-15T22:20:32.824+0000] {logging_mixin.py:137} INFO - [2023-02-15T22:20:32.824+0000] {dag.py:2690} INFO - Sync 1 DAGs
[2023-02-15T22:20:32.875+0000] {logging_mixin.py:137} INFO - [2023-02-15T22:20:32.875+0000] {dag.py:3441} INFO - Setting next_dagrun for example_branch_dop_operator_v3 to 2023-02-15T22:19:00+00:00, run_after=2023-02-15T22:20:00+00:00
[2023-02-15T22:20:32.916+0000] {processor.py:175} INFO - Processing /home/airflow/.local/lib/python3.7/site-packages/airflow/example_dags/example_branch_python_dop_operator_3.py took 0.190 seconds
[2023-02-15T22:21:03.195+0000] {processor.py:153} INFO - Started process (PID=1375) to work on /home/airflow/.local/lib/python3.7/site-packages/airflow/example_dags/example_branch_python_dop_operator_3.py
[2023-02-15T22:21:03.197+0000] {processor.py:743} INFO - Processing file /home/airflow/.local/lib/python3.7/site-packages/airflow/example_dags/example_branch_python_dop_operator_3.py for tasks to queue
[2023-02-15T22:21:03.198+0000] {logging_mixin.py:137} INFO - [2023-02-15T22:21:03.197+0000] {dagbag.py:538} INFO - Filling up the DagBag from /home/airflow/.local/lib/python3.7/site-packages/airflow/example_dags/example_branch_python_dop_operator_3.py
[2023-02-15T22:21:03.226+0000] {processor.py:753} INFO - DAG(s) dict_keys(['example_branch_dop_operator_v3']) retrieved from /home/airflow/.local/lib/python3.7/site-packages/airflow/example_dags/example_branch_python_dop_operator_3.py
[2023-02-15T22:21:03.262+0000] {logging_mixin.py:137} INFO - [2023-02-15T22:21:03.262+0000] {dag.py:2690} INFO - Sync 1 DAGs
[2023-02-15T22:21:03.302+0000] {logging_mixin.py:137} INFO - [2023-02-15T22:21:03.302+0000] {dag.py:3441} INFO - Setting next_dagrun for example_branch_dop_operator_v3 to 2023-02-15T22:20:00+00:00, run_after=2023-02-15T22:21:00+00:00
[2023-02-15T22:21:03.337+0000] {processor.py:175} INFO - Processing /home/airflow/.local/lib/python3.7/site-packages/airflow/example_dags/example_branch_python_dop_operator_3.py took 0.147 seconds
[2023-02-15T22:21:33.379+0000] {processor.py:153} INFO - Started process (PID=1442) to work on /home/airflow/.local/lib/python3.7/site-packages/airflow/example_dags/example_branch_python_dop_operator_3.py
[2023-02-15T22:21:33.380+0000] {processor.py:743} INFO - Processing file /home/airflow/.local/lib/python3.7/site-packages/airflow/example_dags/example_branch_python_dop_operator_3.py for tasks to queue
[2023-02-15T22:21:33.381+0000] {logging_mixin.py:137} INFO - [2023-02-15T22:21:33.380+0000] {dagbag.py:538} INFO - Filling up the DagBag from /home/airflow/.local/lib/python3.7/site-packages/airflow/example_dags/example_branch_python_dop_operator_3.py
[2023-02-15T22:21:33.434+0000] {processor.py:753} INFO - DAG(s) dict_keys(['example_branch_dop_operator_v3']) retrieved from /home/airflow/.local/lib/python3.7/site-packages/airflow/example_dags/example_branch_python_dop_operator_3.py
[2023-02-15T22:21:33.479+0000] {logging_mixin.py:137} INFO - [2023-02-15T22:21:33.479+0000] {dag.py:2690} INFO - Sync 1 DAGs
[2023-02-15T22:21:33.539+0000] {logging_mixin.py:137} INFO - [2023-02-15T22:21:33.539+0000] {dag.py:3441} INFO - Setting next_dagrun for example_branch_dop_operator_v3 to 2023-02-15T22:20:00+00:00, run_after=2023-02-15T22:21:00+00:00
[2023-02-15T22:21:33.567+0000] {processor.py:175} INFO - Processing /home/airflow/.local/lib/python3.7/site-packages/airflow/example_dags/example_branch_python_dop_operator_3.py took 0.192 seconds
[2023-02-15T22:22:03.695+0000] {processor.py:153} INFO - Started process (PID=1507) to work on /home/airflow/.local/lib/python3.7/site-packages/airflow/example_dags/example_branch_python_dop_operator_3.py
[2023-02-15T22:22:03.697+0000] {processor.py:743} INFO - Processing file /home/airflow/.local/lib/python3.7/site-packages/airflow/example_dags/example_branch_python_dop_operator_3.py for tasks to queue
[2023-02-15T22:22:03.697+0000] {logging_mixin.py:137} INFO - [2023-02-15T22:22:03.697+0000] {dagbag.py:538} INFO - Filling up the DagBag from /home/airflow/.local/lib/python3.7/site-packages/airflow/example_dags/example_branch_python_dop_operator_3.py
[2023-02-15T22:22:03.730+0000] {processor.py:753} INFO - DAG(s) dict_keys(['example_branch_dop_operator_v3']) retrieved from /home/airflow/.local/lib/python3.7/site-packages/airflow/example_dags/example_branch_python_dop_operator_3.py
[2023-02-15T22:22:03.766+0000] {logging_mixin.py:137} INFO - [2023-02-15T22:22:03.766+0000] {dag.py:2690} INFO - Sync 1 DAGs
[2023-02-15T22:22:03.811+0000] {logging_mixin.py:137} INFO - [2023-02-15T22:22:03.811+0000] {dag.py:3441} INFO - Setting next_dagrun for example_branch_dop_operator_v3 to 2023-02-15T22:21:00+00:00, run_after=2023-02-15T22:22:00+00:00
[2023-02-15T22:22:03.857+0000] {processor.py:175} INFO - Processing /home/airflow/.local/lib/python3.7/site-packages/airflow/example_dags/example_branch_python_dop_operator_3.py took 0.166 seconds
[2023-02-15T22:22:34.434+0000] {processor.py:153} INFO - Started process (PID=1579) to work on /home/airflow/.local/lib/python3.7/site-packages/airflow/example_dags/example_branch_python_dop_operator_3.py
[2023-02-15T22:22:34.441+0000] {processor.py:743} INFO - Processing file /home/airflow/.local/lib/python3.7/site-packages/airflow/example_dags/example_branch_python_dop_operator_3.py for tasks to queue
[2023-02-15T22:22:34.441+0000] {logging_mixin.py:137} INFO - [2023-02-15T22:22:34.441+0000] {dagbag.py:538} INFO - Filling up the DagBag from /home/airflow/.local/lib/python3.7/site-packages/airflow/example_dags/example_branch_python_dop_operator_3.py
[2023-02-15T22:22:34.493+0000] {processor.py:753} INFO - DAG(s) dict_keys(['example_branch_dop_operator_v3']) retrieved from /home/airflow/.local/lib/python3.7/site-packages/airflow/example_dags/example_branch_python_dop_operator_3.py
[2023-02-15T22:22:34.535+0000] {logging_mixin.py:137} INFO - [2023-02-15T22:22:34.535+0000] {dag.py:2690} INFO - Sync 1 DAGs
[2023-02-15T22:22:34.572+0000] {logging_mixin.py:137} INFO - [2023-02-15T22:22:34.572+0000] {dag.py:3441} INFO - Setting next_dagrun for example_branch_dop_operator_v3 to 2023-02-15T22:21:00+00:00, run_after=2023-02-15T22:22:00+00:00
[2023-02-15T22:22:34.595+0000] {processor.py:175} INFO - Processing /home/airflow/.local/lib/python3.7/site-packages/airflow/example_dags/example_branch_python_dop_operator_3.py took 0.165 seconds
[2023-02-15T22:23:04.789+0000] {processor.py:153} INFO - Started process (PID=1645) to work on /home/airflow/.local/lib/python3.7/site-packages/airflow/example_dags/example_branch_python_dop_operator_3.py
[2023-02-15T22:23:04.790+0000] {processor.py:743} INFO - Processing file /home/airflow/.local/lib/python3.7/site-packages/airflow/example_dags/example_branch_python_dop_operator_3.py for tasks to queue
[2023-02-15T22:23:04.791+0000] {logging_mixin.py:137} INFO - [2023-02-15T22:23:04.791+0000] {dagbag.py:538} INFO - Filling up the DagBag from /home/airflow/.local/lib/python3.7/site-packages/airflow/example_dags/example_branch_python_dop_operator_3.py
[2023-02-15T22:23:04.838+0000] {processor.py:753} INFO - DAG(s) dict_keys(['example_branch_dop_operator_v3']) retrieved from /home/airflow/.local/lib/python3.7/site-packages/airflow/example_dags/example_branch_python_dop_operator_3.py
[2023-02-15T22:23:04.877+0000] {logging_mixin.py:137} INFO - [2023-02-15T22:23:04.877+0000] {dag.py:2690} INFO - Sync 1 DAGs
[2023-02-15T22:23:04.921+0000] {logging_mixin.py:137} INFO - [2023-02-15T22:23:04.921+0000] {dag.py:3441} INFO - Setting next_dagrun for example_branch_dop_operator_v3 to 2023-02-15T22:22:00+00:00, run_after=2023-02-15T22:23:00+00:00
[2023-02-15T22:23:04.948+0000] {processor.py:175} INFO - Processing /home/airflow/.local/lib/python3.7/site-packages/airflow/example_dags/example_branch_python_dop_operator_3.py took 0.163 seconds
[2023-02-15T22:23:35.319+0000] {processor.py:153} INFO - Started process (PID=1710) to work on /home/airflow/.local/lib/python3.7/site-packages/airflow/example_dags/example_branch_python_dop_operator_3.py
[2023-02-15T22:23:35.336+0000] {processor.py:743} INFO - Processing file /home/airflow/.local/lib/python3.7/site-packages/airflow/example_dags/example_branch_python_dop_operator_3.py for tasks to queue
[2023-02-15T22:23:35.336+0000] {logging_mixin.py:137} INFO - [2023-02-15T22:23:35.336+0000] {dagbag.py:538} INFO - Filling up the DagBag from /home/airflow/.local/lib/python3.7/site-packages/airflow/example_dags/example_branch_python_dop_operator_3.py
[2023-02-15T22:23:35.436+0000] {processor.py:753} INFO - DAG(s) dict_keys(['example_branch_dop_operator_v3']) retrieved from /home/airflow/.local/lib/python3.7/site-packages/airflow/example_dags/example_branch_python_dop_operator_3.py
[2023-02-15T22:23:35.545+0000] {logging_mixin.py:137} INFO - [2023-02-15T22:23:35.545+0000] {dag.py:2690} INFO - Sync 1 DAGs
[2023-02-15T22:23:35.606+0000] {logging_mixin.py:137} INFO - [2023-02-15T22:23:35.605+0000] {dag.py:3441} INFO - Setting next_dagrun for example_branch_dop_operator_v3 to 2023-02-15T22:22:00+00:00, run_after=2023-02-15T22:23:00+00:00
[2023-02-15T22:23:36.576+0000] {logging_mixin.py:137} INFO - [2023-02-15T22:23:36.576+0000] {process_utils.py:256} INFO - Waiting up to 5 seconds for processes to exit...
