[2023-02-15T22:10:43.536+0000] {processor.py:153} INFO - Started process (PID=64) to work on /home/airflow/.local/lib/python3.7/site-packages/airflow/example_dags/example_sensor_decorator.py
[2023-02-15T22:10:43.536+0000] {processor.py:743} INFO - Processing file /home/airflow/.local/lib/python3.7/site-packages/airflow/example_dags/example_sensor_decorator.py for tasks to queue
[2023-02-15T22:10:43.537+0000] {logging_mixin.py:137} INFO - [2023-02-15T22:10:43.537+0000] {dagbag.py:538} INFO - Filling up the DagBag from /home/airflow/.local/lib/python3.7/site-packages/airflow/example_dags/example_sensor_decorator.py
[2023-02-15T22:10:44.210+0000] {processor.py:753} INFO - DAG(s) dict_keys(['example_sensor_decorator']) retrieved from /home/airflow/.local/lib/python3.7/site-packages/airflow/example_dags/example_sensor_decorator.py
[2023-02-15T22:10:44.581+0000] {logging_mixin.py:137} INFO - [2023-02-15T22:10:44.580+0000] {dag.py:2690} INFO - Sync 1 DAGs
[2023-02-15T22:10:44.800+0000] {logging_mixin.py:137} INFO - [2023-02-15T22:10:44.800+0000] {dag.py:3441} INFO - Setting next_dagrun for example_sensor_decorator to None, run_after=None
[2023-02-15T22:10:45.125+0000] {processor.py:175} INFO - Processing /home/airflow/.local/lib/python3.7/site-packages/airflow/example_dags/example_sensor_decorator.py took 1.654 seconds
[2023-02-15T22:11:16.364+0000] {processor.py:153} INFO - Started process (PID=119) to work on /home/airflow/.local/lib/python3.7/site-packages/airflow/example_dags/example_sensor_decorator.py
[2023-02-15T22:11:16.394+0000] {processor.py:743} INFO - Processing file /home/airflow/.local/lib/python3.7/site-packages/airflow/example_dags/example_sensor_decorator.py for tasks to queue
[2023-02-15T22:11:16.395+0000] {logging_mixin.py:137} INFO - [2023-02-15T22:11:16.394+0000] {dagbag.py:538} INFO - Filling up the DagBag from /home/airflow/.local/lib/python3.7/site-packages/airflow/example_dags/example_sensor_decorator.py
[2023-02-15T22:11:16.475+0000] {processor.py:753} INFO - DAG(s) dict_keys(['example_sensor_decorator']) retrieved from /home/airflow/.local/lib/python3.7/site-packages/airflow/example_dags/example_sensor_decorator.py
[2023-02-15T22:11:16.578+0000] {logging_mixin.py:137} INFO - [2023-02-15T22:11:16.578+0000] {dag.py:2690} INFO - Sync 1 DAGs
[2023-02-15T22:11:16.784+0000] {logging_mixin.py:137} INFO - [2023-02-15T22:11:16.784+0000] {dag.py:3441} INFO - Setting next_dagrun for example_sensor_decorator to None, run_after=None
[2023-02-15T22:11:16.978+0000] {processor.py:175} INFO - Processing /home/airflow/.local/lib/python3.7/site-packages/airflow/example_dags/example_sensor_decorator.py took 0.629 seconds
[2023-02-15T22:11:47.928+0000] {processor.py:153} INFO - Started process (PID=181) to work on /home/airflow/.local/lib/python3.7/site-packages/airflow/example_dags/example_sensor_decorator.py
[2023-02-15T22:11:47.940+0000] {processor.py:743} INFO - Processing file /home/airflow/.local/lib/python3.7/site-packages/airflow/example_dags/example_sensor_decorator.py for tasks to queue
[2023-02-15T22:11:47.941+0000] {logging_mixin.py:137} INFO - [2023-02-15T22:11:47.941+0000] {dagbag.py:538} INFO - Filling up the DagBag from /home/airflow/.local/lib/python3.7/site-packages/airflow/example_dags/example_sensor_decorator.py
[2023-02-15T22:11:48.036+0000] {processor.py:753} INFO - DAG(s) dict_keys(['example_sensor_decorator']) retrieved from /home/airflow/.local/lib/python3.7/site-packages/airflow/example_dags/example_sensor_decorator.py
[2023-02-15T22:11:48.125+0000] {logging_mixin.py:137} INFO - [2023-02-15T22:11:48.124+0000] {dag.py:2690} INFO - Sync 1 DAGs
[2023-02-15T22:11:48.235+0000] {logging_mixin.py:137} INFO - [2023-02-15T22:11:48.235+0000] {dag.py:3441} INFO - Setting next_dagrun for example_sensor_decorator to None, run_after=None
[2023-02-15T22:11:48.371+0000] {processor.py:175} INFO - Processing /home/airflow/.local/lib/python3.7/site-packages/airflow/example_dags/example_sensor_decorator.py took 0.446 seconds
[2023-02-15T22:12:19.036+0000] {processor.py:153} INFO - Started process (PID=233) to work on /home/airflow/.local/lib/python3.7/site-packages/airflow/example_dags/example_sensor_decorator.py
[2023-02-15T22:12:19.049+0000] {processor.py:743} INFO - Processing file /home/airflow/.local/lib/python3.7/site-packages/airflow/example_dags/example_sensor_decorator.py for tasks to queue
[2023-02-15T22:12:19.050+0000] {logging_mixin.py:137} INFO - [2023-02-15T22:12:19.050+0000] {dagbag.py:538} INFO - Filling up the DagBag from /home/airflow/.local/lib/python3.7/site-packages/airflow/example_dags/example_sensor_decorator.py
[2023-02-15T22:12:19.133+0000] {processor.py:753} INFO - DAG(s) dict_keys(['example_sensor_decorator']) retrieved from /home/airflow/.local/lib/python3.7/site-packages/airflow/example_dags/example_sensor_decorator.py
[2023-02-15T22:12:19.218+0000] {logging_mixin.py:137} INFO - [2023-02-15T22:12:19.218+0000] {dag.py:2690} INFO - Sync 1 DAGs
[2023-02-15T22:12:19.386+0000] {logging_mixin.py:137} INFO - [2023-02-15T22:12:19.385+0000] {dag.py:3441} INFO - Setting next_dagrun for example_sensor_decorator to None, run_after=None
[2023-02-15T22:12:19.557+0000] {processor.py:175} INFO - Processing /home/airflow/.local/lib/python3.7/site-packages/airflow/example_dags/example_sensor_decorator.py took 0.536 seconds
[2023-02-15T22:12:49.745+0000] {processor.py:153} INFO - Started process (PID=294) to work on /home/airflow/.local/lib/python3.7/site-packages/airflow/example_dags/example_sensor_decorator.py
[2023-02-15T22:12:49.755+0000] {processor.py:743} INFO - Processing file /home/airflow/.local/lib/python3.7/site-packages/airflow/example_dags/example_sensor_decorator.py for tasks to queue
[2023-02-15T22:12:49.756+0000] {logging_mixin.py:137} INFO - [2023-02-15T22:12:49.756+0000] {dagbag.py:538} INFO - Filling up the DagBag from /home/airflow/.local/lib/python3.7/site-packages/airflow/example_dags/example_sensor_decorator.py
[2023-02-15T22:12:49.824+0000] {processor.py:753} INFO - DAG(s) dict_keys(['example_sensor_decorator']) retrieved from /home/airflow/.local/lib/python3.7/site-packages/airflow/example_dags/example_sensor_decorator.py
[2023-02-15T22:12:49.892+0000] {logging_mixin.py:137} INFO - [2023-02-15T22:12:49.892+0000] {dag.py:2690} INFO - Sync 1 DAGs
[2023-02-15T22:12:49.972+0000] {logging_mixin.py:137} INFO - [2023-02-15T22:12:49.972+0000] {dag.py:3441} INFO - Setting next_dagrun for example_sensor_decorator to None, run_after=None
[2023-02-15T22:12:50.032+0000] {processor.py:175} INFO - Processing /home/airflow/.local/lib/python3.7/site-packages/airflow/example_dags/example_sensor_decorator.py took 0.290 seconds
[2023-02-15T22:13:20.783+0000] {processor.py:153} INFO - Started process (PID=359) to work on /home/airflow/.local/lib/python3.7/site-packages/airflow/example_dags/example_sensor_decorator.py
[2023-02-15T22:13:20.786+0000] {processor.py:743} INFO - Processing file /home/airflow/.local/lib/python3.7/site-packages/airflow/example_dags/example_sensor_decorator.py for tasks to queue
[2023-02-15T22:13:20.796+0000] {logging_mixin.py:137} INFO - [2023-02-15T22:13:20.796+0000] {dagbag.py:538} INFO - Filling up the DagBag from /home/airflow/.local/lib/python3.7/site-packages/airflow/example_dags/example_sensor_decorator.py
[2023-02-15T22:13:20.878+0000] {processor.py:753} INFO - DAG(s) dict_keys(['example_sensor_decorator']) retrieved from /home/airflow/.local/lib/python3.7/site-packages/airflow/example_dags/example_sensor_decorator.py
[2023-02-15T22:13:20.957+0000] {logging_mixin.py:137} INFO - [2023-02-15T22:13:20.957+0000] {dag.py:2690} INFO - Sync 1 DAGs
[2023-02-15T22:13:21.026+0000] {logging_mixin.py:137} INFO - [2023-02-15T22:13:21.026+0000] {dag.py:3441} INFO - Setting next_dagrun for example_sensor_decorator to None, run_after=None
[2023-02-15T22:13:21.089+0000] {processor.py:175} INFO - Processing /home/airflow/.local/lib/python3.7/site-packages/airflow/example_dags/example_sensor_decorator.py took 0.310 seconds
[2023-02-15T22:13:51.781+0000] {processor.py:153} INFO - Started process (PID=422) to work on /home/airflow/.local/lib/python3.7/site-packages/airflow/example_dags/example_sensor_decorator.py
[2023-02-15T22:13:51.781+0000] {processor.py:743} INFO - Processing file /home/airflow/.local/lib/python3.7/site-packages/airflow/example_dags/example_sensor_decorator.py for tasks to queue
[2023-02-15T22:13:51.782+0000] {logging_mixin.py:137} INFO - [2023-02-15T22:13:51.782+0000] {dagbag.py:538} INFO - Filling up the DagBag from /home/airflow/.local/lib/python3.7/site-packages/airflow/example_dags/example_sensor_decorator.py
[2023-02-15T22:13:51.810+0000] {processor.py:753} INFO - DAG(s) dict_keys(['example_sensor_decorator']) retrieved from /home/airflow/.local/lib/python3.7/site-packages/airflow/example_dags/example_sensor_decorator.py
[2023-02-15T22:13:51.839+0000] {logging_mixin.py:137} INFO - [2023-02-15T22:13:51.839+0000] {dag.py:2690} INFO - Sync 1 DAGs
[2023-02-15T22:13:51.871+0000] {logging_mixin.py:137} INFO - [2023-02-15T22:13:51.871+0000] {dag.py:3441} INFO - Setting next_dagrun for example_sensor_decorator to None, run_after=None
[2023-02-15T22:13:51.898+0000] {processor.py:175} INFO - Processing /home/airflow/.local/lib/python3.7/site-packages/airflow/example_dags/example_sensor_decorator.py took 0.120 seconds
[2023-02-15T22:14:21.945+0000] {processor.py:153} INFO - Started process (PID=485) to work on /home/airflow/.local/lib/python3.7/site-packages/airflow/example_dags/example_sensor_decorator.py
[2023-02-15T22:14:21.947+0000] {processor.py:743} INFO - Processing file /home/airflow/.local/lib/python3.7/site-packages/airflow/example_dags/example_sensor_decorator.py for tasks to queue
[2023-02-15T22:14:21.948+0000] {logging_mixin.py:137} INFO - [2023-02-15T22:14:21.947+0000] {dagbag.py:538} INFO - Filling up the DagBag from /home/airflow/.local/lib/python3.7/site-packages/airflow/example_dags/example_sensor_decorator.py
[2023-02-15T22:14:21.972+0000] {processor.py:753} INFO - DAG(s) dict_keys(['example_sensor_decorator']) retrieved from /home/airflow/.local/lib/python3.7/site-packages/airflow/example_dags/example_sensor_decorator.py
[2023-02-15T22:14:22.000+0000] {logging_mixin.py:137} INFO - [2023-02-15T22:14:22.000+0000] {dag.py:2690} INFO - Sync 1 DAGs
[2023-02-15T22:14:22.031+0000] {logging_mixin.py:137} INFO - [2023-02-15T22:14:22.031+0000] {dag.py:3441} INFO - Setting next_dagrun for example_sensor_decorator to None, run_after=None
[2023-02-15T22:14:22.054+0000] {processor.py:175} INFO - Processing /home/airflow/.local/lib/python3.7/site-packages/airflow/example_dags/example_sensor_decorator.py took 0.112 seconds
[2023-02-15T22:14:52.071+0000] {processor.py:153} INFO - Started process (PID=548) to work on /home/airflow/.local/lib/python3.7/site-packages/airflow/example_dags/example_sensor_decorator.py
[2023-02-15T22:14:52.072+0000] {processor.py:743} INFO - Processing file /home/airflow/.local/lib/python3.7/site-packages/airflow/example_dags/example_sensor_decorator.py for tasks to queue
[2023-02-15T22:14:52.073+0000] {logging_mixin.py:137} INFO - [2023-02-15T22:14:52.073+0000] {dagbag.py:538} INFO - Filling up the DagBag from /home/airflow/.local/lib/python3.7/site-packages/airflow/example_dags/example_sensor_decorator.py
[2023-02-15T22:14:52.097+0000] {processor.py:753} INFO - DAG(s) dict_keys(['example_sensor_decorator']) retrieved from /home/airflow/.local/lib/python3.7/site-packages/airflow/example_dags/example_sensor_decorator.py
[2023-02-15T22:14:52.130+0000] {logging_mixin.py:137} INFO - [2023-02-15T22:14:52.130+0000] {dag.py:2690} INFO - Sync 1 DAGs
[2023-02-15T22:14:52.165+0000] {logging_mixin.py:137} INFO - [2023-02-15T22:14:52.165+0000] {dag.py:3441} INFO - Setting next_dagrun for example_sensor_decorator to None, run_after=None
[2023-02-15T22:14:52.190+0000] {processor.py:175} INFO - Processing /home/airflow/.local/lib/python3.7/site-packages/airflow/example_dags/example_sensor_decorator.py took 0.122 seconds
[2023-02-15T22:15:22.680+0000] {processor.py:153} INFO - Started process (PID=626) to work on /home/airflow/.local/lib/python3.7/site-packages/airflow/example_dags/example_sensor_decorator.py
[2023-02-15T22:15:22.681+0000] {processor.py:743} INFO - Processing file /home/airflow/.local/lib/python3.7/site-packages/airflow/example_dags/example_sensor_decorator.py for tasks to queue
[2023-02-15T22:15:22.682+0000] {logging_mixin.py:137} INFO - [2023-02-15T22:15:22.682+0000] {dagbag.py:538} INFO - Filling up the DagBag from /home/airflow/.local/lib/python3.7/site-packages/airflow/example_dags/example_sensor_decorator.py
[2023-02-15T22:15:22.715+0000] {processor.py:753} INFO - DAG(s) dict_keys(['example_sensor_decorator']) retrieved from /home/airflow/.local/lib/python3.7/site-packages/airflow/example_dags/example_sensor_decorator.py
[2023-02-15T22:15:22.762+0000] {logging_mixin.py:137} INFO - [2023-02-15T22:15:22.761+0000] {dag.py:2690} INFO - Sync 1 DAGs
[2023-02-15T22:15:22.795+0000] {logging_mixin.py:137} INFO - [2023-02-15T22:15:22.795+0000] {dag.py:3441} INFO - Setting next_dagrun for example_sensor_decorator to None, run_after=None
[2023-02-15T22:15:22.840+0000] {processor.py:175} INFO - Processing /home/airflow/.local/lib/python3.7/site-packages/airflow/example_dags/example_sensor_decorator.py took 0.163 seconds
[2023-02-15T22:15:53.718+0000] {processor.py:153} INFO - Started process (PID=690) to work on /home/airflow/.local/lib/python3.7/site-packages/airflow/example_dags/example_sensor_decorator.py
[2023-02-15T22:15:53.718+0000] {processor.py:743} INFO - Processing file /home/airflow/.local/lib/python3.7/site-packages/airflow/example_dags/example_sensor_decorator.py for tasks to queue
[2023-02-15T22:15:53.719+0000] {logging_mixin.py:137} INFO - [2023-02-15T22:15:53.719+0000] {dagbag.py:538} INFO - Filling up the DagBag from /home/airflow/.local/lib/python3.7/site-packages/airflow/example_dags/example_sensor_decorator.py
[2023-02-15T22:15:53.750+0000] {processor.py:753} INFO - DAG(s) dict_keys(['example_sensor_decorator']) retrieved from /home/airflow/.local/lib/python3.7/site-packages/airflow/example_dags/example_sensor_decorator.py
[2023-02-15T22:15:53.789+0000] {logging_mixin.py:137} INFO - [2023-02-15T22:15:53.789+0000] {dag.py:2690} INFO - Sync 1 DAGs
[2023-02-15T22:15:53.824+0000] {logging_mixin.py:137} INFO - [2023-02-15T22:15:53.824+0000] {dag.py:3441} INFO - Setting next_dagrun for example_sensor_decorator to None, run_after=None
[2023-02-15T22:15:53.856+0000] {processor.py:175} INFO - Processing /home/airflow/.local/lib/python3.7/site-packages/airflow/example_dags/example_sensor_decorator.py took 0.142 seconds
[2023-02-15T22:16:23.975+0000] {processor.py:153} INFO - Started process (PID=753) to work on /home/airflow/.local/lib/python3.7/site-packages/airflow/example_dags/example_sensor_decorator.py
[2023-02-15T22:16:23.995+0000] {processor.py:743} INFO - Processing file /home/airflow/.local/lib/python3.7/site-packages/airflow/example_dags/example_sensor_decorator.py for tasks to queue
[2023-02-15T22:16:23.995+0000] {logging_mixin.py:137} INFO - [2023-02-15T22:16:23.995+0000] {dagbag.py:538} INFO - Filling up the DagBag from /home/airflow/.local/lib/python3.7/site-packages/airflow/example_dags/example_sensor_decorator.py
[2023-02-15T22:16:24.036+0000] {processor.py:753} INFO - DAG(s) dict_keys(['example_sensor_decorator']) retrieved from /home/airflow/.local/lib/python3.7/site-packages/airflow/example_dags/example_sensor_decorator.py
[2023-02-15T22:16:24.110+0000] {logging_mixin.py:137} INFO - [2023-02-15T22:16:24.110+0000] {dag.py:2690} INFO - Sync 1 DAGs
[2023-02-15T22:16:24.167+0000] {logging_mixin.py:137} INFO - [2023-02-15T22:16:24.167+0000] {dag.py:3441} INFO - Setting next_dagrun for example_sensor_decorator to None, run_after=None
[2023-02-15T22:16:24.208+0000] {processor.py:175} INFO - Processing /home/airflow/.local/lib/python3.7/site-packages/airflow/example_dags/example_sensor_decorator.py took 0.237 seconds
[2023-02-15T22:16:54.480+0000] {processor.py:153} INFO - Started process (PID=830) to work on /home/airflow/.local/lib/python3.7/site-packages/airflow/example_dags/example_sensor_decorator.py
[2023-02-15T22:16:54.481+0000] {processor.py:743} INFO - Processing file /home/airflow/.local/lib/python3.7/site-packages/airflow/example_dags/example_sensor_decorator.py for tasks to queue
[2023-02-15T22:16:54.482+0000] {logging_mixin.py:137} INFO - [2023-02-15T22:16:54.482+0000] {dagbag.py:538} INFO - Filling up the DagBag from /home/airflow/.local/lib/python3.7/site-packages/airflow/example_dags/example_sensor_decorator.py
[2023-02-15T22:16:54.536+0000] {processor.py:753} INFO - DAG(s) dict_keys(['example_sensor_decorator']) retrieved from /home/airflow/.local/lib/python3.7/site-packages/airflow/example_dags/example_sensor_decorator.py
[2023-02-15T22:16:54.581+0000] {logging_mixin.py:137} INFO - [2023-02-15T22:16:54.580+0000] {dag.py:2690} INFO - Sync 1 DAGs
[2023-02-15T22:16:54.631+0000] {logging_mixin.py:137} INFO - [2023-02-15T22:16:54.631+0000] {dag.py:3441} INFO - Setting next_dagrun for example_sensor_decorator to None, run_after=None
[2023-02-15T22:16:54.687+0000] {processor.py:175} INFO - Processing /home/airflow/.local/lib/python3.7/site-packages/airflow/example_dags/example_sensor_decorator.py took 0.211 seconds
[2023-02-15T22:17:25.159+0000] {processor.py:153} INFO - Started process (PID=893) to work on /home/airflow/.local/lib/python3.7/site-packages/airflow/example_dags/example_sensor_decorator.py
[2023-02-15T22:17:25.161+0000] {processor.py:743} INFO - Processing file /home/airflow/.local/lib/python3.7/site-packages/airflow/example_dags/example_sensor_decorator.py for tasks to queue
[2023-02-15T22:17:25.162+0000] {logging_mixin.py:137} INFO - [2023-02-15T22:17:25.162+0000] {dagbag.py:538} INFO - Filling up the DagBag from /home/airflow/.local/lib/python3.7/site-packages/airflow/example_dags/example_sensor_decorator.py
[2023-02-15T22:17:25.196+0000] {processor.py:753} INFO - DAG(s) dict_keys(['example_sensor_decorator']) retrieved from /home/airflow/.local/lib/python3.7/site-packages/airflow/example_dags/example_sensor_decorator.py
[2023-02-15T22:17:25.246+0000] {logging_mixin.py:137} INFO - [2023-02-15T22:17:25.246+0000] {dag.py:2690} INFO - Sync 1 DAGs
[2023-02-15T22:17:25.302+0000] {logging_mixin.py:137} INFO - [2023-02-15T22:17:25.302+0000] {dag.py:3441} INFO - Setting next_dagrun for example_sensor_decorator to None, run_after=None
[2023-02-15T22:17:25.360+0000] {processor.py:175} INFO - Processing /home/airflow/.local/lib/python3.7/site-packages/airflow/example_dags/example_sensor_decorator.py took 0.205 seconds
[2023-02-15T22:17:55.740+0000] {processor.py:153} INFO - Started process (PID=956) to work on /home/airflow/.local/lib/python3.7/site-packages/airflow/example_dags/example_sensor_decorator.py
[2023-02-15T22:17:55.742+0000] {processor.py:743} INFO - Processing file /home/airflow/.local/lib/python3.7/site-packages/airflow/example_dags/example_sensor_decorator.py for tasks to queue
[2023-02-15T22:17:55.743+0000] {logging_mixin.py:137} INFO - [2023-02-15T22:17:55.743+0000] {dagbag.py:538} INFO - Filling up the DagBag from /home/airflow/.local/lib/python3.7/site-packages/airflow/example_dags/example_sensor_decorator.py
[2023-02-15T22:17:55.775+0000] {processor.py:753} INFO - DAG(s) dict_keys(['example_sensor_decorator']) retrieved from /home/airflow/.local/lib/python3.7/site-packages/airflow/example_dags/example_sensor_decorator.py
[2023-02-15T22:17:55.809+0000] {logging_mixin.py:137} INFO - [2023-02-15T22:17:55.809+0000] {dag.py:2690} INFO - Sync 1 DAGs
[2023-02-15T22:17:55.848+0000] {logging_mixin.py:137} INFO - [2023-02-15T22:17:55.848+0000] {dag.py:3441} INFO - Setting next_dagrun for example_sensor_decorator to None, run_after=None
[2023-02-15T22:17:55.891+0000] {processor.py:175} INFO - Processing /home/airflow/.local/lib/python3.7/site-packages/airflow/example_dags/example_sensor_decorator.py took 0.155 seconds
[2023-02-15T22:18:26.359+0000] {processor.py:153} INFO - Started process (PID=1028) to work on /home/airflow/.local/lib/python3.7/site-packages/airflow/example_dags/example_sensor_decorator.py
[2023-02-15T22:18:26.360+0000] {processor.py:743} INFO - Processing file /home/airflow/.local/lib/python3.7/site-packages/airflow/example_dags/example_sensor_decorator.py for tasks to queue
[2023-02-15T22:18:26.360+0000] {logging_mixin.py:137} INFO - [2023-02-15T22:18:26.360+0000] {dagbag.py:538} INFO - Filling up the DagBag from /home/airflow/.local/lib/python3.7/site-packages/airflow/example_dags/example_sensor_decorator.py
[2023-02-15T22:18:26.466+0000] {processor.py:753} INFO - DAG(s) dict_keys(['example_sensor_decorator']) retrieved from /home/airflow/.local/lib/python3.7/site-packages/airflow/example_dags/example_sensor_decorator.py
[2023-02-15T22:18:26.515+0000] {logging_mixin.py:137} INFO - [2023-02-15T22:18:26.515+0000] {dag.py:2690} INFO - Sync 1 DAGs
[2023-02-15T22:18:26.563+0000] {logging_mixin.py:137} INFO - [2023-02-15T22:18:26.563+0000] {dag.py:3441} INFO - Setting next_dagrun for example_sensor_decorator to None, run_after=None
[2023-02-15T22:18:26.600+0000] {processor.py:175} INFO - Processing /home/airflow/.local/lib/python3.7/site-packages/airflow/example_dags/example_sensor_decorator.py took 0.246 seconds
[2023-02-15T22:18:56.899+0000] {processor.py:153} INFO - Started process (PID=1094) to work on /home/airflow/.local/lib/python3.7/site-packages/airflow/example_dags/example_sensor_decorator.py
[2023-02-15T22:18:56.900+0000] {processor.py:743} INFO - Processing file /home/airflow/.local/lib/python3.7/site-packages/airflow/example_dags/example_sensor_decorator.py for tasks to queue
[2023-02-15T22:18:56.901+0000] {logging_mixin.py:137} INFO - [2023-02-15T22:18:56.901+0000] {dagbag.py:538} INFO - Filling up the DagBag from /home/airflow/.local/lib/python3.7/site-packages/airflow/example_dags/example_sensor_decorator.py
[2023-02-15T22:18:56.927+0000] {processor.py:753} INFO - DAG(s) dict_keys(['example_sensor_decorator']) retrieved from /home/airflow/.local/lib/python3.7/site-packages/airflow/example_dags/example_sensor_decorator.py
[2023-02-15T22:18:56.956+0000] {logging_mixin.py:137} INFO - [2023-02-15T22:18:56.956+0000] {dag.py:2690} INFO - Sync 1 DAGs
[2023-02-15T22:18:56.987+0000] {logging_mixin.py:137} INFO - [2023-02-15T22:18:56.987+0000] {dag.py:3441} INFO - Setting next_dagrun for example_sensor_decorator to None, run_after=None
[2023-02-15T22:18:57.010+0000] {processor.py:175} INFO - Processing /home/airflow/.local/lib/python3.7/site-packages/airflow/example_dags/example_sensor_decorator.py took 0.115 seconds
[2023-02-15T22:19:27.297+0000] {processor.py:153} INFO - Started process (PID=1158) to work on /home/airflow/.local/lib/python3.7/site-packages/airflow/example_dags/example_sensor_decorator.py
[2023-02-15T22:19:27.299+0000] {processor.py:743} INFO - Processing file /home/airflow/.local/lib/python3.7/site-packages/airflow/example_dags/example_sensor_decorator.py for tasks to queue
[2023-02-15T22:19:27.300+0000] {logging_mixin.py:137} INFO - [2023-02-15T22:19:27.300+0000] {dagbag.py:538} INFO - Filling up the DagBag from /home/airflow/.local/lib/python3.7/site-packages/airflow/example_dags/example_sensor_decorator.py
[2023-02-15T22:19:27.326+0000] {processor.py:753} INFO - DAG(s) dict_keys(['example_sensor_decorator']) retrieved from /home/airflow/.local/lib/python3.7/site-packages/airflow/example_dags/example_sensor_decorator.py
[2023-02-15T22:19:27.361+0000] {logging_mixin.py:137} INFO - [2023-02-15T22:19:27.360+0000] {dag.py:2690} INFO - Sync 1 DAGs
[2023-02-15T22:19:27.389+0000] {logging_mixin.py:137} INFO - [2023-02-15T22:19:27.389+0000] {dag.py:3441} INFO - Setting next_dagrun for example_sensor_decorator to None, run_after=None
[2023-02-15T22:19:27.410+0000] {processor.py:175} INFO - Processing /home/airflow/.local/lib/python3.7/site-packages/airflow/example_dags/example_sensor_decorator.py took 0.117 seconds
[2023-02-15T22:19:57.868+0000] {processor.py:153} INFO - Started process (PID=1229) to work on /home/airflow/.local/lib/python3.7/site-packages/airflow/example_dags/example_sensor_decorator.py
[2023-02-15T22:19:57.871+0000] {processor.py:743} INFO - Processing file /home/airflow/.local/lib/python3.7/site-packages/airflow/example_dags/example_sensor_decorator.py for tasks to queue
[2023-02-15T22:19:57.872+0000] {logging_mixin.py:137} INFO - [2023-02-15T22:19:57.872+0000] {dagbag.py:538} INFO - Filling up the DagBag from /home/airflow/.local/lib/python3.7/site-packages/airflow/example_dags/example_sensor_decorator.py
[2023-02-15T22:19:57.951+0000] {processor.py:753} INFO - DAG(s) dict_keys(['example_sensor_decorator']) retrieved from /home/airflow/.local/lib/python3.7/site-packages/airflow/example_dags/example_sensor_decorator.py
[2023-02-15T22:19:58.047+0000] {logging_mixin.py:137} INFO - [2023-02-15T22:19:58.046+0000] {dag.py:2690} INFO - Sync 1 DAGs
[2023-02-15T22:19:58.083+0000] {logging_mixin.py:137} INFO - [2023-02-15T22:19:58.082+0000] {dag.py:3441} INFO - Setting next_dagrun for example_sensor_decorator to None, run_after=None
[2023-02-15T22:19:58.144+0000] {processor.py:175} INFO - Processing /home/airflow/.local/lib/python3.7/site-packages/airflow/example_dags/example_sensor_decorator.py took 0.278 seconds
[2023-02-15T22:20:29.066+0000] {processor.py:153} INFO - Started process (PID=1295) to work on /home/airflow/.local/lib/python3.7/site-packages/airflow/example_dags/example_sensor_decorator.py
[2023-02-15T22:20:29.070+0000] {processor.py:743} INFO - Processing file /home/airflow/.local/lib/python3.7/site-packages/airflow/example_dags/example_sensor_decorator.py for tasks to queue
[2023-02-15T22:20:29.071+0000] {logging_mixin.py:137} INFO - [2023-02-15T22:20:29.071+0000] {dagbag.py:538} INFO - Filling up the DagBag from /home/airflow/.local/lib/python3.7/site-packages/airflow/example_dags/example_sensor_decorator.py
[2023-02-15T22:20:29.137+0000] {processor.py:753} INFO - DAG(s) dict_keys(['example_sensor_decorator']) retrieved from /home/airflow/.local/lib/python3.7/site-packages/airflow/example_dags/example_sensor_decorator.py
[2023-02-15T22:20:29.178+0000] {logging_mixin.py:137} INFO - [2023-02-15T22:20:29.178+0000] {dag.py:2690} INFO - Sync 1 DAGs
[2023-02-15T22:20:29.219+0000] {logging_mixin.py:137} INFO - [2023-02-15T22:20:29.218+0000] {dag.py:3441} INFO - Setting next_dagrun for example_sensor_decorator to None, run_after=None
[2023-02-15T22:20:29.251+0000] {processor.py:175} INFO - Processing /home/airflow/.local/lib/python3.7/site-packages/airflow/example_dags/example_sensor_decorator.py took 0.188 seconds
[2023-02-15T22:20:59.713+0000] {processor.py:153} INFO - Started process (PID=1358) to work on /home/airflow/.local/lib/python3.7/site-packages/airflow/example_dags/example_sensor_decorator.py
[2023-02-15T22:20:59.714+0000] {processor.py:743} INFO - Processing file /home/airflow/.local/lib/python3.7/site-packages/airflow/example_dags/example_sensor_decorator.py for tasks to queue
[2023-02-15T22:20:59.715+0000] {logging_mixin.py:137} INFO - [2023-02-15T22:20:59.715+0000] {dagbag.py:538} INFO - Filling up the DagBag from /home/airflow/.local/lib/python3.7/site-packages/airflow/example_dags/example_sensor_decorator.py
[2023-02-15T22:20:59.747+0000] {processor.py:753} INFO - DAG(s) dict_keys(['example_sensor_decorator']) retrieved from /home/airflow/.local/lib/python3.7/site-packages/airflow/example_dags/example_sensor_decorator.py
[2023-02-15T22:20:59.784+0000] {logging_mixin.py:137} INFO - [2023-02-15T22:20:59.784+0000] {dag.py:2690} INFO - Sync 1 DAGs
[2023-02-15T22:20:59.813+0000] {logging_mixin.py:137} INFO - [2023-02-15T22:20:59.813+0000] {dag.py:3441} INFO - Setting next_dagrun for example_sensor_decorator to None, run_after=None
[2023-02-15T22:20:59.842+0000] {processor.py:175} INFO - Processing /home/airflow/.local/lib/python3.7/site-packages/airflow/example_dags/example_sensor_decorator.py took 0.133 seconds
[2023-02-15T22:21:30.331+0000] {processor.py:153} INFO - Started process (PID=1434) to work on /home/airflow/.local/lib/python3.7/site-packages/airflow/example_dags/example_sensor_decorator.py
[2023-02-15T22:21:30.332+0000] {processor.py:743} INFO - Processing file /home/airflow/.local/lib/python3.7/site-packages/airflow/example_dags/example_sensor_decorator.py for tasks to queue
[2023-02-15T22:21:30.333+0000] {logging_mixin.py:137} INFO - [2023-02-15T22:21:30.333+0000] {dagbag.py:538} INFO - Filling up the DagBag from /home/airflow/.local/lib/python3.7/site-packages/airflow/example_dags/example_sensor_decorator.py
[2023-02-15T22:21:30.389+0000] {processor.py:753} INFO - DAG(s) dict_keys(['example_sensor_decorator']) retrieved from /home/airflow/.local/lib/python3.7/site-packages/airflow/example_dags/example_sensor_decorator.py
[2023-02-15T22:21:30.444+0000] {logging_mixin.py:137} INFO - [2023-02-15T22:21:30.444+0000] {dag.py:2690} INFO - Sync 1 DAGs
[2023-02-15T22:21:30.497+0000] {logging_mixin.py:137} INFO - [2023-02-15T22:21:30.497+0000] {dag.py:3441} INFO - Setting next_dagrun for example_sensor_decorator to None, run_after=None
[2023-02-15T22:21:30.545+0000] {processor.py:175} INFO - Processing /home/airflow/.local/lib/python3.7/site-packages/airflow/example_dags/example_sensor_decorator.py took 0.228 seconds
[2023-02-15T22:22:01.032+0000] {processor.py:153} INFO - Started process (PID=1499) to work on /home/airflow/.local/lib/python3.7/site-packages/airflow/example_dags/example_sensor_decorator.py
[2023-02-15T22:22:01.048+0000] {processor.py:743} INFO - Processing file /home/airflow/.local/lib/python3.7/site-packages/airflow/example_dags/example_sensor_decorator.py for tasks to queue
[2023-02-15T22:22:01.049+0000] {logging_mixin.py:137} INFO - [2023-02-15T22:22:01.049+0000] {dagbag.py:538} INFO - Filling up the DagBag from /home/airflow/.local/lib/python3.7/site-packages/airflow/example_dags/example_sensor_decorator.py
[2023-02-15T22:22:01.079+0000] {processor.py:753} INFO - DAG(s) dict_keys(['example_sensor_decorator']) retrieved from /home/airflow/.local/lib/python3.7/site-packages/airflow/example_dags/example_sensor_decorator.py
[2023-02-15T22:22:01.124+0000] {logging_mixin.py:137} INFO - [2023-02-15T22:22:01.124+0000] {dag.py:2690} INFO - Sync 1 DAGs
[2023-02-15T22:22:01.171+0000] {logging_mixin.py:137} INFO - [2023-02-15T22:22:01.170+0000] {dag.py:3441} INFO - Setting next_dagrun for example_sensor_decorator to None, run_after=None
[2023-02-15T22:22:01.217+0000] {processor.py:175} INFO - Processing /home/airflow/.local/lib/python3.7/site-packages/airflow/example_dags/example_sensor_decorator.py took 0.190 seconds
[2023-02-15T22:22:31.821+0000] {processor.py:153} INFO - Started process (PID=1562) to work on /home/airflow/.local/lib/python3.7/site-packages/airflow/example_dags/example_sensor_decorator.py
[2023-02-15T22:22:31.821+0000] {processor.py:743} INFO - Processing file /home/airflow/.local/lib/python3.7/site-packages/airflow/example_dags/example_sensor_decorator.py for tasks to queue
[2023-02-15T22:22:31.822+0000] {logging_mixin.py:137} INFO - [2023-02-15T22:22:31.822+0000] {dagbag.py:538} INFO - Filling up the DagBag from /home/airflow/.local/lib/python3.7/site-packages/airflow/example_dags/example_sensor_decorator.py
[2023-02-15T22:22:31.848+0000] {processor.py:753} INFO - DAG(s) dict_keys(['example_sensor_decorator']) retrieved from /home/airflow/.local/lib/python3.7/site-packages/airflow/example_dags/example_sensor_decorator.py
[2023-02-15T22:22:31.876+0000] {logging_mixin.py:137} INFO - [2023-02-15T22:22:31.875+0000] {dag.py:2690} INFO - Sync 1 DAGs
[2023-02-15T22:22:31.906+0000] {logging_mixin.py:137} INFO - [2023-02-15T22:22:31.906+0000] {dag.py:3441} INFO - Setting next_dagrun for example_sensor_decorator to None, run_after=None
[2023-02-15T22:22:31.934+0000] {processor.py:175} INFO - Processing /home/airflow/.local/lib/python3.7/site-packages/airflow/example_dags/example_sensor_decorator.py took 0.117 seconds
[2023-02-15T22:23:02.009+0000] {processor.py:153} INFO - Started process (PID=1637) to work on /home/airflow/.local/lib/python3.7/site-packages/airflow/example_dags/example_sensor_decorator.py
[2023-02-15T22:23:02.013+0000] {processor.py:743} INFO - Processing file /home/airflow/.local/lib/python3.7/site-packages/airflow/example_dags/example_sensor_decorator.py for tasks to queue
[2023-02-15T22:23:02.014+0000] {logging_mixin.py:137} INFO - [2023-02-15T22:23:02.013+0000] {dagbag.py:538} INFO - Filling up the DagBag from /home/airflow/.local/lib/python3.7/site-packages/airflow/example_dags/example_sensor_decorator.py
[2023-02-15T22:23:02.061+0000] {processor.py:753} INFO - DAG(s) dict_keys(['example_sensor_decorator']) retrieved from /home/airflow/.local/lib/python3.7/site-packages/airflow/example_dags/example_sensor_decorator.py
[2023-02-15T22:23:02.105+0000] {logging_mixin.py:137} INFO - [2023-02-15T22:23:02.105+0000] {dag.py:2690} INFO - Sync 1 DAGs
[2023-02-15T22:23:02.136+0000] {logging_mixin.py:137} INFO - [2023-02-15T22:23:02.135+0000] {dag.py:3441} INFO - Setting next_dagrun for example_sensor_decorator to None, run_after=None
[2023-02-15T22:23:02.158+0000] {processor.py:175} INFO - Processing /home/airflow/.local/lib/python3.7/site-packages/airflow/example_dags/example_sensor_decorator.py took 0.153 seconds
[2023-02-15T22:23:32.623+0000] {processor.py:153} INFO - Started process (PID=1702) to work on /home/airflow/.local/lib/python3.7/site-packages/airflow/example_dags/example_sensor_decorator.py
[2023-02-15T22:23:32.624+0000] {processor.py:743} INFO - Processing file /home/airflow/.local/lib/python3.7/site-packages/airflow/example_dags/example_sensor_decorator.py for tasks to queue
[2023-02-15T22:23:32.625+0000] {logging_mixin.py:137} INFO - [2023-02-15T22:23:32.625+0000] {dagbag.py:538} INFO - Filling up the DagBag from /home/airflow/.local/lib/python3.7/site-packages/airflow/example_dags/example_sensor_decorator.py
[2023-02-15T22:23:32.657+0000] {processor.py:753} INFO - DAG(s) dict_keys(['example_sensor_decorator']) retrieved from /home/airflow/.local/lib/python3.7/site-packages/airflow/example_dags/example_sensor_decorator.py
[2023-02-15T22:23:32.691+0000] {logging_mixin.py:137} INFO - [2023-02-15T22:23:32.691+0000] {dag.py:2690} INFO - Sync 1 DAGs
[2023-02-15T22:23:32.731+0000] {logging_mixin.py:137} INFO - [2023-02-15T22:23:32.730+0000] {dag.py:3441} INFO - Setting next_dagrun for example_sensor_decorator to None, run_after=None
[2023-02-15T22:23:32.760+0000] {processor.py:175} INFO - Processing /home/airflow/.local/lib/python3.7/site-packages/airflow/example_dags/example_sensor_decorator.py took 0.141 seconds
