[2023-02-15T22:10:54.607+0000] {processor.py:153} INFO - Started process (PID=81) to work on /home/airflow/.local/lib/python3.7/site-packages/airflow/example_dags/example_subdag_operator.py
[2023-02-15T22:10:54.608+0000] {processor.py:743} INFO - Processing file /home/airflow/.local/lib/python3.7/site-packages/airflow/example_dags/example_subdag_operator.py for tasks to queue
[2023-02-15T22:10:54.609+0000] {logging_mixin.py:137} INFO - [2023-02-15T22:10:54.609+0000] {dagbag.py:538} INFO - Filling up the DagBag from /home/airflow/.local/lib/python3.7/site-packages/airflow/example_dags/example_subdag_operator.py
[2023-02-15T22:10:54.981+0000] {processor.py:753} INFO - DAG(s) dict_keys(['example_subdag_operator.section-1', 'example_subdag_operator.section-2', 'example_subdag_operator']) retrieved from /home/airflow/.local/lib/python3.7/site-packages/airflow/example_dags/example_subdag_operator.py
[2023-02-15T22:10:55.141+0000] {logging_mixin.py:137} INFO - [2023-02-15T22:10:55.141+0000] {dag.py:2690} INFO - Sync 3 DAGs
[2023-02-15T22:10:55.351+0000] {logging_mixin.py:137} INFO - [2023-02-15T22:10:55.350+0000] {dag.py:3441} INFO - Setting next_dagrun for example_subdag_operator to 2022-01-01T00:00:00+00:00, run_after=2022-01-01T00:00:00+00:00
[2023-02-15T22:10:55.367+0000] {logging_mixin.py:137} INFO - [2023-02-15T22:10:55.354+0000] {dag.py:3441} INFO - Setting next_dagrun for example_subdag_operator.section-1 to None, run_after=None
[2023-02-15T22:10:55.369+0000] {logging_mixin.py:137} INFO - [2023-02-15T22:10:55.369+0000] {dag.py:3441} INFO - Setting next_dagrun for example_subdag_operator.section-2 to None, run_after=None
[2023-02-15T22:10:55.390+0000] {logging_mixin.py:137} INFO - [2023-02-15T22:10:55.390+0000] {dag.py:2690} INFO - Sync 2 DAGs
[2023-02-15T22:10:55.407+0000] {logging_mixin.py:137} INFO - [2023-02-15T22:10:55.406+0000] {dag.py:3441} INFO - Setting next_dagrun for example_subdag_operator.section-1 to None, run_after=None
[2023-02-15T22:10:55.407+0000] {logging_mixin.py:137} INFO - [2023-02-15T22:10:55.407+0000] {dag.py:3441} INFO - Setting next_dagrun for example_subdag_operator.section-2 to None, run_after=None
[2023-02-15T22:10:55.620+0000] {processor.py:175} INFO - Processing /home/airflow/.local/lib/python3.7/site-packages/airflow/example_dags/example_subdag_operator.py took 1.075 seconds
[2023-02-15T22:11:25.719+0000] {processor.py:153} INFO - Started process (PID=139) to work on /home/airflow/.local/lib/python3.7/site-packages/airflow/example_dags/example_subdag_operator.py
[2023-02-15T22:11:25.721+0000] {processor.py:743} INFO - Processing file /home/airflow/.local/lib/python3.7/site-packages/airflow/example_dags/example_subdag_operator.py for tasks to queue
[2023-02-15T22:11:25.722+0000] {logging_mixin.py:137} INFO - [2023-02-15T22:11:25.722+0000] {dagbag.py:538} INFO - Filling up the DagBag from /home/airflow/.local/lib/python3.7/site-packages/airflow/example_dags/example_subdag_operator.py
[2023-02-15T22:11:25.861+0000] {processor.py:753} INFO - DAG(s) dict_keys(['example_subdag_operator.section-1', 'example_subdag_operator.section-2', 'example_subdag_operator']) retrieved from /home/airflow/.local/lib/python3.7/site-packages/airflow/example_dags/example_subdag_operator.py
[2023-02-15T22:11:25.957+0000] {logging_mixin.py:137} INFO - [2023-02-15T22:11:25.956+0000] {dag.py:2690} INFO - Sync 3 DAGs
[2023-02-15T22:11:26.099+0000] {logging_mixin.py:137} INFO - [2023-02-15T22:11:26.099+0000] {dag.py:3441} INFO - Setting next_dagrun for example_subdag_operator to 2022-01-01T00:00:00+00:00, run_after=2022-01-01T00:00:00+00:00
[2023-02-15T22:11:26.116+0000] {logging_mixin.py:137} INFO - [2023-02-15T22:11:26.115+0000] {dag.py:3441} INFO - Setting next_dagrun for example_subdag_operator.section-1 to None, run_after=None
[2023-02-15T22:11:26.117+0000] {logging_mixin.py:137} INFO - [2023-02-15T22:11:26.117+0000] {dag.py:3441} INFO - Setting next_dagrun for example_subdag_operator.section-2 to None, run_after=None
[2023-02-15T22:11:26.150+0000] {logging_mixin.py:137} INFO - [2023-02-15T22:11:26.150+0000] {dag.py:2690} INFO - Sync 2 DAGs
[2023-02-15T22:11:26.179+0000] {logging_mixin.py:137} INFO - [2023-02-15T22:11:26.179+0000] {dag.py:3441} INFO - Setting next_dagrun for example_subdag_operator.section-1 to None, run_after=None
[2023-02-15T22:11:26.180+0000] {logging_mixin.py:137} INFO - [2023-02-15T22:11:26.180+0000] {dag.py:3441} INFO - Setting next_dagrun for example_subdag_operator.section-2 to None, run_after=None
[2023-02-15T22:11:26.248+0000] {processor.py:175} INFO - Processing /home/airflow/.local/lib/python3.7/site-packages/airflow/example_dags/example_subdag_operator.py took 0.544 seconds
[2023-02-15T22:11:57.023+0000] {processor.py:153} INFO - Started process (PID=193) to work on /home/airflow/.local/lib/python3.7/site-packages/airflow/example_dags/example_subdag_operator.py
[2023-02-15T22:11:57.024+0000] {processor.py:743} INFO - Processing file /home/airflow/.local/lib/python3.7/site-packages/airflow/example_dags/example_subdag_operator.py for tasks to queue
[2023-02-15T22:11:57.025+0000] {logging_mixin.py:137} INFO - [2023-02-15T22:11:57.025+0000] {dagbag.py:538} INFO - Filling up the DagBag from /home/airflow/.local/lib/python3.7/site-packages/airflow/example_dags/example_subdag_operator.py
[2023-02-15T22:11:57.113+0000] {processor.py:753} INFO - DAG(s) dict_keys(['example_subdag_operator.section-1', 'example_subdag_operator.section-2', 'example_subdag_operator']) retrieved from /home/airflow/.local/lib/python3.7/site-packages/airflow/example_dags/example_subdag_operator.py
[2023-02-15T22:11:57.170+0000] {logging_mixin.py:137} INFO - [2023-02-15T22:11:57.170+0000] {dag.py:2690} INFO - Sync 3 DAGs
[2023-02-15T22:11:57.255+0000] {logging_mixin.py:137} INFO - [2023-02-15T22:11:57.248+0000] {dag.py:3441} INFO - Setting next_dagrun for example_subdag_operator to 2022-01-01T00:00:00+00:00, run_after=2022-01-01T00:00:00+00:00
[2023-02-15T22:11:57.260+0000] {logging_mixin.py:137} INFO - [2023-02-15T22:11:57.259+0000] {dag.py:3441} INFO - Setting next_dagrun for example_subdag_operator.section-1 to None, run_after=None
[2023-02-15T22:11:57.262+0000] {logging_mixin.py:137} INFO - [2023-02-15T22:11:57.262+0000] {dag.py:3441} INFO - Setting next_dagrun for example_subdag_operator.section-2 to None, run_after=None
[2023-02-15T22:11:57.283+0000] {logging_mixin.py:137} INFO - [2023-02-15T22:11:57.282+0000] {dag.py:2690} INFO - Sync 2 DAGs
[2023-02-15T22:11:57.309+0000] {logging_mixin.py:137} INFO - [2023-02-15T22:11:57.308+0000] {dag.py:3441} INFO - Setting next_dagrun for example_subdag_operator.section-1 to None, run_after=None
[2023-02-15T22:11:57.309+0000] {logging_mixin.py:137} INFO - [2023-02-15T22:11:57.309+0000] {dag.py:3441} INFO - Setting next_dagrun for example_subdag_operator.section-2 to None, run_after=None
[2023-02-15T22:11:57.346+0000] {processor.py:175} INFO - Processing /home/airflow/.local/lib/python3.7/site-packages/airflow/example_dags/example_subdag_operator.py took 0.327 seconds
[2023-02-15T22:12:27.678+0000] {processor.py:153} INFO - Started process (PID=256) to work on /home/airflow/.local/lib/python3.7/site-packages/airflow/example_dags/example_subdag_operator.py
[2023-02-15T22:12:27.684+0000] {processor.py:743} INFO - Processing file /home/airflow/.local/lib/python3.7/site-packages/airflow/example_dags/example_subdag_operator.py for tasks to queue
[2023-02-15T22:12:27.685+0000] {logging_mixin.py:137} INFO - [2023-02-15T22:12:27.684+0000] {dagbag.py:538} INFO - Filling up the DagBag from /home/airflow/.local/lib/python3.7/site-packages/airflow/example_dags/example_subdag_operator.py
[2023-02-15T22:12:27.806+0000] {processor.py:753} INFO - DAG(s) dict_keys(['example_subdag_operator.section-1', 'example_subdag_operator.section-2', 'example_subdag_operator']) retrieved from /home/airflow/.local/lib/python3.7/site-packages/airflow/example_dags/example_subdag_operator.py
[2023-02-15T22:12:27.863+0000] {logging_mixin.py:137} INFO - [2023-02-15T22:12:27.863+0000] {dag.py:2690} INFO - Sync 3 DAGs
[2023-02-15T22:12:27.945+0000] {logging_mixin.py:137} INFO - [2023-02-15T22:12:27.945+0000] {dag.py:3441} INFO - Setting next_dagrun for example_subdag_operator to 2022-01-01T00:00:00+00:00, run_after=2022-01-01T00:00:00+00:00
[2023-02-15T22:12:27.960+0000] {logging_mixin.py:137} INFO - [2023-02-15T22:12:27.960+0000] {dag.py:3441} INFO - Setting next_dagrun for example_subdag_operator.section-1 to None, run_after=None
[2023-02-15T22:12:27.962+0000] {logging_mixin.py:137} INFO - [2023-02-15T22:12:27.962+0000] {dag.py:3441} INFO - Setting next_dagrun for example_subdag_operator.section-2 to None, run_after=None
[2023-02-15T22:12:27.993+0000] {logging_mixin.py:137} INFO - [2023-02-15T22:12:27.993+0000] {dag.py:2690} INFO - Sync 2 DAGs
[2023-02-15T22:12:28.010+0000] {logging_mixin.py:137} INFO - [2023-02-15T22:12:28.010+0000] {dag.py:3441} INFO - Setting next_dagrun for example_subdag_operator.section-1 to None, run_after=None
[2023-02-15T22:12:28.010+0000] {logging_mixin.py:137} INFO - [2023-02-15T22:12:28.010+0000] {dag.py:3441} INFO - Setting next_dagrun for example_subdag_operator.section-2 to None, run_after=None
[2023-02-15T22:12:28.076+0000] {processor.py:175} INFO - Processing /home/airflow/.local/lib/python3.7/site-packages/airflow/example_dags/example_subdag_operator.py took 0.421 seconds
[2023-02-15T22:12:58.700+0000] {processor.py:153} INFO - Started process (PID=317) to work on /home/airflow/.local/lib/python3.7/site-packages/airflow/example_dags/example_subdag_operator.py
[2023-02-15T22:12:58.728+0000] {processor.py:743} INFO - Processing file /home/airflow/.local/lib/python3.7/site-packages/airflow/example_dags/example_subdag_operator.py for tasks to queue
[2023-02-15T22:12:58.729+0000] {logging_mixin.py:137} INFO - [2023-02-15T22:12:58.728+0000] {dagbag.py:538} INFO - Filling up the DagBag from /home/airflow/.local/lib/python3.7/site-packages/airflow/example_dags/example_subdag_operator.py
[2023-02-15T22:12:58.933+0000] {processor.py:753} INFO - DAG(s) dict_keys(['example_subdag_operator.section-1', 'example_subdag_operator.section-2', 'example_subdag_operator']) retrieved from /home/airflow/.local/lib/python3.7/site-packages/airflow/example_dags/example_subdag_operator.py
[2023-02-15T22:12:59.012+0000] {logging_mixin.py:137} INFO - [2023-02-15T22:12:59.012+0000] {dag.py:2690} INFO - Sync 3 DAGs
[2023-02-15T22:12:59.125+0000] {logging_mixin.py:137} INFO - [2023-02-15T22:12:59.125+0000] {dag.py:3441} INFO - Setting next_dagrun for example_subdag_operator to 2022-01-01T00:00:00+00:00, run_after=2022-01-01T00:00:00+00:00
[2023-02-15T22:12:59.141+0000] {logging_mixin.py:137} INFO - [2023-02-15T22:12:59.141+0000] {dag.py:3441} INFO - Setting next_dagrun for example_subdag_operator.section-1 to None, run_after=None
[2023-02-15T22:12:59.154+0000] {logging_mixin.py:137} INFO - [2023-02-15T22:12:59.154+0000] {dag.py:3441} INFO - Setting next_dagrun for example_subdag_operator.section-2 to None, run_after=None
[2023-02-15T22:12:59.187+0000] {logging_mixin.py:137} INFO - [2023-02-15T22:12:59.187+0000] {dag.py:2690} INFO - Sync 2 DAGs
[2023-02-15T22:12:59.206+0000] {logging_mixin.py:137} INFO - [2023-02-15T22:12:59.205+0000] {dag.py:3441} INFO - Setting next_dagrun for example_subdag_operator.section-1 to None, run_after=None
[2023-02-15T22:12:59.206+0000] {logging_mixin.py:137} INFO - [2023-02-15T22:12:59.206+0000] {dag.py:3441} INFO - Setting next_dagrun for example_subdag_operator.section-2 to None, run_after=None
[2023-02-15T22:12:59.269+0000] {processor.py:175} INFO - Processing /home/airflow/.local/lib/python3.7/site-packages/airflow/example_dags/example_subdag_operator.py took 0.573 seconds
[2023-02-15T22:13:29.616+0000] {processor.py:153} INFO - Started process (PID=372) to work on /home/airflow/.local/lib/python3.7/site-packages/airflow/example_dags/example_subdag_operator.py
[2023-02-15T22:13:29.629+0000] {processor.py:743} INFO - Processing file /home/airflow/.local/lib/python3.7/site-packages/airflow/example_dags/example_subdag_operator.py for tasks to queue
[2023-02-15T22:13:29.630+0000] {logging_mixin.py:137} INFO - [2023-02-15T22:13:29.630+0000] {dagbag.py:538} INFO - Filling up the DagBag from /home/airflow/.local/lib/python3.7/site-packages/airflow/example_dags/example_subdag_operator.py
[2023-02-15T22:13:29.772+0000] {processor.py:753} INFO - DAG(s) dict_keys(['example_subdag_operator.section-1', 'example_subdag_operator.section-2', 'example_subdag_operator']) retrieved from /home/airflow/.local/lib/python3.7/site-packages/airflow/example_dags/example_subdag_operator.py
[2023-02-15T22:13:29.869+0000] {logging_mixin.py:137} INFO - [2023-02-15T22:13:29.869+0000] {dag.py:2690} INFO - Sync 3 DAGs
[2023-02-15T22:13:29.964+0000] {logging_mixin.py:137} INFO - [2023-02-15T22:13:29.964+0000] {dag.py:3441} INFO - Setting next_dagrun for example_subdag_operator to 2022-01-01T00:00:00+00:00, run_after=2022-01-01T00:00:00+00:00
[2023-02-15T22:13:29.978+0000] {logging_mixin.py:137} INFO - [2023-02-15T22:13:29.978+0000] {dag.py:3441} INFO - Setting next_dagrun for example_subdag_operator.section-1 to None, run_after=None
[2023-02-15T22:13:29.980+0000] {logging_mixin.py:137} INFO - [2023-02-15T22:13:29.980+0000] {dag.py:3441} INFO - Setting next_dagrun for example_subdag_operator.section-2 to None, run_after=None
[2023-02-15T22:13:29.999+0000] {logging_mixin.py:137} INFO - [2023-02-15T22:13:29.999+0000] {dag.py:2690} INFO - Sync 2 DAGs
[2023-02-15T22:13:30.028+0000] {logging_mixin.py:137} INFO - [2023-02-15T22:13:30.028+0000] {dag.py:3441} INFO - Setting next_dagrun for example_subdag_operator.section-1 to None, run_after=None
[2023-02-15T22:13:30.029+0000] {logging_mixin.py:137} INFO - [2023-02-15T22:13:30.028+0000] {dag.py:3441} INFO - Setting next_dagrun for example_subdag_operator.section-2 to None, run_after=None
[2023-02-15T22:13:30.113+0000] {processor.py:175} INFO - Processing /home/airflow/.local/lib/python3.7/site-packages/airflow/example_dags/example_subdag_operator.py took 0.549 seconds
[2023-02-15T22:14:00.702+0000] {processor.py:153} INFO - Started process (PID=435) to work on /home/airflow/.local/lib/python3.7/site-packages/airflow/example_dags/example_subdag_operator.py
[2023-02-15T22:14:00.703+0000] {processor.py:743} INFO - Processing file /home/airflow/.local/lib/python3.7/site-packages/airflow/example_dags/example_subdag_operator.py for tasks to queue
[2023-02-15T22:14:00.703+0000] {logging_mixin.py:137} INFO - [2023-02-15T22:14:00.703+0000] {dagbag.py:538} INFO - Filling up the DagBag from /home/airflow/.local/lib/python3.7/site-packages/airflow/example_dags/example_subdag_operator.py
[2023-02-15T22:14:00.744+0000] {processor.py:753} INFO - DAG(s) dict_keys(['example_subdag_operator.section-1', 'example_subdag_operator.section-2', 'example_subdag_operator']) retrieved from /home/airflow/.local/lib/python3.7/site-packages/airflow/example_dags/example_subdag_operator.py
[2023-02-15T22:14:00.766+0000] {logging_mixin.py:137} INFO - [2023-02-15T22:14:00.766+0000] {dag.py:2690} INFO - Sync 3 DAGs
[2023-02-15T22:14:00.799+0000] {logging_mixin.py:137} INFO - [2023-02-15T22:14:00.799+0000] {dag.py:3441} INFO - Setting next_dagrun for example_subdag_operator to 2022-01-01T00:00:00+00:00, run_after=2022-01-01T00:00:00+00:00
[2023-02-15T22:14:00.803+0000] {logging_mixin.py:137} INFO - [2023-02-15T22:14:00.803+0000] {dag.py:3441} INFO - Setting next_dagrun for example_subdag_operator.section-1 to None, run_after=None
[2023-02-15T22:14:00.805+0000] {logging_mixin.py:137} INFO - [2023-02-15T22:14:00.805+0000] {dag.py:3441} INFO - Setting next_dagrun for example_subdag_operator.section-2 to None, run_after=None
[2023-02-15T22:14:00.814+0000] {logging_mixin.py:137} INFO - [2023-02-15T22:14:00.814+0000] {dag.py:2690} INFO - Sync 2 DAGs
[2023-02-15T22:14:00.823+0000] {logging_mixin.py:137} INFO - [2023-02-15T22:14:00.822+0000] {dag.py:3441} INFO - Setting next_dagrun for example_subdag_operator.section-1 to None, run_after=None
[2023-02-15T22:14:00.823+0000] {logging_mixin.py:137} INFO - [2023-02-15T22:14:00.823+0000] {dag.py:3441} INFO - Setting next_dagrun for example_subdag_operator.section-2 to None, run_after=None
[2023-02-15T22:14:00.836+0000] {processor.py:175} INFO - Processing /home/airflow/.local/lib/python3.7/site-packages/airflow/example_dags/example_subdag_operator.py took 0.138 seconds
[2023-02-15T22:14:31.096+0000] {processor.py:153} INFO - Started process (PID=510) to work on /home/airflow/.local/lib/python3.7/site-packages/airflow/example_dags/example_subdag_operator.py
[2023-02-15T22:14:31.097+0000] {processor.py:743} INFO - Processing file /home/airflow/.local/lib/python3.7/site-packages/airflow/example_dags/example_subdag_operator.py for tasks to queue
[2023-02-15T22:14:31.098+0000] {logging_mixin.py:137} INFO - [2023-02-15T22:14:31.098+0000] {dagbag.py:538} INFO - Filling up the DagBag from /home/airflow/.local/lib/python3.7/site-packages/airflow/example_dags/example_subdag_operator.py
[2023-02-15T22:14:31.137+0000] {processor.py:753} INFO - DAG(s) dict_keys(['example_subdag_operator.section-1', 'example_subdag_operator.section-2', 'example_subdag_operator']) retrieved from /home/airflow/.local/lib/python3.7/site-packages/airflow/example_dags/example_subdag_operator.py
[2023-02-15T22:14:31.164+0000] {logging_mixin.py:137} INFO - [2023-02-15T22:14:31.163+0000] {dag.py:2690} INFO - Sync 3 DAGs
[2023-02-15T22:14:31.201+0000] {logging_mixin.py:137} INFO - [2023-02-15T22:14:31.200+0000] {dag.py:3441} INFO - Setting next_dagrun for example_subdag_operator to 2022-01-01T00:00:00+00:00, run_after=2022-01-01T00:00:00+00:00
[2023-02-15T22:14:31.205+0000] {logging_mixin.py:137} INFO - [2023-02-15T22:14:31.205+0000] {dag.py:3441} INFO - Setting next_dagrun for example_subdag_operator.section-1 to None, run_after=None
[2023-02-15T22:14:31.207+0000] {logging_mixin.py:137} INFO - [2023-02-15T22:14:31.207+0000] {dag.py:3441} INFO - Setting next_dagrun for example_subdag_operator.section-2 to None, run_after=None
[2023-02-15T22:14:31.223+0000] {logging_mixin.py:137} INFO - [2023-02-15T22:14:31.222+0000] {dag.py:2690} INFO - Sync 2 DAGs
[2023-02-15T22:14:31.238+0000] {logging_mixin.py:137} INFO - [2023-02-15T22:14:31.238+0000] {dag.py:3441} INFO - Setting next_dagrun for example_subdag_operator.section-1 to None, run_after=None
[2023-02-15T22:14:31.239+0000] {logging_mixin.py:137} INFO - [2023-02-15T22:14:31.238+0000] {dag.py:3441} INFO - Setting next_dagrun for example_subdag_operator.section-2 to None, run_after=None
[2023-02-15T22:14:31.253+0000] {processor.py:175} INFO - Processing /home/airflow/.local/lib/python3.7/site-packages/airflow/example_dags/example_subdag_operator.py took 0.163 seconds
[2023-02-15T22:15:01.402+0000] {processor.py:153} INFO - Started process (PID=575) to work on /home/airflow/.local/lib/python3.7/site-packages/airflow/example_dags/example_subdag_operator.py
[2023-02-15T22:15:01.403+0000] {processor.py:743} INFO - Processing file /home/airflow/.local/lib/python3.7/site-packages/airflow/example_dags/example_subdag_operator.py for tasks to queue
[2023-02-15T22:15:01.403+0000] {logging_mixin.py:137} INFO - [2023-02-15T22:15:01.403+0000] {dagbag.py:538} INFO - Filling up the DagBag from /home/airflow/.local/lib/python3.7/site-packages/airflow/example_dags/example_subdag_operator.py
[2023-02-15T22:15:01.439+0000] {processor.py:753} INFO - DAG(s) dict_keys(['example_subdag_operator.section-1', 'example_subdag_operator.section-2', 'example_subdag_operator']) retrieved from /home/airflow/.local/lib/python3.7/site-packages/airflow/example_dags/example_subdag_operator.py
[2023-02-15T22:15:01.461+0000] {logging_mixin.py:137} INFO - [2023-02-15T22:15:01.461+0000] {dag.py:2690} INFO - Sync 3 DAGs
[2023-02-15T22:15:01.491+0000] {logging_mixin.py:137} INFO - [2023-02-15T22:15:01.491+0000] {dag.py:3441} INFO - Setting next_dagrun for example_subdag_operator to 2022-01-01T00:00:00+00:00, run_after=2022-01-01T00:00:00+00:00
[2023-02-15T22:15:01.496+0000] {logging_mixin.py:137} INFO - [2023-02-15T22:15:01.496+0000] {dag.py:3441} INFO - Setting next_dagrun for example_subdag_operator.section-1 to None, run_after=None
[2023-02-15T22:15:01.498+0000] {logging_mixin.py:137} INFO - [2023-02-15T22:15:01.497+0000] {dag.py:3441} INFO - Setting next_dagrun for example_subdag_operator.section-2 to None, run_after=None
[2023-02-15T22:15:01.507+0000] {logging_mixin.py:137} INFO - [2023-02-15T22:15:01.507+0000] {dag.py:2690} INFO - Sync 2 DAGs
[2023-02-15T22:15:01.513+0000] {logging_mixin.py:137} INFO - [2023-02-15T22:15:01.513+0000] {dag.py:3441} INFO - Setting next_dagrun for example_subdag_operator.section-1 to None, run_after=None
[2023-02-15T22:15:01.513+0000] {logging_mixin.py:137} INFO - [2023-02-15T22:15:01.513+0000] {dag.py:3441} INFO - Setting next_dagrun for example_subdag_operator.section-2 to None, run_after=None
[2023-02-15T22:15:01.537+0000] {processor.py:175} INFO - Processing /home/airflow/.local/lib/python3.7/site-packages/airflow/example_dags/example_subdag_operator.py took 0.139 seconds
[2023-02-15T22:15:31.719+0000] {processor.py:153} INFO - Started process (PID=639) to work on /home/airflow/.local/lib/python3.7/site-packages/airflow/example_dags/example_subdag_operator.py
[2023-02-15T22:15:31.724+0000] {processor.py:743} INFO - Processing file /home/airflow/.local/lib/python3.7/site-packages/airflow/example_dags/example_subdag_operator.py for tasks to queue
[2023-02-15T22:15:31.725+0000] {logging_mixin.py:137} INFO - [2023-02-15T22:15:31.725+0000] {dagbag.py:538} INFO - Filling up the DagBag from /home/airflow/.local/lib/python3.7/site-packages/airflow/example_dags/example_subdag_operator.py
[2023-02-15T22:15:31.759+0000] {processor.py:753} INFO - DAG(s) dict_keys(['example_subdag_operator.section-1', 'example_subdag_operator.section-2', 'example_subdag_operator']) retrieved from /home/airflow/.local/lib/python3.7/site-packages/airflow/example_dags/example_subdag_operator.py
[2023-02-15T22:15:31.782+0000] {logging_mixin.py:137} INFO - [2023-02-15T22:15:31.782+0000] {dag.py:2690} INFO - Sync 3 DAGs
[2023-02-15T22:15:31.812+0000] {logging_mixin.py:137} INFO - [2023-02-15T22:15:31.812+0000] {dag.py:3441} INFO - Setting next_dagrun for example_subdag_operator to 2022-01-01T00:00:00+00:00, run_after=2022-01-01T00:00:00+00:00
[2023-02-15T22:15:31.816+0000] {logging_mixin.py:137} INFO - [2023-02-15T22:15:31.816+0000] {dag.py:3441} INFO - Setting next_dagrun for example_subdag_operator.section-1 to None, run_after=None
[2023-02-15T22:15:31.818+0000] {logging_mixin.py:137} INFO - [2023-02-15T22:15:31.818+0000] {dag.py:3441} INFO - Setting next_dagrun for example_subdag_operator.section-2 to None, run_after=None
[2023-02-15T22:15:31.826+0000] {logging_mixin.py:137} INFO - [2023-02-15T22:15:31.826+0000] {dag.py:2690} INFO - Sync 2 DAGs
[2023-02-15T22:15:31.833+0000] {logging_mixin.py:137} INFO - [2023-02-15T22:15:31.833+0000] {dag.py:3441} INFO - Setting next_dagrun for example_subdag_operator.section-1 to None, run_after=None
[2023-02-15T22:15:31.833+0000] {logging_mixin.py:137} INFO - [2023-02-15T22:15:31.833+0000] {dag.py:3441} INFO - Setting next_dagrun for example_subdag_operator.section-2 to None, run_after=None
[2023-02-15T22:15:31.848+0000] {processor.py:175} INFO - Processing /home/airflow/.local/lib/python3.7/site-packages/airflow/example_dags/example_subdag_operator.py took 0.134 seconds
[2023-02-15T22:16:01.964+0000] {processor.py:153} INFO - Started process (PID=715) to work on /home/airflow/.local/lib/python3.7/site-packages/airflow/example_dags/example_subdag_operator.py
[2023-02-15T22:16:01.965+0000] {processor.py:743} INFO - Processing file /home/airflow/.local/lib/python3.7/site-packages/airflow/example_dags/example_subdag_operator.py for tasks to queue
[2023-02-15T22:16:01.965+0000] {logging_mixin.py:137} INFO - [2023-02-15T22:16:01.965+0000] {dagbag.py:538} INFO - Filling up the DagBag from /home/airflow/.local/lib/python3.7/site-packages/airflow/example_dags/example_subdag_operator.py
[2023-02-15T22:16:02.005+0000] {processor.py:753} INFO - DAG(s) dict_keys(['example_subdag_operator.section-1', 'example_subdag_operator.section-2', 'example_subdag_operator']) retrieved from /home/airflow/.local/lib/python3.7/site-packages/airflow/example_dags/example_subdag_operator.py
[2023-02-15T22:16:02.026+0000] {logging_mixin.py:137} INFO - [2023-02-15T22:16:02.026+0000] {dag.py:2690} INFO - Sync 3 DAGs
[2023-02-15T22:16:02.057+0000] {logging_mixin.py:137} INFO - [2023-02-15T22:16:02.057+0000] {dag.py:3441} INFO - Setting next_dagrun for example_subdag_operator to 2022-01-01T00:00:00+00:00, run_after=2022-01-01T00:00:00+00:00
[2023-02-15T22:16:02.061+0000] {logging_mixin.py:137} INFO - [2023-02-15T22:16:02.061+0000] {dag.py:3441} INFO - Setting next_dagrun for example_subdag_operator.section-1 to None, run_after=None
[2023-02-15T22:16:02.062+0000] {logging_mixin.py:137} INFO - [2023-02-15T22:16:02.062+0000] {dag.py:3441} INFO - Setting next_dagrun for example_subdag_operator.section-2 to None, run_after=None
[2023-02-15T22:16:02.071+0000] {logging_mixin.py:137} INFO - [2023-02-15T22:16:02.071+0000] {dag.py:2690} INFO - Sync 2 DAGs
[2023-02-15T22:16:02.078+0000] {logging_mixin.py:137} INFO - [2023-02-15T22:16:02.078+0000] {dag.py:3441} INFO - Setting next_dagrun for example_subdag_operator.section-1 to None, run_after=None
[2023-02-15T22:16:02.078+0000] {logging_mixin.py:137} INFO - [2023-02-15T22:16:02.078+0000] {dag.py:3441} INFO - Setting next_dagrun for example_subdag_operator.section-2 to None, run_after=None
[2023-02-15T22:16:02.091+0000] {processor.py:175} INFO - Processing /home/airflow/.local/lib/python3.7/site-packages/airflow/example_dags/example_subdag_operator.py took 0.131 seconds
[2023-02-15T22:16:32.177+0000] {processor.py:153} INFO - Started process (PID=779) to work on /home/airflow/.local/lib/python3.7/site-packages/airflow/example_dags/example_subdag_operator.py
[2023-02-15T22:16:32.181+0000] {processor.py:743} INFO - Processing file /home/airflow/.local/lib/python3.7/site-packages/airflow/example_dags/example_subdag_operator.py for tasks to queue
[2023-02-15T22:16:32.182+0000] {logging_mixin.py:137} INFO - [2023-02-15T22:16:32.181+0000] {dagbag.py:538} INFO - Filling up the DagBag from /home/airflow/.local/lib/python3.7/site-packages/airflow/example_dags/example_subdag_operator.py
[2023-02-15T22:16:32.218+0000] {processor.py:753} INFO - DAG(s) dict_keys(['example_subdag_operator.section-1', 'example_subdag_operator.section-2', 'example_subdag_operator']) retrieved from /home/airflow/.local/lib/python3.7/site-packages/airflow/example_dags/example_subdag_operator.py
[2023-02-15T22:16:32.240+0000] {logging_mixin.py:137} INFO - [2023-02-15T22:16:32.240+0000] {dag.py:2690} INFO - Sync 3 DAGs
[2023-02-15T22:16:32.271+0000] {logging_mixin.py:137} INFO - [2023-02-15T22:16:32.271+0000] {dag.py:3441} INFO - Setting next_dagrun for example_subdag_operator to 2022-01-01T00:00:00+00:00, run_after=2022-01-01T00:00:00+00:00
[2023-02-15T22:16:32.276+0000] {logging_mixin.py:137} INFO - [2023-02-15T22:16:32.276+0000] {dag.py:3441} INFO - Setting next_dagrun for example_subdag_operator.section-1 to None, run_after=None
[2023-02-15T22:16:32.277+0000] {logging_mixin.py:137} INFO - [2023-02-15T22:16:32.277+0000] {dag.py:3441} INFO - Setting next_dagrun for example_subdag_operator.section-2 to None, run_after=None
[2023-02-15T22:16:32.286+0000] {logging_mixin.py:137} INFO - [2023-02-15T22:16:32.286+0000] {dag.py:2690} INFO - Sync 2 DAGs
[2023-02-15T22:16:32.293+0000] {logging_mixin.py:137} INFO - [2023-02-15T22:16:32.292+0000] {dag.py:3441} INFO - Setting next_dagrun for example_subdag_operator.section-1 to None, run_after=None
[2023-02-15T22:16:32.293+0000] {logging_mixin.py:137} INFO - [2023-02-15T22:16:32.293+0000] {dag.py:3441} INFO - Setting next_dagrun for example_subdag_operator.section-2 to None, run_after=None
[2023-02-15T22:16:32.307+0000] {processor.py:175} INFO - Processing /home/airflow/.local/lib/python3.7/site-packages/airflow/example_dags/example_subdag_operator.py took 0.134 seconds
[2023-02-15T22:17:02.724+0000] {processor.py:153} INFO - Started process (PID=843) to work on /home/airflow/.local/lib/python3.7/site-packages/airflow/example_dags/example_subdag_operator.py
[2023-02-15T22:17:02.725+0000] {processor.py:743} INFO - Processing file /home/airflow/.local/lib/python3.7/site-packages/airflow/example_dags/example_subdag_operator.py for tasks to queue
[2023-02-15T22:17:02.726+0000] {logging_mixin.py:137} INFO - [2023-02-15T22:17:02.726+0000] {dagbag.py:538} INFO - Filling up the DagBag from /home/airflow/.local/lib/python3.7/site-packages/airflow/example_dags/example_subdag_operator.py
[2023-02-15T22:17:02.806+0000] {processor.py:753} INFO - DAG(s) dict_keys(['example_subdag_operator.section-1', 'example_subdag_operator.section-2', 'example_subdag_operator']) retrieved from /home/airflow/.local/lib/python3.7/site-packages/airflow/example_dags/example_subdag_operator.py
[2023-02-15T22:17:02.838+0000] {logging_mixin.py:137} INFO - [2023-02-15T22:17:02.838+0000] {dag.py:2690} INFO - Sync 3 DAGs
[2023-02-15T22:17:02.883+0000] {logging_mixin.py:137} INFO - [2023-02-15T22:17:02.883+0000] {dag.py:3441} INFO - Setting next_dagrun for example_subdag_operator to 2022-01-01T00:00:00+00:00, run_after=2022-01-01T00:00:00+00:00
[2023-02-15T22:17:02.889+0000] {logging_mixin.py:137} INFO - [2023-02-15T22:17:02.889+0000] {dag.py:3441} INFO - Setting next_dagrun for example_subdag_operator.section-1 to None, run_after=None
[2023-02-15T22:17:02.890+0000] {logging_mixin.py:137} INFO - [2023-02-15T22:17:02.890+0000] {dag.py:3441} INFO - Setting next_dagrun for example_subdag_operator.section-2 to None, run_after=None
[2023-02-15T22:17:02.909+0000] {logging_mixin.py:137} INFO - [2023-02-15T22:17:02.909+0000] {dag.py:2690} INFO - Sync 2 DAGs
[2023-02-15T22:17:02.923+0000] {logging_mixin.py:137} INFO - [2023-02-15T22:17:02.923+0000] {dag.py:3441} INFO - Setting next_dagrun for example_subdag_operator.section-1 to None, run_after=None
[2023-02-15T22:17:02.923+0000] {logging_mixin.py:137} INFO - [2023-02-15T22:17:02.923+0000] {dag.py:3441} INFO - Setting next_dagrun for example_subdag_operator.section-2 to None, run_after=None
[2023-02-15T22:17:02.950+0000] {processor.py:175} INFO - Processing /home/airflow/.local/lib/python3.7/site-packages/airflow/example_dags/example_subdag_operator.py took 0.235 seconds
[2023-02-15T22:17:33.402+0000] {processor.py:153} INFO - Started process (PID=918) to work on /home/airflow/.local/lib/python3.7/site-packages/airflow/example_dags/example_subdag_operator.py
[2023-02-15T22:17:33.405+0000] {processor.py:743} INFO - Processing file /home/airflow/.local/lib/python3.7/site-packages/airflow/example_dags/example_subdag_operator.py for tasks to queue
[2023-02-15T22:17:33.406+0000] {logging_mixin.py:137} INFO - [2023-02-15T22:17:33.406+0000] {dagbag.py:538} INFO - Filling up the DagBag from /home/airflow/.local/lib/python3.7/site-packages/airflow/example_dags/example_subdag_operator.py
[2023-02-15T22:17:33.452+0000] {processor.py:753} INFO - DAG(s) dict_keys(['example_subdag_operator.section-1', 'example_subdag_operator.section-2', 'example_subdag_operator']) retrieved from /home/airflow/.local/lib/python3.7/site-packages/airflow/example_dags/example_subdag_operator.py
[2023-02-15T22:17:33.529+0000] {logging_mixin.py:137} INFO - [2023-02-15T22:17:33.529+0000] {dag.py:2690} INFO - Sync 3 DAGs
[2023-02-15T22:17:33.571+0000] {logging_mixin.py:137} INFO - [2023-02-15T22:17:33.571+0000] {dag.py:3441} INFO - Setting next_dagrun for example_subdag_operator to 2022-01-01T00:00:00+00:00, run_after=2022-01-01T00:00:00+00:00
[2023-02-15T22:17:33.577+0000] {logging_mixin.py:137} INFO - [2023-02-15T22:17:33.577+0000] {dag.py:3441} INFO - Setting next_dagrun for example_subdag_operator.section-1 to None, run_after=None
[2023-02-15T22:17:33.578+0000] {logging_mixin.py:137} INFO - [2023-02-15T22:17:33.578+0000] {dag.py:3441} INFO - Setting next_dagrun for example_subdag_operator.section-2 to None, run_after=None
[2023-02-15T22:17:33.588+0000] {logging_mixin.py:137} INFO - [2023-02-15T22:17:33.588+0000] {dag.py:2690} INFO - Sync 2 DAGs
[2023-02-15T22:17:33.598+0000] {logging_mixin.py:137} INFO - [2023-02-15T22:17:33.598+0000] {dag.py:3441} INFO - Setting next_dagrun for example_subdag_operator.section-1 to None, run_after=None
[2023-02-15T22:17:33.599+0000] {logging_mixin.py:137} INFO - [2023-02-15T22:17:33.599+0000] {dag.py:3441} INFO - Setting next_dagrun for example_subdag_operator.section-2 to None, run_after=None
[2023-02-15T22:17:33.616+0000] {processor.py:175} INFO - Processing /home/airflow/.local/lib/python3.7/site-packages/airflow/example_dags/example_subdag_operator.py took 0.225 seconds
[2023-02-15T22:18:04.040+0000] {processor.py:153} INFO - Started process (PID=982) to work on /home/airflow/.local/lib/python3.7/site-packages/airflow/example_dags/example_subdag_operator.py
[2023-02-15T22:18:04.041+0000] {processor.py:743} INFO - Processing file /home/airflow/.local/lib/python3.7/site-packages/airflow/example_dags/example_subdag_operator.py for tasks to queue
[2023-02-15T22:18:04.041+0000] {logging_mixin.py:137} INFO - [2023-02-15T22:18:04.041+0000] {dagbag.py:538} INFO - Filling up the DagBag from /home/airflow/.local/lib/python3.7/site-packages/airflow/example_dags/example_subdag_operator.py
[2023-02-15T22:18:04.133+0000] {processor.py:753} INFO - DAG(s) dict_keys(['example_subdag_operator.section-1', 'example_subdag_operator.section-2', 'example_subdag_operator']) retrieved from /home/airflow/.local/lib/python3.7/site-packages/airflow/example_dags/example_subdag_operator.py
[2023-02-15T22:18:04.185+0000] {logging_mixin.py:137} INFO - [2023-02-15T22:18:04.185+0000] {dag.py:2690} INFO - Sync 3 DAGs
[2023-02-15T22:18:04.265+0000] {logging_mixin.py:137} INFO - [2023-02-15T22:18:04.260+0000] {dag.py:3441} INFO - Setting next_dagrun for example_subdag_operator to 2022-01-01T00:00:00+00:00, run_after=2022-01-01T00:00:00+00:00
[2023-02-15T22:18:04.272+0000] {logging_mixin.py:137} INFO - [2023-02-15T22:18:04.272+0000] {dag.py:3441} INFO - Setting next_dagrun for example_subdag_operator.section-1 to None, run_after=None
[2023-02-15T22:18:04.274+0000] {logging_mixin.py:137} INFO - [2023-02-15T22:18:04.274+0000] {dag.py:3441} INFO - Setting next_dagrun for example_subdag_operator.section-2 to None, run_after=None
[2023-02-15T22:18:04.294+0000] {logging_mixin.py:137} INFO - [2023-02-15T22:18:04.293+0000] {dag.py:2690} INFO - Sync 2 DAGs
[2023-02-15T22:18:04.303+0000] {logging_mixin.py:137} INFO - [2023-02-15T22:18:04.302+0000] {dag.py:3441} INFO - Setting next_dagrun for example_subdag_operator.section-1 to None, run_after=None
[2023-02-15T22:18:04.307+0000] {logging_mixin.py:137} INFO - [2023-02-15T22:18:04.307+0000] {dag.py:3441} INFO - Setting next_dagrun for example_subdag_operator.section-2 to None, run_after=None
[2023-02-15T22:18:04.346+0000] {processor.py:175} INFO - Processing /home/airflow/.local/lib/python3.7/site-packages/airflow/example_dags/example_subdag_operator.py took 0.311 seconds
[2023-02-15T22:18:34.625+0000] {processor.py:153} INFO - Started process (PID=1044) to work on /home/airflow/.local/lib/python3.7/site-packages/airflow/example_dags/example_subdag_operator.py
[2023-02-15T22:18:34.626+0000] {processor.py:743} INFO - Processing file /home/airflow/.local/lib/python3.7/site-packages/airflow/example_dags/example_subdag_operator.py for tasks to queue
[2023-02-15T22:18:34.627+0000] {logging_mixin.py:137} INFO - [2023-02-15T22:18:34.627+0000] {dagbag.py:538} INFO - Filling up the DagBag from /home/airflow/.local/lib/python3.7/site-packages/airflow/example_dags/example_subdag_operator.py
[2023-02-15T22:18:34.679+0000] {processor.py:753} INFO - DAG(s) dict_keys(['example_subdag_operator.section-1', 'example_subdag_operator.section-2', 'example_subdag_operator']) retrieved from /home/airflow/.local/lib/python3.7/site-packages/airflow/example_dags/example_subdag_operator.py
[2023-02-15T22:18:34.706+0000] {logging_mixin.py:137} INFO - [2023-02-15T22:18:34.706+0000] {dag.py:2690} INFO - Sync 3 DAGs
[2023-02-15T22:18:34.746+0000] {logging_mixin.py:137} INFO - [2023-02-15T22:18:34.746+0000] {dag.py:3441} INFO - Setting next_dagrun for example_subdag_operator to 2022-01-01T00:00:00+00:00, run_after=2022-01-01T00:00:00+00:00
[2023-02-15T22:18:34.750+0000] {logging_mixin.py:137} INFO - [2023-02-15T22:18:34.750+0000] {dag.py:3441} INFO - Setting next_dagrun for example_subdag_operator.section-1 to None, run_after=None
[2023-02-15T22:18:34.752+0000] {logging_mixin.py:137} INFO - [2023-02-15T22:18:34.752+0000] {dag.py:3441} INFO - Setting next_dagrun for example_subdag_operator.section-2 to None, run_after=None
[2023-02-15T22:18:34.761+0000] {logging_mixin.py:137} INFO - [2023-02-15T22:18:34.761+0000] {dag.py:2690} INFO - Sync 2 DAGs
[2023-02-15T22:18:34.768+0000] {logging_mixin.py:137} INFO - [2023-02-15T22:18:34.768+0000] {dag.py:3441} INFO - Setting next_dagrun for example_subdag_operator.section-1 to None, run_after=None
[2023-02-15T22:18:34.769+0000] {logging_mixin.py:137} INFO - [2023-02-15T22:18:34.768+0000] {dag.py:3441} INFO - Setting next_dagrun for example_subdag_operator.section-2 to None, run_after=None
[2023-02-15T22:18:34.784+0000] {processor.py:175} INFO - Processing /home/airflow/.local/lib/python3.7/site-packages/airflow/example_dags/example_subdag_operator.py took 0.162 seconds
[2023-02-15T22:19:04.944+0000] {processor.py:153} INFO - Started process (PID=1116) to work on /home/airflow/.local/lib/python3.7/site-packages/airflow/example_dags/example_subdag_operator.py
[2023-02-15T22:19:04.945+0000] {processor.py:743} INFO - Processing file /home/airflow/.local/lib/python3.7/site-packages/airflow/example_dags/example_subdag_operator.py for tasks to queue
[2023-02-15T22:19:04.945+0000] {logging_mixin.py:137} INFO - [2023-02-15T22:19:04.945+0000] {dagbag.py:538} INFO - Filling up the DagBag from /home/airflow/.local/lib/python3.7/site-packages/airflow/example_dags/example_subdag_operator.py
[2023-02-15T22:19:05.018+0000] {processor.py:753} INFO - DAG(s) dict_keys(['example_subdag_operator.section-1', 'example_subdag_operator.section-2', 'example_subdag_operator']) retrieved from /home/airflow/.local/lib/python3.7/site-packages/airflow/example_dags/example_subdag_operator.py
[2023-02-15T22:19:05.058+0000] {logging_mixin.py:137} INFO - [2023-02-15T22:19:05.058+0000] {dag.py:2690} INFO - Sync 3 DAGs
[2023-02-15T22:19:05.101+0000] {logging_mixin.py:137} INFO - [2023-02-15T22:19:05.101+0000] {dag.py:3441} INFO - Setting next_dagrun for example_subdag_operator to 2022-01-01T00:00:00+00:00, run_after=2022-01-01T00:00:00+00:00
[2023-02-15T22:19:05.105+0000] {logging_mixin.py:137} INFO - [2023-02-15T22:19:05.105+0000] {dag.py:3441} INFO - Setting next_dagrun for example_subdag_operator.section-1 to None, run_after=None
[2023-02-15T22:19:05.107+0000] {logging_mixin.py:137} INFO - [2023-02-15T22:19:05.107+0000] {dag.py:3441} INFO - Setting next_dagrun for example_subdag_operator.section-2 to None, run_after=None
[2023-02-15T22:19:05.128+0000] {logging_mixin.py:137} INFO - [2023-02-15T22:19:05.127+0000] {dag.py:2690} INFO - Sync 2 DAGs
[2023-02-15T22:19:05.146+0000] {logging_mixin.py:137} INFO - [2023-02-15T22:19:05.146+0000] {dag.py:3441} INFO - Setting next_dagrun for example_subdag_operator.section-1 to None, run_after=None
[2023-02-15T22:19:05.146+0000] {logging_mixin.py:137} INFO - [2023-02-15T22:19:05.146+0000] {dag.py:3441} INFO - Setting next_dagrun for example_subdag_operator.section-2 to None, run_after=None
[2023-02-15T22:19:05.178+0000] {processor.py:175} INFO - Processing /home/airflow/.local/lib/python3.7/site-packages/airflow/example_dags/example_subdag_operator.py took 0.240 seconds
[2023-02-15T22:19:35.299+0000] {processor.py:153} INFO - Started process (PID=1182) to work on /home/airflow/.local/lib/python3.7/site-packages/airflow/example_dags/example_subdag_operator.py
[2023-02-15T22:19:35.302+0000] {processor.py:743} INFO - Processing file /home/airflow/.local/lib/python3.7/site-packages/airflow/example_dags/example_subdag_operator.py for tasks to queue
[2023-02-15T22:19:35.303+0000] {logging_mixin.py:137} INFO - [2023-02-15T22:19:35.303+0000] {dagbag.py:538} INFO - Filling up the DagBag from /home/airflow/.local/lib/python3.7/site-packages/airflow/example_dags/example_subdag_operator.py
[2023-02-15T22:19:35.357+0000] {processor.py:753} INFO - DAG(s) dict_keys(['example_subdag_operator.section-1', 'example_subdag_operator.section-2', 'example_subdag_operator']) retrieved from /home/airflow/.local/lib/python3.7/site-packages/airflow/example_dags/example_subdag_operator.py
[2023-02-15T22:19:35.379+0000] {logging_mixin.py:137} INFO - [2023-02-15T22:19:35.378+0000] {dag.py:2690} INFO - Sync 3 DAGs
[2023-02-15T22:19:35.411+0000] {logging_mixin.py:137} INFO - [2023-02-15T22:19:35.410+0000] {dag.py:3441} INFO - Setting next_dagrun for example_subdag_operator to 2022-01-01T00:00:00+00:00, run_after=2022-01-01T00:00:00+00:00
[2023-02-15T22:19:35.415+0000] {logging_mixin.py:137} INFO - [2023-02-15T22:19:35.415+0000] {dag.py:3441} INFO - Setting next_dagrun for example_subdag_operator.section-1 to None, run_after=None
[2023-02-15T22:19:35.417+0000] {logging_mixin.py:137} INFO - [2023-02-15T22:19:35.417+0000] {dag.py:3441} INFO - Setting next_dagrun for example_subdag_operator.section-2 to None, run_after=None
[2023-02-15T22:19:35.426+0000] {logging_mixin.py:137} INFO - [2023-02-15T22:19:35.426+0000] {dag.py:2690} INFO - Sync 2 DAGs
[2023-02-15T22:19:35.432+0000] {logging_mixin.py:137} INFO - [2023-02-15T22:19:35.432+0000] {dag.py:3441} INFO - Setting next_dagrun for example_subdag_operator.section-1 to None, run_after=None
[2023-02-15T22:19:35.432+0000] {logging_mixin.py:137} INFO - [2023-02-15T22:19:35.432+0000] {dag.py:3441} INFO - Setting next_dagrun for example_subdag_operator.section-2 to None, run_after=None
[2023-02-15T22:19:35.444+0000] {processor.py:175} INFO - Processing /home/airflow/.local/lib/python3.7/site-packages/airflow/example_dags/example_subdag_operator.py took 0.149 seconds
[2023-02-15T22:20:06.191+0000] {processor.py:153} INFO - Started process (PID=1245) to work on /home/airflow/.local/lib/python3.7/site-packages/airflow/example_dags/example_subdag_operator.py
[2023-02-15T22:20:06.192+0000] {processor.py:743} INFO - Processing file /home/airflow/.local/lib/python3.7/site-packages/airflow/example_dags/example_subdag_operator.py for tasks to queue
[2023-02-15T22:20:06.193+0000] {logging_mixin.py:137} INFO - [2023-02-15T22:20:06.193+0000] {dagbag.py:538} INFO - Filling up the DagBag from /home/airflow/.local/lib/python3.7/site-packages/airflow/example_dags/example_subdag_operator.py
[2023-02-15T22:20:06.231+0000] {processor.py:753} INFO - DAG(s) dict_keys(['example_subdag_operator.section-1', 'example_subdag_operator.section-2', 'example_subdag_operator']) retrieved from /home/airflow/.local/lib/python3.7/site-packages/airflow/example_dags/example_subdag_operator.py
[2023-02-15T22:20:06.252+0000] {logging_mixin.py:137} INFO - [2023-02-15T22:20:06.251+0000] {dag.py:2690} INFO - Sync 3 DAGs
[2023-02-15T22:20:06.281+0000] {logging_mixin.py:137} INFO - [2023-02-15T22:20:06.281+0000] {dag.py:3441} INFO - Setting next_dagrun for example_subdag_operator to 2022-01-01T00:00:00+00:00, run_after=2022-01-01T00:00:00+00:00
[2023-02-15T22:20:06.285+0000] {logging_mixin.py:137} INFO - [2023-02-15T22:20:06.285+0000] {dag.py:3441} INFO - Setting next_dagrun for example_subdag_operator.section-1 to None, run_after=None
[2023-02-15T22:20:06.287+0000] {logging_mixin.py:137} INFO - [2023-02-15T22:20:06.287+0000] {dag.py:3441} INFO - Setting next_dagrun for example_subdag_operator.section-2 to None, run_after=None
[2023-02-15T22:20:06.296+0000] {logging_mixin.py:137} INFO - [2023-02-15T22:20:06.296+0000] {dag.py:2690} INFO - Sync 2 DAGs
[2023-02-15T22:20:06.302+0000] {logging_mixin.py:137} INFO - [2023-02-15T22:20:06.302+0000] {dag.py:3441} INFO - Setting next_dagrun for example_subdag_operator.section-1 to None, run_after=None
[2023-02-15T22:20:06.303+0000] {logging_mixin.py:137} INFO - [2023-02-15T22:20:06.303+0000] {dag.py:3441} INFO - Setting next_dagrun for example_subdag_operator.section-2 to None, run_after=None
[2023-02-15T22:20:06.315+0000] {processor.py:175} INFO - Processing /home/airflow/.local/lib/python3.7/site-packages/airflow/example_dags/example_subdag_operator.py took 0.128 seconds
[2023-02-15T22:20:37.191+0000] {processor.py:153} INFO - Started process (PID=1317) to work on /home/airflow/.local/lib/python3.7/site-packages/airflow/example_dags/example_subdag_operator.py
[2023-02-15T22:20:37.192+0000] {processor.py:743} INFO - Processing file /home/airflow/.local/lib/python3.7/site-packages/airflow/example_dags/example_subdag_operator.py for tasks to queue
[2023-02-15T22:20:37.192+0000] {logging_mixin.py:137} INFO - [2023-02-15T22:20:37.192+0000] {dagbag.py:538} INFO - Filling up the DagBag from /home/airflow/.local/lib/python3.7/site-packages/airflow/example_dags/example_subdag_operator.py
[2023-02-15T22:20:37.295+0000] {processor.py:753} INFO - DAG(s) dict_keys(['example_subdag_operator.section-1', 'example_subdag_operator.section-2', 'example_subdag_operator']) retrieved from /home/airflow/.local/lib/python3.7/site-packages/airflow/example_dags/example_subdag_operator.py
[2023-02-15T22:20:37.351+0000] {logging_mixin.py:137} INFO - [2023-02-15T22:20:37.351+0000] {dag.py:2690} INFO - Sync 3 DAGs
[2023-02-15T22:20:37.405+0000] {logging_mixin.py:137} INFO - [2023-02-15T22:20:37.404+0000] {dag.py:3441} INFO - Setting next_dagrun for example_subdag_operator to 2022-01-01T00:00:00+00:00, run_after=2022-01-01T00:00:00+00:00
[2023-02-15T22:20:37.416+0000] {logging_mixin.py:137} INFO - [2023-02-15T22:20:37.416+0000] {dag.py:3441} INFO - Setting next_dagrun for example_subdag_operator.section-1 to None, run_after=None
[2023-02-15T22:20:37.418+0000] {logging_mixin.py:137} INFO - [2023-02-15T22:20:37.418+0000] {dag.py:3441} INFO - Setting next_dagrun for example_subdag_operator.section-2 to None, run_after=None
[2023-02-15T22:20:37.433+0000] {logging_mixin.py:137} INFO - [2023-02-15T22:20:37.433+0000] {dag.py:2690} INFO - Sync 2 DAGs
[2023-02-15T22:20:37.455+0000] {logging_mixin.py:137} INFO - [2023-02-15T22:20:37.454+0000] {dag.py:3441} INFO - Setting next_dagrun for example_subdag_operator.section-1 to None, run_after=None
[2023-02-15T22:20:37.457+0000] {logging_mixin.py:137} INFO - [2023-02-15T22:20:37.457+0000] {dag.py:3441} INFO - Setting next_dagrun for example_subdag_operator.section-2 to None, run_after=None
[2023-02-15T22:20:37.485+0000] {processor.py:175} INFO - Processing /home/airflow/.local/lib/python3.7/site-packages/airflow/example_dags/example_subdag_operator.py took 0.298 seconds
[2023-02-15T22:21:07.634+0000] {processor.py:153} INFO - Started process (PID=1383) to work on /home/airflow/.local/lib/python3.7/site-packages/airflow/example_dags/example_subdag_operator.py
[2023-02-15T22:21:07.641+0000] {processor.py:743} INFO - Processing file /home/airflow/.local/lib/python3.7/site-packages/airflow/example_dags/example_subdag_operator.py for tasks to queue
[2023-02-15T22:21:07.641+0000] {logging_mixin.py:137} INFO - [2023-02-15T22:21:07.641+0000] {dagbag.py:538} INFO - Filling up the DagBag from /home/airflow/.local/lib/python3.7/site-packages/airflow/example_dags/example_subdag_operator.py
[2023-02-15T22:21:07.685+0000] {processor.py:753} INFO - DAG(s) dict_keys(['example_subdag_operator.section-1', 'example_subdag_operator.section-2', 'example_subdag_operator']) retrieved from /home/airflow/.local/lib/python3.7/site-packages/airflow/example_dags/example_subdag_operator.py
[2023-02-15T22:21:07.706+0000] {logging_mixin.py:137} INFO - [2023-02-15T22:21:07.706+0000] {dag.py:2690} INFO - Sync 3 DAGs
[2023-02-15T22:21:07.736+0000] {logging_mixin.py:137} INFO - [2023-02-15T22:21:07.736+0000] {dag.py:3441} INFO - Setting next_dagrun for example_subdag_operator to 2022-01-01T00:00:00+00:00, run_after=2022-01-01T00:00:00+00:00
[2023-02-15T22:21:07.740+0000] {logging_mixin.py:137} INFO - [2023-02-15T22:21:07.740+0000] {dag.py:3441} INFO - Setting next_dagrun for example_subdag_operator.section-1 to None, run_after=None
[2023-02-15T22:21:07.742+0000] {logging_mixin.py:137} INFO - [2023-02-15T22:21:07.742+0000] {dag.py:3441} INFO - Setting next_dagrun for example_subdag_operator.section-2 to None, run_after=None
[2023-02-15T22:21:07.751+0000] {logging_mixin.py:137} INFO - [2023-02-15T22:21:07.751+0000] {dag.py:2690} INFO - Sync 2 DAGs
[2023-02-15T22:21:07.758+0000] {logging_mixin.py:137} INFO - [2023-02-15T22:21:07.758+0000] {dag.py:3441} INFO - Setting next_dagrun for example_subdag_operator.section-1 to None, run_after=None
[2023-02-15T22:21:07.759+0000] {logging_mixin.py:137} INFO - [2023-02-15T22:21:07.759+0000] {dag.py:3441} INFO - Setting next_dagrun for example_subdag_operator.section-2 to None, run_after=None
[2023-02-15T22:21:07.774+0000] {processor.py:175} INFO - Processing /home/airflow/.local/lib/python3.7/site-packages/airflow/example_dags/example_subdag_operator.py took 0.144 seconds
[2023-02-15T22:21:38.037+0000] {processor.py:153} INFO - Started process (PID=1447) to work on /home/airflow/.local/lib/python3.7/site-packages/airflow/example_dags/example_subdag_operator.py
[2023-02-15T22:21:38.037+0000] {processor.py:743} INFO - Processing file /home/airflow/.local/lib/python3.7/site-packages/airflow/example_dags/example_subdag_operator.py for tasks to queue
[2023-02-15T22:21:38.038+0000] {logging_mixin.py:137} INFO - [2023-02-15T22:21:38.038+0000] {dagbag.py:538} INFO - Filling up the DagBag from /home/airflow/.local/lib/python3.7/site-packages/airflow/example_dags/example_subdag_operator.py
[2023-02-15T22:21:38.082+0000] {processor.py:753} INFO - DAG(s) dict_keys(['example_subdag_operator.section-1', 'example_subdag_operator.section-2', 'example_subdag_operator']) retrieved from /home/airflow/.local/lib/python3.7/site-packages/airflow/example_dags/example_subdag_operator.py
[2023-02-15T22:21:38.107+0000] {logging_mixin.py:137} INFO - [2023-02-15T22:21:38.107+0000] {dag.py:2690} INFO - Sync 3 DAGs
[2023-02-15T22:21:38.139+0000] {logging_mixin.py:137} INFO - [2023-02-15T22:21:38.139+0000] {dag.py:3441} INFO - Setting next_dagrun for example_subdag_operator to 2022-01-01T00:00:00+00:00, run_after=2022-01-01T00:00:00+00:00
[2023-02-15T22:21:38.149+0000] {logging_mixin.py:137} INFO - [2023-02-15T22:21:38.149+0000] {dag.py:3441} INFO - Setting next_dagrun for example_subdag_operator.section-1 to None, run_after=None
[2023-02-15T22:21:38.150+0000] {logging_mixin.py:137} INFO - [2023-02-15T22:21:38.150+0000] {dag.py:3441} INFO - Setting next_dagrun for example_subdag_operator.section-2 to None, run_after=None
[2023-02-15T22:21:38.161+0000] {logging_mixin.py:137} INFO - [2023-02-15T22:21:38.161+0000] {dag.py:2690} INFO - Sync 2 DAGs
[2023-02-15T22:21:38.168+0000] {logging_mixin.py:137} INFO - [2023-02-15T22:21:38.168+0000] {dag.py:3441} INFO - Setting next_dagrun for example_subdag_operator.section-1 to None, run_after=None
[2023-02-15T22:21:38.168+0000] {logging_mixin.py:137} INFO - [2023-02-15T22:21:38.168+0000] {dag.py:3441} INFO - Setting next_dagrun for example_subdag_operator.section-2 to None, run_after=None
[2023-02-15T22:21:38.184+0000] {processor.py:175} INFO - Processing /home/airflow/.local/lib/python3.7/site-packages/airflow/example_dags/example_subdag_operator.py took 0.151 seconds
[2023-02-15T22:22:08.237+0000] {processor.py:153} INFO - Started process (PID=1521) to work on /home/airflow/.local/lib/python3.7/site-packages/airflow/example_dags/example_subdag_operator.py
[2023-02-15T22:22:08.238+0000] {processor.py:743} INFO - Processing file /home/airflow/.local/lib/python3.7/site-packages/airflow/example_dags/example_subdag_operator.py for tasks to queue
[2023-02-15T22:22:08.239+0000] {logging_mixin.py:137} INFO - [2023-02-15T22:22:08.239+0000] {dagbag.py:538} INFO - Filling up the DagBag from /home/airflow/.local/lib/python3.7/site-packages/airflow/example_dags/example_subdag_operator.py
[2023-02-15T22:22:08.318+0000] {processor.py:753} INFO - DAG(s) dict_keys(['example_subdag_operator.section-1', 'example_subdag_operator.section-2', 'example_subdag_operator']) retrieved from /home/airflow/.local/lib/python3.7/site-packages/airflow/example_dags/example_subdag_operator.py
[2023-02-15T22:22:08.365+0000] {logging_mixin.py:137} INFO - [2023-02-15T22:22:08.356+0000] {dag.py:2690} INFO - Sync 3 DAGs
[2023-02-15T22:22:08.424+0000] {logging_mixin.py:137} INFO - [2023-02-15T22:22:08.423+0000] {dag.py:3441} INFO - Setting next_dagrun for example_subdag_operator to 2022-01-01T00:00:00+00:00, run_after=2022-01-01T00:00:00+00:00
[2023-02-15T22:22:08.430+0000] {logging_mixin.py:137} INFO - [2023-02-15T22:22:08.430+0000] {dag.py:3441} INFO - Setting next_dagrun for example_subdag_operator.section-1 to None, run_after=None
[2023-02-15T22:22:08.432+0000] {logging_mixin.py:137} INFO - [2023-02-15T22:22:08.432+0000] {dag.py:3441} INFO - Setting next_dagrun for example_subdag_operator.section-2 to None, run_after=None
[2023-02-15T22:22:08.446+0000] {logging_mixin.py:137} INFO - [2023-02-15T22:22:08.445+0000] {dag.py:2690} INFO - Sync 2 DAGs
[2023-02-15T22:22:08.462+0000] {logging_mixin.py:137} INFO - [2023-02-15T22:22:08.462+0000] {dag.py:3441} INFO - Setting next_dagrun for example_subdag_operator.section-1 to None, run_after=None
[2023-02-15T22:22:08.463+0000] {logging_mixin.py:137} INFO - [2023-02-15T22:22:08.463+0000] {dag.py:3441} INFO - Setting next_dagrun for example_subdag_operator.section-2 to None, run_after=None
[2023-02-15T22:22:08.481+0000] {processor.py:175} INFO - Processing /home/airflow/.local/lib/python3.7/site-packages/airflow/example_dags/example_subdag_operator.py took 0.250 seconds
[2023-02-15T22:22:38.807+0000] {processor.py:153} INFO - Started process (PID=1587) to work on /home/airflow/.local/lib/python3.7/site-packages/airflow/example_dags/example_subdag_operator.py
[2023-02-15T22:22:38.808+0000] {processor.py:743} INFO - Processing file /home/airflow/.local/lib/python3.7/site-packages/airflow/example_dags/example_subdag_operator.py for tasks to queue
[2023-02-15T22:22:38.809+0000] {logging_mixin.py:137} INFO - [2023-02-15T22:22:38.809+0000] {dagbag.py:538} INFO - Filling up the DagBag from /home/airflow/.local/lib/python3.7/site-packages/airflow/example_dags/example_subdag_operator.py
[2023-02-15T22:22:38.861+0000] {processor.py:753} INFO - DAG(s) dict_keys(['example_subdag_operator.section-1', 'example_subdag_operator.section-2', 'example_subdag_operator']) retrieved from /home/airflow/.local/lib/python3.7/site-packages/airflow/example_dags/example_subdag_operator.py
[2023-02-15T22:22:38.887+0000] {logging_mixin.py:137} INFO - [2023-02-15T22:22:38.887+0000] {dag.py:2690} INFO - Sync 3 DAGs
[2023-02-15T22:22:38.932+0000] {logging_mixin.py:137} INFO - [2023-02-15T22:22:38.932+0000] {dag.py:3441} INFO - Setting next_dagrun for example_subdag_operator to 2022-01-01T00:00:00+00:00, run_after=2022-01-01T00:00:00+00:00
[2023-02-15T22:22:38.937+0000] {logging_mixin.py:137} INFO - [2023-02-15T22:22:38.937+0000] {dag.py:3441} INFO - Setting next_dagrun for example_subdag_operator.section-1 to None, run_after=None
[2023-02-15T22:22:38.939+0000] {logging_mixin.py:137} INFO - [2023-02-15T22:22:38.939+0000] {dag.py:3441} INFO - Setting next_dagrun for example_subdag_operator.section-2 to None, run_after=None
[2023-02-15T22:22:38.955+0000] {logging_mixin.py:137} INFO - [2023-02-15T22:22:38.955+0000] {dag.py:2690} INFO - Sync 2 DAGs
[2023-02-15T22:22:38.965+0000] {logging_mixin.py:137} INFO - [2023-02-15T22:22:38.965+0000] {dag.py:3441} INFO - Setting next_dagrun for example_subdag_operator.section-1 to None, run_after=None
[2023-02-15T22:22:38.965+0000] {logging_mixin.py:137} INFO - [2023-02-15T22:22:38.965+0000] {dag.py:3441} INFO - Setting next_dagrun for example_subdag_operator.section-2 to None, run_after=None
[2023-02-15T22:22:39.005+0000] {processor.py:175} INFO - Processing /home/airflow/.local/lib/python3.7/site-packages/airflow/example_dags/example_subdag_operator.py took 0.208 seconds
[2023-02-15T22:23:09.171+0000] {processor.py:153} INFO - Started process (PID=1650) to work on /home/airflow/.local/lib/python3.7/site-packages/airflow/example_dags/example_subdag_operator.py
[2023-02-15T22:23:09.172+0000] {processor.py:743} INFO - Processing file /home/airflow/.local/lib/python3.7/site-packages/airflow/example_dags/example_subdag_operator.py for tasks to queue
[2023-02-15T22:23:09.173+0000] {logging_mixin.py:137} INFO - [2023-02-15T22:23:09.173+0000] {dagbag.py:538} INFO - Filling up the DagBag from /home/airflow/.local/lib/python3.7/site-packages/airflow/example_dags/example_subdag_operator.py
[2023-02-15T22:23:09.217+0000] {processor.py:753} INFO - DAG(s) dict_keys(['example_subdag_operator.section-1', 'example_subdag_operator.section-2', 'example_subdag_operator']) retrieved from /home/airflow/.local/lib/python3.7/site-packages/airflow/example_dags/example_subdag_operator.py
[2023-02-15T22:23:09.243+0000] {logging_mixin.py:137} INFO - [2023-02-15T22:23:09.242+0000] {dag.py:2690} INFO - Sync 3 DAGs
[2023-02-15T22:23:09.272+0000] {logging_mixin.py:137} INFO - [2023-02-15T22:23:09.272+0000] {dag.py:3441} INFO - Setting next_dagrun for example_subdag_operator to 2022-01-01T00:00:00+00:00, run_after=2022-01-01T00:00:00+00:00
[2023-02-15T22:23:09.276+0000] {logging_mixin.py:137} INFO - [2023-02-15T22:23:09.276+0000] {dag.py:3441} INFO - Setting next_dagrun for example_subdag_operator.section-1 to None, run_after=None
[2023-02-15T22:23:09.277+0000] {logging_mixin.py:137} INFO - [2023-02-15T22:23:09.277+0000] {dag.py:3441} INFO - Setting next_dagrun for example_subdag_operator.section-2 to None, run_after=None
[2023-02-15T22:23:09.286+0000] {logging_mixin.py:137} INFO - [2023-02-15T22:23:09.286+0000] {dag.py:2690} INFO - Sync 2 DAGs
[2023-02-15T22:23:09.292+0000] {logging_mixin.py:137} INFO - [2023-02-15T22:23:09.292+0000] {dag.py:3441} INFO - Setting next_dagrun for example_subdag_operator.section-1 to None, run_after=None
[2023-02-15T22:23:09.293+0000] {logging_mixin.py:137} INFO - [2023-02-15T22:23:09.292+0000] {dag.py:3441} INFO - Setting next_dagrun for example_subdag_operator.section-2 to None, run_after=None
[2023-02-15T22:23:09.308+0000] {processor.py:175} INFO - Processing /home/airflow/.local/lib/python3.7/site-packages/airflow/example_dags/example_subdag_operator.py took 0.140 seconds
