[2023-02-15T22:10:45.979+0000] {processor.py:153} INFO - Started process (PID=68) to work on /home/airflow/.local/lib/python3.7/site-packages/airflow/example_dags/example_branch_datetime_operator.py
[2023-02-15T22:10:45.980+0000] {processor.py:743} INFO - Processing file /home/airflow/.local/lib/python3.7/site-packages/airflow/example_dags/example_branch_datetime_operator.py for tasks to queue
[2023-02-15T22:10:45.980+0000] {logging_mixin.py:137} INFO - [2023-02-15T22:10:45.980+0000] {dagbag.py:538} INFO - Filling up the DagBag from /home/airflow/.local/lib/python3.7/site-packages/airflow/example_dags/example_branch_datetime_operator.py
[2023-02-15T22:10:46.254+0000] {processor.py:753} INFO - DAG(s) dict_keys(['example_branch_datetime_operator_3', 'example_branch_datetime_operator_2', 'example_branch_datetime_operator']) retrieved from /home/airflow/.local/lib/python3.7/site-packages/airflow/example_dags/example_branch_datetime_operator.py
[2023-02-15T22:10:46.638+0000] {logging_mixin.py:137} INFO - [2023-02-15T22:10:46.638+0000] {dag.py:2690} INFO - Sync 3 DAGs
[2023-02-15T22:10:46.845+0000] {logging_mixin.py:137} INFO - [2023-02-15T22:10:46.845+0000] {dag.py:3441} INFO - Setting next_dagrun for example_branch_datetime_operator to 2023-02-14T00:00:00+00:00, run_after=2023-02-15T00:00:00+00:00
[2023-02-15T22:10:46.895+0000] {logging_mixin.py:137} INFO - [2023-02-15T22:10:46.895+0000] {dag.py:3441} INFO - Setting next_dagrun for example_branch_datetime_operator_2 to 2023-02-14T00:00:00+00:00, run_after=2023-02-15T00:00:00+00:00
[2023-02-15T22:10:46.910+0000] {logging_mixin.py:137} INFO - [2023-02-15T22:10:46.910+0000] {dag.py:3441} INFO - Setting next_dagrun for example_branch_datetime_operator_3 to 2023-02-14T00:00:00+00:00, run_after=2023-02-15T00:00:00+00:00
[2023-02-15T22:10:47.071+0000] {processor.py:175} INFO - Processing /home/airflow/.local/lib/python3.7/site-packages/airflow/example_dags/example_branch_datetime_operator.py took 1.123 seconds
[2023-02-15T22:11:17.636+0000] {processor.py:153} INFO - Started process (PID=121) to work on /home/airflow/.local/lib/python3.7/site-packages/airflow/example_dags/example_branch_datetime_operator.py
[2023-02-15T22:11:17.665+0000] {processor.py:743} INFO - Processing file /home/airflow/.local/lib/python3.7/site-packages/airflow/example_dags/example_branch_datetime_operator.py for tasks to queue
[2023-02-15T22:11:17.666+0000] {logging_mixin.py:137} INFO - [2023-02-15T22:11:17.665+0000] {dagbag.py:538} INFO - Filling up the DagBag from /home/airflow/.local/lib/python3.7/site-packages/airflow/example_dags/example_branch_datetime_operator.py
[2023-02-15T22:11:17.732+0000] {processor.py:753} INFO - DAG(s) dict_keys(['example_branch_datetime_operator_2', 'example_branch_datetime_operator', 'example_branch_datetime_operator_3']) retrieved from /home/airflow/.local/lib/python3.7/site-packages/airflow/example_dags/example_branch_datetime_operator.py
[2023-02-15T22:11:17.942+0000] {logging_mixin.py:137} INFO - [2023-02-15T22:11:17.942+0000] {dag.py:2690} INFO - Sync 3 DAGs
[2023-02-15T22:11:18.214+0000] {logging_mixin.py:137} INFO - [2023-02-15T22:11:18.214+0000] {dag.py:3441} INFO - Setting next_dagrun for example_branch_datetime_operator to 2023-02-14T00:00:00+00:00, run_after=2023-02-15T00:00:00+00:00
[2023-02-15T22:11:18.231+0000] {logging_mixin.py:137} INFO - [2023-02-15T22:11:18.231+0000] {dag.py:3441} INFO - Setting next_dagrun for example_branch_datetime_operator_2 to 2023-02-14T00:00:00+00:00, run_after=2023-02-15T00:00:00+00:00
[2023-02-15T22:11:18.234+0000] {logging_mixin.py:137} INFO - [2023-02-15T22:11:18.234+0000] {dag.py:3441} INFO - Setting next_dagrun for example_branch_datetime_operator_3 to 2023-02-14T00:00:00+00:00, run_after=2023-02-15T00:00:00+00:00
[2023-02-15T22:11:18.390+0000] {processor.py:175} INFO - Processing /home/airflow/.local/lib/python3.7/site-packages/airflow/example_dags/example_branch_datetime_operator.py took 0.757 seconds
[2023-02-15T22:11:48.773+0000] {processor.py:153} INFO - Started process (PID=185) to work on /home/airflow/.local/lib/python3.7/site-packages/airflow/example_dags/example_branch_datetime_operator.py
[2023-02-15T22:11:48.800+0000] {processor.py:743} INFO - Processing file /home/airflow/.local/lib/python3.7/site-packages/airflow/example_dags/example_branch_datetime_operator.py for tasks to queue
[2023-02-15T22:11:48.801+0000] {logging_mixin.py:137} INFO - [2023-02-15T22:11:48.800+0000] {dagbag.py:538} INFO - Filling up the DagBag from /home/airflow/.local/lib/python3.7/site-packages/airflow/example_dags/example_branch_datetime_operator.py
[2023-02-15T22:11:48.891+0000] {processor.py:753} INFO - DAG(s) dict_keys(['example_branch_datetime_operator_3', 'example_branch_datetime_operator_2', 'example_branch_datetime_operator']) retrieved from /home/airflow/.local/lib/python3.7/site-packages/airflow/example_dags/example_branch_datetime_operator.py
[2023-02-15T22:11:49.007+0000] {logging_mixin.py:137} INFO - [2023-02-15T22:11:49.007+0000] {dag.py:2690} INFO - Sync 3 DAGs
[2023-02-15T22:11:49.103+0000] {logging_mixin.py:137} INFO - [2023-02-15T22:11:49.103+0000] {dag.py:3441} INFO - Setting next_dagrun for example_branch_datetime_operator to 2023-02-14T00:00:00+00:00, run_after=2023-02-15T00:00:00+00:00
[2023-02-15T22:11:49.119+0000] {logging_mixin.py:137} INFO - [2023-02-15T22:11:49.119+0000] {dag.py:3441} INFO - Setting next_dagrun for example_branch_datetime_operator_2 to 2023-02-14T00:00:00+00:00, run_after=2023-02-15T00:00:00+00:00
[2023-02-15T22:11:49.133+0000] {logging_mixin.py:137} INFO - [2023-02-15T22:11:49.133+0000] {dag.py:3441} INFO - Setting next_dagrun for example_branch_datetime_operator_3 to 2023-02-14T00:00:00+00:00, run_after=2023-02-15T00:00:00+00:00
[2023-02-15T22:11:49.210+0000] {processor.py:175} INFO - Processing /home/airflow/.local/lib/python3.7/site-packages/airflow/example_dags/example_branch_datetime_operator.py took 0.452 seconds
[2023-02-15T22:12:20.212+0000] {processor.py:153} INFO - Started process (PID=242) to work on /home/airflow/.local/lib/python3.7/site-packages/airflow/example_dags/example_branch_datetime_operator.py
[2023-02-15T22:12:20.213+0000] {processor.py:743} INFO - Processing file /home/airflow/.local/lib/python3.7/site-packages/airflow/example_dags/example_branch_datetime_operator.py for tasks to queue
[2023-02-15T22:12:20.214+0000] {logging_mixin.py:137} INFO - [2023-02-15T22:12:20.214+0000] {dagbag.py:538} INFO - Filling up the DagBag from /home/airflow/.local/lib/python3.7/site-packages/airflow/example_dags/example_branch_datetime_operator.py
[2023-02-15T22:12:20.306+0000] {processor.py:753} INFO - DAG(s) dict_keys(['example_branch_datetime_operator', 'example_branch_datetime_operator_3', 'example_branch_datetime_operator_2']) retrieved from /home/airflow/.local/lib/python3.7/site-packages/airflow/example_dags/example_branch_datetime_operator.py
[2023-02-15T22:12:20.667+0000] {logging_mixin.py:137} INFO - [2023-02-15T22:12:20.667+0000] {dag.py:2690} INFO - Sync 3 DAGs
[2023-02-15T22:12:20.845+0000] {logging_mixin.py:137} INFO - [2023-02-15T22:12:20.845+0000] {dag.py:3441} INFO - Setting next_dagrun for example_branch_datetime_operator to 2023-02-14T00:00:00+00:00, run_after=2023-02-15T00:00:00+00:00
[2023-02-15T22:12:20.908+0000] {logging_mixin.py:137} INFO - [2023-02-15T22:12:20.897+0000] {dag.py:3441} INFO - Setting next_dagrun for example_branch_datetime_operator_2 to 2023-02-14T00:00:00+00:00, run_after=2023-02-15T00:00:00+00:00
[2023-02-15T22:12:20.941+0000] {logging_mixin.py:137} INFO - [2023-02-15T22:12:20.941+0000] {dag.py:3441} INFO - Setting next_dagrun for example_branch_datetime_operator_3 to 2023-02-14T00:00:00+00:00, run_after=2023-02-15T00:00:00+00:00
[2023-02-15T22:12:21.194+0000] {processor.py:175} INFO - Processing /home/airflow/.local/lib/python3.7/site-packages/airflow/example_dags/example_branch_datetime_operator.py took 1.010 seconds
[2023-02-15T22:12:51.655+0000] {processor.py:153} INFO - Started process (PID=298) to work on /home/airflow/.local/lib/python3.7/site-packages/airflow/example_dags/example_branch_datetime_operator.py
[2023-02-15T22:12:51.691+0000] {processor.py:743} INFO - Processing file /home/airflow/.local/lib/python3.7/site-packages/airflow/example_dags/example_branch_datetime_operator.py for tasks to queue
[2023-02-15T22:12:51.692+0000] {logging_mixin.py:137} INFO - [2023-02-15T22:12:51.692+0000] {dagbag.py:538} INFO - Filling up the DagBag from /home/airflow/.local/lib/python3.7/site-packages/airflow/example_dags/example_branch_datetime_operator.py
[2023-02-15T22:12:51.729+0000] {processor.py:753} INFO - DAG(s) dict_keys(['example_branch_datetime_operator', 'example_branch_datetime_operator_2', 'example_branch_datetime_operator_3']) retrieved from /home/airflow/.local/lib/python3.7/site-packages/airflow/example_dags/example_branch_datetime_operator.py
[2023-02-15T22:12:51.812+0000] {logging_mixin.py:137} INFO - [2023-02-15T22:12:51.812+0000] {dag.py:2690} INFO - Sync 3 DAGs
[2023-02-15T22:12:51.883+0000] {logging_mixin.py:137} INFO - [2023-02-15T22:12:51.883+0000] {dag.py:3441} INFO - Setting next_dagrun for example_branch_datetime_operator to 2023-02-14T00:00:00+00:00, run_after=2023-02-15T00:00:00+00:00
[2023-02-15T22:12:51.899+0000] {logging_mixin.py:137} INFO - [2023-02-15T22:12:51.899+0000] {dag.py:3441} INFO - Setting next_dagrun for example_branch_datetime_operator_2 to 2023-02-14T00:00:00+00:00, run_after=2023-02-15T00:00:00+00:00
[2023-02-15T22:12:51.902+0000] {logging_mixin.py:137} INFO - [2023-02-15T22:12:51.902+0000] {dag.py:3441} INFO - Setting next_dagrun for example_branch_datetime_operator_3 to 2023-02-14T00:00:00+00:00, run_after=2023-02-15T00:00:00+00:00
[2023-02-15T22:12:51.975+0000] {processor.py:175} INFO - Processing /home/airflow/.local/lib/python3.7/site-packages/airflow/example_dags/example_branch_datetime_operator.py took 0.323 seconds
[2023-02-15T22:13:22.586+0000] {processor.py:153} INFO - Started process (PID=363) to work on /home/airflow/.local/lib/python3.7/site-packages/airflow/example_dags/example_branch_datetime_operator.py
[2023-02-15T22:13:22.590+0000] {processor.py:743} INFO - Processing file /home/airflow/.local/lib/python3.7/site-packages/airflow/example_dags/example_branch_datetime_operator.py for tasks to queue
[2023-02-15T22:13:22.590+0000] {logging_mixin.py:137} INFO - [2023-02-15T22:13:22.590+0000] {dagbag.py:538} INFO - Filling up the DagBag from /home/airflow/.local/lib/python3.7/site-packages/airflow/example_dags/example_branch_datetime_operator.py
[2023-02-15T22:13:22.638+0000] {processor.py:753} INFO - DAG(s) dict_keys(['example_branch_datetime_operator', 'example_branch_datetime_operator_3', 'example_branch_datetime_operator_2']) retrieved from /home/airflow/.local/lib/python3.7/site-packages/airflow/example_dags/example_branch_datetime_operator.py
[2023-02-15T22:13:22.720+0000] {logging_mixin.py:137} INFO - [2023-02-15T22:13:22.720+0000] {dag.py:2690} INFO - Sync 3 DAGs
[2023-02-15T22:13:22.826+0000] {logging_mixin.py:137} INFO - [2023-02-15T22:13:22.826+0000] {dag.py:3441} INFO - Setting next_dagrun for example_branch_datetime_operator to 2023-02-14T00:00:00+00:00, run_after=2023-02-15T00:00:00+00:00
[2023-02-15T22:13:22.843+0000] {logging_mixin.py:137} INFO - [2023-02-15T22:13:22.842+0000] {dag.py:3441} INFO - Setting next_dagrun for example_branch_datetime_operator_2 to 2023-02-14T00:00:00+00:00, run_after=2023-02-15T00:00:00+00:00
[2023-02-15T22:13:22.846+0000] {logging_mixin.py:137} INFO - [2023-02-15T22:13:22.846+0000] {dag.py:3441} INFO - Setting next_dagrun for example_branch_datetime_operator_3 to 2023-02-14T00:00:00+00:00, run_after=2023-02-15T00:00:00+00:00
[2023-02-15T22:13:22.950+0000] {processor.py:175} INFO - Processing /home/airflow/.local/lib/python3.7/site-packages/airflow/example_dags/example_branch_datetime_operator.py took 0.368 seconds
[2023-02-15T22:13:53.173+0000] {processor.py:153} INFO - Started process (PID=426) to work on /home/airflow/.local/lib/python3.7/site-packages/airflow/example_dags/example_branch_datetime_operator.py
[2023-02-15T22:13:53.180+0000] {processor.py:743} INFO - Processing file /home/airflow/.local/lib/python3.7/site-packages/airflow/example_dags/example_branch_datetime_operator.py for tasks to queue
[2023-02-15T22:13:53.181+0000] {logging_mixin.py:137} INFO - [2023-02-15T22:13:53.181+0000] {dagbag.py:538} INFO - Filling up the DagBag from /home/airflow/.local/lib/python3.7/site-packages/airflow/example_dags/example_branch_datetime_operator.py
[2023-02-15T22:13:53.201+0000] {processor.py:753} INFO - DAG(s) dict_keys(['example_branch_datetime_operator_3', 'example_branch_datetime_operator', 'example_branch_datetime_operator_2']) retrieved from /home/airflow/.local/lib/python3.7/site-packages/airflow/example_dags/example_branch_datetime_operator.py
[2023-02-15T22:13:53.240+0000] {logging_mixin.py:137} INFO - [2023-02-15T22:13:53.240+0000] {dag.py:2690} INFO - Sync 3 DAGs
[2023-02-15T22:13:53.272+0000] {logging_mixin.py:137} INFO - [2023-02-15T22:13:53.272+0000] {dag.py:3441} INFO - Setting next_dagrun for example_branch_datetime_operator to 2023-02-14T00:00:00+00:00, run_after=2023-02-15T00:00:00+00:00
[2023-02-15T22:13:53.277+0000] {logging_mixin.py:137} INFO - [2023-02-15T22:13:53.277+0000] {dag.py:3441} INFO - Setting next_dagrun for example_branch_datetime_operator_2 to 2023-02-14T00:00:00+00:00, run_after=2023-02-15T00:00:00+00:00
[2023-02-15T22:13:53.280+0000] {logging_mixin.py:137} INFO - [2023-02-15T22:13:53.280+0000] {dag.py:3441} INFO - Setting next_dagrun for example_branch_datetime_operator_3 to 2023-02-14T00:00:00+00:00, run_after=2023-02-15T00:00:00+00:00
[2023-02-15T22:13:53.300+0000] {processor.py:175} INFO - Processing /home/airflow/.local/lib/python3.7/site-packages/airflow/example_dags/example_branch_datetime_operator.py took 0.130 seconds
[2023-02-15T22:14:23.351+0000] {processor.py:153} INFO - Started process (PID=489) to work on /home/airflow/.local/lib/python3.7/site-packages/airflow/example_dags/example_branch_datetime_operator.py
[2023-02-15T22:14:23.352+0000] {processor.py:743} INFO - Processing file /home/airflow/.local/lib/python3.7/site-packages/airflow/example_dags/example_branch_datetime_operator.py for tasks to queue
[2023-02-15T22:14:23.353+0000] {logging_mixin.py:137} INFO - [2023-02-15T22:14:23.353+0000] {dagbag.py:538} INFO - Filling up the DagBag from /home/airflow/.local/lib/python3.7/site-packages/airflow/example_dags/example_branch_datetime_operator.py
[2023-02-15T22:14:23.375+0000] {processor.py:753} INFO - DAG(s) dict_keys(['example_branch_datetime_operator_2', 'example_branch_datetime_operator_3', 'example_branch_datetime_operator']) retrieved from /home/airflow/.local/lib/python3.7/site-packages/airflow/example_dags/example_branch_datetime_operator.py
[2023-02-15T22:14:23.414+0000] {logging_mixin.py:137} INFO - [2023-02-15T22:14:23.413+0000] {dag.py:2690} INFO - Sync 3 DAGs
[2023-02-15T22:14:23.447+0000] {logging_mixin.py:137} INFO - [2023-02-15T22:14:23.446+0000] {dag.py:3441} INFO - Setting next_dagrun for example_branch_datetime_operator to 2023-02-14T00:00:00+00:00, run_after=2023-02-15T00:00:00+00:00
[2023-02-15T22:14:23.452+0000] {logging_mixin.py:137} INFO - [2023-02-15T22:14:23.452+0000] {dag.py:3441} INFO - Setting next_dagrun for example_branch_datetime_operator_2 to 2023-02-14T00:00:00+00:00, run_after=2023-02-15T00:00:00+00:00
[2023-02-15T22:14:23.455+0000] {logging_mixin.py:137} INFO - [2023-02-15T22:14:23.455+0000] {dag.py:3441} INFO - Setting next_dagrun for example_branch_datetime_operator_3 to 2023-02-14T00:00:00+00:00, run_after=2023-02-15T00:00:00+00:00
[2023-02-15T22:14:23.483+0000] {processor.py:175} INFO - Processing /home/airflow/.local/lib/python3.7/site-packages/airflow/example_dags/example_branch_datetime_operator.py took 0.135 seconds
[2023-02-15T22:14:53.549+0000] {processor.py:153} INFO - Started process (PID=553) to work on /home/airflow/.local/lib/python3.7/site-packages/airflow/example_dags/example_branch_datetime_operator.py
[2023-02-15T22:14:53.557+0000] {processor.py:743} INFO - Processing file /home/airflow/.local/lib/python3.7/site-packages/airflow/example_dags/example_branch_datetime_operator.py for tasks to queue
[2023-02-15T22:14:53.560+0000] {logging_mixin.py:137} INFO - [2023-02-15T22:14:53.558+0000] {dagbag.py:538} INFO - Filling up the DagBag from /home/airflow/.local/lib/python3.7/site-packages/airflow/example_dags/example_branch_datetime_operator.py
[2023-02-15T22:14:53.582+0000] {processor.py:753} INFO - DAG(s) dict_keys(['example_branch_datetime_operator_3', 'example_branch_datetime_operator', 'example_branch_datetime_operator_2']) retrieved from /home/airflow/.local/lib/python3.7/site-packages/airflow/example_dags/example_branch_datetime_operator.py
[2023-02-15T22:14:53.643+0000] {logging_mixin.py:137} INFO - [2023-02-15T22:14:53.643+0000] {dag.py:2690} INFO - Sync 3 DAGs
[2023-02-15T22:14:53.746+0000] {logging_mixin.py:137} INFO - [2023-02-15T22:14:53.746+0000] {dag.py:3441} INFO - Setting next_dagrun for example_branch_datetime_operator to 2023-02-14T00:00:00+00:00, run_after=2023-02-15T00:00:00+00:00
[2023-02-15T22:14:53.764+0000] {logging_mixin.py:137} INFO - [2023-02-15T22:14:53.764+0000] {dag.py:3441} INFO - Setting next_dagrun for example_branch_datetime_operator_2 to 2023-02-14T00:00:00+00:00, run_after=2023-02-15T00:00:00+00:00
[2023-02-15T22:14:53.774+0000] {logging_mixin.py:137} INFO - [2023-02-15T22:14:53.774+0000] {dag.py:3441} INFO - Setting next_dagrun for example_branch_datetime_operator_3 to 2023-02-14T00:00:00+00:00, run_after=2023-02-15T00:00:00+00:00
[2023-02-15T22:14:53.807+0000] {processor.py:175} INFO - Processing /home/airflow/.local/lib/python3.7/site-packages/airflow/example_dags/example_branch_datetime_operator.py took 0.262 seconds
[2023-02-15T22:15:24.006+0000] {processor.py:153} INFO - Started process (PID=630) to work on /home/airflow/.local/lib/python3.7/site-packages/airflow/example_dags/example_branch_datetime_operator.py
[2023-02-15T22:15:24.007+0000] {processor.py:743} INFO - Processing file /home/airflow/.local/lib/python3.7/site-packages/airflow/example_dags/example_branch_datetime_operator.py for tasks to queue
[2023-02-15T22:15:24.008+0000] {logging_mixin.py:137} INFO - [2023-02-15T22:15:24.007+0000] {dagbag.py:538} INFO - Filling up the DagBag from /home/airflow/.local/lib/python3.7/site-packages/airflow/example_dags/example_branch_datetime_operator.py
[2023-02-15T22:15:24.049+0000] {processor.py:753} INFO - DAG(s) dict_keys(['example_branch_datetime_operator', 'example_branch_datetime_operator_3', 'example_branch_datetime_operator_2']) retrieved from /home/airflow/.local/lib/python3.7/site-packages/airflow/example_dags/example_branch_datetime_operator.py
[2023-02-15T22:15:24.128+0000] {logging_mixin.py:137} INFO - [2023-02-15T22:15:24.127+0000] {dag.py:2690} INFO - Sync 3 DAGs
[2023-02-15T22:15:24.217+0000] {logging_mixin.py:137} INFO - [2023-02-15T22:15:24.217+0000] {dag.py:3441} INFO - Setting next_dagrun for example_branch_datetime_operator to 2023-02-14T00:00:00+00:00, run_after=2023-02-15T00:00:00+00:00
[2023-02-15T22:15:24.233+0000] {logging_mixin.py:137} INFO - [2023-02-15T22:15:24.232+0000] {dag.py:3441} INFO - Setting next_dagrun for example_branch_datetime_operator_2 to 2023-02-14T00:00:00+00:00, run_after=2023-02-15T00:00:00+00:00
[2023-02-15T22:15:24.236+0000] {logging_mixin.py:137} INFO - [2023-02-15T22:15:24.236+0000] {dag.py:3441} INFO - Setting next_dagrun for example_branch_datetime_operator_3 to 2023-02-14T00:00:00+00:00, run_after=2023-02-15T00:00:00+00:00
[2023-02-15T22:15:24.305+0000] {processor.py:175} INFO - Processing /home/airflow/.local/lib/python3.7/site-packages/airflow/example_dags/example_branch_datetime_operator.py took 0.303 seconds
[2023-02-15T22:15:55.214+0000] {processor.py:153} INFO - Started process (PID=694) to work on /home/airflow/.local/lib/python3.7/site-packages/airflow/example_dags/example_branch_datetime_operator.py
[2023-02-15T22:15:55.216+0000] {processor.py:743} INFO - Processing file /home/airflow/.local/lib/python3.7/site-packages/airflow/example_dags/example_branch_datetime_operator.py for tasks to queue
[2023-02-15T22:15:55.217+0000] {logging_mixin.py:137} INFO - [2023-02-15T22:15:55.217+0000] {dagbag.py:538} INFO - Filling up the DagBag from /home/airflow/.local/lib/python3.7/site-packages/airflow/example_dags/example_branch_datetime_operator.py
[2023-02-15T22:15:55.255+0000] {processor.py:753} INFO - DAG(s) dict_keys(['example_branch_datetime_operator', 'example_branch_datetime_operator_2', 'example_branch_datetime_operator_3']) retrieved from /home/airflow/.local/lib/python3.7/site-packages/airflow/example_dags/example_branch_datetime_operator.py
[2023-02-15T22:15:55.338+0000] {logging_mixin.py:137} INFO - [2023-02-15T22:15:55.338+0000] {dag.py:2690} INFO - Sync 3 DAGs
[2023-02-15T22:15:55.405+0000] {logging_mixin.py:137} INFO - [2023-02-15T22:15:55.405+0000] {dag.py:3441} INFO - Setting next_dagrun for example_branch_datetime_operator to 2023-02-14T00:00:00+00:00, run_after=2023-02-15T00:00:00+00:00
[2023-02-15T22:15:55.413+0000] {logging_mixin.py:137} INFO - [2023-02-15T22:15:55.413+0000] {dag.py:3441} INFO - Setting next_dagrun for example_branch_datetime_operator_2 to 2023-02-14T00:00:00+00:00, run_after=2023-02-15T00:00:00+00:00
[2023-02-15T22:15:55.417+0000] {logging_mixin.py:137} INFO - [2023-02-15T22:15:55.417+0000] {dag.py:3441} INFO - Setting next_dagrun for example_branch_datetime_operator_3 to 2023-02-14T00:00:00+00:00, run_after=2023-02-15T00:00:00+00:00
[2023-02-15T22:15:55.441+0000] {processor.py:175} INFO - Processing /home/airflow/.local/lib/python3.7/site-packages/airflow/example_dags/example_branch_datetime_operator.py took 0.230 seconds
[2023-02-15T22:16:25.555+0000] {processor.py:153} INFO - Started process (PID=770) to work on /home/airflow/.local/lib/python3.7/site-packages/airflow/example_dags/example_branch_datetime_operator.py
[2023-02-15T22:16:25.556+0000] {processor.py:743} INFO - Processing file /home/airflow/.local/lib/python3.7/site-packages/airflow/example_dags/example_branch_datetime_operator.py for tasks to queue
[2023-02-15T22:16:25.557+0000] {logging_mixin.py:137} INFO - [2023-02-15T22:16:25.557+0000] {dagbag.py:538} INFO - Filling up the DagBag from /home/airflow/.local/lib/python3.7/site-packages/airflow/example_dags/example_branch_datetime_operator.py
[2023-02-15T22:16:25.579+0000] {processor.py:753} INFO - DAG(s) dict_keys(['example_branch_datetime_operator', 'example_branch_datetime_operator_2', 'example_branch_datetime_operator_3']) retrieved from /home/airflow/.local/lib/python3.7/site-packages/airflow/example_dags/example_branch_datetime_operator.py
[2023-02-15T22:16:25.623+0000] {logging_mixin.py:137} INFO - [2023-02-15T22:16:25.622+0000] {dag.py:2690} INFO - Sync 3 DAGs
[2023-02-15T22:16:25.658+0000] {logging_mixin.py:137} INFO - [2023-02-15T22:16:25.658+0000] {dag.py:3441} INFO - Setting next_dagrun for example_branch_datetime_operator to 2023-02-14T00:00:00+00:00, run_after=2023-02-15T00:00:00+00:00
[2023-02-15T22:16:25.664+0000] {logging_mixin.py:137} INFO - [2023-02-15T22:16:25.663+0000] {dag.py:3441} INFO - Setting next_dagrun for example_branch_datetime_operator_2 to 2023-02-14T00:00:00+00:00, run_after=2023-02-15T00:00:00+00:00
[2023-02-15T22:16:25.666+0000] {logging_mixin.py:137} INFO - [2023-02-15T22:16:25.666+0000] {dag.py:3441} INFO - Setting next_dagrun for example_branch_datetime_operator_3 to 2023-02-14T00:00:00+00:00, run_after=2023-02-15T00:00:00+00:00
[2023-02-15T22:16:25.693+0000] {processor.py:175} INFO - Processing /home/airflow/.local/lib/python3.7/site-packages/airflow/example_dags/example_branch_datetime_operator.py took 0.142 seconds
[2023-02-15T22:16:56.115+0000] {processor.py:153} INFO - Started process (PID=834) to work on /home/airflow/.local/lib/python3.7/site-packages/airflow/example_dags/example_branch_datetime_operator.py
[2023-02-15T22:16:56.123+0000] {processor.py:743} INFO - Processing file /home/airflow/.local/lib/python3.7/site-packages/airflow/example_dags/example_branch_datetime_operator.py for tasks to queue
[2023-02-15T22:16:56.124+0000] {logging_mixin.py:137} INFO - [2023-02-15T22:16:56.124+0000] {dagbag.py:538} INFO - Filling up the DagBag from /home/airflow/.local/lib/python3.7/site-packages/airflow/example_dags/example_branch_datetime_operator.py
[2023-02-15T22:16:56.151+0000] {processor.py:753} INFO - DAG(s) dict_keys(['example_branch_datetime_operator', 'example_branch_datetime_operator_3', 'example_branch_datetime_operator_2']) retrieved from /home/airflow/.local/lib/python3.7/site-packages/airflow/example_dags/example_branch_datetime_operator.py
[2023-02-15T22:16:56.213+0000] {logging_mixin.py:137} INFO - [2023-02-15T22:16:56.213+0000] {dag.py:2690} INFO - Sync 3 DAGs
[2023-02-15T22:16:56.252+0000] {logging_mixin.py:137} INFO - [2023-02-15T22:16:56.251+0000] {dag.py:3441} INFO - Setting next_dagrun for example_branch_datetime_operator to 2023-02-14T00:00:00+00:00, run_after=2023-02-15T00:00:00+00:00
[2023-02-15T22:16:56.259+0000] {logging_mixin.py:137} INFO - [2023-02-15T22:16:56.259+0000] {dag.py:3441} INFO - Setting next_dagrun for example_branch_datetime_operator_2 to 2023-02-14T00:00:00+00:00, run_after=2023-02-15T00:00:00+00:00
[2023-02-15T22:16:56.263+0000] {logging_mixin.py:137} INFO - [2023-02-15T22:16:56.263+0000] {dag.py:3441} INFO - Setting next_dagrun for example_branch_datetime_operator_3 to 2023-02-14T00:00:00+00:00, run_after=2023-02-15T00:00:00+00:00
[2023-02-15T22:16:56.292+0000] {processor.py:175} INFO - Processing /home/airflow/.local/lib/python3.7/site-packages/airflow/example_dags/example_branch_datetime_operator.py took 0.181 seconds
[2023-02-15T22:17:26.665+0000] {processor.py:153} INFO - Started process (PID=897) to work on /home/airflow/.local/lib/python3.7/site-packages/airflow/example_dags/example_branch_datetime_operator.py
[2023-02-15T22:17:26.674+0000] {processor.py:743} INFO - Processing file /home/airflow/.local/lib/python3.7/site-packages/airflow/example_dags/example_branch_datetime_operator.py for tasks to queue
[2023-02-15T22:17:26.674+0000] {logging_mixin.py:137} INFO - [2023-02-15T22:17:26.674+0000] {dagbag.py:538} INFO - Filling up the DagBag from /home/airflow/.local/lib/python3.7/site-packages/airflow/example_dags/example_branch_datetime_operator.py
[2023-02-15T22:17:26.696+0000] {processor.py:753} INFO - DAG(s) dict_keys(['example_branch_datetime_operator_3', 'example_branch_datetime_operator', 'example_branch_datetime_operator_2']) retrieved from /home/airflow/.local/lib/python3.7/site-packages/airflow/example_dags/example_branch_datetime_operator.py
[2023-02-15T22:17:26.740+0000] {logging_mixin.py:137} INFO - [2023-02-15T22:17:26.739+0000] {dag.py:2690} INFO - Sync 3 DAGs
[2023-02-15T22:17:26.786+0000] {logging_mixin.py:137} INFO - [2023-02-15T22:17:26.785+0000] {dag.py:3441} INFO - Setting next_dagrun for example_branch_datetime_operator to 2023-02-14T00:00:00+00:00, run_after=2023-02-15T00:00:00+00:00
[2023-02-15T22:17:26.793+0000] {logging_mixin.py:137} INFO - [2023-02-15T22:17:26.792+0000] {dag.py:3441} INFO - Setting next_dagrun for example_branch_datetime_operator_2 to 2023-02-14T00:00:00+00:00, run_after=2023-02-15T00:00:00+00:00
[2023-02-15T22:17:26.797+0000] {logging_mixin.py:137} INFO - [2023-02-15T22:17:26.796+0000] {dag.py:3441} INFO - Setting next_dagrun for example_branch_datetime_operator_3 to 2023-02-14T00:00:00+00:00, run_after=2023-02-15T00:00:00+00:00
[2023-02-15T22:17:26.829+0000] {processor.py:175} INFO - Processing /home/airflow/.local/lib/python3.7/site-packages/airflow/example_dags/example_branch_datetime_operator.py took 0.168 seconds
[2023-02-15T22:17:57.199+0000] {processor.py:153} INFO - Started process (PID=960) to work on /home/airflow/.local/lib/python3.7/site-packages/airflow/example_dags/example_branch_datetime_operator.py
[2023-02-15T22:17:57.200+0000] {processor.py:743} INFO - Processing file /home/airflow/.local/lib/python3.7/site-packages/airflow/example_dags/example_branch_datetime_operator.py for tasks to queue
[2023-02-15T22:17:57.201+0000] {logging_mixin.py:137} INFO - [2023-02-15T22:17:57.201+0000] {dagbag.py:538} INFO - Filling up the DagBag from /home/airflow/.local/lib/python3.7/site-packages/airflow/example_dags/example_branch_datetime_operator.py
[2023-02-15T22:17:57.230+0000] {processor.py:753} INFO - DAG(s) dict_keys(['example_branch_datetime_operator_3', 'example_branch_datetime_operator_2', 'example_branch_datetime_operator']) retrieved from /home/airflow/.local/lib/python3.7/site-packages/airflow/example_dags/example_branch_datetime_operator.py
[2023-02-15T22:17:57.318+0000] {logging_mixin.py:137} INFO - [2023-02-15T22:17:57.318+0000] {dag.py:2690} INFO - Sync 3 DAGs
[2023-02-15T22:17:57.355+0000] {logging_mixin.py:137} INFO - [2023-02-15T22:17:57.355+0000] {dag.py:3441} INFO - Setting next_dagrun for example_branch_datetime_operator to 2023-02-14T00:00:00+00:00, run_after=2023-02-15T00:00:00+00:00
[2023-02-15T22:17:57.362+0000] {logging_mixin.py:137} INFO - [2023-02-15T22:17:57.361+0000] {dag.py:3441} INFO - Setting next_dagrun for example_branch_datetime_operator_2 to 2023-02-14T00:00:00+00:00, run_after=2023-02-15T00:00:00+00:00
[2023-02-15T22:17:57.365+0000] {logging_mixin.py:137} INFO - [2023-02-15T22:17:57.365+0000] {dag.py:3441} INFO - Setting next_dagrun for example_branch_datetime_operator_3 to 2023-02-14T00:00:00+00:00, run_after=2023-02-15T00:00:00+00:00
[2023-02-15T22:17:57.385+0000] {processor.py:175} INFO - Processing /home/airflow/.local/lib/python3.7/site-packages/airflow/example_dags/example_branch_datetime_operator.py took 0.189 seconds
[2023-02-15T22:18:28.050+0000] {processor.py:153} INFO - Started process (PID=1035) to work on /home/airflow/.local/lib/python3.7/site-packages/airflow/example_dags/example_branch_datetime_operator.py
[2023-02-15T22:18:28.052+0000] {processor.py:743} INFO - Processing file /home/airflow/.local/lib/python3.7/site-packages/airflow/example_dags/example_branch_datetime_operator.py for tasks to queue
[2023-02-15T22:18:28.054+0000] {logging_mixin.py:137} INFO - [2023-02-15T22:18:28.053+0000] {dagbag.py:538} INFO - Filling up the DagBag from /home/airflow/.local/lib/python3.7/site-packages/airflow/example_dags/example_branch_datetime_operator.py
[2023-02-15T22:18:28.079+0000] {processor.py:753} INFO - DAG(s) dict_keys(['example_branch_datetime_operator_2', 'example_branch_datetime_operator_3', 'example_branch_datetime_operator']) retrieved from /home/airflow/.local/lib/python3.7/site-packages/airflow/example_dags/example_branch_datetime_operator.py
[2023-02-15T22:18:28.127+0000] {logging_mixin.py:137} INFO - [2023-02-15T22:18:28.126+0000] {dag.py:2690} INFO - Sync 3 DAGs
[2023-02-15T22:18:28.163+0000] {logging_mixin.py:137} INFO - [2023-02-15T22:18:28.163+0000] {dag.py:3441} INFO - Setting next_dagrun for example_branch_datetime_operator to 2023-02-14T00:00:00+00:00, run_after=2023-02-15T00:00:00+00:00
[2023-02-15T22:18:28.174+0000] {logging_mixin.py:137} INFO - [2023-02-15T22:18:28.174+0000] {dag.py:3441} INFO - Setting next_dagrun for example_branch_datetime_operator_2 to 2023-02-14T00:00:00+00:00, run_after=2023-02-15T00:00:00+00:00
[2023-02-15T22:18:28.178+0000] {logging_mixin.py:137} INFO - [2023-02-15T22:18:28.177+0000] {dag.py:3441} INFO - Setting next_dagrun for example_branch_datetime_operator_3 to 2023-02-14T00:00:00+00:00, run_after=2023-02-15T00:00:00+00:00
[2023-02-15T22:18:28.200+0000] {processor.py:175} INFO - Processing /home/airflow/.local/lib/python3.7/site-packages/airflow/example_dags/example_branch_datetime_operator.py took 0.154 seconds
[2023-02-15T22:18:58.292+0000] {processor.py:153} INFO - Started process (PID=1098) to work on /home/airflow/.local/lib/python3.7/site-packages/airflow/example_dags/example_branch_datetime_operator.py
[2023-02-15T22:18:58.293+0000] {processor.py:743} INFO - Processing file /home/airflow/.local/lib/python3.7/site-packages/airflow/example_dags/example_branch_datetime_operator.py for tasks to queue
[2023-02-15T22:18:58.294+0000] {logging_mixin.py:137} INFO - [2023-02-15T22:18:58.293+0000] {dagbag.py:538} INFO - Filling up the DagBag from /home/airflow/.local/lib/python3.7/site-packages/airflow/example_dags/example_branch_datetime_operator.py
[2023-02-15T22:18:58.314+0000] {processor.py:753} INFO - DAG(s) dict_keys(['example_branch_datetime_operator', 'example_branch_datetime_operator_2', 'example_branch_datetime_operator_3']) retrieved from /home/airflow/.local/lib/python3.7/site-packages/airflow/example_dags/example_branch_datetime_operator.py
[2023-02-15T22:18:58.360+0000] {logging_mixin.py:137} INFO - [2023-02-15T22:18:58.360+0000] {dag.py:2690} INFO - Sync 3 DAGs
[2023-02-15T22:18:58.393+0000] {logging_mixin.py:137} INFO - [2023-02-15T22:18:58.392+0000] {dag.py:3441} INFO - Setting next_dagrun for example_branch_datetime_operator to 2023-02-14T00:00:00+00:00, run_after=2023-02-15T00:00:00+00:00
[2023-02-15T22:18:58.398+0000] {logging_mixin.py:137} INFO - [2023-02-15T22:18:58.398+0000] {dag.py:3441} INFO - Setting next_dagrun for example_branch_datetime_operator_2 to 2023-02-14T00:00:00+00:00, run_after=2023-02-15T00:00:00+00:00
[2023-02-15T22:18:58.402+0000] {logging_mixin.py:137} INFO - [2023-02-15T22:18:58.401+0000] {dag.py:3441} INFO - Setting next_dagrun for example_branch_datetime_operator_3 to 2023-02-14T00:00:00+00:00, run_after=2023-02-15T00:00:00+00:00
[2023-02-15T22:18:58.423+0000] {processor.py:175} INFO - Processing /home/airflow/.local/lib/python3.7/site-packages/airflow/example_dags/example_branch_datetime_operator.py took 0.134 seconds
[2023-02-15T22:19:28.684+0000] {processor.py:153} INFO - Started process (PID=1162) to work on /home/airflow/.local/lib/python3.7/site-packages/airflow/example_dags/example_branch_datetime_operator.py
[2023-02-15T22:19:28.687+0000] {processor.py:743} INFO - Processing file /home/airflow/.local/lib/python3.7/site-packages/airflow/example_dags/example_branch_datetime_operator.py for tasks to queue
[2023-02-15T22:19:28.688+0000] {logging_mixin.py:137} INFO - [2023-02-15T22:19:28.688+0000] {dagbag.py:538} INFO - Filling up the DagBag from /home/airflow/.local/lib/python3.7/site-packages/airflow/example_dags/example_branch_datetime_operator.py
[2023-02-15T22:19:28.710+0000] {processor.py:753} INFO - DAG(s) dict_keys(['example_branch_datetime_operator_3', 'example_branch_datetime_operator_2', 'example_branch_datetime_operator']) retrieved from /home/airflow/.local/lib/python3.7/site-packages/airflow/example_dags/example_branch_datetime_operator.py
[2023-02-15T22:19:28.757+0000] {logging_mixin.py:137} INFO - [2023-02-15T22:19:28.757+0000] {dag.py:2690} INFO - Sync 3 DAGs
[2023-02-15T22:19:28.807+0000] {logging_mixin.py:137} INFO - [2023-02-15T22:19:28.807+0000] {dag.py:3441} INFO - Setting next_dagrun for example_branch_datetime_operator to 2023-02-14T00:00:00+00:00, run_after=2023-02-15T00:00:00+00:00
[2023-02-15T22:19:28.831+0000] {logging_mixin.py:137} INFO - [2023-02-15T22:19:28.828+0000] {dag.py:3441} INFO - Setting next_dagrun for example_branch_datetime_operator_2 to 2023-02-14T00:00:00+00:00, run_after=2023-02-15T00:00:00+00:00
[2023-02-15T22:19:28.836+0000] {logging_mixin.py:137} INFO - [2023-02-15T22:19:28.836+0000] {dag.py:3441} INFO - Setting next_dagrun for example_branch_datetime_operator_3 to 2023-02-14T00:00:00+00:00, run_after=2023-02-15T00:00:00+00:00
[2023-02-15T22:19:28.919+0000] {processor.py:175} INFO - Processing /home/airflow/.local/lib/python3.7/site-packages/airflow/example_dags/example_branch_datetime_operator.py took 0.242 seconds
[2023-02-15T22:19:59.442+0000] {processor.py:153} INFO - Started process (PID=1236) to work on /home/airflow/.local/lib/python3.7/site-packages/airflow/example_dags/example_branch_datetime_operator.py
[2023-02-15T22:19:59.449+0000] {processor.py:743} INFO - Processing file /home/airflow/.local/lib/python3.7/site-packages/airflow/example_dags/example_branch_datetime_operator.py for tasks to queue
[2023-02-15T22:19:59.449+0000] {logging_mixin.py:137} INFO - [2023-02-15T22:19:59.449+0000] {dagbag.py:538} INFO - Filling up the DagBag from /home/airflow/.local/lib/python3.7/site-packages/airflow/example_dags/example_branch_datetime_operator.py
[2023-02-15T22:19:59.476+0000] {processor.py:753} INFO - DAG(s) dict_keys(['example_branch_datetime_operator', 'example_branch_datetime_operator_2', 'example_branch_datetime_operator_3']) retrieved from /home/airflow/.local/lib/python3.7/site-packages/airflow/example_dags/example_branch_datetime_operator.py
[2023-02-15T22:19:59.542+0000] {logging_mixin.py:137} INFO - [2023-02-15T22:19:59.542+0000] {dag.py:2690} INFO - Sync 3 DAGs
[2023-02-15T22:19:59.628+0000] {logging_mixin.py:137} INFO - [2023-02-15T22:19:59.628+0000] {dag.py:3441} INFO - Setting next_dagrun for example_branch_datetime_operator to 2023-02-14T00:00:00+00:00, run_after=2023-02-15T00:00:00+00:00
[2023-02-15T22:19:59.635+0000] {logging_mixin.py:137} INFO - [2023-02-15T22:19:59.635+0000] {dag.py:3441} INFO - Setting next_dagrun for example_branch_datetime_operator_2 to 2023-02-14T00:00:00+00:00, run_after=2023-02-15T00:00:00+00:00
[2023-02-15T22:19:59.642+0000] {logging_mixin.py:137} INFO - [2023-02-15T22:19:59.642+0000] {dag.py:3441} INFO - Setting next_dagrun for example_branch_datetime_operator_3 to 2023-02-14T00:00:00+00:00, run_after=2023-02-15T00:00:00+00:00
[2023-02-15T22:19:59.696+0000] {processor.py:175} INFO - Processing /home/airflow/.local/lib/python3.7/site-packages/airflow/example_dags/example_branch_datetime_operator.py took 0.258 seconds
[2023-02-15T22:20:30.497+0000] {processor.py:153} INFO - Started process (PID=1299) to work on /home/airflow/.local/lib/python3.7/site-packages/airflow/example_dags/example_branch_datetime_operator.py
[2023-02-15T22:20:30.498+0000] {processor.py:743} INFO - Processing file /home/airflow/.local/lib/python3.7/site-packages/airflow/example_dags/example_branch_datetime_operator.py for tasks to queue
[2023-02-15T22:20:30.499+0000] {logging_mixin.py:137} INFO - [2023-02-15T22:20:30.499+0000] {dagbag.py:538} INFO - Filling up the DagBag from /home/airflow/.local/lib/python3.7/site-packages/airflow/example_dags/example_branch_datetime_operator.py
[2023-02-15T22:20:30.534+0000] {processor.py:753} INFO - DAG(s) dict_keys(['example_branch_datetime_operator_3', 'example_branch_datetime_operator', 'example_branch_datetime_operator_2']) retrieved from /home/airflow/.local/lib/python3.7/site-packages/airflow/example_dags/example_branch_datetime_operator.py
[2023-02-15T22:20:30.577+0000] {logging_mixin.py:137} INFO - [2023-02-15T22:20:30.577+0000] {dag.py:2690} INFO - Sync 3 DAGs
[2023-02-15T22:20:30.623+0000] {logging_mixin.py:137} INFO - [2023-02-15T22:20:30.622+0000] {dag.py:3441} INFO - Setting next_dagrun for example_branch_datetime_operator to 2023-02-14T00:00:00+00:00, run_after=2023-02-15T00:00:00+00:00
[2023-02-15T22:20:30.632+0000] {logging_mixin.py:137} INFO - [2023-02-15T22:20:30.632+0000] {dag.py:3441} INFO - Setting next_dagrun for example_branch_datetime_operator_2 to 2023-02-14T00:00:00+00:00, run_after=2023-02-15T00:00:00+00:00
[2023-02-15T22:20:30.635+0000] {logging_mixin.py:137} INFO - [2023-02-15T22:20:30.635+0000] {dag.py:3441} INFO - Setting next_dagrun for example_branch_datetime_operator_3 to 2023-02-14T00:00:00+00:00, run_after=2023-02-15T00:00:00+00:00
[2023-02-15T22:20:30.657+0000] {processor.py:175} INFO - Processing /home/airflow/.local/lib/python3.7/site-packages/airflow/example_dags/example_branch_datetime_operator.py took 0.163 seconds
[2023-02-15T22:21:01.013+0000] {processor.py:153} INFO - Started process (PID=1362) to work on /home/airflow/.local/lib/python3.7/site-packages/airflow/example_dags/example_branch_datetime_operator.py
[2023-02-15T22:21:01.014+0000] {processor.py:743} INFO - Processing file /home/airflow/.local/lib/python3.7/site-packages/airflow/example_dags/example_branch_datetime_operator.py for tasks to queue
[2023-02-15T22:21:01.015+0000] {logging_mixin.py:137} INFO - [2023-02-15T22:21:01.015+0000] {dagbag.py:538} INFO - Filling up the DagBag from /home/airflow/.local/lib/python3.7/site-packages/airflow/example_dags/example_branch_datetime_operator.py
[2023-02-15T22:21:01.036+0000] {processor.py:753} INFO - DAG(s) dict_keys(['example_branch_datetime_operator_3', 'example_branch_datetime_operator', 'example_branch_datetime_operator_2']) retrieved from /home/airflow/.local/lib/python3.7/site-packages/airflow/example_dags/example_branch_datetime_operator.py
[2023-02-15T22:21:01.079+0000] {logging_mixin.py:137} INFO - [2023-02-15T22:21:01.079+0000] {dag.py:2690} INFO - Sync 3 DAGs
[2023-02-15T22:21:01.111+0000] {logging_mixin.py:137} INFO - [2023-02-15T22:21:01.111+0000] {dag.py:3441} INFO - Setting next_dagrun for example_branch_datetime_operator to 2023-02-14T00:00:00+00:00, run_after=2023-02-15T00:00:00+00:00
[2023-02-15T22:21:01.117+0000] {logging_mixin.py:137} INFO - [2023-02-15T22:21:01.117+0000] {dag.py:3441} INFO - Setting next_dagrun for example_branch_datetime_operator_2 to 2023-02-14T00:00:00+00:00, run_after=2023-02-15T00:00:00+00:00
[2023-02-15T22:21:01.121+0000] {logging_mixin.py:137} INFO - [2023-02-15T22:21:01.121+0000] {dag.py:3441} INFO - Setting next_dagrun for example_branch_datetime_operator_3 to 2023-02-14T00:00:00+00:00, run_after=2023-02-15T00:00:00+00:00
[2023-02-15T22:21:01.152+0000] {processor.py:175} INFO - Processing /home/airflow/.local/lib/python3.7/site-packages/airflow/example_dags/example_branch_datetime_operator.py took 0.143 seconds
[2023-02-15T22:21:31.997+0000] {processor.py:153} INFO - Started process (PID=1438) to work on /home/airflow/.local/lib/python3.7/site-packages/airflow/example_dags/example_branch_datetime_operator.py
[2023-02-15T22:21:31.998+0000] {processor.py:743} INFO - Processing file /home/airflow/.local/lib/python3.7/site-packages/airflow/example_dags/example_branch_datetime_operator.py for tasks to queue
[2023-02-15T22:21:31.999+0000] {logging_mixin.py:137} INFO - [2023-02-15T22:21:31.999+0000] {dagbag.py:538} INFO - Filling up the DagBag from /home/airflow/.local/lib/python3.7/site-packages/airflow/example_dags/example_branch_datetime_operator.py
[2023-02-15T22:21:32.029+0000] {processor.py:753} INFO - DAG(s) dict_keys(['example_branch_datetime_operator_2', 'example_branch_datetime_operator_3', 'example_branch_datetime_operator']) retrieved from /home/airflow/.local/lib/python3.7/site-packages/airflow/example_dags/example_branch_datetime_operator.py
[2023-02-15T22:21:32.099+0000] {logging_mixin.py:137} INFO - [2023-02-15T22:21:32.099+0000] {dag.py:2690} INFO - Sync 3 DAGs
[2023-02-15T22:21:32.151+0000] {logging_mixin.py:137} INFO - [2023-02-15T22:21:32.151+0000] {dag.py:3441} INFO - Setting next_dagrun for example_branch_datetime_operator to 2023-02-14T00:00:00+00:00, run_after=2023-02-15T00:00:00+00:00
[2023-02-15T22:21:32.157+0000] {logging_mixin.py:137} INFO - [2023-02-15T22:21:32.156+0000] {dag.py:3441} INFO - Setting next_dagrun for example_branch_datetime_operator_2 to 2023-02-14T00:00:00+00:00, run_after=2023-02-15T00:00:00+00:00
[2023-02-15T22:21:32.163+0000] {logging_mixin.py:137} INFO - [2023-02-15T22:21:32.163+0000] {dag.py:3441} INFO - Setting next_dagrun for example_branch_datetime_operator_3 to 2023-02-14T00:00:00+00:00, run_after=2023-02-15T00:00:00+00:00
[2023-02-15T22:21:32.202+0000] {processor.py:175} INFO - Processing /home/airflow/.local/lib/python3.7/site-packages/airflow/example_dags/example_branch_datetime_operator.py took 0.208 seconds
[2023-02-15T22:22:02.482+0000] {processor.py:153} INFO - Started process (PID=1503) to work on /home/airflow/.local/lib/python3.7/site-packages/airflow/example_dags/example_branch_datetime_operator.py
[2023-02-15T22:22:02.484+0000] {processor.py:743} INFO - Processing file /home/airflow/.local/lib/python3.7/site-packages/airflow/example_dags/example_branch_datetime_operator.py for tasks to queue
[2023-02-15T22:22:02.484+0000] {logging_mixin.py:137} INFO - [2023-02-15T22:22:02.484+0000] {dagbag.py:538} INFO - Filling up the DagBag from /home/airflow/.local/lib/python3.7/site-packages/airflow/example_dags/example_branch_datetime_operator.py
[2023-02-15T22:22:02.517+0000] {processor.py:753} INFO - DAG(s) dict_keys(['example_branch_datetime_operator_2', 'example_branch_datetime_operator', 'example_branch_datetime_operator_3']) retrieved from /home/airflow/.local/lib/python3.7/site-packages/airflow/example_dags/example_branch_datetime_operator.py
[2023-02-15T22:22:02.569+0000] {logging_mixin.py:137} INFO - [2023-02-15T22:22:02.568+0000] {dag.py:2690} INFO - Sync 3 DAGs
[2023-02-15T22:22:02.606+0000] {logging_mixin.py:137} INFO - [2023-02-15T22:22:02.606+0000] {dag.py:3441} INFO - Setting next_dagrun for example_branch_datetime_operator to 2023-02-14T00:00:00+00:00, run_after=2023-02-15T00:00:00+00:00
[2023-02-15T22:22:02.611+0000] {logging_mixin.py:137} INFO - [2023-02-15T22:22:02.611+0000] {dag.py:3441} INFO - Setting next_dagrun for example_branch_datetime_operator_2 to 2023-02-14T00:00:00+00:00, run_after=2023-02-15T00:00:00+00:00
[2023-02-15T22:22:02.615+0000] {logging_mixin.py:137} INFO - [2023-02-15T22:22:02.615+0000] {dag.py:3441} INFO - Setting next_dagrun for example_branch_datetime_operator_3 to 2023-02-14T00:00:00+00:00, run_after=2023-02-15T00:00:00+00:00
[2023-02-15T22:22:02.643+0000] {processor.py:175} INFO - Processing /home/airflow/.local/lib/python3.7/site-packages/airflow/example_dags/example_branch_datetime_operator.py took 0.165 seconds
[2023-02-15T22:22:33.253+0000] {processor.py:153} INFO - Started process (PID=1573) to work on /home/airflow/.local/lib/python3.7/site-packages/airflow/example_dags/example_branch_datetime_operator.py
[2023-02-15T22:22:33.253+0000] {processor.py:743} INFO - Processing file /home/airflow/.local/lib/python3.7/site-packages/airflow/example_dags/example_branch_datetime_operator.py for tasks to queue
[2023-02-15T22:22:33.254+0000] {logging_mixin.py:137} INFO - [2023-02-15T22:22:33.254+0000] {dagbag.py:538} INFO - Filling up the DagBag from /home/airflow/.local/lib/python3.7/site-packages/airflow/example_dags/example_branch_datetime_operator.py
[2023-02-15T22:22:33.275+0000] {processor.py:753} INFO - DAG(s) dict_keys(['example_branch_datetime_operator', 'example_branch_datetime_operator_2', 'example_branch_datetime_operator_3']) retrieved from /home/airflow/.local/lib/python3.7/site-packages/airflow/example_dags/example_branch_datetime_operator.py
[2023-02-15T22:22:33.318+0000] {logging_mixin.py:137} INFO - [2023-02-15T22:22:33.317+0000] {dag.py:2690} INFO - Sync 3 DAGs
[2023-02-15T22:22:33.355+0000] {logging_mixin.py:137} INFO - [2023-02-15T22:22:33.355+0000] {dag.py:3441} INFO - Setting next_dagrun for example_branch_datetime_operator to 2023-02-14T00:00:00+00:00, run_after=2023-02-15T00:00:00+00:00
[2023-02-15T22:22:33.361+0000] {logging_mixin.py:137} INFO - [2023-02-15T22:22:33.361+0000] {dag.py:3441} INFO - Setting next_dagrun for example_branch_datetime_operator_2 to 2023-02-14T00:00:00+00:00, run_after=2023-02-15T00:00:00+00:00
[2023-02-15T22:22:33.365+0000] {logging_mixin.py:137} INFO - [2023-02-15T22:22:33.364+0000] {dag.py:3441} INFO - Setting next_dagrun for example_branch_datetime_operator_3 to 2023-02-14T00:00:00+00:00, run_after=2023-02-15T00:00:00+00:00
[2023-02-15T22:22:33.395+0000] {processor.py:175} INFO - Processing /home/airflow/.local/lib/python3.7/site-packages/airflow/example_dags/example_branch_datetime_operator.py took 0.146 seconds
[2023-02-15T22:23:03.438+0000] {processor.py:153} INFO - Started process (PID=1641) to work on /home/airflow/.local/lib/python3.7/site-packages/airflow/example_dags/example_branch_datetime_operator.py
[2023-02-15T22:23:03.447+0000] {processor.py:743} INFO - Processing file /home/airflow/.local/lib/python3.7/site-packages/airflow/example_dags/example_branch_datetime_operator.py for tasks to queue
[2023-02-15T22:23:03.448+0000] {logging_mixin.py:137} INFO - [2023-02-15T22:23:03.448+0000] {dagbag.py:538} INFO - Filling up the DagBag from /home/airflow/.local/lib/python3.7/site-packages/airflow/example_dags/example_branch_datetime_operator.py
[2023-02-15T22:23:03.511+0000] {processor.py:753} INFO - DAG(s) dict_keys(['example_branch_datetime_operator', 'example_branch_datetime_operator_3', 'example_branch_datetime_operator_2']) retrieved from /home/airflow/.local/lib/python3.7/site-packages/airflow/example_dags/example_branch_datetime_operator.py
[2023-02-15T22:23:03.596+0000] {logging_mixin.py:137} INFO - [2023-02-15T22:23:03.596+0000] {dag.py:2690} INFO - Sync 3 DAGs
[2023-02-15T22:23:03.662+0000] {logging_mixin.py:137} INFO - [2023-02-15T22:23:03.662+0000] {dag.py:3441} INFO - Setting next_dagrun for example_branch_datetime_operator to 2023-02-14T00:00:00+00:00, run_after=2023-02-15T00:00:00+00:00
[2023-02-15T22:23:03.675+0000] {logging_mixin.py:137} INFO - [2023-02-15T22:23:03.674+0000] {dag.py:3441} INFO - Setting next_dagrun for example_branch_datetime_operator_2 to 2023-02-14T00:00:00+00:00, run_after=2023-02-15T00:00:00+00:00
[2023-02-15T22:23:03.679+0000] {logging_mixin.py:137} INFO - [2023-02-15T22:23:03.678+0000] {dag.py:3441} INFO - Setting next_dagrun for example_branch_datetime_operator_3 to 2023-02-14T00:00:00+00:00, run_after=2023-02-15T00:00:00+00:00
[2023-02-15T22:23:03.739+0000] {processor.py:175} INFO - Processing /home/airflow/.local/lib/python3.7/site-packages/airflow/example_dags/example_branch_datetime_operator.py took 0.304 seconds
[2023-02-15T22:23:34.031+0000] {processor.py:153} INFO - Started process (PID=1706) to work on /home/airflow/.local/lib/python3.7/site-packages/airflow/example_dags/example_branch_datetime_operator.py
[2023-02-15T22:23:34.034+0000] {processor.py:743} INFO - Processing file /home/airflow/.local/lib/python3.7/site-packages/airflow/example_dags/example_branch_datetime_operator.py for tasks to queue
[2023-02-15T22:23:34.035+0000] {logging_mixin.py:137} INFO - [2023-02-15T22:23:34.035+0000] {dagbag.py:538} INFO - Filling up the DagBag from /home/airflow/.local/lib/python3.7/site-packages/airflow/example_dags/example_branch_datetime_operator.py
[2023-02-15T22:23:34.073+0000] {processor.py:753} INFO - DAG(s) dict_keys(['example_branch_datetime_operator', 'example_branch_datetime_operator_3', 'example_branch_datetime_operator_2']) retrieved from /home/airflow/.local/lib/python3.7/site-packages/airflow/example_dags/example_branch_datetime_operator.py
[2023-02-15T22:23:34.151+0000] {logging_mixin.py:137} INFO - [2023-02-15T22:23:34.151+0000] {dag.py:2690} INFO - Sync 3 DAGs
[2023-02-15T22:23:34.186+0000] {logging_mixin.py:137} INFO - [2023-02-15T22:23:34.186+0000] {dag.py:3441} INFO - Setting next_dagrun for example_branch_datetime_operator to 2023-02-14T00:00:00+00:00, run_after=2023-02-15T00:00:00+00:00
[2023-02-15T22:23:34.193+0000] {logging_mixin.py:137} INFO - [2023-02-15T22:23:34.193+0000] {dag.py:3441} INFO - Setting next_dagrun for example_branch_datetime_operator_2 to 2023-02-14T00:00:00+00:00, run_after=2023-02-15T00:00:00+00:00
[2023-02-15T22:23:34.197+0000] {logging_mixin.py:137} INFO - [2023-02-15T22:23:34.197+0000] {dag.py:3441} INFO - Setting next_dagrun for example_branch_datetime_operator_3 to 2023-02-14T00:00:00+00:00, run_after=2023-02-15T00:00:00+00:00
[2023-02-15T22:23:34.229+0000] {processor.py:175} INFO - Processing /home/airflow/.local/lib/python3.7/site-packages/airflow/example_dags/example_branch_datetime_operator.py took 0.215 seconds
