[2023-02-15T22:11:01.688+0000] {processor.py:153} INFO - Started process (PID=91) to work on /home/airflow/.local/lib/python3.7/site-packages/airflow/example_dags/example_latest_only.py
[2023-02-15T22:11:01.689+0000] {processor.py:743} INFO - Processing file /home/airflow/.local/lib/python3.7/site-packages/airflow/example_dags/example_latest_only.py for tasks to queue
[2023-02-15T22:11:01.690+0000] {logging_mixin.py:137} INFO - [2023-02-15T22:11:01.689+0000] {dagbag.py:538} INFO - Filling up the DagBag from /home/airflow/.local/lib/python3.7/site-packages/airflow/example_dags/example_latest_only.py
[2023-02-15T22:11:01.833+0000] {processor.py:753} INFO - DAG(s) dict_keys(['latest_only']) retrieved from /home/airflow/.local/lib/python3.7/site-packages/airflow/example_dags/example_latest_only.py
[2023-02-15T22:11:02.172+0000] {logging_mixin.py:137} INFO - [2023-02-15T22:11:02.172+0000] {dag.py:2690} INFO - Sync 1 DAGs
[2023-02-15T22:11:02.459+0000] {logging_mixin.py:137} INFO - [2023-02-15T22:11:02.458+0000] {dag.py:3441} INFO - Setting next_dagrun for latest_only to 2023-02-15T18:11:02.458574+00:00, run_after=2023-02-15T22:11:02.458574+00:00
[2023-02-15T22:11:02.610+0000] {processor.py:175} INFO - Processing /home/airflow/.local/lib/python3.7/site-packages/airflow/example_dags/example_latest_only.py took 0.954 seconds
[2023-02-15T22:11:32.909+0000] {processor.py:153} INFO - Started process (PID=153) to work on /home/airflow/.local/lib/python3.7/site-packages/airflow/example_dags/example_latest_only.py
[2023-02-15T22:11:32.952+0000] {processor.py:743} INFO - Processing file /home/airflow/.local/lib/python3.7/site-packages/airflow/example_dags/example_latest_only.py for tasks to queue
[2023-02-15T22:11:32.953+0000] {logging_mixin.py:137} INFO - [2023-02-15T22:11:32.953+0000] {dagbag.py:538} INFO - Filling up the DagBag from /home/airflow/.local/lib/python3.7/site-packages/airflow/example_dags/example_latest_only.py
[2023-02-15T22:11:32.988+0000] {processor.py:753} INFO - DAG(s) dict_keys(['latest_only']) retrieved from /home/airflow/.local/lib/python3.7/site-packages/airflow/example_dags/example_latest_only.py
[2023-02-15T22:11:33.051+0000] {logging_mixin.py:137} INFO - [2023-02-15T22:11:33.051+0000] {dag.py:2690} INFO - Sync 1 DAGs
[2023-02-15T22:11:33.116+0000] {logging_mixin.py:137} INFO - [2023-02-15T22:11:33.115+0000] {dag.py:3441} INFO - Setting next_dagrun for latest_only to 2023-02-15T18:11:33.115560+00:00, run_after=2023-02-15T22:11:33.115560+00:00
[2023-02-15T22:11:33.168+0000] {processor.py:175} INFO - Processing /home/airflow/.local/lib/python3.7/site-packages/airflow/example_dags/example_latest_only.py took 0.263 seconds
[2023-02-15T22:12:03.923+0000] {processor.py:153} INFO - Started process (PID=213) to work on /home/airflow/.local/lib/python3.7/site-packages/airflow/example_dags/example_latest_only.py
[2023-02-15T22:12:04.016+0000] {processor.py:743} INFO - Processing file /home/airflow/.local/lib/python3.7/site-packages/airflow/example_dags/example_latest_only.py for tasks to queue
[2023-02-15T22:12:04.017+0000] {logging_mixin.py:137} INFO - [2023-02-15T22:12:04.016+0000] {dagbag.py:538} INFO - Filling up the DagBag from /home/airflow/.local/lib/python3.7/site-packages/airflow/example_dags/example_latest_only.py
[2023-02-15T22:12:04.079+0000] {processor.py:753} INFO - DAG(s) dict_keys(['latest_only']) retrieved from /home/airflow/.local/lib/python3.7/site-packages/airflow/example_dags/example_latest_only.py
[2023-02-15T22:12:04.280+0000] {logging_mixin.py:137} INFO - [2023-02-15T22:12:04.280+0000] {dag.py:2690} INFO - Sync 1 DAGs
[2023-02-15T22:12:04.390+0000] {logging_mixin.py:137} INFO - [2023-02-15T22:12:04.390+0000] {dag.py:3441} INFO - Setting next_dagrun for latest_only to 2023-02-15T18:12:04.390494+00:00, run_after=2023-02-15T22:12:04.390494+00:00
[2023-02-15T22:12:04.571+0000] {processor.py:175} INFO - Processing /home/airflow/.local/lib/python3.7/site-packages/airflow/example_dags/example_latest_only.py took 0.680 seconds
[2023-02-15T22:12:34.728+0000] {processor.py:153} INFO - Started process (PID=266) to work on /home/airflow/.local/lib/python3.7/site-packages/airflow/example_dags/example_latest_only.py
[2023-02-15T22:12:34.729+0000] {processor.py:743} INFO - Processing file /home/airflow/.local/lib/python3.7/site-packages/airflow/example_dags/example_latest_only.py for tasks to queue
[2023-02-15T22:12:34.729+0000] {logging_mixin.py:137} INFO - [2023-02-15T22:12:34.729+0000] {dagbag.py:538} INFO - Filling up the DagBag from /home/airflow/.local/lib/python3.7/site-packages/airflow/example_dags/example_latest_only.py
[2023-02-15T22:12:34.766+0000] {processor.py:753} INFO - DAG(s) dict_keys(['latest_only']) retrieved from /home/airflow/.local/lib/python3.7/site-packages/airflow/example_dags/example_latest_only.py
[2023-02-15T22:12:34.841+0000] {logging_mixin.py:137} INFO - [2023-02-15T22:12:34.841+0000] {dag.py:2690} INFO - Sync 1 DAGs
[2023-02-15T22:12:34.920+0000] {logging_mixin.py:137} INFO - [2023-02-15T22:12:34.920+0000] {dag.py:3441} INFO - Setting next_dagrun for latest_only to 2023-02-15T18:12:34.919736+00:00, run_after=2023-02-15T22:12:34.919736+00:00
[2023-02-15T22:12:34.973+0000] {processor.py:175} INFO - Processing /home/airflow/.local/lib/python3.7/site-packages/airflow/example_dags/example_latest_only.py took 0.259 seconds
[2023-02-15T22:13:05.034+0000] {processor.py:153} INFO - Started process (PID=330) to work on /home/airflow/.local/lib/python3.7/site-packages/airflow/example_dags/example_latest_only.py
[2023-02-15T22:13:05.079+0000] {processor.py:743} INFO - Processing file /home/airflow/.local/lib/python3.7/site-packages/airflow/example_dags/example_latest_only.py for tasks to queue
[2023-02-15T22:13:05.080+0000] {logging_mixin.py:137} INFO - [2023-02-15T22:13:05.079+0000] {dagbag.py:538} INFO - Filling up the DagBag from /home/airflow/.local/lib/python3.7/site-packages/airflow/example_dags/example_latest_only.py
[2023-02-15T22:13:05.104+0000] {processor.py:753} INFO - DAG(s) dict_keys(['latest_only']) retrieved from /home/airflow/.local/lib/python3.7/site-packages/airflow/example_dags/example_latest_only.py
[2023-02-15T22:13:05.185+0000] {logging_mixin.py:137} INFO - [2023-02-15T22:13:05.185+0000] {dag.py:2690} INFO - Sync 1 DAGs
[2023-02-15T22:13:05.280+0000] {logging_mixin.py:137} INFO - [2023-02-15T22:13:05.279+0000] {dag.py:3441} INFO - Setting next_dagrun for latest_only to 2023-02-15T18:13:05.279620+00:00, run_after=2023-02-15T22:13:05.279620+00:00
[2023-02-15T22:13:05.405+0000] {processor.py:175} INFO - Processing /home/airflow/.local/lib/python3.7/site-packages/airflow/example_dags/example_latest_only.py took 0.375 seconds
[2023-02-15T22:13:36.467+0000] {processor.py:153} INFO - Started process (PID=395) to work on /home/airflow/.local/lib/python3.7/site-packages/airflow/example_dags/example_latest_only.py
[2023-02-15T22:13:36.480+0000] {processor.py:743} INFO - Processing file /home/airflow/.local/lib/python3.7/site-packages/airflow/example_dags/example_latest_only.py for tasks to queue
[2023-02-15T22:13:36.482+0000] {logging_mixin.py:137} INFO - [2023-02-15T22:13:36.482+0000] {dagbag.py:538} INFO - Filling up the DagBag from /home/airflow/.local/lib/python3.7/site-packages/airflow/example_dags/example_latest_only.py
[2023-02-15T22:13:36.545+0000] {processor.py:753} INFO - DAG(s) dict_keys(['latest_only']) retrieved from /home/airflow/.local/lib/python3.7/site-packages/airflow/example_dags/example_latest_only.py
[2023-02-15T22:13:36.695+0000] {logging_mixin.py:137} INFO - [2023-02-15T22:13:36.694+0000] {dag.py:2690} INFO - Sync 1 DAGs
[2023-02-15T22:13:36.806+0000] {logging_mixin.py:137} INFO - [2023-02-15T22:13:36.806+0000] {dag.py:3441} INFO - Setting next_dagrun for latest_only to 2023-02-15T18:13:36.806015+00:00, run_after=2023-02-15T22:13:36.806015+00:00
[2023-02-15T22:13:36.903+0000] {processor.py:175} INFO - Processing /home/airflow/.local/lib/python3.7/site-packages/airflow/example_dags/example_latest_only.py took 0.450 seconds
[2023-02-15T22:14:07.470+0000] {processor.py:153} INFO - Started process (PID=457) to work on /home/airflow/.local/lib/python3.7/site-packages/airflow/example_dags/example_latest_only.py
[2023-02-15T22:14:07.471+0000] {processor.py:743} INFO - Processing file /home/airflow/.local/lib/python3.7/site-packages/airflow/example_dags/example_latest_only.py for tasks to queue
[2023-02-15T22:14:07.472+0000] {logging_mixin.py:137} INFO - [2023-02-15T22:14:07.472+0000] {dagbag.py:538} INFO - Filling up the DagBag from /home/airflow/.local/lib/python3.7/site-packages/airflow/example_dags/example_latest_only.py
[2023-02-15T22:14:07.487+0000] {processor.py:753} INFO - DAG(s) dict_keys(['latest_only']) retrieved from /home/airflow/.local/lib/python3.7/site-packages/airflow/example_dags/example_latest_only.py
[2023-02-15T22:14:07.517+0000] {logging_mixin.py:137} INFO - [2023-02-15T22:14:07.517+0000] {dag.py:2690} INFO - Sync 1 DAGs
[2023-02-15T22:14:07.557+0000] {logging_mixin.py:137} INFO - [2023-02-15T22:14:07.557+0000] {dag.py:3441} INFO - Setting next_dagrun for latest_only to 2023-02-15T18:14:07.556724+00:00, run_after=2023-02-15T22:14:07.556724+00:00
[2023-02-15T22:14:07.586+0000] {processor.py:175} INFO - Processing /home/airflow/.local/lib/python3.7/site-packages/airflow/example_dags/example_latest_only.py took 0.120 seconds
[2023-02-15T22:14:37.817+0000] {processor.py:153} INFO - Started process (PID=520) to work on /home/airflow/.local/lib/python3.7/site-packages/airflow/example_dags/example_latest_only.py
[2023-02-15T22:14:37.817+0000] {processor.py:743} INFO - Processing file /home/airflow/.local/lib/python3.7/site-packages/airflow/example_dags/example_latest_only.py for tasks to queue
[2023-02-15T22:14:37.818+0000] {logging_mixin.py:137} INFO - [2023-02-15T22:14:37.818+0000] {dagbag.py:538} INFO - Filling up the DagBag from /home/airflow/.local/lib/python3.7/site-packages/airflow/example_dags/example_latest_only.py
[2023-02-15T22:14:37.840+0000] {processor.py:753} INFO - DAG(s) dict_keys(['latest_only']) retrieved from /home/airflow/.local/lib/python3.7/site-packages/airflow/example_dags/example_latest_only.py
[2023-02-15T22:14:37.869+0000] {logging_mixin.py:137} INFO - [2023-02-15T22:14:37.869+0000] {dag.py:2690} INFO - Sync 1 DAGs
[2023-02-15T22:14:37.898+0000] {logging_mixin.py:137} INFO - [2023-02-15T22:14:37.897+0000] {dag.py:3441} INFO - Setting next_dagrun for latest_only to 2023-02-15T18:14:37.897636+00:00, run_after=2023-02-15T22:14:37.897636+00:00
[2023-02-15T22:14:37.923+0000] {processor.py:175} INFO - Processing /home/airflow/.local/lib/python3.7/site-packages/airflow/example_dags/example_latest_only.py took 0.112 seconds
[2023-02-15T22:15:08.251+0000] {processor.py:153} INFO - Started process (PID=597) to work on /home/airflow/.local/lib/python3.7/site-packages/airflow/example_dags/example_latest_only.py
[2023-02-15T22:15:08.258+0000] {processor.py:743} INFO - Processing file /home/airflow/.local/lib/python3.7/site-packages/airflow/example_dags/example_latest_only.py for tasks to queue
[2023-02-15T22:15:08.259+0000] {logging_mixin.py:137} INFO - [2023-02-15T22:15:08.258+0000] {dagbag.py:538} INFO - Filling up the DagBag from /home/airflow/.local/lib/python3.7/site-packages/airflow/example_dags/example_latest_only.py
[2023-02-15T22:15:08.274+0000] {processor.py:753} INFO - DAG(s) dict_keys(['latest_only']) retrieved from /home/airflow/.local/lib/python3.7/site-packages/airflow/example_dags/example_latest_only.py
[2023-02-15T22:15:08.304+0000] {logging_mixin.py:137} INFO - [2023-02-15T22:15:08.303+0000] {dag.py:2690} INFO - Sync 1 DAGs
[2023-02-15T22:15:08.339+0000] {logging_mixin.py:137} INFO - [2023-02-15T22:15:08.339+0000] {dag.py:3441} INFO - Setting next_dagrun for latest_only to 2023-02-15T18:15:08.339046+00:00, run_after=2023-02-15T22:15:08.339046+00:00
[2023-02-15T22:15:08.368+0000] {processor.py:175} INFO - Processing /home/airflow/.local/lib/python3.7/site-packages/airflow/example_dags/example_latest_only.py took 0.121 seconds
[2023-02-15T22:15:38.475+0000] {processor.py:153} INFO - Started process (PID=661) to work on /home/airflow/.local/lib/python3.7/site-packages/airflow/example_dags/example_latest_only.py
[2023-02-15T22:15:38.476+0000] {processor.py:743} INFO - Processing file /home/airflow/.local/lib/python3.7/site-packages/airflow/example_dags/example_latest_only.py for tasks to queue
[2023-02-15T22:15:38.477+0000] {logging_mixin.py:137} INFO - [2023-02-15T22:15:38.477+0000] {dagbag.py:538} INFO - Filling up the DagBag from /home/airflow/.local/lib/python3.7/site-packages/airflow/example_dags/example_latest_only.py
[2023-02-15T22:15:38.495+0000] {processor.py:753} INFO - DAG(s) dict_keys(['latest_only']) retrieved from /home/airflow/.local/lib/python3.7/site-packages/airflow/example_dags/example_latest_only.py
[2023-02-15T22:15:38.531+0000] {logging_mixin.py:137} INFO - [2023-02-15T22:15:38.531+0000] {dag.py:2690} INFO - Sync 1 DAGs
[2023-02-15T22:15:38.565+0000] {logging_mixin.py:137} INFO - [2023-02-15T22:15:38.565+0000] {dag.py:3441} INFO - Setting next_dagrun for latest_only to 2023-02-15T18:15:38.565551+00:00, run_after=2023-02-15T22:15:38.565551+00:00
[2023-02-15T22:15:38.593+0000] {processor.py:175} INFO - Processing /home/airflow/.local/lib/python3.7/site-packages/airflow/example_dags/example_latest_only.py took 0.121 seconds
[2023-02-15T22:16:08.694+0000] {processor.py:153} INFO - Started process (PID=725) to work on /home/airflow/.local/lib/python3.7/site-packages/airflow/example_dags/example_latest_only.py
[2023-02-15T22:16:08.695+0000] {processor.py:743} INFO - Processing file /home/airflow/.local/lib/python3.7/site-packages/airflow/example_dags/example_latest_only.py for tasks to queue
[2023-02-15T22:16:08.695+0000] {logging_mixin.py:137} INFO - [2023-02-15T22:16:08.695+0000] {dagbag.py:538} INFO - Filling up the DagBag from /home/airflow/.local/lib/python3.7/site-packages/airflow/example_dags/example_latest_only.py
[2023-02-15T22:16:08.715+0000] {processor.py:753} INFO - DAG(s) dict_keys(['latest_only']) retrieved from /home/airflow/.local/lib/python3.7/site-packages/airflow/example_dags/example_latest_only.py
[2023-02-15T22:16:08.755+0000] {logging_mixin.py:137} INFO - [2023-02-15T22:16:08.755+0000] {dag.py:2690} INFO - Sync 1 DAGs
[2023-02-15T22:16:08.788+0000] {logging_mixin.py:137} INFO - [2023-02-15T22:16:08.788+0000] {dag.py:3441} INFO - Setting next_dagrun for latest_only to 2023-02-15T18:16:08.788182+00:00, run_after=2023-02-15T22:16:08.788182+00:00
[2023-02-15T22:16:08.821+0000] {processor.py:175} INFO - Processing /home/airflow/.local/lib/python3.7/site-packages/airflow/example_dags/example_latest_only.py took 0.131 seconds
[2023-02-15T22:16:38.996+0000] {processor.py:153} INFO - Started process (PID=801) to work on /home/airflow/.local/lib/python3.7/site-packages/airflow/example_dags/example_latest_only.py
[2023-02-15T22:16:38.996+0000] {processor.py:743} INFO - Processing file /home/airflow/.local/lib/python3.7/site-packages/airflow/example_dags/example_latest_only.py for tasks to queue
[2023-02-15T22:16:38.997+0000] {logging_mixin.py:137} INFO - [2023-02-15T22:16:38.997+0000] {dagbag.py:538} INFO - Filling up the DagBag from /home/airflow/.local/lib/python3.7/site-packages/airflow/example_dags/example_latest_only.py
[2023-02-15T22:16:39.029+0000] {processor.py:753} INFO - DAG(s) dict_keys(['latest_only']) retrieved from /home/airflow/.local/lib/python3.7/site-packages/airflow/example_dags/example_latest_only.py
[2023-02-15T22:16:39.100+0000] {logging_mixin.py:137} INFO - [2023-02-15T22:16:39.100+0000] {dag.py:2690} INFO - Sync 1 DAGs
[2023-02-15T22:16:39.174+0000] {logging_mixin.py:137} INFO - [2023-02-15T22:16:39.174+0000] {dag.py:3441} INFO - Setting next_dagrun for latest_only to 2023-02-15T18:16:39.174198+00:00, run_after=2023-02-15T22:16:39.174198+00:00
[2023-02-15T22:16:39.204+0000] {processor.py:175} INFO - Processing /home/airflow/.local/lib/python3.7/site-packages/airflow/example_dags/example_latest_only.py took 0.222 seconds
[2023-02-15T22:17:09.739+0000] {processor.py:153} INFO - Started process (PID=865) to work on /home/airflow/.local/lib/python3.7/site-packages/airflow/example_dags/example_latest_only.py
[2023-02-15T22:17:09.745+0000] {processor.py:743} INFO - Processing file /home/airflow/.local/lib/python3.7/site-packages/airflow/example_dags/example_latest_only.py for tasks to queue
[2023-02-15T22:17:09.746+0000] {logging_mixin.py:137} INFO - [2023-02-15T22:17:09.746+0000] {dagbag.py:538} INFO - Filling up the DagBag from /home/airflow/.local/lib/python3.7/site-packages/airflow/example_dags/example_latest_only.py
[2023-02-15T22:17:09.761+0000] {processor.py:753} INFO - DAG(s) dict_keys(['latest_only']) retrieved from /home/airflow/.local/lib/python3.7/site-packages/airflow/example_dags/example_latest_only.py
[2023-02-15T22:17:09.802+0000] {logging_mixin.py:137} INFO - [2023-02-15T22:17:09.802+0000] {dag.py:2690} INFO - Sync 1 DAGs
[2023-02-15T22:17:09.841+0000] {logging_mixin.py:137} INFO - [2023-02-15T22:17:09.841+0000] {dag.py:3441} INFO - Setting next_dagrun for latest_only to 2023-02-15T18:17:09.841326+00:00, run_after=2023-02-15T22:17:09.841326+00:00
[2023-02-15T22:17:09.871+0000] {processor.py:175} INFO - Processing /home/airflow/.local/lib/python3.7/site-packages/airflow/example_dags/example_latest_only.py took 0.136 seconds
[2023-02-15T22:17:40.468+0000] {processor.py:153} INFO - Started process (PID=928) to work on /home/airflow/.local/lib/python3.7/site-packages/airflow/example_dags/example_latest_only.py
[2023-02-15T22:17:40.476+0000] {processor.py:743} INFO - Processing file /home/airflow/.local/lib/python3.7/site-packages/airflow/example_dags/example_latest_only.py for tasks to queue
[2023-02-15T22:17:40.477+0000] {logging_mixin.py:137} INFO - [2023-02-15T22:17:40.477+0000] {dagbag.py:538} INFO - Filling up the DagBag from /home/airflow/.local/lib/python3.7/site-packages/airflow/example_dags/example_latest_only.py
[2023-02-15T22:17:40.493+0000] {processor.py:753} INFO - DAG(s) dict_keys(['latest_only']) retrieved from /home/airflow/.local/lib/python3.7/site-packages/airflow/example_dags/example_latest_only.py
[2023-02-15T22:17:40.528+0000] {logging_mixin.py:137} INFO - [2023-02-15T22:17:40.528+0000] {dag.py:2690} INFO - Sync 1 DAGs
[2023-02-15T22:17:40.561+0000] {logging_mixin.py:137} INFO - [2023-02-15T22:17:40.560+0000] {dag.py:3441} INFO - Setting next_dagrun for latest_only to 2023-02-15T18:17:40.560667+00:00, run_after=2023-02-15T22:17:40.560667+00:00
[2023-02-15T22:17:40.584+0000] {processor.py:175} INFO - Processing /home/airflow/.local/lib/python3.7/site-packages/airflow/example_dags/example_latest_only.py took 0.119 seconds
[2023-02-15T22:18:11.021+0000] {processor.py:153} INFO - Started process (PID=992) to work on /home/airflow/.local/lib/python3.7/site-packages/airflow/example_dags/example_latest_only.py
[2023-02-15T22:18:11.022+0000] {processor.py:743} INFO - Processing file /home/airflow/.local/lib/python3.7/site-packages/airflow/example_dags/example_latest_only.py for tasks to queue
[2023-02-15T22:18:11.023+0000] {logging_mixin.py:137} INFO - [2023-02-15T22:18:11.022+0000] {dagbag.py:538} INFO - Filling up the DagBag from /home/airflow/.local/lib/python3.7/site-packages/airflow/example_dags/example_latest_only.py
[2023-02-15T22:18:11.042+0000] {processor.py:753} INFO - DAG(s) dict_keys(['latest_only']) retrieved from /home/airflow/.local/lib/python3.7/site-packages/airflow/example_dags/example_latest_only.py
[2023-02-15T22:18:11.075+0000] {logging_mixin.py:137} INFO - [2023-02-15T22:18:11.075+0000] {dag.py:2690} INFO - Sync 1 DAGs
[2023-02-15T22:18:11.106+0000] {logging_mixin.py:137} INFO - [2023-02-15T22:18:11.106+0000] {dag.py:3441} INFO - Setting next_dagrun for latest_only to 2023-02-15T18:18:11.106125+00:00, run_after=2023-02-15T22:18:11.106125+00:00
[2023-02-15T22:18:11.134+0000] {processor.py:175} INFO - Processing /home/airflow/.local/lib/python3.7/site-packages/airflow/example_dags/example_latest_only.py took 0.118 seconds
[2023-02-15T22:18:41.721+0000] {processor.py:153} INFO - Started process (PID=1066) to work on /home/airflow/.local/lib/python3.7/site-packages/airflow/example_dags/example_latest_only.py
[2023-02-15T22:18:41.723+0000] {processor.py:743} INFO - Processing file /home/airflow/.local/lib/python3.7/site-packages/airflow/example_dags/example_latest_only.py for tasks to queue
[2023-02-15T22:18:41.724+0000] {logging_mixin.py:137} INFO - [2023-02-15T22:18:41.724+0000] {dagbag.py:538} INFO - Filling up the DagBag from /home/airflow/.local/lib/python3.7/site-packages/airflow/example_dags/example_latest_only.py
[2023-02-15T22:18:41.741+0000] {processor.py:753} INFO - DAG(s) dict_keys(['latest_only']) retrieved from /home/airflow/.local/lib/python3.7/site-packages/airflow/example_dags/example_latest_only.py
[2023-02-15T22:18:41.770+0000] {logging_mixin.py:137} INFO - [2023-02-15T22:18:41.769+0000] {dag.py:2690} INFO - Sync 1 DAGs
[2023-02-15T22:18:41.801+0000] {logging_mixin.py:137} INFO - [2023-02-15T22:18:41.801+0000] {dag.py:3441} INFO - Setting next_dagrun for latest_only to 2023-02-15T18:18:41.801175+00:00, run_after=2023-02-15T22:18:41.801175+00:00
[2023-02-15T22:18:41.824+0000] {processor.py:175} INFO - Processing /home/airflow/.local/lib/python3.7/site-packages/airflow/example_dags/example_latest_only.py took 0.107 seconds
[2023-02-15T22:19:12.041+0000] {processor.py:153} INFO - Started process (PID=1129) to work on /home/airflow/.local/lib/python3.7/site-packages/airflow/example_dags/example_latest_only.py
[2023-02-15T22:19:12.042+0000] {processor.py:743} INFO - Processing file /home/airflow/.local/lib/python3.7/site-packages/airflow/example_dags/example_latest_only.py for tasks to queue
[2023-02-15T22:19:12.042+0000] {logging_mixin.py:137} INFO - [2023-02-15T22:19:12.042+0000] {dagbag.py:538} INFO - Filling up the DagBag from /home/airflow/.local/lib/python3.7/site-packages/airflow/example_dags/example_latest_only.py
[2023-02-15T22:19:12.057+0000] {processor.py:753} INFO - DAG(s) dict_keys(['latest_only']) retrieved from /home/airflow/.local/lib/python3.7/site-packages/airflow/example_dags/example_latest_only.py
[2023-02-15T22:19:12.087+0000] {logging_mixin.py:137} INFO - [2023-02-15T22:19:12.087+0000] {dag.py:2690} INFO - Sync 1 DAGs
[2023-02-15T22:19:12.120+0000] {logging_mixin.py:137} INFO - [2023-02-15T22:19:12.119+0000] {dag.py:3441} INFO - Setting next_dagrun for latest_only to 2023-02-15T18:19:12.119547+00:00, run_after=2023-02-15T22:19:12.119547+00:00
[2023-02-15T22:19:12.145+0000] {processor.py:175} INFO - Processing /home/airflow/.local/lib/python3.7/site-packages/airflow/example_dags/example_latest_only.py took 0.108 seconds
[2023-02-15T22:19:42.555+0000] {processor.py:153} INFO - Started process (PID=1193) to work on /home/airflow/.local/lib/python3.7/site-packages/airflow/example_dags/example_latest_only.py
[2023-02-15T22:19:42.557+0000] {processor.py:743} INFO - Processing file /home/airflow/.local/lib/python3.7/site-packages/airflow/example_dags/example_latest_only.py for tasks to queue
[2023-02-15T22:19:42.558+0000] {logging_mixin.py:137} INFO - [2023-02-15T22:19:42.558+0000] {dagbag.py:538} INFO - Filling up the DagBag from /home/airflow/.local/lib/python3.7/site-packages/airflow/example_dags/example_latest_only.py
[2023-02-15T22:19:42.576+0000] {processor.py:753} INFO - DAG(s) dict_keys(['latest_only']) retrieved from /home/airflow/.local/lib/python3.7/site-packages/airflow/example_dags/example_latest_only.py
[2023-02-15T22:19:42.609+0000] {logging_mixin.py:137} INFO - [2023-02-15T22:19:42.609+0000] {dag.py:2690} INFO - Sync 1 DAGs
[2023-02-15T22:19:42.645+0000] {logging_mixin.py:137} INFO - [2023-02-15T22:19:42.644+0000] {dag.py:3441} INFO - Setting next_dagrun for latest_only to 2023-02-15T18:19:42.644664+00:00, run_after=2023-02-15T22:19:42.644664+00:00
[2023-02-15T22:19:42.675+0000] {processor.py:175} INFO - Processing /home/airflow/.local/lib/python3.7/site-packages/airflow/example_dags/example_latest_only.py took 0.123 seconds
[2023-02-15T22:20:12.918+0000] {processor.py:153} INFO - Started process (PID=1267) to work on /home/airflow/.local/lib/python3.7/site-packages/airflow/example_dags/example_latest_only.py
[2023-02-15T22:20:12.923+0000] {processor.py:743} INFO - Processing file /home/airflow/.local/lib/python3.7/site-packages/airflow/example_dags/example_latest_only.py for tasks to queue
[2023-02-15T22:20:12.924+0000] {logging_mixin.py:137} INFO - [2023-02-15T22:20:12.924+0000] {dagbag.py:538} INFO - Filling up the DagBag from /home/airflow/.local/lib/python3.7/site-packages/airflow/example_dags/example_latest_only.py
[2023-02-15T22:20:12.940+0000] {processor.py:753} INFO - DAG(s) dict_keys(['latest_only']) retrieved from /home/airflow/.local/lib/python3.7/site-packages/airflow/example_dags/example_latest_only.py
[2023-02-15T22:20:12.974+0000] {logging_mixin.py:137} INFO - [2023-02-15T22:20:12.974+0000] {dag.py:2690} INFO - Sync 1 DAGs
[2023-02-15T22:20:13.007+0000] {logging_mixin.py:137} INFO - [2023-02-15T22:20:13.007+0000] {dag.py:3441} INFO - Setting next_dagrun for latest_only to 2023-02-15T18:20:13.006998+00:00, run_after=2023-02-15T22:20:13.006998+00:00
[2023-02-15T22:20:13.037+0000] {processor.py:175} INFO - Processing /home/airflow/.local/lib/python3.7/site-packages/airflow/example_dags/example_latest_only.py took 0.123 seconds
[2023-02-15T22:20:43.475+0000] {processor.py:153} INFO - Started process (PID=1330) to work on /home/airflow/.local/lib/python3.7/site-packages/airflow/example_dags/example_latest_only.py
[2023-02-15T22:20:43.477+0000] {processor.py:743} INFO - Processing file /home/airflow/.local/lib/python3.7/site-packages/airflow/example_dags/example_latest_only.py for tasks to queue
[2023-02-15T22:20:43.479+0000] {logging_mixin.py:137} INFO - [2023-02-15T22:20:43.479+0000] {dagbag.py:538} INFO - Filling up the DagBag from /home/airflow/.local/lib/python3.7/site-packages/airflow/example_dags/example_latest_only.py
[2023-02-15T22:20:43.499+0000] {processor.py:753} INFO - DAG(s) dict_keys(['latest_only']) retrieved from /home/airflow/.local/lib/python3.7/site-packages/airflow/example_dags/example_latest_only.py
[2023-02-15T22:20:43.534+0000] {logging_mixin.py:137} INFO - [2023-02-15T22:20:43.534+0000] {dag.py:2690} INFO - Sync 1 DAGs
[2023-02-15T22:20:43.578+0000] {logging_mixin.py:137} INFO - [2023-02-15T22:20:43.578+0000] {dag.py:3441} INFO - Setting next_dagrun for latest_only to 2023-02-15T18:20:43.577676+00:00, run_after=2023-02-15T22:20:43.577676+00:00
[2023-02-15T22:20:43.613+0000] {processor.py:175} INFO - Processing /home/airflow/.local/lib/python3.7/site-packages/airflow/example_dags/example_latest_only.py took 0.142 seconds
[2023-02-15T22:21:14.334+0000] {processor.py:153} INFO - Started process (PID=1393) to work on /home/airflow/.local/lib/python3.7/site-packages/airflow/example_dags/example_latest_only.py
[2023-02-15T22:21:14.335+0000] {processor.py:743} INFO - Processing file /home/airflow/.local/lib/python3.7/site-packages/airflow/example_dags/example_latest_only.py for tasks to queue
[2023-02-15T22:21:14.336+0000] {logging_mixin.py:137} INFO - [2023-02-15T22:21:14.336+0000] {dagbag.py:538} INFO - Filling up the DagBag from /home/airflow/.local/lib/python3.7/site-packages/airflow/example_dags/example_latest_only.py
[2023-02-15T22:21:14.351+0000] {processor.py:753} INFO - DAG(s) dict_keys(['latest_only']) retrieved from /home/airflow/.local/lib/python3.7/site-packages/airflow/example_dags/example_latest_only.py
[2023-02-15T22:21:14.379+0000] {logging_mixin.py:137} INFO - [2023-02-15T22:21:14.379+0000] {dag.py:2690} INFO - Sync 1 DAGs
[2023-02-15T22:21:14.407+0000] {logging_mixin.py:137} INFO - [2023-02-15T22:21:14.407+0000] {dag.py:3441} INFO - Setting next_dagrun for latest_only to 2023-02-15T18:21:14.407162+00:00, run_after=2023-02-15T22:21:14.407162+00:00
[2023-02-15T22:21:14.431+0000] {processor.py:175} INFO - Processing /home/airflow/.local/lib/python3.7/site-packages/airflow/example_dags/example_latest_only.py took 0.101 seconds
[2023-02-15T22:21:45.230+0000] {processor.py:153} INFO - Started process (PID=1470) to work on /home/airflow/.local/lib/python3.7/site-packages/airflow/example_dags/example_latest_only.py
[2023-02-15T22:21:45.231+0000] {processor.py:743} INFO - Processing file /home/airflow/.local/lib/python3.7/site-packages/airflow/example_dags/example_latest_only.py for tasks to queue
[2023-02-15T22:21:45.232+0000] {logging_mixin.py:137} INFO - [2023-02-15T22:21:45.232+0000] {dagbag.py:538} INFO - Filling up the DagBag from /home/airflow/.local/lib/python3.7/site-packages/airflow/example_dags/example_latest_only.py
[2023-02-15T22:21:45.249+0000] {processor.py:753} INFO - DAG(s) dict_keys(['latest_only']) retrieved from /home/airflow/.local/lib/python3.7/site-packages/airflow/example_dags/example_latest_only.py
[2023-02-15T22:21:45.303+0000] {logging_mixin.py:137} INFO - [2023-02-15T22:21:45.303+0000] {dag.py:2690} INFO - Sync 1 DAGs
[2023-02-15T22:21:45.352+0000] {logging_mixin.py:137} INFO - [2023-02-15T22:21:45.352+0000] {dag.py:3441} INFO - Setting next_dagrun for latest_only to 2023-02-15T18:21:45.352195+00:00, run_after=2023-02-15T22:21:45.352195+00:00
[2023-02-15T22:21:45.391+0000] {processor.py:175} INFO - Processing /home/airflow/.local/lib/python3.7/site-packages/airflow/example_dags/example_latest_only.py took 0.166 seconds
[2023-02-15T22:22:15.473+0000] {processor.py:153} INFO - Started process (PID=1534) to work on /home/airflow/.local/lib/python3.7/site-packages/airflow/example_dags/example_latest_only.py
[2023-02-15T22:22:15.476+0000] {processor.py:743} INFO - Processing file /home/airflow/.local/lib/python3.7/site-packages/airflow/example_dags/example_latest_only.py for tasks to queue
[2023-02-15T22:22:15.477+0000] {logging_mixin.py:137} INFO - [2023-02-15T22:22:15.477+0000] {dagbag.py:538} INFO - Filling up the DagBag from /home/airflow/.local/lib/python3.7/site-packages/airflow/example_dags/example_latest_only.py
[2023-02-15T22:22:15.519+0000] {processor.py:753} INFO - DAG(s) dict_keys(['latest_only']) retrieved from /home/airflow/.local/lib/python3.7/site-packages/airflow/example_dags/example_latest_only.py
[2023-02-15T22:22:15.623+0000] {logging_mixin.py:137} INFO - [2023-02-15T22:22:15.622+0000] {dag.py:2690} INFO - Sync 1 DAGs
[2023-02-15T22:22:15.704+0000] {logging_mixin.py:137} INFO - [2023-02-15T22:22:15.704+0000] {dag.py:3441} INFO - Setting next_dagrun for latest_only to 2023-02-15T18:22:15.703909+00:00, run_after=2023-02-15T22:22:15.703909+00:00
[2023-02-15T22:22:15.774+0000] {processor.py:175} INFO - Processing /home/airflow/.local/lib/python3.7/site-packages/airflow/example_dags/example_latest_only.py took 0.309 seconds
[2023-02-15T22:22:46.812+0000] {processor.py:153} INFO - Started process (PID=1606) to work on /home/airflow/.local/lib/python3.7/site-packages/airflow/example_dags/example_latest_only.py
[2023-02-15T22:22:46.814+0000] {processor.py:743} INFO - Processing file /home/airflow/.local/lib/python3.7/site-packages/airflow/example_dags/example_latest_only.py for tasks to queue
[2023-02-15T22:22:46.814+0000] {logging_mixin.py:137} INFO - [2023-02-15T22:22:46.814+0000] {dagbag.py:538} INFO - Filling up the DagBag from /home/airflow/.local/lib/python3.7/site-packages/airflow/example_dags/example_latest_only.py
[2023-02-15T22:22:46.831+0000] {processor.py:753} INFO - DAG(s) dict_keys(['latest_only']) retrieved from /home/airflow/.local/lib/python3.7/site-packages/airflow/example_dags/example_latest_only.py
[2023-02-15T22:22:46.872+0000] {logging_mixin.py:137} INFO - [2023-02-15T22:22:46.872+0000] {dag.py:2690} INFO - Sync 1 DAGs
[2023-02-15T22:22:46.909+0000] {logging_mixin.py:137} INFO - [2023-02-15T22:22:46.909+0000] {dag.py:3441} INFO - Setting next_dagrun for latest_only to 2023-02-15T18:22:46.909006+00:00, run_after=2023-02-15T22:22:46.909006+00:00
[2023-02-15T22:22:46.942+0000] {processor.py:175} INFO - Processing /home/airflow/.local/lib/python3.7/site-packages/airflow/example_dags/example_latest_only.py took 0.135 seconds
[2023-02-15T22:23:17.896+0000] {processor.py:153} INFO - Started process (PID=1673) to work on /home/airflow/.local/lib/python3.7/site-packages/airflow/example_dags/example_latest_only.py
[2023-02-15T22:23:17.903+0000] {processor.py:743} INFO - Processing file /home/airflow/.local/lib/python3.7/site-packages/airflow/example_dags/example_latest_only.py for tasks to queue
[2023-02-15T22:23:17.910+0000] {logging_mixin.py:137} INFO - [2023-02-15T22:23:17.910+0000] {dagbag.py:538} INFO - Filling up the DagBag from /home/airflow/.local/lib/python3.7/site-packages/airflow/example_dags/example_latest_only.py
[2023-02-15T22:23:17.932+0000] {processor.py:753} INFO - DAG(s) dict_keys(['latest_only']) retrieved from /home/airflow/.local/lib/python3.7/site-packages/airflow/example_dags/example_latest_only.py
[2023-02-15T22:23:17.990+0000] {logging_mixin.py:137} INFO - [2023-02-15T22:23:17.989+0000] {dag.py:2690} INFO - Sync 1 DAGs
[2023-02-15T22:23:18.033+0000] {logging_mixin.py:137} INFO - [2023-02-15T22:23:18.033+0000] {dag.py:3441} INFO - Setting next_dagrun for latest_only to 2023-02-15T18:23:18.032851+00:00, run_after=2023-02-15T22:23:18.032851+00:00
[2023-02-15T22:23:18.059+0000] {processor.py:175} INFO - Processing /home/airflow/.local/lib/python3.7/site-packages/airflow/example_dags/example_latest_only.py took 0.178 seconds
