[2023-02-15T22:10:53.379+0000] {processor.py:153} INFO - Started process (PID=79) to work on /home/airflow/.local/lib/python3.7/site-packages/airflow/example_dags/example_skip_dag.py
[2023-02-15T22:10:53.379+0000] {processor.py:743} INFO - Processing file /home/airflow/.local/lib/python3.7/site-packages/airflow/example_dags/example_skip_dag.py for tasks to queue
[2023-02-15T22:10:53.380+0000] {logging_mixin.py:137} INFO - [2023-02-15T22:10:53.380+0000] {dagbag.py:538} INFO - Filling up the DagBag from /home/airflow/.local/lib/python3.7/site-packages/airflow/example_dags/example_skip_dag.py
[2023-02-15T22:10:53.478+0000] {processor.py:753} INFO - DAG(s) dict_keys(['example_skip_dag']) retrieved from /home/airflow/.local/lib/python3.7/site-packages/airflow/example_dags/example_skip_dag.py
[2023-02-15T22:10:54.012+0000] {logging_mixin.py:137} INFO - [2023-02-15T22:10:54.011+0000] {dag.py:2690} INFO - Sync 1 DAGs
[2023-02-15T22:10:54.234+0000] {logging_mixin.py:137} INFO - [2023-02-15T22:10:54.234+0000] {dag.py:3441} INFO - Setting next_dagrun for example_skip_dag to 2023-02-14T22:10:54.233845+00:00, run_after=2023-02-15T22:10:54.233845+00:00
[2023-02-15T22:10:54.446+0000] {processor.py:175} INFO - Processing /home/airflow/.local/lib/python3.7/site-packages/airflow/example_dags/example_skip_dag.py took 1.104 seconds
[2023-02-15T22:11:24.723+0000] {processor.py:153} INFO - Started process (PID=138) to work on /home/airflow/.local/lib/python3.7/site-packages/airflow/example_dags/example_skip_dag.py
[2023-02-15T22:11:24.785+0000] {processor.py:743} INFO - Processing file /home/airflow/.local/lib/python3.7/site-packages/airflow/example_dags/example_skip_dag.py for tasks to queue
[2023-02-15T22:11:24.786+0000] {logging_mixin.py:137} INFO - [2023-02-15T22:11:24.786+0000] {dagbag.py:538} INFO - Filling up the DagBag from /home/airflow/.local/lib/python3.7/site-packages/airflow/example_dags/example_skip_dag.py
[2023-02-15T22:11:24.834+0000] {processor.py:753} INFO - DAG(s) dict_keys(['example_skip_dag']) retrieved from /home/airflow/.local/lib/python3.7/site-packages/airflow/example_dags/example_skip_dag.py
[2023-02-15T22:11:24.995+0000] {logging_mixin.py:137} INFO - [2023-02-15T22:11:24.982+0000] {dag.py:2690} INFO - Sync 1 DAGs
[2023-02-15T22:11:25.138+0000] {logging_mixin.py:137} INFO - [2023-02-15T22:11:25.138+0000] {dag.py:3441} INFO - Setting next_dagrun for example_skip_dag to 2023-02-14T22:11:25.138546+00:00, run_after=2023-02-15T22:11:25.138546+00:00
[2023-02-15T22:11:25.333+0000] {processor.py:175} INFO - Processing /home/airflow/.local/lib/python3.7/site-packages/airflow/example_dags/example_skip_dag.py took 0.640 seconds
[2023-02-15T22:11:55.755+0000] {processor.py:153} INFO - Started process (PID=192) to work on /home/airflow/.local/lib/python3.7/site-packages/airflow/example_dags/example_skip_dag.py
[2023-02-15T22:11:55.756+0000] {processor.py:743} INFO - Processing file /home/airflow/.local/lib/python3.7/site-packages/airflow/example_dags/example_skip_dag.py for tasks to queue
[2023-02-15T22:11:55.765+0000] {logging_mixin.py:137} INFO - [2023-02-15T22:11:55.765+0000] {dagbag.py:538} INFO - Filling up the DagBag from /home/airflow/.local/lib/python3.7/site-packages/airflow/example_dags/example_skip_dag.py
[2023-02-15T22:11:55.801+0000] {processor.py:753} INFO - DAG(s) dict_keys(['example_skip_dag']) retrieved from /home/airflow/.local/lib/python3.7/site-packages/airflow/example_dags/example_skip_dag.py
[2023-02-15T22:11:55.865+0000] {logging_mixin.py:137} INFO - [2023-02-15T22:11:55.865+0000] {dag.py:2690} INFO - Sync 1 DAGs
[2023-02-15T22:11:55.929+0000] {logging_mixin.py:137} INFO - [2023-02-15T22:11:55.929+0000] {dag.py:3441} INFO - Setting next_dagrun for example_skip_dag to 2023-02-14T22:11:55.929114+00:00, run_after=2023-02-15T22:11:55.929114+00:00
[2023-02-15T22:11:55.988+0000] {processor.py:175} INFO - Processing /home/airflow/.local/lib/python3.7/site-packages/airflow/example_dags/example_skip_dag.py took 0.236 seconds
[2023-02-15T22:12:26.262+0000] {processor.py:153} INFO - Started process (PID=254) to work on /home/airflow/.local/lib/python3.7/site-packages/airflow/example_dags/example_skip_dag.py
[2023-02-15T22:12:26.274+0000] {processor.py:743} INFO - Processing file /home/airflow/.local/lib/python3.7/site-packages/airflow/example_dags/example_skip_dag.py for tasks to queue
[2023-02-15T22:12:26.275+0000] {logging_mixin.py:137} INFO - [2023-02-15T22:12:26.274+0000] {dagbag.py:538} INFO - Filling up the DagBag from /home/airflow/.local/lib/python3.7/site-packages/airflow/example_dags/example_skip_dag.py
[2023-02-15T22:12:26.325+0000] {processor.py:753} INFO - DAG(s) dict_keys(['example_skip_dag']) retrieved from /home/airflow/.local/lib/python3.7/site-packages/airflow/example_dags/example_skip_dag.py
[2023-02-15T22:12:26.404+0000] {logging_mixin.py:137} INFO - [2023-02-15T22:12:26.404+0000] {dag.py:2690} INFO - Sync 1 DAGs
[2023-02-15T22:12:26.502+0000] {logging_mixin.py:137} INFO - [2023-02-15T22:12:26.501+0000] {dag.py:3441} INFO - Setting next_dagrun for example_skip_dag to 2023-02-14T22:12:26.501691+00:00, run_after=2023-02-15T22:12:26.501691+00:00
[2023-02-15T22:12:26.618+0000] {processor.py:175} INFO - Processing /home/airflow/.local/lib/python3.7/site-packages/airflow/example_dags/example_skip_dag.py took 0.360 seconds
[2023-02-15T22:12:57.131+0000] {processor.py:153} INFO - Started process (PID=313) to work on /home/airflow/.local/lib/python3.7/site-packages/airflow/example_dags/example_skip_dag.py
[2023-02-15T22:12:57.132+0000] {processor.py:743} INFO - Processing file /home/airflow/.local/lib/python3.7/site-packages/airflow/example_dags/example_skip_dag.py for tasks to queue
[2023-02-15T22:12:57.133+0000] {logging_mixin.py:137} INFO - [2023-02-15T22:12:57.133+0000] {dagbag.py:538} INFO - Filling up the DagBag from /home/airflow/.local/lib/python3.7/site-packages/airflow/example_dags/example_skip_dag.py
[2023-02-15T22:12:57.195+0000] {processor.py:753} INFO - DAG(s) dict_keys(['example_skip_dag']) retrieved from /home/airflow/.local/lib/python3.7/site-packages/airflow/example_dags/example_skip_dag.py
[2023-02-15T22:12:57.276+0000] {logging_mixin.py:137} INFO - [2023-02-15T22:12:57.276+0000] {dag.py:2690} INFO - Sync 1 DAGs
[2023-02-15T22:12:57.386+0000] {logging_mixin.py:137} INFO - [2023-02-15T22:12:57.386+0000] {dag.py:3441} INFO - Setting next_dagrun for example_skip_dag to 2023-02-14T22:12:57.386273+00:00, run_after=2023-02-15T22:12:57.386273+00:00
[2023-02-15T22:12:57.581+0000] {processor.py:175} INFO - Processing /home/airflow/.local/lib/python3.7/site-packages/airflow/example_dags/example_skip_dag.py took 0.465 seconds
[2023-02-15T22:13:28.171+0000] {processor.py:153} INFO - Started process (PID=370) to work on /home/airflow/.local/lib/python3.7/site-packages/airflow/example_dags/example_skip_dag.py
[2023-02-15T22:13:28.194+0000] {processor.py:743} INFO - Processing file /home/airflow/.local/lib/python3.7/site-packages/airflow/example_dags/example_skip_dag.py for tasks to queue
[2023-02-15T22:13:28.195+0000] {logging_mixin.py:137} INFO - [2023-02-15T22:13:28.195+0000] {dagbag.py:538} INFO - Filling up the DagBag from /home/airflow/.local/lib/python3.7/site-packages/airflow/example_dags/example_skip_dag.py
[2023-02-15T22:13:28.221+0000] {processor.py:753} INFO - DAG(s) dict_keys(['example_skip_dag']) retrieved from /home/airflow/.local/lib/python3.7/site-packages/airflow/example_dags/example_skip_dag.py
[2023-02-15T22:13:28.299+0000] {logging_mixin.py:137} INFO - [2023-02-15T22:13:28.299+0000] {dag.py:2690} INFO - Sync 1 DAGs
[2023-02-15T22:13:28.405+0000] {logging_mixin.py:137} INFO - [2023-02-15T22:13:28.405+0000] {dag.py:3441} INFO - Setting next_dagrun for example_skip_dag to 2023-02-14T22:13:28.404847+00:00, run_after=2023-02-15T22:13:28.404847+00:00
[2023-02-15T22:13:28.476+0000] {processor.py:175} INFO - Processing /home/airflow/.local/lib/python3.7/site-packages/airflow/example_dags/example_skip_dag.py took 0.319 seconds
[2023-02-15T22:13:58.535+0000] {processor.py:153} INFO - Started process (PID=432) to work on /home/airflow/.local/lib/python3.7/site-packages/airflow/example_dags/example_skip_dag.py
[2023-02-15T22:13:58.536+0000] {processor.py:743} INFO - Processing file /home/airflow/.local/lib/python3.7/site-packages/airflow/example_dags/example_skip_dag.py for tasks to queue
[2023-02-15T22:13:58.537+0000] {logging_mixin.py:137} INFO - [2023-02-15T22:13:58.537+0000] {dagbag.py:538} INFO - Filling up the DagBag from /home/airflow/.local/lib/python3.7/site-packages/airflow/example_dags/example_skip_dag.py
[2023-02-15T22:13:58.552+0000] {processor.py:753} INFO - DAG(s) dict_keys(['example_skip_dag']) retrieved from /home/airflow/.local/lib/python3.7/site-packages/airflow/example_dags/example_skip_dag.py
[2023-02-15T22:13:58.583+0000] {logging_mixin.py:137} INFO - [2023-02-15T22:13:58.582+0000] {dag.py:2690} INFO - Sync 1 DAGs
[2023-02-15T22:13:58.612+0000] {logging_mixin.py:137} INFO - [2023-02-15T22:13:58.612+0000] {dag.py:3441} INFO - Setting next_dagrun for example_skip_dag to 2023-02-14T22:13:58.612360+00:00, run_after=2023-02-15T22:13:58.612360+00:00
[2023-02-15T22:13:58.636+0000] {processor.py:175} INFO - Processing /home/airflow/.local/lib/python3.7/site-packages/airflow/example_dags/example_skip_dag.py took 0.104 seconds
[2023-02-15T22:14:28.725+0000] {processor.py:153} INFO - Started process (PID=504) to work on /home/airflow/.local/lib/python3.7/site-packages/airflow/example_dags/example_skip_dag.py
[2023-02-15T22:14:28.740+0000] {processor.py:743} INFO - Processing file /home/airflow/.local/lib/python3.7/site-packages/airflow/example_dags/example_skip_dag.py for tasks to queue
[2023-02-15T22:14:28.741+0000] {logging_mixin.py:137} INFO - [2023-02-15T22:14:28.741+0000] {dagbag.py:538} INFO - Filling up the DagBag from /home/airflow/.local/lib/python3.7/site-packages/airflow/example_dags/example_skip_dag.py
[2023-02-15T22:14:28.777+0000] {processor.py:753} INFO - DAG(s) dict_keys(['example_skip_dag']) retrieved from /home/airflow/.local/lib/python3.7/site-packages/airflow/example_dags/example_skip_dag.py
[2023-02-15T22:14:28.861+0000] {logging_mixin.py:137} INFO - [2023-02-15T22:14:28.860+0000] {dag.py:2690} INFO - Sync 1 DAGs
[2023-02-15T22:14:28.953+0000] {logging_mixin.py:137} INFO - [2023-02-15T22:14:28.953+0000] {dag.py:3441} INFO - Setting next_dagrun for example_skip_dag to 2023-02-14T22:14:28.948399+00:00, run_after=2023-02-15T22:14:28.948399+00:00
[2023-02-15T22:14:29.042+0000] {processor.py:175} INFO - Processing /home/airflow/.local/lib/python3.7/site-packages/airflow/example_dags/example_skip_dag.py took 0.321 seconds
[2023-02-15T22:14:59.134+0000] {processor.py:153} INFO - Started process (PID=572) to work on /home/airflow/.local/lib/python3.7/site-packages/airflow/example_dags/example_skip_dag.py
[2023-02-15T22:14:59.135+0000] {processor.py:743} INFO - Processing file /home/airflow/.local/lib/python3.7/site-packages/airflow/example_dags/example_skip_dag.py for tasks to queue
[2023-02-15T22:14:59.136+0000] {logging_mixin.py:137} INFO - [2023-02-15T22:14:59.136+0000] {dagbag.py:538} INFO - Filling up the DagBag from /home/airflow/.local/lib/python3.7/site-packages/airflow/example_dags/example_skip_dag.py
[2023-02-15T22:14:59.151+0000] {processor.py:753} INFO - DAG(s) dict_keys(['example_skip_dag']) retrieved from /home/airflow/.local/lib/python3.7/site-packages/airflow/example_dags/example_skip_dag.py
[2023-02-15T22:14:59.178+0000] {logging_mixin.py:137} INFO - [2023-02-15T22:14:59.178+0000] {dag.py:2690} INFO - Sync 1 DAGs
[2023-02-15T22:14:59.209+0000] {logging_mixin.py:137} INFO - [2023-02-15T22:14:59.209+0000] {dag.py:3441} INFO - Setting next_dagrun for example_skip_dag to 2023-02-14T22:14:59.209152+00:00, run_after=2023-02-15T22:14:59.209152+00:00
[2023-02-15T22:14:59.230+0000] {processor.py:175} INFO - Processing /home/airflow/.local/lib/python3.7/site-packages/airflow/example_dags/example_skip_dag.py took 0.100 seconds
[2023-02-15T22:15:29.564+0000] {processor.py:153} INFO - Started process (PID=637) to work on /home/airflow/.local/lib/python3.7/site-packages/airflow/example_dags/example_skip_dag.py
[2023-02-15T22:15:29.566+0000] {processor.py:743} INFO - Processing file /home/airflow/.local/lib/python3.7/site-packages/airflow/example_dags/example_skip_dag.py for tasks to queue
[2023-02-15T22:15:29.566+0000] {logging_mixin.py:137} INFO - [2023-02-15T22:15:29.566+0000] {dagbag.py:538} INFO - Filling up the DagBag from /home/airflow/.local/lib/python3.7/site-packages/airflow/example_dags/example_skip_dag.py
[2023-02-15T22:15:29.583+0000] {processor.py:753} INFO - DAG(s) dict_keys(['example_skip_dag']) retrieved from /home/airflow/.local/lib/python3.7/site-packages/airflow/example_dags/example_skip_dag.py
[2023-02-15T22:15:29.614+0000] {logging_mixin.py:137} INFO - [2023-02-15T22:15:29.613+0000] {dag.py:2690} INFO - Sync 1 DAGs
[2023-02-15T22:15:29.645+0000] {logging_mixin.py:137} INFO - [2023-02-15T22:15:29.645+0000] {dag.py:3441} INFO - Setting next_dagrun for example_skip_dag to 2023-02-14T22:15:29.645197+00:00, run_after=2023-02-15T22:15:29.645197+00:00
[2023-02-15T22:15:29.681+0000] {processor.py:175} INFO - Processing /home/airflow/.local/lib/python3.7/site-packages/airflow/example_dags/example_skip_dag.py took 0.120 seconds
[2023-02-15T22:15:59.789+0000] {processor.py:153} INFO - Started process (PID=710) to work on /home/airflow/.local/lib/python3.7/site-packages/airflow/example_dags/example_skip_dag.py
[2023-02-15T22:15:59.789+0000] {processor.py:743} INFO - Processing file /home/airflow/.local/lib/python3.7/site-packages/airflow/example_dags/example_skip_dag.py for tasks to queue
[2023-02-15T22:15:59.790+0000] {logging_mixin.py:137} INFO - [2023-02-15T22:15:59.790+0000] {dagbag.py:538} INFO - Filling up the DagBag from /home/airflow/.local/lib/python3.7/site-packages/airflow/example_dags/example_skip_dag.py
[2023-02-15T22:15:59.816+0000] {processor.py:753} INFO - DAG(s) dict_keys(['example_skip_dag']) retrieved from /home/airflow/.local/lib/python3.7/site-packages/airflow/example_dags/example_skip_dag.py
[2023-02-15T22:15:59.851+0000] {logging_mixin.py:137} INFO - [2023-02-15T22:15:59.850+0000] {dag.py:2690} INFO - Sync 1 DAGs
[2023-02-15T22:15:59.888+0000] {logging_mixin.py:137} INFO - [2023-02-15T22:15:59.888+0000] {dag.py:3441} INFO - Setting next_dagrun for example_skip_dag to 2023-02-14T22:15:59.888390+00:00, run_after=2023-02-15T22:15:59.888390+00:00
[2023-02-15T22:15:59.923+0000] {processor.py:175} INFO - Processing /home/airflow/.local/lib/python3.7/site-packages/airflow/example_dags/example_skip_dag.py took 0.139 seconds
[2023-02-15T22:16:30.021+0000] {processor.py:153} INFO - Started process (PID=777) to work on /home/airflow/.local/lib/python3.7/site-packages/airflow/example_dags/example_skip_dag.py
[2023-02-15T22:16:30.022+0000] {processor.py:743} INFO - Processing file /home/airflow/.local/lib/python3.7/site-packages/airflow/example_dags/example_skip_dag.py for tasks to queue
[2023-02-15T22:16:30.023+0000] {logging_mixin.py:137} INFO - [2023-02-15T22:16:30.023+0000] {dagbag.py:538} INFO - Filling up the DagBag from /home/airflow/.local/lib/python3.7/site-packages/airflow/example_dags/example_skip_dag.py
[2023-02-15T22:16:30.041+0000] {processor.py:753} INFO - DAG(s) dict_keys(['example_skip_dag']) retrieved from /home/airflow/.local/lib/python3.7/site-packages/airflow/example_dags/example_skip_dag.py
[2023-02-15T22:16:30.078+0000] {logging_mixin.py:137} INFO - [2023-02-15T22:16:30.077+0000] {dag.py:2690} INFO - Sync 1 DAGs
[2023-02-15T22:16:30.120+0000] {logging_mixin.py:137} INFO - [2023-02-15T22:16:30.119+0000] {dag.py:3441} INFO - Setting next_dagrun for example_skip_dag to 2023-02-14T22:16:30.119559+00:00, run_after=2023-02-15T22:16:30.119559+00:00
[2023-02-15T22:16:30.143+0000] {processor.py:175} INFO - Processing /home/airflow/.local/lib/python3.7/site-packages/airflow/example_dags/example_skip_dag.py took 0.126 seconds
[2023-02-15T22:17:00.529+0000] {processor.py:153} INFO - Started process (PID=841) to work on /home/airflow/.local/lib/python3.7/site-packages/airflow/example_dags/example_skip_dag.py
[2023-02-15T22:17:00.530+0000] {processor.py:743} INFO - Processing file /home/airflow/.local/lib/python3.7/site-packages/airflow/example_dags/example_skip_dag.py for tasks to queue
[2023-02-15T22:17:00.530+0000] {logging_mixin.py:137} INFO - [2023-02-15T22:17:00.530+0000] {dagbag.py:538} INFO - Filling up the DagBag from /home/airflow/.local/lib/python3.7/site-packages/airflow/example_dags/example_skip_dag.py
[2023-02-15T22:17:00.555+0000] {processor.py:753} INFO - DAG(s) dict_keys(['example_skip_dag']) retrieved from /home/airflow/.local/lib/python3.7/site-packages/airflow/example_dags/example_skip_dag.py
[2023-02-15T22:17:00.592+0000] {logging_mixin.py:137} INFO - [2023-02-15T22:17:00.591+0000] {dag.py:2690} INFO - Sync 1 DAGs
[2023-02-15T22:17:00.631+0000] {logging_mixin.py:137} INFO - [2023-02-15T22:17:00.631+0000] {dag.py:3441} INFO - Setting next_dagrun for example_skip_dag to 2023-02-14T22:17:00.630764+00:00, run_after=2023-02-15T22:17:00.630764+00:00
[2023-02-15T22:17:00.663+0000] {processor.py:175} INFO - Processing /home/airflow/.local/lib/python3.7/site-packages/airflow/example_dags/example_skip_dag.py took 0.139 seconds
[2023-02-15T22:17:31.228+0000] {processor.py:153} INFO - Started process (PID=904) to work on /home/airflow/.local/lib/python3.7/site-packages/airflow/example_dags/example_skip_dag.py
[2023-02-15T22:17:31.229+0000] {processor.py:743} INFO - Processing file /home/airflow/.local/lib/python3.7/site-packages/airflow/example_dags/example_skip_dag.py for tasks to queue
[2023-02-15T22:17:31.230+0000] {logging_mixin.py:137} INFO - [2023-02-15T22:17:31.230+0000] {dagbag.py:538} INFO - Filling up the DagBag from /home/airflow/.local/lib/python3.7/site-packages/airflow/example_dags/example_skip_dag.py
[2023-02-15T22:17:31.249+0000] {processor.py:753} INFO - DAG(s) dict_keys(['example_skip_dag']) retrieved from /home/airflow/.local/lib/python3.7/site-packages/airflow/example_dags/example_skip_dag.py
[2023-02-15T22:17:31.282+0000] {logging_mixin.py:137} INFO - [2023-02-15T22:17:31.282+0000] {dag.py:2690} INFO - Sync 1 DAGs
[2023-02-15T22:17:31.313+0000] {logging_mixin.py:137} INFO - [2023-02-15T22:17:31.313+0000] {dag.py:3441} INFO - Setting next_dagrun for example_skip_dag to 2023-02-14T22:17:31.312828+00:00, run_after=2023-02-15T22:17:31.312828+00:00
[2023-02-15T22:17:31.347+0000] {processor.py:175} INFO - Processing /home/airflow/.local/lib/python3.7/site-packages/airflow/example_dags/example_skip_dag.py took 0.122 seconds
[2023-02-15T22:18:01.832+0000] {processor.py:153} INFO - Started process (PID=980) to work on /home/airflow/.local/lib/python3.7/site-packages/airflow/example_dags/example_skip_dag.py
[2023-02-15T22:18:01.834+0000] {processor.py:743} INFO - Processing file /home/airflow/.local/lib/python3.7/site-packages/airflow/example_dags/example_skip_dag.py for tasks to queue
[2023-02-15T22:18:01.835+0000] {logging_mixin.py:137} INFO - [2023-02-15T22:18:01.835+0000] {dagbag.py:538} INFO - Filling up the DagBag from /home/airflow/.local/lib/python3.7/site-packages/airflow/example_dags/example_skip_dag.py
[2023-02-15T22:18:01.863+0000] {processor.py:753} INFO - DAG(s) dict_keys(['example_skip_dag']) retrieved from /home/airflow/.local/lib/python3.7/site-packages/airflow/example_dags/example_skip_dag.py
[2023-02-15T22:18:01.896+0000] {logging_mixin.py:137} INFO - [2023-02-15T22:18:01.896+0000] {dag.py:2690} INFO - Sync 1 DAGs
[2023-02-15T22:18:01.939+0000] {logging_mixin.py:137} INFO - [2023-02-15T22:18:01.939+0000] {dag.py:3441} INFO - Setting next_dagrun for example_skip_dag to 2023-02-14T22:18:01.939349+00:00, run_after=2023-02-15T22:18:01.939349+00:00
[2023-02-15T22:18:01.986+0000] {processor.py:175} INFO - Processing /home/airflow/.local/lib/python3.7/site-packages/airflow/example_dags/example_skip_dag.py took 0.158 seconds
[2023-02-15T22:18:32.477+0000] {processor.py:153} INFO - Started process (PID=1042) to work on /home/airflow/.local/lib/python3.7/site-packages/airflow/example_dags/example_skip_dag.py
[2023-02-15T22:18:32.478+0000] {processor.py:743} INFO - Processing file /home/airflow/.local/lib/python3.7/site-packages/airflow/example_dags/example_skip_dag.py for tasks to queue
[2023-02-15T22:18:32.479+0000] {logging_mixin.py:137} INFO - [2023-02-15T22:18:32.479+0000] {dagbag.py:538} INFO - Filling up the DagBag from /home/airflow/.local/lib/python3.7/site-packages/airflow/example_dags/example_skip_dag.py
[2023-02-15T22:18:32.495+0000] {processor.py:753} INFO - DAG(s) dict_keys(['example_skip_dag']) retrieved from /home/airflow/.local/lib/python3.7/site-packages/airflow/example_dags/example_skip_dag.py
[2023-02-15T22:18:32.524+0000] {logging_mixin.py:137} INFO - [2023-02-15T22:18:32.523+0000] {dag.py:2690} INFO - Sync 1 DAGs
[2023-02-15T22:18:32.555+0000] {logging_mixin.py:137} INFO - [2023-02-15T22:18:32.555+0000] {dag.py:3441} INFO - Setting next_dagrun for example_skip_dag to 2023-02-14T22:18:32.555399+00:00, run_after=2023-02-15T22:18:32.555399+00:00
[2023-02-15T22:18:32.591+0000] {processor.py:175} INFO - Processing /home/airflow/.local/lib/python3.7/site-packages/airflow/example_dags/example_skip_dag.py took 0.117 seconds
[2023-02-15T22:19:02.726+0000] {processor.py:153} INFO - Started process (PID=1105) to work on /home/airflow/.local/lib/python3.7/site-packages/airflow/example_dags/example_skip_dag.py
[2023-02-15T22:19:02.727+0000] {processor.py:743} INFO - Processing file /home/airflow/.local/lib/python3.7/site-packages/airflow/example_dags/example_skip_dag.py for tasks to queue
[2023-02-15T22:19:02.728+0000] {logging_mixin.py:137} INFO - [2023-02-15T22:19:02.727+0000] {dagbag.py:538} INFO - Filling up the DagBag from /home/airflow/.local/lib/python3.7/site-packages/airflow/example_dags/example_skip_dag.py
[2023-02-15T22:19:02.744+0000] {processor.py:753} INFO - DAG(s) dict_keys(['example_skip_dag']) retrieved from /home/airflow/.local/lib/python3.7/site-packages/airflow/example_dags/example_skip_dag.py
[2023-02-15T22:19:02.774+0000] {logging_mixin.py:137} INFO - [2023-02-15T22:19:02.773+0000] {dag.py:2690} INFO - Sync 1 DAGs
[2023-02-15T22:19:02.808+0000] {logging_mixin.py:137} INFO - [2023-02-15T22:19:02.808+0000] {dag.py:3441} INFO - Setting next_dagrun for example_skip_dag to 2023-02-14T22:19:02.808021+00:00, run_after=2023-02-15T22:19:02.808021+00:00
[2023-02-15T22:19:02.840+0000] {processor.py:175} INFO - Processing /home/airflow/.local/lib/python3.7/site-packages/airflow/example_dags/example_skip_dag.py took 0.119 seconds
[2023-02-15T22:19:33.167+0000] {processor.py:153} INFO - Started process (PID=1181) to work on /home/airflow/.local/lib/python3.7/site-packages/airflow/example_dags/example_skip_dag.py
[2023-02-15T22:19:33.168+0000] {processor.py:743} INFO - Processing file /home/airflow/.local/lib/python3.7/site-packages/airflow/example_dags/example_skip_dag.py for tasks to queue
[2023-02-15T22:19:33.169+0000] {logging_mixin.py:137} INFO - [2023-02-15T22:19:33.169+0000] {dagbag.py:538} INFO - Filling up the DagBag from /home/airflow/.local/lib/python3.7/site-packages/airflow/example_dags/example_skip_dag.py
[2023-02-15T22:19:33.184+0000] {processor.py:753} INFO - DAG(s) dict_keys(['example_skip_dag']) retrieved from /home/airflow/.local/lib/python3.7/site-packages/airflow/example_dags/example_skip_dag.py
[2023-02-15T22:19:33.215+0000] {logging_mixin.py:137} INFO - [2023-02-15T22:19:33.215+0000] {dag.py:2690} INFO - Sync 1 DAGs
[2023-02-15T22:19:33.248+0000] {logging_mixin.py:137} INFO - [2023-02-15T22:19:33.247+0000] {dag.py:3441} INFO - Setting next_dagrun for example_skip_dag to 2023-02-14T22:19:33.247574+00:00, run_after=2023-02-15T22:19:33.247574+00:00
[2023-02-15T22:19:33.271+0000] {processor.py:175} INFO - Processing /home/airflow/.local/lib/python3.7/site-packages/airflow/example_dags/example_skip_dag.py took 0.107 seconds
[2023-02-15T22:20:03.921+0000] {processor.py:153} INFO - Started process (PID=1243) to work on /home/airflow/.local/lib/python3.7/site-packages/airflow/example_dags/example_skip_dag.py
[2023-02-15T22:20:03.922+0000] {processor.py:743} INFO - Processing file /home/airflow/.local/lib/python3.7/site-packages/airflow/example_dags/example_skip_dag.py for tasks to queue
[2023-02-15T22:20:03.923+0000] {logging_mixin.py:137} INFO - [2023-02-15T22:20:03.923+0000] {dagbag.py:538} INFO - Filling up the DagBag from /home/airflow/.local/lib/python3.7/site-packages/airflow/example_dags/example_skip_dag.py
[2023-02-15T22:20:03.948+0000] {processor.py:753} INFO - DAG(s) dict_keys(['example_skip_dag']) retrieved from /home/airflow/.local/lib/python3.7/site-packages/airflow/example_dags/example_skip_dag.py
[2023-02-15T22:20:04.002+0000] {logging_mixin.py:137} INFO - [2023-02-15T22:20:04.002+0000] {dag.py:2690} INFO - Sync 1 DAGs
[2023-02-15T22:20:04.087+0000] {logging_mixin.py:137} INFO - [2023-02-15T22:20:04.086+0000] {dag.py:3441} INFO - Setting next_dagrun for example_skip_dag to 2023-02-14T22:20:04.086574+00:00, run_after=2023-02-15T22:20:04.086574+00:00
[2023-02-15T22:20:04.151+0000] {processor.py:175} INFO - Processing /home/airflow/.local/lib/python3.7/site-packages/airflow/example_dags/example_skip_dag.py took 0.233 seconds
[2023-02-15T22:20:34.970+0000] {processor.py:153} INFO - Started process (PID=1306) to work on /home/airflow/.local/lib/python3.7/site-packages/airflow/example_dags/example_skip_dag.py
[2023-02-15T22:20:34.971+0000] {processor.py:743} INFO - Processing file /home/airflow/.local/lib/python3.7/site-packages/airflow/example_dags/example_skip_dag.py for tasks to queue
[2023-02-15T22:20:34.972+0000] {logging_mixin.py:137} INFO - [2023-02-15T22:20:34.971+0000] {dagbag.py:538} INFO - Filling up the DagBag from /home/airflow/.local/lib/python3.7/site-packages/airflow/example_dags/example_skip_dag.py
[2023-02-15T22:20:34.999+0000] {processor.py:753} INFO - DAG(s) dict_keys(['example_skip_dag']) retrieved from /home/airflow/.local/lib/python3.7/site-packages/airflow/example_dags/example_skip_dag.py
[2023-02-15T22:20:35.038+0000] {logging_mixin.py:137} INFO - [2023-02-15T22:20:35.038+0000] {dag.py:2690} INFO - Sync 1 DAGs
[2023-02-15T22:20:35.097+0000] {logging_mixin.py:137} INFO - [2023-02-15T22:20:35.097+0000] {dag.py:3441} INFO - Setting next_dagrun for example_skip_dag to 2023-02-14T22:20:35.096889+00:00, run_after=2023-02-15T22:20:35.096889+00:00
[2023-02-15T22:20:35.145+0000] {processor.py:175} INFO - Processing /home/airflow/.local/lib/python3.7/site-packages/airflow/example_dags/example_skip_dag.py took 0.178 seconds
[2023-02-15T22:21:05.385+0000] {processor.py:153} INFO - Started process (PID=1381) to work on /home/airflow/.local/lib/python3.7/site-packages/airflow/example_dags/example_skip_dag.py
[2023-02-15T22:21:05.386+0000] {processor.py:743} INFO - Processing file /home/airflow/.local/lib/python3.7/site-packages/airflow/example_dags/example_skip_dag.py for tasks to queue
[2023-02-15T22:21:05.386+0000] {logging_mixin.py:137} INFO - [2023-02-15T22:21:05.386+0000] {dagbag.py:538} INFO - Filling up the DagBag from /home/airflow/.local/lib/python3.7/site-packages/airflow/example_dags/example_skip_dag.py
[2023-02-15T22:21:05.409+0000] {processor.py:753} INFO - DAG(s) dict_keys(['example_skip_dag']) retrieved from /home/airflow/.local/lib/python3.7/site-packages/airflow/example_dags/example_skip_dag.py
[2023-02-15T22:21:05.467+0000] {logging_mixin.py:137} INFO - [2023-02-15T22:21:05.466+0000] {dag.py:2690} INFO - Sync 1 DAGs
[2023-02-15T22:21:05.530+0000] {logging_mixin.py:137} INFO - [2023-02-15T22:21:05.530+0000] {dag.py:3441} INFO - Setting next_dagrun for example_skip_dag to 2023-02-14T22:21:05.529824+00:00, run_after=2023-02-15T22:21:05.529824+00:00
[2023-02-15T22:21:05.598+0000] {processor.py:175} INFO - Processing /home/airflow/.local/lib/python3.7/site-packages/airflow/example_dags/example_skip_dag.py took 0.219 seconds
[2023-02-15T22:21:35.796+0000] {processor.py:153} INFO - Started process (PID=1445) to work on /home/airflow/.local/lib/python3.7/site-packages/airflow/example_dags/example_skip_dag.py
[2023-02-15T22:21:35.797+0000] {processor.py:743} INFO - Processing file /home/airflow/.local/lib/python3.7/site-packages/airflow/example_dags/example_skip_dag.py for tasks to queue
[2023-02-15T22:21:35.798+0000] {logging_mixin.py:137} INFO - [2023-02-15T22:21:35.798+0000] {dagbag.py:538} INFO - Filling up the DagBag from /home/airflow/.local/lib/python3.7/site-packages/airflow/example_dags/example_skip_dag.py
[2023-02-15T22:21:35.820+0000] {processor.py:753} INFO - DAG(s) dict_keys(['example_skip_dag']) retrieved from /home/airflow/.local/lib/python3.7/site-packages/airflow/example_dags/example_skip_dag.py
[2023-02-15T22:21:35.873+0000] {logging_mixin.py:137} INFO - [2023-02-15T22:21:35.873+0000] {dag.py:2690} INFO - Sync 1 DAGs
[2023-02-15T22:21:35.929+0000] {logging_mixin.py:137} INFO - [2023-02-15T22:21:35.924+0000] {dag.py:3441} INFO - Setting next_dagrun for example_skip_dag to 2023-02-14T22:21:35.923952+00:00, run_after=2023-02-15T22:21:35.923952+00:00
[2023-02-15T22:21:35.989+0000] {processor.py:175} INFO - Processing /home/airflow/.local/lib/python3.7/site-packages/airflow/example_dags/example_skip_dag.py took 0.197 seconds
[2023-02-15T22:22:06.061+0000] {processor.py:153} INFO - Started process (PID=1509) to work on /home/airflow/.local/lib/python3.7/site-packages/airflow/example_dags/example_skip_dag.py
[2023-02-15T22:22:06.064+0000] {processor.py:743} INFO - Processing file /home/airflow/.local/lib/python3.7/site-packages/airflow/example_dags/example_skip_dag.py for tasks to queue
[2023-02-15T22:22:06.065+0000] {logging_mixin.py:137} INFO - [2023-02-15T22:22:06.064+0000] {dagbag.py:538} INFO - Filling up the DagBag from /home/airflow/.local/lib/python3.7/site-packages/airflow/example_dags/example_skip_dag.py
[2023-02-15T22:22:06.082+0000] {processor.py:753} INFO - DAG(s) dict_keys(['example_skip_dag']) retrieved from /home/airflow/.local/lib/python3.7/site-packages/airflow/example_dags/example_skip_dag.py
[2023-02-15T22:22:06.116+0000] {logging_mixin.py:137} INFO - [2023-02-15T22:22:06.116+0000] {dag.py:2690} INFO - Sync 1 DAGs
[2023-02-15T22:22:06.157+0000] {logging_mixin.py:137} INFO - [2023-02-15T22:22:06.156+0000] {dag.py:3441} INFO - Setting next_dagrun for example_skip_dag to 2023-02-14T22:22:06.154852+00:00, run_after=2023-02-15T22:22:06.154852+00:00
[2023-02-15T22:22:06.192+0000] {processor.py:175} INFO - Processing /home/airflow/.local/lib/python3.7/site-packages/airflow/example_dags/example_skip_dag.py took 0.134 seconds
[2023-02-15T22:22:36.656+0000] {processor.py:153} INFO - Started process (PID=1585) to work on /home/airflow/.local/lib/python3.7/site-packages/airflow/example_dags/example_skip_dag.py
[2023-02-15T22:22:36.657+0000] {processor.py:743} INFO - Processing file /home/airflow/.local/lib/python3.7/site-packages/airflow/example_dags/example_skip_dag.py for tasks to queue
[2023-02-15T22:22:36.658+0000] {logging_mixin.py:137} INFO - [2023-02-15T22:22:36.658+0000] {dagbag.py:538} INFO - Filling up the DagBag from /home/airflow/.local/lib/python3.7/site-packages/airflow/example_dags/example_skip_dag.py
[2023-02-15T22:22:36.674+0000] {processor.py:753} INFO - DAG(s) dict_keys(['example_skip_dag']) retrieved from /home/airflow/.local/lib/python3.7/site-packages/airflow/example_dags/example_skip_dag.py
[2023-02-15T22:22:36.704+0000] {logging_mixin.py:137} INFO - [2023-02-15T22:22:36.704+0000] {dag.py:2690} INFO - Sync 1 DAGs
[2023-02-15T22:22:36.735+0000] {logging_mixin.py:137} INFO - [2023-02-15T22:22:36.735+0000] {dag.py:3441} INFO - Setting next_dagrun for example_skip_dag to 2023-02-14T22:22:36.735453+00:00, run_after=2023-02-15T22:22:36.735453+00:00
[2023-02-15T22:22:36.758+0000] {processor.py:175} INFO - Processing /home/airflow/.local/lib/python3.7/site-packages/airflow/example_dags/example_skip_dag.py took 0.105 seconds
[2023-02-15T22:23:06.985+0000] {processor.py:153} INFO - Started process (PID=1648) to work on /home/airflow/.local/lib/python3.7/site-packages/airflow/example_dags/example_skip_dag.py
[2023-02-15T22:23:06.988+0000] {processor.py:743} INFO - Processing file /home/airflow/.local/lib/python3.7/site-packages/airflow/example_dags/example_skip_dag.py for tasks to queue
[2023-02-15T22:23:06.989+0000] {logging_mixin.py:137} INFO - [2023-02-15T22:23:06.989+0000] {dagbag.py:538} INFO - Filling up the DagBag from /home/airflow/.local/lib/python3.7/site-packages/airflow/example_dags/example_skip_dag.py
[2023-02-15T22:23:07.006+0000] {processor.py:753} INFO - DAG(s) dict_keys(['example_skip_dag']) retrieved from /home/airflow/.local/lib/python3.7/site-packages/airflow/example_dags/example_skip_dag.py
[2023-02-15T22:23:07.043+0000] {logging_mixin.py:137} INFO - [2023-02-15T22:23:07.043+0000] {dag.py:2690} INFO - Sync 1 DAGs
[2023-02-15T22:23:07.090+0000] {logging_mixin.py:137} INFO - [2023-02-15T22:23:07.089+0000] {dag.py:3441} INFO - Setting next_dagrun for example_skip_dag to 2023-02-14T22:23:07.089538+00:00, run_after=2023-02-15T22:23:07.089538+00:00
[2023-02-15T22:23:07.131+0000] {processor.py:175} INFO - Processing /home/airflow/.local/lib/python3.7/site-packages/airflow/example_dags/example_skip_dag.py took 0.151 seconds
