[2023-02-15T22:11:07.800+0000] {processor.py:153} INFO - Started process (PID=106) to work on /home/airflow/.local/lib/python3.7/site-packages/airflow/example_dags/example_python_operator.py
[2023-02-15T22:11:07.800+0000] {processor.py:743} INFO - Processing file /home/airflow/.local/lib/python3.7/site-packages/airflow/example_dags/example_python_operator.py for tasks to queue
[2023-02-15T22:11:07.801+0000] {logging_mixin.py:137} INFO - [2023-02-15T22:11:07.801+0000] {dagbag.py:538} INFO - Filling up the DagBag from /home/airflow/.local/lib/python3.7/site-packages/airflow/example_dags/example_python_operator.py
[2023-02-15T22:11:08.277+0000] {logging_mixin.py:137} INFO - [2023-02-15T22:11:08.277+0000] {taskmixin.py:205} WARNING - Dependency <Task(_PythonDecoratedOperator): print_the_context>, log_sql_query already registered for DAG: example_python_operator
[2023-02-15T22:11:08.277+0000] {logging_mixin.py:137} INFO - [2023-02-15T22:11:08.277+0000] {taskmixin.py:205} WARNING - Dependency <Task(_PythonDecoratedOperator): log_sql_query>, print_the_context already registered for DAG: example_python_operator
[2023-02-15T22:11:08.278+0000] {logging_mixin.py:137} INFO - [2023-02-15T22:11:08.278+0000] {taskmixin.py:205} WARNING - Dependency <Task(_PythonDecoratedOperator): print_the_context>, log_sql_query already registered for DAG: example_python_operator
[2023-02-15T22:11:08.278+0000] {logging_mixin.py:137} INFO - [2023-02-15T22:11:08.278+0000] {taskmixin.py:205} WARNING - Dependency <Task(_PythonDecoratedOperator): log_sql_query>, print_the_context already registered for DAG: example_python_operator
[2023-02-15T22:11:08.307+0000] {logging_mixin.py:137} INFO - [2023-02-15T22:11:08.306+0000] {taskmixin.py:205} WARNING - Dependency <Task(_PythonDecoratedOperator): print_the_context>, log_sql_query already registered for DAG: example_python_operator
[2023-02-15T22:11:08.307+0000] {logging_mixin.py:137} INFO - [2023-02-15T22:11:08.307+0000] {taskmixin.py:205} WARNING - Dependency <Task(_PythonDecoratedOperator): log_sql_query>, print_the_context already registered for DAG: example_python_operator
[2023-02-15T22:11:08.308+0000] {logging_mixin.py:137} INFO - [2023-02-15T22:11:08.307+0000] {taskmixin.py:205} WARNING - Dependency <Task(_PythonDecoratedOperator): print_the_context>, log_sql_query already registered for DAG: example_python_operator
[2023-02-15T22:11:08.308+0000] {logging_mixin.py:137} INFO - [2023-02-15T22:11:08.308+0000] {taskmixin.py:205} WARNING - Dependency <Task(_PythonDecoratedOperator): log_sql_query>, print_the_context already registered for DAG: example_python_operator
[2023-02-15T22:11:08.436+0000] {processor.py:753} INFO - DAG(s) dict_keys(['example_python_operator']) retrieved from /home/airflow/.local/lib/python3.7/site-packages/airflow/example_dags/example_python_operator.py
[2023-02-15T22:11:09.481+0000] {logging_mixin.py:137} INFO - [2023-02-15T22:11:09.481+0000] {dag.py:2690} INFO - Sync 1 DAGs
[2023-02-15T22:11:09.691+0000] {logging_mixin.py:137} INFO - [2023-02-15T22:11:09.691+0000] {dag.py:3441} INFO - Setting next_dagrun for example_python_operator to None, run_after=None
[2023-02-15T22:11:10.742+0000] {processor.py:175} INFO - Processing /home/airflow/.local/lib/python3.7/site-packages/airflow/example_dags/example_python_operator.py took 3.036 seconds
[2023-02-15T22:11:41.030+0000] {processor.py:153} INFO - Started process (PID=161) to work on /home/airflow/.local/lib/python3.7/site-packages/airflow/example_dags/example_python_operator.py
[2023-02-15T22:11:41.034+0000] {processor.py:743} INFO - Processing file /home/airflow/.local/lib/python3.7/site-packages/airflow/example_dags/example_python_operator.py for tasks to queue
[2023-02-15T22:11:41.035+0000] {logging_mixin.py:137} INFO - [2023-02-15T22:11:41.034+0000] {dagbag.py:538} INFO - Filling up the DagBag from /home/airflow/.local/lib/python3.7/site-packages/airflow/example_dags/example_python_operator.py
[2023-02-15T22:11:41.072+0000] {logging_mixin.py:137} INFO - [2023-02-15T22:11:41.072+0000] {taskmixin.py:205} WARNING - Dependency <Task(_PythonDecoratedOperator): print_the_context>, log_sql_query already registered for DAG: example_python_operator
[2023-02-15T22:11:41.073+0000] {logging_mixin.py:137} INFO - [2023-02-15T22:11:41.073+0000] {taskmixin.py:205} WARNING - Dependency <Task(_PythonDecoratedOperator): log_sql_query>, print_the_context already registered for DAG: example_python_operator
[2023-02-15T22:11:41.074+0000] {logging_mixin.py:137} INFO - [2023-02-15T22:11:41.073+0000] {taskmixin.py:205} WARNING - Dependency <Task(_PythonDecoratedOperator): print_the_context>, log_sql_query already registered for DAG: example_python_operator
[2023-02-15T22:11:41.074+0000] {logging_mixin.py:137} INFO - [2023-02-15T22:11:41.074+0000] {taskmixin.py:205} WARNING - Dependency <Task(_PythonDecoratedOperator): log_sql_query>, print_the_context already registered for DAG: example_python_operator
[2023-02-15T22:11:41.074+0000] {logging_mixin.py:137} INFO - [2023-02-15T22:11:41.074+0000] {taskmixin.py:205} WARNING - Dependency <Task(_PythonDecoratedOperator): print_the_context>, log_sql_query already registered for DAG: example_python_operator
[2023-02-15T22:11:41.075+0000] {logging_mixin.py:137} INFO - [2023-02-15T22:11:41.075+0000] {taskmixin.py:205} WARNING - Dependency <Task(_PythonDecoratedOperator): log_sql_query>, print_the_context already registered for DAG: example_python_operator
[2023-02-15T22:11:41.075+0000] {logging_mixin.py:137} INFO - [2023-02-15T22:11:41.075+0000] {taskmixin.py:205} WARNING - Dependency <Task(_PythonDecoratedOperator): print_the_context>, log_sql_query already registered for DAG: example_python_operator
[2023-02-15T22:11:41.076+0000] {logging_mixin.py:137} INFO - [2023-02-15T22:11:41.075+0000] {taskmixin.py:205} WARNING - Dependency <Task(_PythonDecoratedOperator): log_sql_query>, print_the_context already registered for DAG: example_python_operator
[2023-02-15T22:11:41.104+0000] {processor.py:753} INFO - DAG(s) dict_keys(['example_python_operator']) retrieved from /home/airflow/.local/lib/python3.7/site-packages/airflow/example_dags/example_python_operator.py
[2023-02-15T22:11:41.181+0000] {logging_mixin.py:137} INFO - [2023-02-15T22:11:41.181+0000] {dag.py:2690} INFO - Sync 1 DAGs
[2023-02-15T22:11:41.257+0000] {logging_mixin.py:137} INFO - [2023-02-15T22:11:41.257+0000] {dag.py:3441} INFO - Setting next_dagrun for example_python_operator to None, run_after=None
[2023-02-15T22:11:41.328+0000] {processor.py:175} INFO - Processing /home/airflow/.local/lib/python3.7/site-packages/airflow/example_dags/example_python_operator.py took 0.338 seconds
[2023-02-15T22:12:12.026+0000] {processor.py:153} INFO - Started process (PID=224) to work on /home/airflow/.local/lib/python3.7/site-packages/airflow/example_dags/example_python_operator.py
[2023-02-15T22:12:12.037+0000] {processor.py:743} INFO - Processing file /home/airflow/.local/lib/python3.7/site-packages/airflow/example_dags/example_python_operator.py for tasks to queue
[2023-02-15T22:12:12.037+0000] {logging_mixin.py:137} INFO - [2023-02-15T22:12:12.037+0000] {dagbag.py:538} INFO - Filling up the DagBag from /home/airflow/.local/lib/python3.7/site-packages/airflow/example_dags/example_python_operator.py
[2023-02-15T22:12:12.089+0000] {logging_mixin.py:137} INFO - [2023-02-15T22:12:12.088+0000] {taskmixin.py:205} WARNING - Dependency <Task(_PythonDecoratedOperator): print_the_context>, log_sql_query already registered for DAG: example_python_operator
[2023-02-15T22:12:12.089+0000] {logging_mixin.py:137} INFO - [2023-02-15T22:12:12.089+0000] {taskmixin.py:205} WARNING - Dependency <Task(_PythonDecoratedOperator): log_sql_query>, print_the_context already registered for DAG: example_python_operator
[2023-02-15T22:12:12.090+0000] {logging_mixin.py:137} INFO - [2023-02-15T22:12:12.089+0000] {taskmixin.py:205} WARNING - Dependency <Task(_PythonDecoratedOperator): print_the_context>, log_sql_query already registered for DAG: example_python_operator
[2023-02-15T22:12:12.090+0000] {logging_mixin.py:137} INFO - [2023-02-15T22:12:12.090+0000] {taskmixin.py:205} WARNING - Dependency <Task(_PythonDecoratedOperator): log_sql_query>, print_the_context already registered for DAG: example_python_operator
[2023-02-15T22:12:12.101+0000] {logging_mixin.py:137} INFO - [2023-02-15T22:12:12.101+0000] {taskmixin.py:205} WARNING - Dependency <Task(_PythonDecoratedOperator): print_the_context>, log_sql_query already registered for DAG: example_python_operator
[2023-02-15T22:12:12.101+0000] {logging_mixin.py:137} INFO - [2023-02-15T22:12:12.101+0000] {taskmixin.py:205} WARNING - Dependency <Task(_PythonDecoratedOperator): log_sql_query>, print_the_context already registered for DAG: example_python_operator
[2023-02-15T22:12:12.102+0000] {logging_mixin.py:137} INFO - [2023-02-15T22:12:12.102+0000] {taskmixin.py:205} WARNING - Dependency <Task(_PythonDecoratedOperator): print_the_context>, log_sql_query already registered for DAG: example_python_operator
[2023-02-15T22:12:12.102+0000] {logging_mixin.py:137} INFO - [2023-02-15T22:12:12.102+0000] {taskmixin.py:205} WARNING - Dependency <Task(_PythonDecoratedOperator): log_sql_query>, print_the_context already registered for DAG: example_python_operator
[2023-02-15T22:12:12.120+0000] {processor.py:753} INFO - DAG(s) dict_keys(['example_python_operator']) retrieved from /home/airflow/.local/lib/python3.7/site-packages/airflow/example_dags/example_python_operator.py
[2023-02-15T22:12:12.198+0000] {logging_mixin.py:137} INFO - [2023-02-15T22:12:12.198+0000] {dag.py:2690} INFO - Sync 1 DAGs
[2023-02-15T22:12:12.264+0000] {logging_mixin.py:137} INFO - [2023-02-15T22:12:12.264+0000] {dag.py:3441} INFO - Setting next_dagrun for example_python_operator to None, run_after=None
[2023-02-15T22:12:12.327+0000] {processor.py:175} INFO - Processing /home/airflow/.local/lib/python3.7/site-packages/airflow/example_dags/example_python_operator.py took 0.305 seconds
[2023-02-15T22:12:42.437+0000] {processor.py:153} INFO - Started process (PID=283) to work on /home/airflow/.local/lib/python3.7/site-packages/airflow/example_dags/example_python_operator.py
[2023-02-15T22:12:42.451+0000] {processor.py:743} INFO - Processing file /home/airflow/.local/lib/python3.7/site-packages/airflow/example_dags/example_python_operator.py for tasks to queue
[2023-02-15T22:12:42.452+0000] {logging_mixin.py:137} INFO - [2023-02-15T22:12:42.452+0000] {dagbag.py:538} INFO - Filling up the DagBag from /home/airflow/.local/lib/python3.7/site-packages/airflow/example_dags/example_python_operator.py
[2023-02-15T22:12:42.518+0000] {logging_mixin.py:137} INFO - [2023-02-15T22:12:42.518+0000] {taskmixin.py:205} WARNING - Dependency <Task(_PythonDecoratedOperator): print_the_context>, log_sql_query already registered for DAG: example_python_operator
[2023-02-15T22:12:42.518+0000] {logging_mixin.py:137} INFO - [2023-02-15T22:12:42.518+0000] {taskmixin.py:205} WARNING - Dependency <Task(_PythonDecoratedOperator): log_sql_query>, print_the_context already registered for DAG: example_python_operator
[2023-02-15T22:12:42.519+0000] {logging_mixin.py:137} INFO - [2023-02-15T22:12:42.519+0000] {taskmixin.py:205} WARNING - Dependency <Task(_PythonDecoratedOperator): print_the_context>, log_sql_query already registered for DAG: example_python_operator
[2023-02-15T22:12:42.519+0000] {logging_mixin.py:137} INFO - [2023-02-15T22:12:42.519+0000] {taskmixin.py:205} WARNING - Dependency <Task(_PythonDecoratedOperator): log_sql_query>, print_the_context already registered for DAG: example_python_operator
[2023-02-15T22:12:42.520+0000] {logging_mixin.py:137} INFO - [2023-02-15T22:12:42.519+0000] {taskmixin.py:205} WARNING - Dependency <Task(_PythonDecoratedOperator): print_the_context>, log_sql_query already registered for DAG: example_python_operator
[2023-02-15T22:12:42.520+0000] {logging_mixin.py:137} INFO - [2023-02-15T22:12:42.520+0000] {taskmixin.py:205} WARNING - Dependency <Task(_PythonDecoratedOperator): log_sql_query>, print_the_context already registered for DAG: example_python_operator
[2023-02-15T22:12:42.520+0000] {logging_mixin.py:137} INFO - [2023-02-15T22:12:42.520+0000] {taskmixin.py:205} WARNING - Dependency <Task(_PythonDecoratedOperator): print_the_context>, log_sql_query already registered for DAG: example_python_operator
[2023-02-15T22:12:42.521+0000] {logging_mixin.py:137} INFO - [2023-02-15T22:12:42.520+0000] {taskmixin.py:205} WARNING - Dependency <Task(_PythonDecoratedOperator): log_sql_query>, print_the_context already registered for DAG: example_python_operator
[2023-02-15T22:12:42.549+0000] {processor.py:753} INFO - DAG(s) dict_keys(['example_python_operator']) retrieved from /home/airflow/.local/lib/python3.7/site-packages/airflow/example_dags/example_python_operator.py
[2023-02-15T22:12:42.649+0000] {logging_mixin.py:137} INFO - [2023-02-15T22:12:42.649+0000] {dag.py:2690} INFO - Sync 1 DAGs
[2023-02-15T22:12:42.743+0000] {logging_mixin.py:137} INFO - [2023-02-15T22:12:42.743+0000] {dag.py:3441} INFO - Setting next_dagrun for example_python_operator to None, run_after=None
[2023-02-15T22:12:42.880+0000] {processor.py:175} INFO - Processing /home/airflow/.local/lib/python3.7/site-packages/airflow/example_dags/example_python_operator.py took 0.448 seconds
[2023-02-15T22:13:13.150+0000] {processor.py:153} INFO - Started process (PID=338) to work on /home/airflow/.local/lib/python3.7/site-packages/airflow/example_dags/example_python_operator.py
[2023-02-15T22:13:13.152+0000] {processor.py:743} INFO - Processing file /home/airflow/.local/lib/python3.7/site-packages/airflow/example_dags/example_python_operator.py for tasks to queue
[2023-02-15T22:13:13.153+0000] {logging_mixin.py:137} INFO - [2023-02-15T22:13:13.152+0000] {dagbag.py:538} INFO - Filling up the DagBag from /home/airflow/.local/lib/python3.7/site-packages/airflow/example_dags/example_python_operator.py
[2023-02-15T22:13:13.233+0000] {logging_mixin.py:137} INFO - [2023-02-15T22:13:13.233+0000] {taskmixin.py:205} WARNING - Dependency <Task(_PythonDecoratedOperator): print_the_context>, log_sql_query already registered for DAG: example_python_operator
[2023-02-15T22:13:13.234+0000] {logging_mixin.py:137} INFO - [2023-02-15T22:13:13.233+0000] {taskmixin.py:205} WARNING - Dependency <Task(_PythonDecoratedOperator): log_sql_query>, print_the_context already registered for DAG: example_python_operator
[2023-02-15T22:13:13.246+0000] {logging_mixin.py:137} INFO - [2023-02-15T22:13:13.246+0000] {taskmixin.py:205} WARNING - Dependency <Task(_PythonDecoratedOperator): print_the_context>, log_sql_query already registered for DAG: example_python_operator
[2023-02-15T22:13:13.246+0000] {logging_mixin.py:137} INFO - [2023-02-15T22:13:13.246+0000] {taskmixin.py:205} WARNING - Dependency <Task(_PythonDecoratedOperator): log_sql_query>, print_the_context already registered for DAG: example_python_operator
[2023-02-15T22:13:13.247+0000] {logging_mixin.py:137} INFO - [2023-02-15T22:13:13.247+0000] {taskmixin.py:205} WARNING - Dependency <Task(_PythonDecoratedOperator): print_the_context>, log_sql_query already registered for DAG: example_python_operator
[2023-02-15T22:13:13.247+0000] {logging_mixin.py:137} INFO - [2023-02-15T22:13:13.247+0000] {taskmixin.py:205} WARNING - Dependency <Task(_PythonDecoratedOperator): log_sql_query>, print_the_context already registered for DAG: example_python_operator
[2023-02-15T22:13:13.248+0000] {logging_mixin.py:137} INFO - [2023-02-15T22:13:13.248+0000] {taskmixin.py:205} WARNING - Dependency <Task(_PythonDecoratedOperator): print_the_context>, log_sql_query already registered for DAG: example_python_operator
[2023-02-15T22:13:13.249+0000] {logging_mixin.py:137} INFO - [2023-02-15T22:13:13.249+0000] {taskmixin.py:205} WARNING - Dependency <Task(_PythonDecoratedOperator): log_sql_query>, print_the_context already registered for DAG: example_python_operator
[2023-02-15T22:13:13.267+0000] {processor.py:753} INFO - DAG(s) dict_keys(['example_python_operator']) retrieved from /home/airflow/.local/lib/python3.7/site-packages/airflow/example_dags/example_python_operator.py
[2023-02-15T22:13:13.366+0000] {logging_mixin.py:137} INFO - [2023-02-15T22:13:13.366+0000] {dag.py:2690} INFO - Sync 1 DAGs
[2023-02-15T22:13:13.463+0000] {logging_mixin.py:137} INFO - [2023-02-15T22:13:13.463+0000] {dag.py:3441} INFO - Setting next_dagrun for example_python_operator to None, run_after=None
[2023-02-15T22:13:13.563+0000] {processor.py:175} INFO - Processing /home/airflow/.local/lib/python3.7/site-packages/airflow/example_dags/example_python_operator.py took 0.426 seconds
[2023-02-15T22:13:44.138+0000] {processor.py:153} INFO - Started process (PID=403) to work on /home/airflow/.local/lib/python3.7/site-packages/airflow/example_dags/example_python_operator.py
[2023-02-15T22:13:44.150+0000] {processor.py:743} INFO - Processing file /home/airflow/.local/lib/python3.7/site-packages/airflow/example_dags/example_python_operator.py for tasks to queue
[2023-02-15T22:13:44.151+0000] {logging_mixin.py:137} INFO - [2023-02-15T22:13:44.151+0000] {dagbag.py:538} INFO - Filling up the DagBag from /home/airflow/.local/lib/python3.7/site-packages/airflow/example_dags/example_python_operator.py
[2023-02-15T22:13:44.207+0000] {logging_mixin.py:137} INFO - [2023-02-15T22:13:44.207+0000] {taskmixin.py:205} WARNING - Dependency <Task(_PythonDecoratedOperator): print_the_context>, log_sql_query already registered for DAG: example_python_operator
[2023-02-15T22:13:44.207+0000] {logging_mixin.py:137} INFO - [2023-02-15T22:13:44.207+0000] {taskmixin.py:205} WARNING - Dependency <Task(_PythonDecoratedOperator): log_sql_query>, print_the_context already registered for DAG: example_python_operator
[2023-02-15T22:13:44.209+0000] {logging_mixin.py:137} INFO - [2023-02-15T22:13:44.208+0000] {taskmixin.py:205} WARNING - Dependency <Task(_PythonDecoratedOperator): print_the_context>, log_sql_query already registered for DAG: example_python_operator
[2023-02-15T22:13:44.209+0000] {logging_mixin.py:137} INFO - [2023-02-15T22:13:44.209+0000] {taskmixin.py:205} WARNING - Dependency <Task(_PythonDecoratedOperator): log_sql_query>, print_the_context already registered for DAG: example_python_operator
[2023-02-15T22:13:44.210+0000] {logging_mixin.py:137} INFO - [2023-02-15T22:13:44.210+0000] {taskmixin.py:205} WARNING - Dependency <Task(_PythonDecoratedOperator): print_the_context>, log_sql_query already registered for DAG: example_python_operator
[2023-02-15T22:13:44.210+0000] {logging_mixin.py:137} INFO - [2023-02-15T22:13:44.210+0000] {taskmixin.py:205} WARNING - Dependency <Task(_PythonDecoratedOperator): log_sql_query>, print_the_context already registered for DAG: example_python_operator
[2023-02-15T22:13:44.211+0000] {logging_mixin.py:137} INFO - [2023-02-15T22:13:44.211+0000] {taskmixin.py:205} WARNING - Dependency <Task(_PythonDecoratedOperator): print_the_context>, log_sql_query already registered for DAG: example_python_operator
[2023-02-15T22:13:44.211+0000] {logging_mixin.py:137} INFO - [2023-02-15T22:13:44.211+0000] {taskmixin.py:205} WARNING - Dependency <Task(_PythonDecoratedOperator): log_sql_query>, print_the_context already registered for DAG: example_python_operator
[2023-02-15T22:13:44.226+0000] {processor.py:753} INFO - DAG(s) dict_keys(['example_python_operator']) retrieved from /home/airflow/.local/lib/python3.7/site-packages/airflow/example_dags/example_python_operator.py
[2023-02-15T22:13:44.286+0000] {logging_mixin.py:137} INFO - [2023-02-15T22:13:44.286+0000] {dag.py:2690} INFO - Sync 1 DAGs
[2023-02-15T22:13:44.336+0000] {logging_mixin.py:137} INFO - [2023-02-15T22:13:44.336+0000] {dag.py:3441} INFO - Setting next_dagrun for example_python_operator to None, run_after=None
[2023-02-15T22:13:44.398+0000] {processor.py:175} INFO - Processing /home/airflow/.local/lib/python3.7/site-packages/airflow/example_dags/example_python_operator.py took 0.264 seconds
[2023-02-15T22:14:14.656+0000] {processor.py:153} INFO - Started process (PID=465) to work on /home/airflow/.local/lib/python3.7/site-packages/airflow/example_dags/example_python_operator.py
[2023-02-15T22:14:14.658+0000] {processor.py:743} INFO - Processing file /home/airflow/.local/lib/python3.7/site-packages/airflow/example_dags/example_python_operator.py for tasks to queue
[2023-02-15T22:14:14.666+0000] {logging_mixin.py:137} INFO - [2023-02-15T22:14:14.666+0000] {dagbag.py:538} INFO - Filling up the DagBag from /home/airflow/.local/lib/python3.7/site-packages/airflow/example_dags/example_python_operator.py
[2023-02-15T22:14:14.693+0000] {logging_mixin.py:137} INFO - [2023-02-15T22:14:14.693+0000] {taskmixin.py:205} WARNING - Dependency <Task(_PythonDecoratedOperator): print_the_context>, log_sql_query already registered for DAG: example_python_operator
[2023-02-15T22:14:14.693+0000] {logging_mixin.py:137} INFO - [2023-02-15T22:14:14.693+0000] {taskmixin.py:205} WARNING - Dependency <Task(_PythonDecoratedOperator): log_sql_query>, print_the_context already registered for DAG: example_python_operator
[2023-02-15T22:14:14.694+0000] {logging_mixin.py:137} INFO - [2023-02-15T22:14:14.694+0000] {taskmixin.py:205} WARNING - Dependency <Task(_PythonDecoratedOperator): print_the_context>, log_sql_query already registered for DAG: example_python_operator
[2023-02-15T22:14:14.694+0000] {logging_mixin.py:137} INFO - [2023-02-15T22:14:14.694+0000] {taskmixin.py:205} WARNING - Dependency <Task(_PythonDecoratedOperator): log_sql_query>, print_the_context already registered for DAG: example_python_operator
[2023-02-15T22:14:14.695+0000] {logging_mixin.py:137} INFO - [2023-02-15T22:14:14.695+0000] {taskmixin.py:205} WARNING - Dependency <Task(_PythonDecoratedOperator): print_the_context>, log_sql_query already registered for DAG: example_python_operator
[2023-02-15T22:14:14.695+0000] {logging_mixin.py:137} INFO - [2023-02-15T22:14:14.695+0000] {taskmixin.py:205} WARNING - Dependency <Task(_PythonDecoratedOperator): log_sql_query>, print_the_context already registered for DAG: example_python_operator
[2023-02-15T22:14:14.696+0000] {logging_mixin.py:137} INFO - [2023-02-15T22:14:14.696+0000] {taskmixin.py:205} WARNING - Dependency <Task(_PythonDecoratedOperator): print_the_context>, log_sql_query already registered for DAG: example_python_operator
[2023-02-15T22:14:14.696+0000] {logging_mixin.py:137} INFO - [2023-02-15T22:14:14.696+0000] {taskmixin.py:205} WARNING - Dependency <Task(_PythonDecoratedOperator): log_sql_query>, print_the_context already registered for DAG: example_python_operator
[2023-02-15T22:14:14.705+0000] {processor.py:753} INFO - DAG(s) dict_keys(['example_python_operator']) retrieved from /home/airflow/.local/lib/python3.7/site-packages/airflow/example_dags/example_python_operator.py
[2023-02-15T22:14:14.754+0000] {logging_mixin.py:137} INFO - [2023-02-15T22:14:14.753+0000] {dag.py:2690} INFO - Sync 1 DAGs
[2023-02-15T22:14:14.800+0000] {logging_mixin.py:137} INFO - [2023-02-15T22:14:14.799+0000] {dag.py:3441} INFO - Setting next_dagrun for example_python_operator to None, run_after=None
[2023-02-15T22:14:14.840+0000] {processor.py:175} INFO - Processing /home/airflow/.local/lib/python3.7/site-packages/airflow/example_dags/example_python_operator.py took 0.188 seconds
[2023-02-15T22:14:45.682+0000] {processor.py:153} INFO - Started process (PID=541) to work on /home/airflow/.local/lib/python3.7/site-packages/airflow/example_dags/example_python_operator.py
[2023-02-15T22:14:45.684+0000] {processor.py:743} INFO - Processing file /home/airflow/.local/lib/python3.7/site-packages/airflow/example_dags/example_python_operator.py for tasks to queue
[2023-02-15T22:14:45.685+0000] {logging_mixin.py:137} INFO - [2023-02-15T22:14:45.685+0000] {dagbag.py:538} INFO - Filling up the DagBag from /home/airflow/.local/lib/python3.7/site-packages/airflow/example_dags/example_python_operator.py
[2023-02-15T22:14:45.705+0000] {logging_mixin.py:137} INFO - [2023-02-15T22:14:45.704+0000] {taskmixin.py:205} WARNING - Dependency <Task(_PythonDecoratedOperator): print_the_context>, log_sql_query already registered for DAG: example_python_operator
[2023-02-15T22:14:45.705+0000] {logging_mixin.py:137} INFO - [2023-02-15T22:14:45.705+0000] {taskmixin.py:205} WARNING - Dependency <Task(_PythonDecoratedOperator): log_sql_query>, print_the_context already registered for DAG: example_python_operator
[2023-02-15T22:14:45.705+0000] {logging_mixin.py:137} INFO - [2023-02-15T22:14:45.705+0000] {taskmixin.py:205} WARNING - Dependency <Task(_PythonDecoratedOperator): print_the_context>, log_sql_query already registered for DAG: example_python_operator
[2023-02-15T22:14:45.706+0000] {logging_mixin.py:137} INFO - [2023-02-15T22:14:45.706+0000] {taskmixin.py:205} WARNING - Dependency <Task(_PythonDecoratedOperator): log_sql_query>, print_the_context already registered for DAG: example_python_operator
[2023-02-15T22:14:45.707+0000] {logging_mixin.py:137} INFO - [2023-02-15T22:14:45.706+0000] {taskmixin.py:205} WARNING - Dependency <Task(_PythonDecoratedOperator): print_the_context>, log_sql_query already registered for DAG: example_python_operator
[2023-02-15T22:14:45.707+0000] {logging_mixin.py:137} INFO - [2023-02-15T22:14:45.707+0000] {taskmixin.py:205} WARNING - Dependency <Task(_PythonDecoratedOperator): log_sql_query>, print_the_context already registered for DAG: example_python_operator
[2023-02-15T22:14:45.708+0000] {logging_mixin.py:137} INFO - [2023-02-15T22:14:45.707+0000] {taskmixin.py:205} WARNING - Dependency <Task(_PythonDecoratedOperator): print_the_context>, log_sql_query already registered for DAG: example_python_operator
[2023-02-15T22:14:45.708+0000] {logging_mixin.py:137} INFO - [2023-02-15T22:14:45.708+0000] {taskmixin.py:205} WARNING - Dependency <Task(_PythonDecoratedOperator): log_sql_query>, print_the_context already registered for DAG: example_python_operator
[2023-02-15T22:14:45.716+0000] {processor.py:753} INFO - DAG(s) dict_keys(['example_python_operator']) retrieved from /home/airflow/.local/lib/python3.7/site-packages/airflow/example_dags/example_python_operator.py
[2023-02-15T22:14:45.746+0000] {logging_mixin.py:137} INFO - [2023-02-15T22:14:45.746+0000] {dag.py:2690} INFO - Sync 1 DAGs
[2023-02-15T22:14:45.778+0000] {logging_mixin.py:137} INFO - [2023-02-15T22:14:45.778+0000] {dag.py:3441} INFO - Setting next_dagrun for example_python_operator to None, run_after=None
[2023-02-15T22:14:45.801+0000] {processor.py:175} INFO - Processing /home/airflow/.local/lib/python3.7/site-packages/airflow/example_dags/example_python_operator.py took 0.122 seconds
[2023-02-15T22:15:16.099+0000] {processor.py:153} INFO - Started process (PID=605) to work on /home/airflow/.local/lib/python3.7/site-packages/airflow/example_dags/example_python_operator.py
[2023-02-15T22:15:16.100+0000] {processor.py:743} INFO - Processing file /home/airflow/.local/lib/python3.7/site-packages/airflow/example_dags/example_python_operator.py for tasks to queue
[2023-02-15T22:15:16.101+0000] {logging_mixin.py:137} INFO - [2023-02-15T22:15:16.101+0000] {dagbag.py:538} INFO - Filling up the DagBag from /home/airflow/.local/lib/python3.7/site-packages/airflow/example_dags/example_python_operator.py
[2023-02-15T22:15:16.121+0000] {logging_mixin.py:137} INFO - [2023-02-15T22:15:16.121+0000] {taskmixin.py:205} WARNING - Dependency <Task(_PythonDecoratedOperator): print_the_context>, log_sql_query already registered for DAG: example_python_operator
[2023-02-15T22:15:16.121+0000] {logging_mixin.py:137} INFO - [2023-02-15T22:15:16.121+0000] {taskmixin.py:205} WARNING - Dependency <Task(_PythonDecoratedOperator): log_sql_query>, print_the_context already registered for DAG: example_python_operator
[2023-02-15T22:15:16.122+0000] {logging_mixin.py:137} INFO - [2023-02-15T22:15:16.122+0000] {taskmixin.py:205} WARNING - Dependency <Task(_PythonDecoratedOperator): print_the_context>, log_sql_query already registered for DAG: example_python_operator
[2023-02-15T22:15:16.122+0000] {logging_mixin.py:137} INFO - [2023-02-15T22:15:16.122+0000] {taskmixin.py:205} WARNING - Dependency <Task(_PythonDecoratedOperator): log_sql_query>, print_the_context already registered for DAG: example_python_operator
[2023-02-15T22:15:16.123+0000] {logging_mixin.py:137} INFO - [2023-02-15T22:15:16.123+0000] {taskmixin.py:205} WARNING - Dependency <Task(_PythonDecoratedOperator): print_the_context>, log_sql_query already registered for DAG: example_python_operator
[2023-02-15T22:15:16.123+0000] {logging_mixin.py:137} INFO - [2023-02-15T22:15:16.123+0000] {taskmixin.py:205} WARNING - Dependency <Task(_PythonDecoratedOperator): log_sql_query>, print_the_context already registered for DAG: example_python_operator
[2023-02-15T22:15:16.124+0000] {logging_mixin.py:137} INFO - [2023-02-15T22:15:16.123+0000] {taskmixin.py:205} WARNING - Dependency <Task(_PythonDecoratedOperator): print_the_context>, log_sql_query already registered for DAG: example_python_operator
[2023-02-15T22:15:16.124+0000] {logging_mixin.py:137} INFO - [2023-02-15T22:15:16.124+0000] {taskmixin.py:205} WARNING - Dependency <Task(_PythonDecoratedOperator): log_sql_query>, print_the_context already registered for DAG: example_python_operator
[2023-02-15T22:15:16.132+0000] {processor.py:753} INFO - DAG(s) dict_keys(['example_python_operator']) retrieved from /home/airflow/.local/lib/python3.7/site-packages/airflow/example_dags/example_python_operator.py
[2023-02-15T22:15:16.165+0000] {logging_mixin.py:137} INFO - [2023-02-15T22:15:16.164+0000] {dag.py:2690} INFO - Sync 1 DAGs
[2023-02-15T22:15:16.195+0000] {logging_mixin.py:137} INFO - [2023-02-15T22:15:16.195+0000] {dag.py:3441} INFO - Setting next_dagrun for example_python_operator to None, run_after=None
[2023-02-15T22:15:16.225+0000] {processor.py:175} INFO - Processing /home/airflow/.local/lib/python3.7/site-packages/airflow/example_dags/example_python_operator.py took 0.129 seconds
[2023-02-15T22:15:47.184+0000] {processor.py:153} INFO - Started process (PID=679) to work on /home/airflow/.local/lib/python3.7/site-packages/airflow/example_dags/example_python_operator.py
[2023-02-15T22:15:47.188+0000] {processor.py:743} INFO - Processing file /home/airflow/.local/lib/python3.7/site-packages/airflow/example_dags/example_python_operator.py for tasks to queue
[2023-02-15T22:15:47.189+0000] {logging_mixin.py:137} INFO - [2023-02-15T22:15:47.189+0000] {dagbag.py:538} INFO - Filling up the DagBag from /home/airflow/.local/lib/python3.7/site-packages/airflow/example_dags/example_python_operator.py
[2023-02-15T22:15:47.208+0000] {logging_mixin.py:137} INFO - [2023-02-15T22:15:47.208+0000] {taskmixin.py:205} WARNING - Dependency <Task(_PythonDecoratedOperator): print_the_context>, log_sql_query already registered for DAG: example_python_operator
[2023-02-15T22:15:47.209+0000] {logging_mixin.py:137} INFO - [2023-02-15T22:15:47.209+0000] {taskmixin.py:205} WARNING - Dependency <Task(_PythonDecoratedOperator): log_sql_query>, print_the_context already registered for DAG: example_python_operator
[2023-02-15T22:15:47.209+0000] {logging_mixin.py:137} INFO - [2023-02-15T22:15:47.209+0000] {taskmixin.py:205} WARNING - Dependency <Task(_PythonDecoratedOperator): print_the_context>, log_sql_query already registered for DAG: example_python_operator
[2023-02-15T22:15:47.210+0000] {logging_mixin.py:137} INFO - [2023-02-15T22:15:47.210+0000] {taskmixin.py:205} WARNING - Dependency <Task(_PythonDecoratedOperator): log_sql_query>, print_the_context already registered for DAG: example_python_operator
[2023-02-15T22:15:47.211+0000] {logging_mixin.py:137} INFO - [2023-02-15T22:15:47.211+0000] {taskmixin.py:205} WARNING - Dependency <Task(_PythonDecoratedOperator): print_the_context>, log_sql_query already registered for DAG: example_python_operator
[2023-02-15T22:15:47.211+0000] {logging_mixin.py:137} INFO - [2023-02-15T22:15:47.211+0000] {taskmixin.py:205} WARNING - Dependency <Task(_PythonDecoratedOperator): log_sql_query>, print_the_context already registered for DAG: example_python_operator
[2023-02-15T22:15:47.212+0000] {logging_mixin.py:137} INFO - [2023-02-15T22:15:47.211+0000] {taskmixin.py:205} WARNING - Dependency <Task(_PythonDecoratedOperator): print_the_context>, log_sql_query already registered for DAG: example_python_operator
[2023-02-15T22:15:47.212+0000] {logging_mixin.py:137} INFO - [2023-02-15T22:15:47.212+0000] {taskmixin.py:205} WARNING - Dependency <Task(_PythonDecoratedOperator): log_sql_query>, print_the_context already registered for DAG: example_python_operator
[2023-02-15T22:15:47.220+0000] {processor.py:753} INFO - DAG(s) dict_keys(['example_python_operator']) retrieved from /home/airflow/.local/lib/python3.7/site-packages/airflow/example_dags/example_python_operator.py
[2023-02-15T22:15:47.250+0000] {logging_mixin.py:137} INFO - [2023-02-15T22:15:47.250+0000] {dag.py:2690} INFO - Sync 1 DAGs
[2023-02-15T22:15:47.289+0000] {logging_mixin.py:137} INFO - [2023-02-15T22:15:47.289+0000] {dag.py:3441} INFO - Setting next_dagrun for example_python_operator to None, run_after=None
[2023-02-15T22:15:47.336+0000] {processor.py:175} INFO - Processing /home/airflow/.local/lib/python3.7/site-packages/airflow/example_dags/example_python_operator.py took 0.156 seconds
[2023-02-15T22:16:17.473+0000] {processor.py:153} INFO - Started process (PID=745) to work on /home/airflow/.local/lib/python3.7/site-packages/airflow/example_dags/example_python_operator.py
[2023-02-15T22:16:17.473+0000] {processor.py:743} INFO - Processing file /home/airflow/.local/lib/python3.7/site-packages/airflow/example_dags/example_python_operator.py for tasks to queue
[2023-02-15T22:16:17.474+0000] {logging_mixin.py:137} INFO - [2023-02-15T22:16:17.474+0000] {dagbag.py:538} INFO - Filling up the DagBag from /home/airflow/.local/lib/python3.7/site-packages/airflow/example_dags/example_python_operator.py
[2023-02-15T22:16:17.494+0000] {logging_mixin.py:137} INFO - [2023-02-15T22:16:17.493+0000] {taskmixin.py:205} WARNING - Dependency <Task(_PythonDecoratedOperator): print_the_context>, log_sql_query already registered for DAG: example_python_operator
[2023-02-15T22:16:17.494+0000] {logging_mixin.py:137} INFO - [2023-02-15T22:16:17.494+0000] {taskmixin.py:205} WARNING - Dependency <Task(_PythonDecoratedOperator): log_sql_query>, print_the_context already registered for DAG: example_python_operator
[2023-02-15T22:16:17.495+0000] {logging_mixin.py:137} INFO - [2023-02-15T22:16:17.495+0000] {taskmixin.py:205} WARNING - Dependency <Task(_PythonDecoratedOperator): print_the_context>, log_sql_query already registered for DAG: example_python_operator
[2023-02-15T22:16:17.495+0000] {logging_mixin.py:137} INFO - [2023-02-15T22:16:17.495+0000] {taskmixin.py:205} WARNING - Dependency <Task(_PythonDecoratedOperator): log_sql_query>, print_the_context already registered for DAG: example_python_operator
[2023-02-15T22:16:17.496+0000] {logging_mixin.py:137} INFO - [2023-02-15T22:16:17.496+0000] {taskmixin.py:205} WARNING - Dependency <Task(_PythonDecoratedOperator): print_the_context>, log_sql_query already registered for DAG: example_python_operator
[2023-02-15T22:16:17.496+0000] {logging_mixin.py:137} INFO - [2023-02-15T22:16:17.496+0000] {taskmixin.py:205} WARNING - Dependency <Task(_PythonDecoratedOperator): log_sql_query>, print_the_context already registered for DAG: example_python_operator
[2023-02-15T22:16:17.497+0000] {logging_mixin.py:137} INFO - [2023-02-15T22:16:17.496+0000] {taskmixin.py:205} WARNING - Dependency <Task(_PythonDecoratedOperator): print_the_context>, log_sql_query already registered for DAG: example_python_operator
[2023-02-15T22:16:17.497+0000] {logging_mixin.py:137} INFO - [2023-02-15T22:16:17.497+0000] {taskmixin.py:205} WARNING - Dependency <Task(_PythonDecoratedOperator): log_sql_query>, print_the_context already registered for DAG: example_python_operator
[2023-02-15T22:16:17.505+0000] {processor.py:753} INFO - DAG(s) dict_keys(['example_python_operator']) retrieved from /home/airflow/.local/lib/python3.7/site-packages/airflow/example_dags/example_python_operator.py
[2023-02-15T22:16:17.535+0000] {logging_mixin.py:137} INFO - [2023-02-15T22:16:17.535+0000] {dag.py:2690} INFO - Sync 1 DAGs
[2023-02-15T22:16:17.563+0000] {logging_mixin.py:137} INFO - [2023-02-15T22:16:17.563+0000] {dag.py:3441} INFO - Setting next_dagrun for example_python_operator to None, run_after=None
[2023-02-15T22:16:17.588+0000] {processor.py:175} INFO - Processing /home/airflow/.local/lib/python3.7/site-packages/airflow/example_dags/example_python_operator.py took 0.119 seconds
[2023-02-15T22:16:47.714+0000] {processor.py:153} INFO - Started process (PID=809) to work on /home/airflow/.local/lib/python3.7/site-packages/airflow/example_dags/example_python_operator.py
[2023-02-15T22:16:47.715+0000] {processor.py:743} INFO - Processing file /home/airflow/.local/lib/python3.7/site-packages/airflow/example_dags/example_python_operator.py for tasks to queue
[2023-02-15T22:16:47.717+0000] {logging_mixin.py:137} INFO - [2023-02-15T22:16:47.717+0000] {dagbag.py:538} INFO - Filling up the DagBag from /home/airflow/.local/lib/python3.7/site-packages/airflow/example_dags/example_python_operator.py
[2023-02-15T22:16:47.738+0000] {logging_mixin.py:137} INFO - [2023-02-15T22:16:47.737+0000] {taskmixin.py:205} WARNING - Dependency <Task(_PythonDecoratedOperator): print_the_context>, log_sql_query already registered for DAG: example_python_operator
[2023-02-15T22:16:47.738+0000] {logging_mixin.py:137} INFO - [2023-02-15T22:16:47.738+0000] {taskmixin.py:205} WARNING - Dependency <Task(_PythonDecoratedOperator): log_sql_query>, print_the_context already registered for DAG: example_python_operator
[2023-02-15T22:16:47.739+0000] {logging_mixin.py:137} INFO - [2023-02-15T22:16:47.739+0000] {taskmixin.py:205} WARNING - Dependency <Task(_PythonDecoratedOperator): print_the_context>, log_sql_query already registered for DAG: example_python_operator
[2023-02-15T22:16:47.739+0000] {logging_mixin.py:137} INFO - [2023-02-15T22:16:47.739+0000] {taskmixin.py:205} WARNING - Dependency <Task(_PythonDecoratedOperator): log_sql_query>, print_the_context already registered for DAG: example_python_operator
[2023-02-15T22:16:47.740+0000] {logging_mixin.py:137} INFO - [2023-02-15T22:16:47.740+0000] {taskmixin.py:205} WARNING - Dependency <Task(_PythonDecoratedOperator): print_the_context>, log_sql_query already registered for DAG: example_python_operator
[2023-02-15T22:16:47.740+0000] {logging_mixin.py:137} INFO - [2023-02-15T22:16:47.740+0000] {taskmixin.py:205} WARNING - Dependency <Task(_PythonDecoratedOperator): log_sql_query>, print_the_context already registered for DAG: example_python_operator
[2023-02-15T22:16:47.741+0000] {logging_mixin.py:137} INFO - [2023-02-15T22:16:47.741+0000] {taskmixin.py:205} WARNING - Dependency <Task(_PythonDecoratedOperator): print_the_context>, log_sql_query already registered for DAG: example_python_operator
[2023-02-15T22:16:47.741+0000] {logging_mixin.py:137} INFO - [2023-02-15T22:16:47.741+0000] {taskmixin.py:205} WARNING - Dependency <Task(_PythonDecoratedOperator): log_sql_query>, print_the_context already registered for DAG: example_python_operator
[2023-02-15T22:16:47.749+0000] {processor.py:753} INFO - DAG(s) dict_keys(['example_python_operator']) retrieved from /home/airflow/.local/lib/python3.7/site-packages/airflow/example_dags/example_python_operator.py
[2023-02-15T22:16:47.779+0000] {logging_mixin.py:137} INFO - [2023-02-15T22:16:47.779+0000] {dag.py:2690} INFO - Sync 1 DAGs
[2023-02-15T22:16:47.811+0000] {logging_mixin.py:137} INFO - [2023-02-15T22:16:47.811+0000] {dag.py:3441} INFO - Setting next_dagrun for example_python_operator to None, run_after=None
[2023-02-15T22:16:47.834+0000] {processor.py:175} INFO - Processing /home/airflow/.local/lib/python3.7/site-packages/airflow/example_dags/example_python_operator.py took 0.124 seconds
[2023-02-15T22:17:18.533+0000] {processor.py:153} INFO - Started process (PID=882) to work on /home/airflow/.local/lib/python3.7/site-packages/airflow/example_dags/example_python_operator.py
[2023-02-15T22:17:18.534+0000] {processor.py:743} INFO - Processing file /home/airflow/.local/lib/python3.7/site-packages/airflow/example_dags/example_python_operator.py for tasks to queue
[2023-02-15T22:17:18.541+0000] {logging_mixin.py:137} INFO - [2023-02-15T22:17:18.541+0000] {dagbag.py:538} INFO - Filling up the DagBag from /home/airflow/.local/lib/python3.7/site-packages/airflow/example_dags/example_python_operator.py
[2023-02-15T22:17:18.567+0000] {logging_mixin.py:137} INFO - [2023-02-15T22:17:18.567+0000] {taskmixin.py:205} WARNING - Dependency <Task(_PythonDecoratedOperator): print_the_context>, log_sql_query already registered for DAG: example_python_operator
[2023-02-15T22:17:18.567+0000] {logging_mixin.py:137} INFO - [2023-02-15T22:17:18.567+0000] {taskmixin.py:205} WARNING - Dependency <Task(_PythonDecoratedOperator): log_sql_query>, print_the_context already registered for DAG: example_python_operator
[2023-02-15T22:17:18.568+0000] {logging_mixin.py:137} INFO - [2023-02-15T22:17:18.568+0000] {taskmixin.py:205} WARNING - Dependency <Task(_PythonDecoratedOperator): print_the_context>, log_sql_query already registered for DAG: example_python_operator
[2023-02-15T22:17:18.568+0000] {logging_mixin.py:137} INFO - [2023-02-15T22:17:18.568+0000] {taskmixin.py:205} WARNING - Dependency <Task(_PythonDecoratedOperator): log_sql_query>, print_the_context already registered for DAG: example_python_operator
[2023-02-15T22:17:18.569+0000] {logging_mixin.py:137} INFO - [2023-02-15T22:17:18.569+0000] {taskmixin.py:205} WARNING - Dependency <Task(_PythonDecoratedOperator): print_the_context>, log_sql_query already registered for DAG: example_python_operator
[2023-02-15T22:17:18.569+0000] {logging_mixin.py:137} INFO - [2023-02-15T22:17:18.569+0000] {taskmixin.py:205} WARNING - Dependency <Task(_PythonDecoratedOperator): log_sql_query>, print_the_context already registered for DAG: example_python_operator
[2023-02-15T22:17:18.570+0000] {logging_mixin.py:137} INFO - [2023-02-15T22:17:18.570+0000] {taskmixin.py:205} WARNING - Dependency <Task(_PythonDecoratedOperator): print_the_context>, log_sql_query already registered for DAG: example_python_operator
[2023-02-15T22:17:18.570+0000] {logging_mixin.py:137} INFO - [2023-02-15T22:17:18.570+0000] {taskmixin.py:205} WARNING - Dependency <Task(_PythonDecoratedOperator): log_sql_query>, print_the_context already registered for DAG: example_python_operator
[2023-02-15T22:17:18.588+0000] {processor.py:753} INFO - DAG(s) dict_keys(['example_python_operator']) retrieved from /home/airflow/.local/lib/python3.7/site-packages/airflow/example_dags/example_python_operator.py
[2023-02-15T22:17:18.627+0000] {logging_mixin.py:137} INFO - [2023-02-15T22:17:18.627+0000] {dag.py:2690} INFO - Sync 1 DAGs
[2023-02-15T22:17:18.667+0000] {logging_mixin.py:137} INFO - [2023-02-15T22:17:18.667+0000] {dag.py:3441} INFO - Setting next_dagrun for example_python_operator to None, run_after=None
[2023-02-15T22:17:18.711+0000] {processor.py:175} INFO - Processing /home/airflow/.local/lib/python3.7/site-packages/airflow/example_dags/example_python_operator.py took 0.181 seconds
[2023-02-15T22:17:49.289+0000] {processor.py:153} INFO - Started process (PID=948) to work on /home/airflow/.local/lib/python3.7/site-packages/airflow/example_dags/example_python_operator.py
[2023-02-15T22:17:49.292+0000] {processor.py:743} INFO - Processing file /home/airflow/.local/lib/python3.7/site-packages/airflow/example_dags/example_python_operator.py for tasks to queue
[2023-02-15T22:17:49.293+0000] {logging_mixin.py:137} INFO - [2023-02-15T22:17:49.293+0000] {dagbag.py:538} INFO - Filling up the DagBag from /home/airflow/.local/lib/python3.7/site-packages/airflow/example_dags/example_python_operator.py
[2023-02-15T22:17:49.319+0000] {logging_mixin.py:137} INFO - [2023-02-15T22:17:49.319+0000] {taskmixin.py:205} WARNING - Dependency <Task(_PythonDecoratedOperator): print_the_context>, log_sql_query already registered for DAG: example_python_operator
[2023-02-15T22:17:49.319+0000] {logging_mixin.py:137} INFO - [2023-02-15T22:17:49.319+0000] {taskmixin.py:205} WARNING - Dependency <Task(_PythonDecoratedOperator): log_sql_query>, print_the_context already registered for DAG: example_python_operator
[2023-02-15T22:17:49.322+0000] {logging_mixin.py:137} INFO - [2023-02-15T22:17:49.322+0000] {taskmixin.py:205} WARNING - Dependency <Task(_PythonDecoratedOperator): print_the_context>, log_sql_query already registered for DAG: example_python_operator
[2023-02-15T22:17:49.322+0000] {logging_mixin.py:137} INFO - [2023-02-15T22:17:49.322+0000] {taskmixin.py:205} WARNING - Dependency <Task(_PythonDecoratedOperator): log_sql_query>, print_the_context already registered for DAG: example_python_operator
[2023-02-15T22:17:49.323+0000] {logging_mixin.py:137} INFO - [2023-02-15T22:17:49.323+0000] {taskmixin.py:205} WARNING - Dependency <Task(_PythonDecoratedOperator): print_the_context>, log_sql_query already registered for DAG: example_python_operator
[2023-02-15T22:17:49.323+0000] {logging_mixin.py:137} INFO - [2023-02-15T22:17:49.323+0000] {taskmixin.py:205} WARNING - Dependency <Task(_PythonDecoratedOperator): log_sql_query>, print_the_context already registered for DAG: example_python_operator
[2023-02-15T22:17:49.324+0000] {logging_mixin.py:137} INFO - [2023-02-15T22:17:49.324+0000] {taskmixin.py:205} WARNING - Dependency <Task(_PythonDecoratedOperator): print_the_context>, log_sql_query already registered for DAG: example_python_operator
[2023-02-15T22:17:49.324+0000] {logging_mixin.py:137} INFO - [2023-02-15T22:17:49.324+0000] {taskmixin.py:205} WARNING - Dependency <Task(_PythonDecoratedOperator): log_sql_query>, print_the_context already registered for DAG: example_python_operator
[2023-02-15T22:17:49.332+0000] {processor.py:753} INFO - DAG(s) dict_keys(['example_python_operator']) retrieved from /home/airflow/.local/lib/python3.7/site-packages/airflow/example_dags/example_python_operator.py
[2023-02-15T22:17:49.365+0000] {logging_mixin.py:137} INFO - [2023-02-15T22:17:49.365+0000] {dag.py:2690} INFO - Sync 1 DAGs
[2023-02-15T22:17:49.397+0000] {logging_mixin.py:137} INFO - [2023-02-15T22:17:49.397+0000] {dag.py:3441} INFO - Setting next_dagrun for example_python_operator to None, run_after=None
[2023-02-15T22:17:49.421+0000] {processor.py:175} INFO - Processing /home/airflow/.local/lib/python3.7/site-packages/airflow/example_dags/example_python_operator.py took 0.137 seconds
[2023-02-15T22:18:19.751+0000] {processor.py:153} INFO - Started process (PID=1012) to work on /home/airflow/.local/lib/python3.7/site-packages/airflow/example_dags/example_python_operator.py
[2023-02-15T22:18:19.752+0000] {processor.py:743} INFO - Processing file /home/airflow/.local/lib/python3.7/site-packages/airflow/example_dags/example_python_operator.py for tasks to queue
[2023-02-15T22:18:19.752+0000] {logging_mixin.py:137} INFO - [2023-02-15T22:18:19.752+0000] {dagbag.py:538} INFO - Filling up the DagBag from /home/airflow/.local/lib/python3.7/site-packages/airflow/example_dags/example_python_operator.py
[2023-02-15T22:18:19.777+0000] {logging_mixin.py:137} INFO - [2023-02-15T22:18:19.777+0000] {taskmixin.py:205} WARNING - Dependency <Task(_PythonDecoratedOperator): print_the_context>, log_sql_query already registered for DAG: example_python_operator
[2023-02-15T22:18:19.777+0000] {logging_mixin.py:137} INFO - [2023-02-15T22:18:19.777+0000] {taskmixin.py:205} WARNING - Dependency <Task(_PythonDecoratedOperator): log_sql_query>, print_the_context already registered for DAG: example_python_operator
[2023-02-15T22:18:19.778+0000] {logging_mixin.py:137} INFO - [2023-02-15T22:18:19.778+0000] {taskmixin.py:205} WARNING - Dependency <Task(_PythonDecoratedOperator): print_the_context>, log_sql_query already registered for DAG: example_python_operator
[2023-02-15T22:18:19.778+0000] {logging_mixin.py:137} INFO - [2023-02-15T22:18:19.778+0000] {taskmixin.py:205} WARNING - Dependency <Task(_PythonDecoratedOperator): log_sql_query>, print_the_context already registered for DAG: example_python_operator
[2023-02-15T22:18:19.779+0000] {logging_mixin.py:137} INFO - [2023-02-15T22:18:19.779+0000] {taskmixin.py:205} WARNING - Dependency <Task(_PythonDecoratedOperator): print_the_context>, log_sql_query already registered for DAG: example_python_operator
[2023-02-15T22:18:19.779+0000] {logging_mixin.py:137} INFO - [2023-02-15T22:18:19.779+0000] {taskmixin.py:205} WARNING - Dependency <Task(_PythonDecoratedOperator): log_sql_query>, print_the_context already registered for DAG: example_python_operator
[2023-02-15T22:18:19.779+0000] {logging_mixin.py:137} INFO - [2023-02-15T22:18:19.779+0000] {taskmixin.py:205} WARNING - Dependency <Task(_PythonDecoratedOperator): print_the_context>, log_sql_query already registered for DAG: example_python_operator
[2023-02-15T22:18:19.780+0000] {logging_mixin.py:137} INFO - [2023-02-15T22:18:19.780+0000] {taskmixin.py:205} WARNING - Dependency <Task(_PythonDecoratedOperator): log_sql_query>, print_the_context already registered for DAG: example_python_operator
[2023-02-15T22:18:19.787+0000] {processor.py:753} INFO - DAG(s) dict_keys(['example_python_operator']) retrieved from /home/airflow/.local/lib/python3.7/site-packages/airflow/example_dags/example_python_operator.py
[2023-02-15T22:18:19.821+0000] {logging_mixin.py:137} INFO - [2023-02-15T22:18:19.821+0000] {dag.py:2690} INFO - Sync 1 DAGs
[2023-02-15T22:18:19.851+0000] {logging_mixin.py:137} INFO - [2023-02-15T22:18:19.851+0000] {dag.py:3441} INFO - Setting next_dagrun for example_python_operator to None, run_after=None
[2023-02-15T22:18:19.884+0000] {processor.py:175} INFO - Processing /home/airflow/.local/lib/python3.7/site-packages/airflow/example_dags/example_python_operator.py took 0.137 seconds
[2023-02-15T22:18:50.479+0000] {processor.py:153} INFO - Started process (PID=1074) to work on /home/airflow/.local/lib/python3.7/site-packages/airflow/example_dags/example_python_operator.py
[2023-02-15T22:18:50.483+0000] {processor.py:743} INFO - Processing file /home/airflow/.local/lib/python3.7/site-packages/airflow/example_dags/example_python_operator.py for tasks to queue
[2023-02-15T22:18:50.484+0000] {logging_mixin.py:137} INFO - [2023-02-15T22:18:50.483+0000] {dagbag.py:538} INFO - Filling up the DagBag from /home/airflow/.local/lib/python3.7/site-packages/airflow/example_dags/example_python_operator.py
[2023-02-15T22:18:50.517+0000] {logging_mixin.py:137} INFO - [2023-02-15T22:18:50.517+0000] {taskmixin.py:205} WARNING - Dependency <Task(_PythonDecoratedOperator): print_the_context>, log_sql_query already registered for DAG: example_python_operator
[2023-02-15T22:18:50.517+0000] {logging_mixin.py:137} INFO - [2023-02-15T22:18:50.517+0000] {taskmixin.py:205} WARNING - Dependency <Task(_PythonDecoratedOperator): log_sql_query>, print_the_context already registered for DAG: example_python_operator
[2023-02-15T22:18:50.518+0000] {logging_mixin.py:137} INFO - [2023-02-15T22:18:50.518+0000] {taskmixin.py:205} WARNING - Dependency <Task(_PythonDecoratedOperator): print_the_context>, log_sql_query already registered for DAG: example_python_operator
[2023-02-15T22:18:50.518+0000] {logging_mixin.py:137} INFO - [2023-02-15T22:18:50.518+0000] {taskmixin.py:205} WARNING - Dependency <Task(_PythonDecoratedOperator): log_sql_query>, print_the_context already registered for DAG: example_python_operator
[2023-02-15T22:18:50.519+0000] {logging_mixin.py:137} INFO - [2023-02-15T22:18:50.519+0000] {taskmixin.py:205} WARNING - Dependency <Task(_PythonDecoratedOperator): print_the_context>, log_sql_query already registered for DAG: example_python_operator
[2023-02-15T22:18:50.519+0000] {logging_mixin.py:137} INFO - [2023-02-15T22:18:50.519+0000] {taskmixin.py:205} WARNING - Dependency <Task(_PythonDecoratedOperator): log_sql_query>, print_the_context already registered for DAG: example_python_operator
[2023-02-15T22:18:50.520+0000] {logging_mixin.py:137} INFO - [2023-02-15T22:18:50.520+0000] {taskmixin.py:205} WARNING - Dependency <Task(_PythonDecoratedOperator): print_the_context>, log_sql_query already registered for DAG: example_python_operator
[2023-02-15T22:18:50.520+0000] {logging_mixin.py:137} INFO - [2023-02-15T22:18:50.520+0000] {taskmixin.py:205} WARNING - Dependency <Task(_PythonDecoratedOperator): log_sql_query>, print_the_context already registered for DAG: example_python_operator
[2023-02-15T22:18:50.538+0000] {processor.py:753} INFO - DAG(s) dict_keys(['example_python_operator']) retrieved from /home/airflow/.local/lib/python3.7/site-packages/airflow/example_dags/example_python_operator.py
[2023-02-15T22:18:50.578+0000] {logging_mixin.py:137} INFO - [2023-02-15T22:18:50.578+0000] {dag.py:2690} INFO - Sync 1 DAGs
[2023-02-15T22:18:50.612+0000] {logging_mixin.py:137} INFO - [2023-02-15T22:18:50.612+0000] {dag.py:3441} INFO - Setting next_dagrun for example_python_operator to None, run_after=None
[2023-02-15T22:18:50.642+0000] {processor.py:175} INFO - Processing /home/airflow/.local/lib/python3.7/site-packages/airflow/example_dags/example_python_operator.py took 0.167 seconds
[2023-02-15T22:19:20.727+0000] {processor.py:153} INFO - Started process (PID=1150) to work on /home/airflow/.local/lib/python3.7/site-packages/airflow/example_dags/example_python_operator.py
[2023-02-15T22:19:20.728+0000] {processor.py:743} INFO - Processing file /home/airflow/.local/lib/python3.7/site-packages/airflow/example_dags/example_python_operator.py for tasks to queue
[2023-02-15T22:19:20.729+0000] {logging_mixin.py:137} INFO - [2023-02-15T22:19:20.729+0000] {dagbag.py:538} INFO - Filling up the DagBag from /home/airflow/.local/lib/python3.7/site-packages/airflow/example_dags/example_python_operator.py
[2023-02-15T22:19:20.749+0000] {logging_mixin.py:137} INFO - [2023-02-15T22:19:20.748+0000] {taskmixin.py:205} WARNING - Dependency <Task(_PythonDecoratedOperator): print_the_context>, log_sql_query already registered for DAG: example_python_operator
[2023-02-15T22:19:20.749+0000] {logging_mixin.py:137} INFO - [2023-02-15T22:19:20.749+0000] {taskmixin.py:205} WARNING - Dependency <Task(_PythonDecoratedOperator): log_sql_query>, print_the_context already registered for DAG: example_python_operator
[2023-02-15T22:19:20.749+0000] {logging_mixin.py:137} INFO - [2023-02-15T22:19:20.749+0000] {taskmixin.py:205} WARNING - Dependency <Task(_PythonDecoratedOperator): print_the_context>, log_sql_query already registered for DAG: example_python_operator
[2023-02-15T22:19:20.750+0000] {logging_mixin.py:137} INFO - [2023-02-15T22:19:20.750+0000] {taskmixin.py:205} WARNING - Dependency <Task(_PythonDecoratedOperator): log_sql_query>, print_the_context already registered for DAG: example_python_operator
[2023-02-15T22:19:20.750+0000] {logging_mixin.py:137} INFO - [2023-02-15T22:19:20.750+0000] {taskmixin.py:205} WARNING - Dependency <Task(_PythonDecoratedOperator): print_the_context>, log_sql_query already registered for DAG: example_python_operator
[2023-02-15T22:19:20.750+0000] {logging_mixin.py:137} INFO - [2023-02-15T22:19:20.750+0000] {taskmixin.py:205} WARNING - Dependency <Task(_PythonDecoratedOperator): log_sql_query>, print_the_context already registered for DAG: example_python_operator
[2023-02-15T22:19:20.751+0000] {logging_mixin.py:137} INFO - [2023-02-15T22:19:20.751+0000] {taskmixin.py:205} WARNING - Dependency <Task(_PythonDecoratedOperator): print_the_context>, log_sql_query already registered for DAG: example_python_operator
[2023-02-15T22:19:20.751+0000] {logging_mixin.py:137} INFO - [2023-02-15T22:19:20.751+0000] {taskmixin.py:205} WARNING - Dependency <Task(_PythonDecoratedOperator): log_sql_query>, print_the_context already registered for DAG: example_python_operator
[2023-02-15T22:19:20.760+0000] {processor.py:753} INFO - DAG(s) dict_keys(['example_python_operator']) retrieved from /home/airflow/.local/lib/python3.7/site-packages/airflow/example_dags/example_python_operator.py
[2023-02-15T22:19:20.792+0000] {logging_mixin.py:137} INFO - [2023-02-15T22:19:20.792+0000] {dag.py:2690} INFO - Sync 1 DAGs
[2023-02-15T22:19:20.825+0000] {logging_mixin.py:137} INFO - [2023-02-15T22:19:20.825+0000] {dag.py:3441} INFO - Setting next_dagrun for example_python_operator to None, run_after=None
[2023-02-15T22:19:20.846+0000] {processor.py:175} INFO - Processing /home/airflow/.local/lib/python3.7/site-packages/airflow/example_dags/example_python_operator.py took 0.123 seconds
[2023-02-15T22:19:51.391+0000] {processor.py:153} INFO - Started process (PID=1213) to work on /home/airflow/.local/lib/python3.7/site-packages/airflow/example_dags/example_python_operator.py
[2023-02-15T22:19:51.393+0000] {processor.py:743} INFO - Processing file /home/airflow/.local/lib/python3.7/site-packages/airflow/example_dags/example_python_operator.py for tasks to queue
[2023-02-15T22:19:51.396+0000] {logging_mixin.py:137} INFO - [2023-02-15T22:19:51.395+0000] {dagbag.py:538} INFO - Filling up the DagBag from /home/airflow/.local/lib/python3.7/site-packages/airflow/example_dags/example_python_operator.py
[2023-02-15T22:19:51.422+0000] {logging_mixin.py:137} INFO - [2023-02-15T22:19:51.421+0000] {taskmixin.py:205} WARNING - Dependency <Task(_PythonDecoratedOperator): print_the_context>, log_sql_query already registered for DAG: example_python_operator
[2023-02-15T22:19:51.423+0000] {logging_mixin.py:137} INFO - [2023-02-15T22:19:51.422+0000] {taskmixin.py:205} WARNING - Dependency <Task(_PythonDecoratedOperator): log_sql_query>, print_the_context already registered for DAG: example_python_operator
[2023-02-15T22:19:51.424+0000] {logging_mixin.py:137} INFO - [2023-02-15T22:19:51.424+0000] {taskmixin.py:205} WARNING - Dependency <Task(_PythonDecoratedOperator): print_the_context>, log_sql_query already registered for DAG: example_python_operator
[2023-02-15T22:19:51.424+0000] {logging_mixin.py:137} INFO - [2023-02-15T22:19:51.424+0000] {taskmixin.py:205} WARNING - Dependency <Task(_PythonDecoratedOperator): log_sql_query>, print_the_context already registered for DAG: example_python_operator
[2023-02-15T22:19:51.425+0000] {logging_mixin.py:137} INFO - [2023-02-15T22:19:51.425+0000] {taskmixin.py:205} WARNING - Dependency <Task(_PythonDecoratedOperator): print_the_context>, log_sql_query already registered for DAG: example_python_operator
[2023-02-15T22:19:51.425+0000] {logging_mixin.py:137} INFO - [2023-02-15T22:19:51.425+0000] {taskmixin.py:205} WARNING - Dependency <Task(_PythonDecoratedOperator): log_sql_query>, print_the_context already registered for DAG: example_python_operator
[2023-02-15T22:19:51.426+0000] {logging_mixin.py:137} INFO - [2023-02-15T22:19:51.426+0000] {taskmixin.py:205} WARNING - Dependency <Task(_PythonDecoratedOperator): print_the_context>, log_sql_query already registered for DAG: example_python_operator
[2023-02-15T22:19:51.426+0000] {logging_mixin.py:137} INFO - [2023-02-15T22:19:51.426+0000] {taskmixin.py:205} WARNING - Dependency <Task(_PythonDecoratedOperator): log_sql_query>, print_the_context already registered for DAG: example_python_operator
[2023-02-15T22:19:51.435+0000] {processor.py:753} INFO - DAG(s) dict_keys(['example_python_operator']) retrieved from /home/airflow/.local/lib/python3.7/site-packages/airflow/example_dags/example_python_operator.py
[2023-02-15T22:19:51.471+0000] {logging_mixin.py:137} INFO - [2023-02-15T22:19:51.470+0000] {dag.py:2690} INFO - Sync 1 DAGs
[2023-02-15T22:19:51.504+0000] {logging_mixin.py:137} INFO - [2023-02-15T22:19:51.504+0000] {dag.py:3441} INFO - Setting next_dagrun for example_python_operator to None, run_after=None
[2023-02-15T22:19:51.531+0000] {processor.py:175} INFO - Processing /home/airflow/.local/lib/python3.7/site-packages/airflow/example_dags/example_python_operator.py took 0.144 seconds
[2023-02-15T22:20:21.688+0000] {processor.py:153} INFO - Started process (PID=1275) to work on /home/airflow/.local/lib/python3.7/site-packages/airflow/example_dags/example_python_operator.py
[2023-02-15T22:20:21.688+0000] {processor.py:743} INFO - Processing file /home/airflow/.local/lib/python3.7/site-packages/airflow/example_dags/example_python_operator.py for tasks to queue
[2023-02-15T22:20:21.689+0000] {logging_mixin.py:137} INFO - [2023-02-15T22:20:21.689+0000] {dagbag.py:538} INFO - Filling up the DagBag from /home/airflow/.local/lib/python3.7/site-packages/airflow/example_dags/example_python_operator.py
[2023-02-15T22:20:21.711+0000] {logging_mixin.py:137} INFO - [2023-02-15T22:20:21.711+0000] {taskmixin.py:205} WARNING - Dependency <Task(_PythonDecoratedOperator): print_the_context>, log_sql_query already registered for DAG: example_python_operator
[2023-02-15T22:20:21.711+0000] {logging_mixin.py:137} INFO - [2023-02-15T22:20:21.711+0000] {taskmixin.py:205} WARNING - Dependency <Task(_PythonDecoratedOperator): log_sql_query>, print_the_context already registered for DAG: example_python_operator
[2023-02-15T22:20:21.712+0000] {logging_mixin.py:137} INFO - [2023-02-15T22:20:21.712+0000] {taskmixin.py:205} WARNING - Dependency <Task(_PythonDecoratedOperator): print_the_context>, log_sql_query already registered for DAG: example_python_operator
[2023-02-15T22:20:21.712+0000] {logging_mixin.py:137} INFO - [2023-02-15T22:20:21.712+0000] {taskmixin.py:205} WARNING - Dependency <Task(_PythonDecoratedOperator): log_sql_query>, print_the_context already registered for DAG: example_python_operator
[2023-02-15T22:20:21.713+0000] {logging_mixin.py:137} INFO - [2023-02-15T22:20:21.713+0000] {taskmixin.py:205} WARNING - Dependency <Task(_PythonDecoratedOperator): print_the_context>, log_sql_query already registered for DAG: example_python_operator
[2023-02-15T22:20:21.713+0000] {logging_mixin.py:137} INFO - [2023-02-15T22:20:21.713+0000] {taskmixin.py:205} WARNING - Dependency <Task(_PythonDecoratedOperator): log_sql_query>, print_the_context already registered for DAG: example_python_operator
[2023-02-15T22:20:21.715+0000] {logging_mixin.py:137} INFO - [2023-02-15T22:20:21.715+0000] {taskmixin.py:205} WARNING - Dependency <Task(_PythonDecoratedOperator): print_the_context>, log_sql_query already registered for DAG: example_python_operator
[2023-02-15T22:20:21.715+0000] {logging_mixin.py:137} INFO - [2023-02-15T22:20:21.715+0000] {taskmixin.py:205} WARNING - Dependency <Task(_PythonDecoratedOperator): log_sql_query>, print_the_context already registered for DAG: example_python_operator
[2023-02-15T22:20:21.722+0000] {processor.py:753} INFO - DAG(s) dict_keys(['example_python_operator']) retrieved from /home/airflow/.local/lib/python3.7/site-packages/airflow/example_dags/example_python_operator.py
[2023-02-15T22:20:21.752+0000] {logging_mixin.py:137} INFO - [2023-02-15T22:20:21.752+0000] {dag.py:2690} INFO - Sync 1 DAGs
[2023-02-15T22:20:21.783+0000] {logging_mixin.py:137} INFO - [2023-02-15T22:20:21.782+0000] {dag.py:3441} INFO - Setting next_dagrun for example_python_operator to None, run_after=None
[2023-02-15T22:20:21.804+0000] {processor.py:175} INFO - Processing /home/airflow/.local/lib/python3.7/site-packages/airflow/example_dags/example_python_operator.py took 0.120 seconds
[2023-02-15T22:20:52.275+0000] {processor.py:153} INFO - Started process (PID=1350) to work on /home/airflow/.local/lib/python3.7/site-packages/airflow/example_dags/example_python_operator.py
[2023-02-15T22:20:52.276+0000] {processor.py:743} INFO - Processing file /home/airflow/.local/lib/python3.7/site-packages/airflow/example_dags/example_python_operator.py for tasks to queue
[2023-02-15T22:20:52.277+0000] {logging_mixin.py:137} INFO - [2023-02-15T22:20:52.277+0000] {dagbag.py:538} INFO - Filling up the DagBag from /home/airflow/.local/lib/python3.7/site-packages/airflow/example_dags/example_python_operator.py
[2023-02-15T22:20:52.297+0000] {logging_mixin.py:137} INFO - [2023-02-15T22:20:52.297+0000] {taskmixin.py:205} WARNING - Dependency <Task(_PythonDecoratedOperator): print_the_context>, log_sql_query already registered for DAG: example_python_operator
[2023-02-15T22:20:52.297+0000] {logging_mixin.py:137} INFO - [2023-02-15T22:20:52.297+0000] {taskmixin.py:205} WARNING - Dependency <Task(_PythonDecoratedOperator): log_sql_query>, print_the_context already registered for DAG: example_python_operator
[2023-02-15T22:20:52.298+0000] {logging_mixin.py:137} INFO - [2023-02-15T22:20:52.298+0000] {taskmixin.py:205} WARNING - Dependency <Task(_PythonDecoratedOperator): print_the_context>, log_sql_query already registered for DAG: example_python_operator
[2023-02-15T22:20:52.298+0000] {logging_mixin.py:137} INFO - [2023-02-15T22:20:52.298+0000] {taskmixin.py:205} WARNING - Dependency <Task(_PythonDecoratedOperator): log_sql_query>, print_the_context already registered for DAG: example_python_operator
[2023-02-15T22:20:52.299+0000] {logging_mixin.py:137} INFO - [2023-02-15T22:20:52.299+0000] {taskmixin.py:205} WARNING - Dependency <Task(_PythonDecoratedOperator): print_the_context>, log_sql_query already registered for DAG: example_python_operator
[2023-02-15T22:20:52.299+0000] {logging_mixin.py:137} INFO - [2023-02-15T22:20:52.299+0000] {taskmixin.py:205} WARNING - Dependency <Task(_PythonDecoratedOperator): log_sql_query>, print_the_context already registered for DAG: example_python_operator
[2023-02-15T22:20:52.300+0000] {logging_mixin.py:137} INFO - [2023-02-15T22:20:52.300+0000] {taskmixin.py:205} WARNING - Dependency <Task(_PythonDecoratedOperator): print_the_context>, log_sql_query already registered for DAG: example_python_operator
[2023-02-15T22:20:52.300+0000] {logging_mixin.py:137} INFO - [2023-02-15T22:20:52.300+0000] {taskmixin.py:205} WARNING - Dependency <Task(_PythonDecoratedOperator): log_sql_query>, print_the_context already registered for DAG: example_python_operator
[2023-02-15T22:20:52.307+0000] {processor.py:753} INFO - DAG(s) dict_keys(['example_python_operator']) retrieved from /home/airflow/.local/lib/python3.7/site-packages/airflow/example_dags/example_python_operator.py
[2023-02-15T22:20:52.338+0000] {logging_mixin.py:137} INFO - [2023-02-15T22:20:52.338+0000] {dag.py:2690} INFO - Sync 1 DAGs
[2023-02-15T22:20:52.366+0000] {logging_mixin.py:137} INFO - [2023-02-15T22:20:52.366+0000] {dag.py:3441} INFO - Setting next_dagrun for example_python_operator to None, run_after=None
[2023-02-15T22:20:52.389+0000] {processor.py:175} INFO - Processing /home/airflow/.local/lib/python3.7/site-packages/airflow/example_dags/example_python_operator.py took 0.118 seconds
[2023-02-15T22:21:22.934+0000] {processor.py:153} INFO - Started process (PID=1413) to work on /home/airflow/.local/lib/python3.7/site-packages/airflow/example_dags/example_python_operator.py
[2023-02-15T22:21:22.935+0000] {processor.py:743} INFO - Processing file /home/airflow/.local/lib/python3.7/site-packages/airflow/example_dags/example_python_operator.py for tasks to queue
[2023-02-15T22:21:22.936+0000] {logging_mixin.py:137} INFO - [2023-02-15T22:21:22.936+0000] {dagbag.py:538} INFO - Filling up the DagBag from /home/airflow/.local/lib/python3.7/site-packages/airflow/example_dags/example_python_operator.py
[2023-02-15T22:21:22.957+0000] {logging_mixin.py:137} INFO - [2023-02-15T22:21:22.957+0000] {taskmixin.py:205} WARNING - Dependency <Task(_PythonDecoratedOperator): print_the_context>, log_sql_query already registered for DAG: example_python_operator
[2023-02-15T22:21:22.957+0000] {logging_mixin.py:137} INFO - [2023-02-15T22:21:22.957+0000] {taskmixin.py:205} WARNING - Dependency <Task(_PythonDecoratedOperator): log_sql_query>, print_the_context already registered for DAG: example_python_operator
[2023-02-15T22:21:22.958+0000] {logging_mixin.py:137} INFO - [2023-02-15T22:21:22.958+0000] {taskmixin.py:205} WARNING - Dependency <Task(_PythonDecoratedOperator): print_the_context>, log_sql_query already registered for DAG: example_python_operator
[2023-02-15T22:21:22.958+0000] {logging_mixin.py:137} INFO - [2023-02-15T22:21:22.958+0000] {taskmixin.py:205} WARNING - Dependency <Task(_PythonDecoratedOperator): log_sql_query>, print_the_context already registered for DAG: example_python_operator
[2023-02-15T22:21:22.959+0000] {logging_mixin.py:137} INFO - [2023-02-15T22:21:22.959+0000] {taskmixin.py:205} WARNING - Dependency <Task(_PythonDecoratedOperator): print_the_context>, log_sql_query already registered for DAG: example_python_operator
[2023-02-15T22:21:22.959+0000] {logging_mixin.py:137} INFO - [2023-02-15T22:21:22.959+0000] {taskmixin.py:205} WARNING - Dependency <Task(_PythonDecoratedOperator): log_sql_query>, print_the_context already registered for DAG: example_python_operator
[2023-02-15T22:21:22.960+0000] {logging_mixin.py:137} INFO - [2023-02-15T22:21:22.959+0000] {taskmixin.py:205} WARNING - Dependency <Task(_PythonDecoratedOperator): print_the_context>, log_sql_query already registered for DAG: example_python_operator
[2023-02-15T22:21:22.960+0000] {logging_mixin.py:137} INFO - [2023-02-15T22:21:22.960+0000] {taskmixin.py:205} WARNING - Dependency <Task(_PythonDecoratedOperator): log_sql_query>, print_the_context already registered for DAG: example_python_operator
[2023-02-15T22:21:22.968+0000] {processor.py:753} INFO - DAG(s) dict_keys(['example_python_operator']) retrieved from /home/airflow/.local/lib/python3.7/site-packages/airflow/example_dags/example_python_operator.py
[2023-02-15T22:21:22.998+0000] {logging_mixin.py:137} INFO - [2023-02-15T22:21:22.998+0000] {dag.py:2690} INFO - Sync 1 DAGs
[2023-02-15T22:21:23.027+0000] {logging_mixin.py:137} INFO - [2023-02-15T22:21:23.027+0000] {dag.py:3441} INFO - Setting next_dagrun for example_python_operator to None, run_after=None
[2023-02-15T22:21:23.059+0000] {processor.py:175} INFO - Processing /home/airflow/.local/lib/python3.7/site-packages/airflow/example_dags/example_python_operator.py took 0.129 seconds
[2023-02-15T22:21:53.190+0000] {processor.py:153} INFO - Started process (PID=1478) to work on /home/airflow/.local/lib/python3.7/site-packages/airflow/example_dags/example_python_operator.py
[2023-02-15T22:21:53.192+0000] {processor.py:743} INFO - Processing file /home/airflow/.local/lib/python3.7/site-packages/airflow/example_dags/example_python_operator.py for tasks to queue
[2023-02-15T22:21:53.193+0000] {logging_mixin.py:137} INFO - [2023-02-15T22:21:53.193+0000] {dagbag.py:538} INFO - Filling up the DagBag from /home/airflow/.local/lib/python3.7/site-packages/airflow/example_dags/example_python_operator.py
[2023-02-15T22:21:53.230+0000] {logging_mixin.py:137} INFO - [2023-02-15T22:21:53.230+0000] {taskmixin.py:205} WARNING - Dependency <Task(_PythonDecoratedOperator): print_the_context>, log_sql_query already registered for DAG: example_python_operator
[2023-02-15T22:21:53.230+0000] {logging_mixin.py:137} INFO - [2023-02-15T22:21:53.230+0000] {taskmixin.py:205} WARNING - Dependency <Task(_PythonDecoratedOperator): log_sql_query>, print_the_context already registered for DAG: example_python_operator
[2023-02-15T22:21:53.233+0000] {logging_mixin.py:137} INFO - [2023-02-15T22:21:53.232+0000] {taskmixin.py:205} WARNING - Dependency <Task(_PythonDecoratedOperator): print_the_context>, log_sql_query already registered for DAG: example_python_operator
[2023-02-15T22:21:53.233+0000] {logging_mixin.py:137} INFO - [2023-02-15T22:21:53.233+0000] {taskmixin.py:205} WARNING - Dependency <Task(_PythonDecoratedOperator): log_sql_query>, print_the_context already registered for DAG: example_python_operator
[2023-02-15T22:21:53.234+0000] {logging_mixin.py:137} INFO - [2023-02-15T22:21:53.234+0000] {taskmixin.py:205} WARNING - Dependency <Task(_PythonDecoratedOperator): print_the_context>, log_sql_query already registered for DAG: example_python_operator
[2023-02-15T22:21:53.234+0000] {logging_mixin.py:137} INFO - [2023-02-15T22:21:53.234+0000] {taskmixin.py:205} WARNING - Dependency <Task(_PythonDecoratedOperator): log_sql_query>, print_the_context already registered for DAG: example_python_operator
[2023-02-15T22:21:53.235+0000] {logging_mixin.py:137} INFO - [2023-02-15T22:21:53.235+0000] {taskmixin.py:205} WARNING - Dependency <Task(_PythonDecoratedOperator): print_the_context>, log_sql_query already registered for DAG: example_python_operator
[2023-02-15T22:21:53.235+0000] {logging_mixin.py:137} INFO - [2023-02-15T22:21:53.235+0000] {taskmixin.py:205} WARNING - Dependency <Task(_PythonDecoratedOperator): log_sql_query>, print_the_context already registered for DAG: example_python_operator
[2023-02-15T22:21:53.243+0000] {processor.py:753} INFO - DAG(s) dict_keys(['example_python_operator']) retrieved from /home/airflow/.local/lib/python3.7/site-packages/airflow/example_dags/example_python_operator.py
[2023-02-15T22:21:53.277+0000] {logging_mixin.py:137} INFO - [2023-02-15T22:21:53.277+0000] {dag.py:2690} INFO - Sync 1 DAGs
[2023-02-15T22:21:53.315+0000] {logging_mixin.py:137} INFO - [2023-02-15T22:21:53.315+0000] {dag.py:3441} INFO - Setting next_dagrun for example_python_operator to None, run_after=None
[2023-02-15T22:21:53.342+0000] {processor.py:175} INFO - Processing /home/airflow/.local/lib/python3.7/site-packages/airflow/example_dags/example_python_operator.py took 0.155 seconds
[2023-02-15T22:22:24.354+0000] {processor.py:153} INFO - Started process (PID=1554) to work on /home/airflow/.local/lib/python3.7/site-packages/airflow/example_dags/example_python_operator.py
[2023-02-15T22:22:24.355+0000] {processor.py:743} INFO - Processing file /home/airflow/.local/lib/python3.7/site-packages/airflow/example_dags/example_python_operator.py for tasks to queue
[2023-02-15T22:22:24.356+0000] {logging_mixin.py:137} INFO - [2023-02-15T22:22:24.356+0000] {dagbag.py:538} INFO - Filling up the DagBag from /home/airflow/.local/lib/python3.7/site-packages/airflow/example_dags/example_python_operator.py
[2023-02-15T22:22:24.376+0000] {logging_mixin.py:137} INFO - [2023-02-15T22:22:24.375+0000] {taskmixin.py:205} WARNING - Dependency <Task(_PythonDecoratedOperator): print_the_context>, log_sql_query already registered for DAG: example_python_operator
[2023-02-15T22:22:24.376+0000] {logging_mixin.py:137} INFO - [2023-02-15T22:22:24.376+0000] {taskmixin.py:205} WARNING - Dependency <Task(_PythonDecoratedOperator): log_sql_query>, print_the_context already registered for DAG: example_python_operator
[2023-02-15T22:22:24.376+0000] {logging_mixin.py:137} INFO - [2023-02-15T22:22:24.376+0000] {taskmixin.py:205} WARNING - Dependency <Task(_PythonDecoratedOperator): print_the_context>, log_sql_query already registered for DAG: example_python_operator
[2023-02-15T22:22:24.377+0000] {logging_mixin.py:137} INFO - [2023-02-15T22:22:24.377+0000] {taskmixin.py:205} WARNING - Dependency <Task(_PythonDecoratedOperator): log_sql_query>, print_the_context already registered for DAG: example_python_operator
[2023-02-15T22:22:24.377+0000] {logging_mixin.py:137} INFO - [2023-02-15T22:22:24.377+0000] {taskmixin.py:205} WARNING - Dependency <Task(_PythonDecoratedOperator): print_the_context>, log_sql_query already registered for DAG: example_python_operator
[2023-02-15T22:22:24.377+0000] {logging_mixin.py:137} INFO - [2023-02-15T22:22:24.377+0000] {taskmixin.py:205} WARNING - Dependency <Task(_PythonDecoratedOperator): log_sql_query>, print_the_context already registered for DAG: example_python_operator
[2023-02-15T22:22:24.378+0000] {logging_mixin.py:137} INFO - [2023-02-15T22:22:24.378+0000] {taskmixin.py:205} WARNING - Dependency <Task(_PythonDecoratedOperator): print_the_context>, log_sql_query already registered for DAG: example_python_operator
[2023-02-15T22:22:24.378+0000] {logging_mixin.py:137} INFO - [2023-02-15T22:22:24.378+0000] {taskmixin.py:205} WARNING - Dependency <Task(_PythonDecoratedOperator): log_sql_query>, print_the_context already registered for DAG: example_python_operator
[2023-02-15T22:22:24.386+0000] {processor.py:753} INFO - DAG(s) dict_keys(['example_python_operator']) retrieved from /home/airflow/.local/lib/python3.7/site-packages/airflow/example_dags/example_python_operator.py
[2023-02-15T22:22:24.415+0000] {logging_mixin.py:137} INFO - [2023-02-15T22:22:24.415+0000] {dag.py:2690} INFO - Sync 1 DAGs
[2023-02-15T22:22:24.447+0000] {logging_mixin.py:137} INFO - [2023-02-15T22:22:24.446+0000] {dag.py:3441} INFO - Setting next_dagrun for example_python_operator to None, run_after=None
[2023-02-15T22:22:24.467+0000] {processor.py:175} INFO - Processing /home/airflow/.local/lib/python3.7/site-packages/airflow/example_dags/example_python_operator.py took 0.117 seconds
[2023-02-15T22:22:54.700+0000] {processor.py:153} INFO - Started process (PID=1617) to work on /home/airflow/.local/lib/python3.7/site-packages/airflow/example_dags/example_python_operator.py
[2023-02-15T22:22:54.703+0000] {processor.py:743} INFO - Processing file /home/airflow/.local/lib/python3.7/site-packages/airflow/example_dags/example_python_operator.py for tasks to queue
[2023-02-15T22:22:54.704+0000] {logging_mixin.py:137} INFO - [2023-02-15T22:22:54.704+0000] {dagbag.py:538} INFO - Filling up the DagBag from /home/airflow/.local/lib/python3.7/site-packages/airflow/example_dags/example_python_operator.py
[2023-02-15T22:22:54.730+0000] {logging_mixin.py:137} INFO - [2023-02-15T22:22:54.730+0000] {taskmixin.py:205} WARNING - Dependency <Task(_PythonDecoratedOperator): print_the_context>, log_sql_query already registered for DAG: example_python_operator
[2023-02-15T22:22:54.730+0000] {logging_mixin.py:137} INFO - [2023-02-15T22:22:54.730+0000] {taskmixin.py:205} WARNING - Dependency <Task(_PythonDecoratedOperator): log_sql_query>, print_the_context already registered for DAG: example_python_operator
[2023-02-15T22:22:54.732+0000] {logging_mixin.py:137} INFO - [2023-02-15T22:22:54.731+0000] {taskmixin.py:205} WARNING - Dependency <Task(_PythonDecoratedOperator): print_the_context>, log_sql_query already registered for DAG: example_python_operator
[2023-02-15T22:22:54.732+0000] {logging_mixin.py:137} INFO - [2023-02-15T22:22:54.732+0000] {taskmixin.py:205} WARNING - Dependency <Task(_PythonDecoratedOperator): log_sql_query>, print_the_context already registered for DAG: example_python_operator
[2023-02-15T22:22:54.733+0000] {logging_mixin.py:137} INFO - [2023-02-15T22:22:54.732+0000] {taskmixin.py:205} WARNING - Dependency <Task(_PythonDecoratedOperator): print_the_context>, log_sql_query already registered for DAG: example_python_operator
[2023-02-15T22:22:54.733+0000] {logging_mixin.py:137} INFO - [2023-02-15T22:22:54.733+0000] {taskmixin.py:205} WARNING - Dependency <Task(_PythonDecoratedOperator): log_sql_query>, print_the_context already registered for DAG: example_python_operator
[2023-02-15T22:22:54.734+0000] {logging_mixin.py:137} INFO - [2023-02-15T22:22:54.733+0000] {taskmixin.py:205} WARNING - Dependency <Task(_PythonDecoratedOperator): print_the_context>, log_sql_query already registered for DAG: example_python_operator
[2023-02-15T22:22:54.734+0000] {logging_mixin.py:137} INFO - [2023-02-15T22:22:54.734+0000] {taskmixin.py:205} WARNING - Dependency <Task(_PythonDecoratedOperator): log_sql_query>, print_the_context already registered for DAG: example_python_operator
[2023-02-15T22:22:54.741+0000] {processor.py:753} INFO - DAG(s) dict_keys(['example_python_operator']) retrieved from /home/airflow/.local/lib/python3.7/site-packages/airflow/example_dags/example_python_operator.py
[2023-02-15T22:22:54.773+0000] {logging_mixin.py:137} INFO - [2023-02-15T22:22:54.773+0000] {dag.py:2690} INFO - Sync 1 DAGs
[2023-02-15T22:22:54.819+0000] {logging_mixin.py:137} INFO - [2023-02-15T22:22:54.819+0000] {dag.py:3441} INFO - Setting next_dagrun for example_python_operator to None, run_after=None
[2023-02-15T22:22:54.846+0000] {processor.py:175} INFO - Processing /home/airflow/.local/lib/python3.7/site-packages/airflow/example_dags/example_python_operator.py took 0.150 seconds
[2023-02-15T22:23:25.185+0000] {processor.py:153} INFO - Started process (PID=1689) to work on /home/airflow/.local/lib/python3.7/site-packages/airflow/example_dags/example_python_operator.py
[2023-02-15T22:23:25.186+0000] {processor.py:743} INFO - Processing file /home/airflow/.local/lib/python3.7/site-packages/airflow/example_dags/example_python_operator.py for tasks to queue
[2023-02-15T22:23:25.187+0000] {logging_mixin.py:137} INFO - [2023-02-15T22:23:25.187+0000] {dagbag.py:538} INFO - Filling up the DagBag from /home/airflow/.local/lib/python3.7/site-packages/airflow/example_dags/example_python_operator.py
[2023-02-15T22:23:25.218+0000] {logging_mixin.py:137} INFO - [2023-02-15T22:23:25.218+0000] {taskmixin.py:205} WARNING - Dependency <Task(_PythonDecoratedOperator): print_the_context>, log_sql_query already registered for DAG: example_python_operator
[2023-02-15T22:23:25.218+0000] {logging_mixin.py:137} INFO - [2023-02-15T22:23:25.218+0000] {taskmixin.py:205} WARNING - Dependency <Task(_PythonDecoratedOperator): log_sql_query>, print_the_context already registered for DAG: example_python_operator
[2023-02-15T22:23:25.219+0000] {logging_mixin.py:137} INFO - [2023-02-15T22:23:25.219+0000] {taskmixin.py:205} WARNING - Dependency <Task(_PythonDecoratedOperator): print_the_context>, log_sql_query already registered for DAG: example_python_operator
[2023-02-15T22:23:25.219+0000] {logging_mixin.py:137} INFO - [2023-02-15T22:23:25.219+0000] {taskmixin.py:205} WARNING - Dependency <Task(_PythonDecoratedOperator): log_sql_query>, print_the_context already registered for DAG: example_python_operator
[2023-02-15T22:23:25.220+0000] {logging_mixin.py:137} INFO - [2023-02-15T22:23:25.220+0000] {taskmixin.py:205} WARNING - Dependency <Task(_PythonDecoratedOperator): print_the_context>, log_sql_query already registered for DAG: example_python_operator
[2023-02-15T22:23:25.220+0000] {logging_mixin.py:137} INFO - [2023-02-15T22:23:25.220+0000] {taskmixin.py:205} WARNING - Dependency <Task(_PythonDecoratedOperator): log_sql_query>, print_the_context already registered for DAG: example_python_operator
[2023-02-15T22:23:25.221+0000] {logging_mixin.py:137} INFO - [2023-02-15T22:23:25.221+0000] {taskmixin.py:205} WARNING - Dependency <Task(_PythonDecoratedOperator): print_the_context>, log_sql_query already registered for DAG: example_python_operator
[2023-02-15T22:23:25.221+0000] {logging_mixin.py:137} INFO - [2023-02-15T22:23:25.221+0000] {taskmixin.py:205} WARNING - Dependency <Task(_PythonDecoratedOperator): log_sql_query>, print_the_context already registered for DAG: example_python_operator
[2023-02-15T22:23:25.235+0000] {processor.py:753} INFO - DAG(s) dict_keys(['example_python_operator']) retrieved from /home/airflow/.local/lib/python3.7/site-packages/airflow/example_dags/example_python_operator.py
[2023-02-15T22:23:25.271+0000] {logging_mixin.py:137} INFO - [2023-02-15T22:23:25.271+0000] {dag.py:2690} INFO - Sync 1 DAGs
[2023-02-15T22:23:25.324+0000] {logging_mixin.py:137} INFO - [2023-02-15T22:23:25.324+0000] {dag.py:3441} INFO - Setting next_dagrun for example_python_operator to None, run_after=None
[2023-02-15T22:23:25.375+0000] {processor.py:175} INFO - Processing /home/airflow/.local/lib/python3.7/site-packages/airflow/example_dags/example_python_operator.py took 0.195 seconds
