[2023-02-15T22:11:00.579+0000] {processor.py:153} INFO - Started process (PID=89) to work on /home/airflow/.local/lib/python3.7/site-packages/airflow/example_dags/example_kubernetes_executor.py
[2023-02-15T22:11:00.580+0000] {processor.py:743} INFO - Processing file /home/airflow/.local/lib/python3.7/site-packages/airflow/example_dags/example_kubernetes_executor.py for tasks to queue
[2023-02-15T22:11:00.581+0000] {logging_mixin.py:137} INFO - [2023-02-15T22:11:00.581+0000] {dagbag.py:538} INFO - Filling up the DagBag from /home/airflow/.local/lib/python3.7/site-packages/airflow/example_dags/example_kubernetes_executor.py
[2023-02-15T22:11:00.900+0000] {processor.py:753} INFO - DAG(s) dict_keys(['example_kubernetes_executor']) retrieved from /home/airflow/.local/lib/python3.7/site-packages/airflow/example_dags/example_kubernetes_executor.py
[2023-02-15T22:11:01.045+0000] {logging_mixin.py:137} INFO - [2023-02-15T22:11:01.044+0000] {dag.py:2690} INFO - Sync 1 DAGs
[2023-02-15T22:11:01.253+0000] {logging_mixin.py:137} INFO - [2023-02-15T22:11:01.253+0000] {dag.py:3441} INFO - Setting next_dagrun for example_kubernetes_executor to None, run_after=None
[2023-02-15T22:11:01.496+0000] {processor.py:175} INFO - Processing /home/airflow/.local/lib/python3.7/site-packages/airflow/example_dags/example_kubernetes_executor.py took 1.084 seconds
[2023-02-15T22:11:32.333+0000] {processor.py:153} INFO - Started process (PID=151) to work on /home/airflow/.local/lib/python3.7/site-packages/airflow/example_dags/example_kubernetes_executor.py
[2023-02-15T22:11:32.352+0000] {processor.py:743} INFO - Processing file /home/airflow/.local/lib/python3.7/site-packages/airflow/example_dags/example_kubernetes_executor.py for tasks to queue
[2023-02-15T22:11:32.353+0000] {logging_mixin.py:137} INFO - [2023-02-15T22:11:32.353+0000] {dagbag.py:538} INFO - Filling up the DagBag from /home/airflow/.local/lib/python3.7/site-packages/airflow/example_dags/example_kubernetes_executor.py
[2023-02-15T22:11:32.426+0000] {processor.py:753} INFO - DAG(s) dict_keys(['example_kubernetes_executor']) retrieved from /home/airflow/.local/lib/python3.7/site-packages/airflow/example_dags/example_kubernetes_executor.py
[2023-02-15T22:11:32.505+0000] {logging_mixin.py:137} INFO - [2023-02-15T22:11:32.504+0000] {dag.py:2690} INFO - Sync 1 DAGs
[2023-02-15T22:11:32.575+0000] {logging_mixin.py:137} INFO - [2023-02-15T22:11:32.575+0000] {dag.py:3441} INFO - Setting next_dagrun for example_kubernetes_executor to None, run_after=None
[2023-02-15T22:11:32.694+0000] {processor.py:175} INFO - Processing /home/airflow/.local/lib/python3.7/site-packages/airflow/example_dags/example_kubernetes_executor.py took 0.374 seconds
[2023-02-15T22:12:02.837+0000] {processor.py:153} INFO - Started process (PID=211) to work on /home/airflow/.local/lib/python3.7/site-packages/airflow/example_dags/example_kubernetes_executor.py
[2023-02-15T22:12:02.839+0000] {processor.py:743} INFO - Processing file /home/airflow/.local/lib/python3.7/site-packages/airflow/example_dags/example_kubernetes_executor.py for tasks to queue
[2023-02-15T22:12:02.839+0000] {logging_mixin.py:137} INFO - [2023-02-15T22:12:02.839+0000] {dagbag.py:538} INFO - Filling up the DagBag from /home/airflow/.local/lib/python3.7/site-packages/airflow/example_dags/example_kubernetes_executor.py
[2023-02-15T22:12:03.175+0000] {processor.py:753} INFO - DAG(s) dict_keys(['example_kubernetes_executor']) retrieved from /home/airflow/.local/lib/python3.7/site-packages/airflow/example_dags/example_kubernetes_executor.py
[2023-02-15T22:12:03.471+0000] {logging_mixin.py:137} INFO - [2023-02-15T22:12:03.471+0000] {dag.py:2690} INFO - Sync 1 DAGs
[2023-02-15T22:12:03.584+0000] {logging_mixin.py:137} INFO - [2023-02-15T22:12:03.583+0000] {dag.py:3441} INFO - Setting next_dagrun for example_kubernetes_executor to None, run_after=None
[2023-02-15T22:12:03.781+0000] {processor.py:175} INFO - Processing /home/airflow/.local/lib/python3.7/site-packages/airflow/example_dags/example_kubernetes_executor.py took 0.991 seconds
[2023-02-15T22:12:34.015+0000] {processor.py:153} INFO - Started process (PID=264) to work on /home/airflow/.local/lib/python3.7/site-packages/airflow/example_dags/example_kubernetes_executor.py
[2023-02-15T22:12:34.024+0000] {processor.py:743} INFO - Processing file /home/airflow/.local/lib/python3.7/site-packages/airflow/example_dags/example_kubernetes_executor.py for tasks to queue
[2023-02-15T22:12:34.025+0000] {logging_mixin.py:137} INFO - [2023-02-15T22:12:34.025+0000] {dagbag.py:538} INFO - Filling up the DagBag from /home/airflow/.local/lib/python3.7/site-packages/airflow/example_dags/example_kubernetes_executor.py
[2023-02-15T22:12:34.122+0000] {processor.py:753} INFO - DAG(s) dict_keys(['example_kubernetes_executor']) retrieved from /home/airflow/.local/lib/python3.7/site-packages/airflow/example_dags/example_kubernetes_executor.py
[2023-02-15T22:12:34.220+0000] {logging_mixin.py:137} INFO - [2023-02-15T22:12:34.219+0000] {dag.py:2690} INFO - Sync 1 DAGs
[2023-02-15T22:12:34.293+0000] {logging_mixin.py:137} INFO - [2023-02-15T22:12:34.292+0000] {dag.py:3441} INFO - Setting next_dagrun for example_kubernetes_executor to None, run_after=None
[2023-02-15T22:12:34.363+0000] {processor.py:175} INFO - Processing /home/airflow/.local/lib/python3.7/site-packages/airflow/example_dags/example_kubernetes_executor.py took 0.352 seconds
[2023-02-15T22:13:04.688+0000] {processor.py:153} INFO - Started process (PID=328) to work on /home/airflow/.local/lib/python3.7/site-packages/airflow/example_dags/example_kubernetes_executor.py
[2023-02-15T22:13:04.689+0000] {processor.py:743} INFO - Processing file /home/airflow/.local/lib/python3.7/site-packages/airflow/example_dags/example_kubernetes_executor.py for tasks to queue
[2023-02-15T22:13:04.690+0000] {logging_mixin.py:137} INFO - [2023-02-15T22:13:04.690+0000] {dagbag.py:538} INFO - Filling up the DagBag from /home/airflow/.local/lib/python3.7/site-packages/airflow/example_dags/example_kubernetes_executor.py
[2023-02-15T22:13:04.783+0000] {processor.py:753} INFO - DAG(s) dict_keys(['example_kubernetes_executor']) retrieved from /home/airflow/.local/lib/python3.7/site-packages/airflow/example_dags/example_kubernetes_executor.py
[2023-02-15T22:13:04.869+0000] {logging_mixin.py:137} INFO - [2023-02-15T22:13:04.868+0000] {dag.py:2690} INFO - Sync 1 DAGs
[2023-02-15T22:13:04.935+0000] {logging_mixin.py:137} INFO - [2023-02-15T22:13:04.935+0000] {dag.py:3441} INFO - Setting next_dagrun for example_kubernetes_executor to None, run_after=None
[2023-02-15T22:13:04.991+0000] {processor.py:175} INFO - Processing /home/airflow/.local/lib/python3.7/site-packages/airflow/example_dags/example_kubernetes_executor.py took 0.306 seconds
[2023-02-15T22:13:35.834+0000] {processor.py:153} INFO - Started process (PID=393) to work on /home/airflow/.local/lib/python3.7/site-packages/airflow/example_dags/example_kubernetes_executor.py
[2023-02-15T22:13:35.853+0000] {processor.py:743} INFO - Processing file /home/airflow/.local/lib/python3.7/site-packages/airflow/example_dags/example_kubernetes_executor.py for tasks to queue
[2023-02-15T22:13:35.859+0000] {logging_mixin.py:137} INFO - [2023-02-15T22:13:35.859+0000] {dagbag.py:538} INFO - Filling up the DagBag from /home/airflow/.local/lib/python3.7/site-packages/airflow/example_dags/example_kubernetes_executor.py
[2023-02-15T22:13:35.971+0000] {processor.py:753} INFO - DAG(s) dict_keys(['example_kubernetes_executor']) retrieved from /home/airflow/.local/lib/python3.7/site-packages/airflow/example_dags/example_kubernetes_executor.py
[2023-02-15T22:13:36.067+0000] {logging_mixin.py:137} INFO - [2023-02-15T22:13:36.067+0000] {dag.py:2690} INFO - Sync 1 DAGs
[2023-02-15T22:13:36.162+0000] {logging_mixin.py:137} INFO - [2023-02-15T22:13:36.162+0000] {dag.py:3441} INFO - Setting next_dagrun for example_kubernetes_executor to None, run_after=None
[2023-02-15T22:13:36.387+0000] {processor.py:175} INFO - Processing /home/airflow/.local/lib/python3.7/site-packages/airflow/example_dags/example_kubernetes_executor.py took 0.568 seconds
[2023-02-15T22:14:06.455+0000] {processor.py:153} INFO - Started process (PID=455) to work on /home/airflow/.local/lib/python3.7/site-packages/airflow/example_dags/example_kubernetes_executor.py
[2023-02-15T22:14:06.455+0000] {processor.py:743} INFO - Processing file /home/airflow/.local/lib/python3.7/site-packages/airflow/example_dags/example_kubernetes_executor.py for tasks to queue
[2023-02-15T22:14:06.456+0000] {logging_mixin.py:137} INFO - [2023-02-15T22:14:06.456+0000] {dagbag.py:538} INFO - Filling up the DagBag from /home/airflow/.local/lib/python3.7/site-packages/airflow/example_dags/example_kubernetes_executor.py
[2023-02-15T22:14:06.495+0000] {processor.py:753} INFO - DAG(s) dict_keys(['example_kubernetes_executor']) retrieved from /home/airflow/.local/lib/python3.7/site-packages/airflow/example_dags/example_kubernetes_executor.py
[2023-02-15T22:14:06.529+0000] {logging_mixin.py:137} INFO - [2023-02-15T22:14:06.529+0000] {dag.py:2690} INFO - Sync 1 DAGs
[2023-02-15T22:14:06.560+0000] {logging_mixin.py:137} INFO - [2023-02-15T22:14:06.559+0000] {dag.py:3441} INFO - Setting next_dagrun for example_kubernetes_executor to None, run_after=None
[2023-02-15T22:14:06.589+0000] {processor.py:175} INFO - Processing /home/airflow/.local/lib/python3.7/site-packages/airflow/example_dags/example_kubernetes_executor.py took 0.138 seconds
[2023-02-15T22:14:36.747+0000] {processor.py:153} INFO - Started process (PID=518) to work on /home/airflow/.local/lib/python3.7/site-packages/airflow/example_dags/example_kubernetes_executor.py
[2023-02-15T22:14:36.751+0000] {processor.py:743} INFO - Processing file /home/airflow/.local/lib/python3.7/site-packages/airflow/example_dags/example_kubernetes_executor.py for tasks to queue
[2023-02-15T22:14:36.752+0000] {logging_mixin.py:137} INFO - [2023-02-15T22:14:36.752+0000] {dagbag.py:538} INFO - Filling up the DagBag from /home/airflow/.local/lib/python3.7/site-packages/airflow/example_dags/example_kubernetes_executor.py
[2023-02-15T22:14:36.797+0000] {processor.py:753} INFO - DAG(s) dict_keys(['example_kubernetes_executor']) retrieved from /home/airflow/.local/lib/python3.7/site-packages/airflow/example_dags/example_kubernetes_executor.py
[2023-02-15T22:14:36.842+0000] {logging_mixin.py:137} INFO - [2023-02-15T22:14:36.842+0000] {dag.py:2690} INFO - Sync 1 DAGs
[2023-02-15T22:14:36.898+0000] {logging_mixin.py:137} INFO - [2023-02-15T22:14:36.898+0000] {dag.py:3441} INFO - Setting next_dagrun for example_kubernetes_executor to None, run_after=None
[2023-02-15T22:14:36.938+0000] {processor.py:175} INFO - Processing /home/airflow/.local/lib/python3.7/site-packages/airflow/example_dags/example_kubernetes_executor.py took 0.201 seconds
[2023-02-15T22:15:07.048+0000] {processor.py:153} INFO - Started process (PID=590) to work on /home/airflow/.local/lib/python3.7/site-packages/airflow/example_dags/example_kubernetes_executor.py
[2023-02-15T22:15:07.049+0000] {processor.py:743} INFO - Processing file /home/airflow/.local/lib/python3.7/site-packages/airflow/example_dags/example_kubernetes_executor.py for tasks to queue
[2023-02-15T22:15:07.049+0000] {logging_mixin.py:137} INFO - [2023-02-15T22:15:07.049+0000] {dagbag.py:538} INFO - Filling up the DagBag from /home/airflow/.local/lib/python3.7/site-packages/airflow/example_dags/example_kubernetes_executor.py
[2023-02-15T22:15:07.131+0000] {processor.py:753} INFO - DAG(s) dict_keys(['example_kubernetes_executor']) retrieved from /home/airflow/.local/lib/python3.7/site-packages/airflow/example_dags/example_kubernetes_executor.py
[2023-02-15T22:15:07.177+0000] {logging_mixin.py:137} INFO - [2023-02-15T22:15:07.177+0000] {dag.py:2690} INFO - Sync 1 DAGs
[2023-02-15T22:15:07.225+0000] {logging_mixin.py:137} INFO - [2023-02-15T22:15:07.224+0000] {dag.py:3441} INFO - Setting next_dagrun for example_kubernetes_executor to None, run_after=None
[2023-02-15T22:15:07.248+0000] {processor.py:175} INFO - Processing /home/airflow/.local/lib/python3.7/site-packages/airflow/example_dags/example_kubernetes_executor.py took 0.204 seconds
[2023-02-15T22:15:37.338+0000] {processor.py:153} INFO - Started process (PID=659) to work on /home/airflow/.local/lib/python3.7/site-packages/airflow/example_dags/example_kubernetes_executor.py
[2023-02-15T22:15:37.339+0000] {processor.py:743} INFO - Processing file /home/airflow/.local/lib/python3.7/site-packages/airflow/example_dags/example_kubernetes_executor.py for tasks to queue
[2023-02-15T22:15:37.340+0000] {logging_mixin.py:137} INFO - [2023-02-15T22:15:37.340+0000] {dagbag.py:538} INFO - Filling up the DagBag from /home/airflow/.local/lib/python3.7/site-packages/airflow/example_dags/example_kubernetes_executor.py
[2023-02-15T22:15:37.376+0000] {processor.py:753} INFO - DAG(s) dict_keys(['example_kubernetes_executor']) retrieved from /home/airflow/.local/lib/python3.7/site-packages/airflow/example_dags/example_kubernetes_executor.py
[2023-02-15T22:15:37.408+0000] {logging_mixin.py:137} INFO - [2023-02-15T22:15:37.408+0000] {dag.py:2690} INFO - Sync 1 DAGs
[2023-02-15T22:15:37.437+0000] {logging_mixin.py:137} INFO - [2023-02-15T22:15:37.437+0000] {dag.py:3441} INFO - Setting next_dagrun for example_kubernetes_executor to None, run_after=None
[2023-02-15T22:15:37.461+0000] {processor.py:175} INFO - Processing /home/airflow/.local/lib/python3.7/site-packages/airflow/example_dags/example_kubernetes_executor.py took 0.126 seconds
[2023-02-15T22:16:07.554+0000] {processor.py:153} INFO - Started process (PID=723) to work on /home/airflow/.local/lib/python3.7/site-packages/airflow/example_dags/example_kubernetes_executor.py
[2023-02-15T22:16:07.555+0000] {processor.py:743} INFO - Processing file /home/airflow/.local/lib/python3.7/site-packages/airflow/example_dags/example_kubernetes_executor.py for tasks to queue
[2023-02-15T22:16:07.556+0000] {logging_mixin.py:137} INFO - [2023-02-15T22:16:07.556+0000] {dagbag.py:538} INFO - Filling up the DagBag from /home/airflow/.local/lib/python3.7/site-packages/airflow/example_dags/example_kubernetes_executor.py
[2023-02-15T22:16:07.593+0000] {processor.py:753} INFO - DAG(s) dict_keys(['example_kubernetes_executor']) retrieved from /home/airflow/.local/lib/python3.7/site-packages/airflow/example_dags/example_kubernetes_executor.py
[2023-02-15T22:16:07.626+0000] {logging_mixin.py:137} INFO - [2023-02-15T22:16:07.626+0000] {dag.py:2690} INFO - Sync 1 DAGs
[2023-02-15T22:16:07.655+0000] {logging_mixin.py:137} INFO - [2023-02-15T22:16:07.655+0000] {dag.py:3441} INFO - Setting next_dagrun for example_kubernetes_executor to None, run_after=None
[2023-02-15T22:16:07.678+0000] {processor.py:175} INFO - Processing /home/airflow/.local/lib/python3.7/site-packages/airflow/example_dags/example_kubernetes_executor.py took 0.127 seconds
[2023-02-15T22:16:37.814+0000] {processor.py:153} INFO - Started process (PID=796) to work on /home/airflow/.local/lib/python3.7/site-packages/airflow/example_dags/example_kubernetes_executor.py
[2023-02-15T22:16:37.823+0000] {processor.py:743} INFO - Processing file /home/airflow/.local/lib/python3.7/site-packages/airflow/example_dags/example_kubernetes_executor.py for tasks to queue
[2023-02-15T22:16:37.823+0000] {logging_mixin.py:137} INFO - [2023-02-15T22:16:37.823+0000] {dagbag.py:538} INFO - Filling up the DagBag from /home/airflow/.local/lib/python3.7/site-packages/airflow/example_dags/example_kubernetes_executor.py
[2023-02-15T22:16:37.863+0000] {processor.py:753} INFO - DAG(s) dict_keys(['example_kubernetes_executor']) retrieved from /home/airflow/.local/lib/python3.7/site-packages/airflow/example_dags/example_kubernetes_executor.py
[2023-02-15T22:16:37.914+0000] {logging_mixin.py:137} INFO - [2023-02-15T22:16:37.914+0000] {dag.py:2690} INFO - Sync 1 DAGs
[2023-02-15T22:16:37.948+0000] {logging_mixin.py:137} INFO - [2023-02-15T22:16:37.948+0000] {dag.py:3441} INFO - Setting next_dagrun for example_kubernetes_executor to None, run_after=None
[2023-02-15T22:16:37.974+0000] {processor.py:175} INFO - Processing /home/airflow/.local/lib/python3.7/site-packages/airflow/example_dags/example_kubernetes_executor.py took 0.169 seconds
[2023-02-15T22:17:08.552+0000] {processor.py:153} INFO - Started process (PID=863) to work on /home/airflow/.local/lib/python3.7/site-packages/airflow/example_dags/example_kubernetes_executor.py
[2023-02-15T22:17:08.553+0000] {processor.py:743} INFO - Processing file /home/airflow/.local/lib/python3.7/site-packages/airflow/example_dags/example_kubernetes_executor.py for tasks to queue
[2023-02-15T22:17:08.555+0000] {logging_mixin.py:137} INFO - [2023-02-15T22:17:08.554+0000] {dagbag.py:538} INFO - Filling up the DagBag from /home/airflow/.local/lib/python3.7/site-packages/airflow/example_dags/example_kubernetes_executor.py
[2023-02-15T22:17:08.623+0000] {processor.py:753} INFO - DAG(s) dict_keys(['example_kubernetes_executor']) retrieved from /home/airflow/.local/lib/python3.7/site-packages/airflow/example_dags/example_kubernetes_executor.py
[2023-02-15T22:17:08.684+0000] {logging_mixin.py:137} INFO - [2023-02-15T22:17:08.684+0000] {dag.py:2690} INFO - Sync 1 DAGs
[2023-02-15T22:17:08.759+0000] {logging_mixin.py:137} INFO - [2023-02-15T22:17:08.757+0000] {dag.py:3441} INFO - Setting next_dagrun for example_kubernetes_executor to None, run_after=None
[2023-02-15T22:17:08.831+0000] {processor.py:175} INFO - Processing /home/airflow/.local/lib/python3.7/site-packages/airflow/example_dags/example_kubernetes_executor.py took 0.283 seconds
[2023-02-15T22:17:39.304+0000] {processor.py:153} INFO - Started process (PID=926) to work on /home/airflow/.local/lib/python3.7/site-packages/airflow/example_dags/example_kubernetes_executor.py
[2023-02-15T22:17:39.307+0000] {processor.py:743} INFO - Processing file /home/airflow/.local/lib/python3.7/site-packages/airflow/example_dags/example_kubernetes_executor.py for tasks to queue
[2023-02-15T22:17:39.308+0000] {logging_mixin.py:137} INFO - [2023-02-15T22:17:39.308+0000] {dagbag.py:538} INFO - Filling up the DagBag from /home/airflow/.local/lib/python3.7/site-packages/airflow/example_dags/example_kubernetes_executor.py
[2023-02-15T22:17:39.347+0000] {processor.py:753} INFO - DAG(s) dict_keys(['example_kubernetes_executor']) retrieved from /home/airflow/.local/lib/python3.7/site-packages/airflow/example_dags/example_kubernetes_executor.py
[2023-02-15T22:17:39.382+0000] {logging_mixin.py:137} INFO - [2023-02-15T22:17:39.382+0000] {dag.py:2690} INFO - Sync 1 DAGs
[2023-02-15T22:17:39.416+0000] {logging_mixin.py:137} INFO - [2023-02-15T22:17:39.415+0000] {dag.py:3441} INFO - Setting next_dagrun for example_kubernetes_executor to None, run_after=None
[2023-02-15T22:17:39.446+0000] {processor.py:175} INFO - Processing /home/airflow/.local/lib/python3.7/site-packages/airflow/example_dags/example_kubernetes_executor.py took 0.147 seconds
[2023-02-15T22:18:09.984+0000] {processor.py:153} INFO - Started process (PID=990) to work on /home/airflow/.local/lib/python3.7/site-packages/airflow/example_dags/example_kubernetes_executor.py
[2023-02-15T22:18:09.985+0000] {processor.py:743} INFO - Processing file /home/airflow/.local/lib/python3.7/site-packages/airflow/example_dags/example_kubernetes_executor.py for tasks to queue
[2023-02-15T22:18:09.986+0000] {logging_mixin.py:137} INFO - [2023-02-15T22:18:09.986+0000] {dagbag.py:538} INFO - Filling up the DagBag from /home/airflow/.local/lib/python3.7/site-packages/airflow/example_dags/example_kubernetes_executor.py
[2023-02-15T22:18:10.024+0000] {processor.py:753} INFO - DAG(s) dict_keys(['example_kubernetes_executor']) retrieved from /home/airflow/.local/lib/python3.7/site-packages/airflow/example_dags/example_kubernetes_executor.py
[2023-02-15T22:18:10.060+0000] {logging_mixin.py:137} INFO - [2023-02-15T22:18:10.059+0000] {dag.py:2690} INFO - Sync 1 DAGs
[2023-02-15T22:18:10.090+0000] {logging_mixin.py:137} INFO - [2023-02-15T22:18:10.090+0000] {dag.py:3441} INFO - Setting next_dagrun for example_kubernetes_executor to None, run_after=None
[2023-02-15T22:18:10.117+0000] {processor.py:175} INFO - Processing /home/airflow/.local/lib/python3.7/site-packages/airflow/example_dags/example_kubernetes_executor.py took 0.137 seconds
[2023-02-15T22:18:40.470+0000] {processor.py:153} INFO - Started process (PID=1064) to work on /home/airflow/.local/lib/python3.7/site-packages/airflow/example_dags/example_kubernetes_executor.py
[2023-02-15T22:18:40.473+0000] {processor.py:743} INFO - Processing file /home/airflow/.local/lib/python3.7/site-packages/airflow/example_dags/example_kubernetes_executor.py for tasks to queue
[2023-02-15T22:18:40.474+0000] {logging_mixin.py:137} INFO - [2023-02-15T22:18:40.474+0000] {dagbag.py:538} INFO - Filling up the DagBag from /home/airflow/.local/lib/python3.7/site-packages/airflow/example_dags/example_kubernetes_executor.py
[2023-02-15T22:18:40.558+0000] {processor.py:753} INFO - DAG(s) dict_keys(['example_kubernetes_executor']) retrieved from /home/airflow/.local/lib/python3.7/site-packages/airflow/example_dags/example_kubernetes_executor.py
[2023-02-15T22:18:40.641+0000] {logging_mixin.py:137} INFO - [2023-02-15T22:18:40.641+0000] {dag.py:2690} INFO - Sync 1 DAGs
[2023-02-15T22:18:40.685+0000] {logging_mixin.py:137} INFO - [2023-02-15T22:18:40.685+0000] {dag.py:3441} INFO - Setting next_dagrun for example_kubernetes_executor to None, run_after=None
[2023-02-15T22:18:40.717+0000] {processor.py:175} INFO - Processing /home/airflow/.local/lib/python3.7/site-packages/airflow/example_dags/example_kubernetes_executor.py took 0.261 seconds
[2023-02-15T22:19:10.846+0000] {processor.py:153} INFO - Started process (PID=1127) to work on /home/airflow/.local/lib/python3.7/site-packages/airflow/example_dags/example_kubernetes_executor.py
[2023-02-15T22:19:10.847+0000] {processor.py:743} INFO - Processing file /home/airflow/.local/lib/python3.7/site-packages/airflow/example_dags/example_kubernetes_executor.py for tasks to queue
[2023-02-15T22:19:10.848+0000] {logging_mixin.py:137} INFO - [2023-02-15T22:19:10.847+0000] {dagbag.py:538} INFO - Filling up the DagBag from /home/airflow/.local/lib/python3.7/site-packages/airflow/example_dags/example_kubernetes_executor.py
[2023-02-15T22:19:10.902+0000] {processor.py:753} INFO - DAG(s) dict_keys(['example_kubernetes_executor']) retrieved from /home/airflow/.local/lib/python3.7/site-packages/airflow/example_dags/example_kubernetes_executor.py
[2023-02-15T22:19:10.956+0000] {logging_mixin.py:137} INFO - [2023-02-15T22:19:10.955+0000] {dag.py:2690} INFO - Sync 1 DAGs
[2023-02-15T22:19:10.999+0000] {logging_mixin.py:137} INFO - [2023-02-15T22:19:10.999+0000] {dag.py:3441} INFO - Setting next_dagrun for example_kubernetes_executor to None, run_after=None
[2023-02-15T22:19:11.042+0000] {processor.py:175} INFO - Processing /home/airflow/.local/lib/python3.7/site-packages/airflow/example_dags/example_kubernetes_executor.py took 0.199 seconds
[2023-02-15T22:19:41.349+0000] {processor.py:153} INFO - Started process (PID=1191) to work on /home/airflow/.local/lib/python3.7/site-packages/airflow/example_dags/example_kubernetes_executor.py
[2023-02-15T22:19:41.350+0000] {processor.py:743} INFO - Processing file /home/airflow/.local/lib/python3.7/site-packages/airflow/example_dags/example_kubernetes_executor.py for tasks to queue
[2023-02-15T22:19:41.351+0000] {logging_mixin.py:137} INFO - [2023-02-15T22:19:41.351+0000] {dagbag.py:538} INFO - Filling up the DagBag from /home/airflow/.local/lib/python3.7/site-packages/airflow/example_dags/example_kubernetes_executor.py
[2023-02-15T22:19:41.390+0000] {processor.py:753} INFO - DAG(s) dict_keys(['example_kubernetes_executor']) retrieved from /home/airflow/.local/lib/python3.7/site-packages/airflow/example_dags/example_kubernetes_executor.py
[2023-02-15T22:19:41.436+0000] {logging_mixin.py:137} INFO - [2023-02-15T22:19:41.436+0000] {dag.py:2690} INFO - Sync 1 DAGs
[2023-02-15T22:19:41.490+0000] {logging_mixin.py:137} INFO - [2023-02-15T22:19:41.490+0000] {dag.py:3441} INFO - Setting next_dagrun for example_kubernetes_executor to None, run_after=None
[2023-02-15T22:19:41.520+0000] {processor.py:175} INFO - Processing /home/airflow/.local/lib/python3.7/site-packages/airflow/example_dags/example_kubernetes_executor.py took 0.176 seconds
[2023-02-15T22:20:11.703+0000] {processor.py:153} INFO - Started process (PID=1262) to work on /home/airflow/.local/lib/python3.7/site-packages/airflow/example_dags/example_kubernetes_executor.py
[2023-02-15T22:20:11.703+0000] {processor.py:743} INFO - Processing file /home/airflow/.local/lib/python3.7/site-packages/airflow/example_dags/example_kubernetes_executor.py for tasks to queue
[2023-02-15T22:20:11.704+0000] {logging_mixin.py:137} INFO - [2023-02-15T22:20:11.704+0000] {dagbag.py:538} INFO - Filling up the DagBag from /home/airflow/.local/lib/python3.7/site-packages/airflow/example_dags/example_kubernetes_executor.py
[2023-02-15T22:20:11.748+0000] {processor.py:753} INFO - DAG(s) dict_keys(['example_kubernetes_executor']) retrieved from /home/airflow/.local/lib/python3.7/site-packages/airflow/example_dags/example_kubernetes_executor.py
[2023-02-15T22:20:11.825+0000] {logging_mixin.py:137} INFO - [2023-02-15T22:20:11.825+0000] {dag.py:2690} INFO - Sync 1 DAGs
[2023-02-15T22:20:11.872+0000] {logging_mixin.py:137} INFO - [2023-02-15T22:20:11.872+0000] {dag.py:3441} INFO - Setting next_dagrun for example_kubernetes_executor to None, run_after=None
[2023-02-15T22:20:11.896+0000] {processor.py:175} INFO - Processing /home/airflow/.local/lib/python3.7/site-packages/airflow/example_dags/example_kubernetes_executor.py took 0.197 seconds
[2023-02-15T22:20:42.434+0000] {processor.py:153} INFO - Started process (PID=1328) to work on /home/airflow/.local/lib/python3.7/site-packages/airflow/example_dags/example_kubernetes_executor.py
[2023-02-15T22:20:42.437+0000] {processor.py:743} INFO - Processing file /home/airflow/.local/lib/python3.7/site-packages/airflow/example_dags/example_kubernetes_executor.py for tasks to queue
[2023-02-15T22:20:42.438+0000] {logging_mixin.py:137} INFO - [2023-02-15T22:20:42.438+0000] {dagbag.py:538} INFO - Filling up the DagBag from /home/airflow/.local/lib/python3.7/site-packages/airflow/example_dags/example_kubernetes_executor.py
[2023-02-15T22:20:42.475+0000] {processor.py:753} INFO - DAG(s) dict_keys(['example_kubernetes_executor']) retrieved from /home/airflow/.local/lib/python3.7/site-packages/airflow/example_dags/example_kubernetes_executor.py
[2023-02-15T22:20:42.526+0000] {logging_mixin.py:137} INFO - [2023-02-15T22:20:42.525+0000] {dag.py:2690} INFO - Sync 1 DAGs
[2023-02-15T22:20:42.563+0000] {logging_mixin.py:137} INFO - [2023-02-15T22:20:42.563+0000] {dag.py:3441} INFO - Setting next_dagrun for example_kubernetes_executor to None, run_after=None
[2023-02-15T22:20:42.595+0000] {processor.py:175} INFO - Processing /home/airflow/.local/lib/python3.7/site-packages/airflow/example_dags/example_kubernetes_executor.py took 0.165 seconds
[2023-02-15T22:21:13.209+0000] {processor.py:153} INFO - Started process (PID=1391) to work on /home/airflow/.local/lib/python3.7/site-packages/airflow/example_dags/example_kubernetes_executor.py
[2023-02-15T22:21:13.210+0000] {processor.py:743} INFO - Processing file /home/airflow/.local/lib/python3.7/site-packages/airflow/example_dags/example_kubernetes_executor.py for tasks to queue
[2023-02-15T22:21:13.211+0000] {logging_mixin.py:137} INFO - [2023-02-15T22:21:13.211+0000] {dagbag.py:538} INFO - Filling up the DagBag from /home/airflow/.local/lib/python3.7/site-packages/airflow/example_dags/example_kubernetes_executor.py
[2023-02-15T22:21:13.259+0000] {processor.py:753} INFO - DAG(s) dict_keys(['example_kubernetes_executor']) retrieved from /home/airflow/.local/lib/python3.7/site-packages/airflow/example_dags/example_kubernetes_executor.py
[2023-02-15T22:21:13.295+0000] {logging_mixin.py:137} INFO - [2023-02-15T22:21:13.294+0000] {dag.py:2690} INFO - Sync 1 DAGs
[2023-02-15T22:21:13.324+0000] {logging_mixin.py:137} INFO - [2023-02-15T22:21:13.324+0000] {dag.py:3441} INFO - Setting next_dagrun for example_kubernetes_executor to None, run_after=None
[2023-02-15T22:21:13.345+0000] {processor.py:175} INFO - Processing /home/airflow/.local/lib/python3.7/site-packages/airflow/example_dags/example_kubernetes_executor.py took 0.140 seconds
[2023-02-15T22:21:43.951+0000] {processor.py:153} INFO - Started process (PID=1468) to work on /home/airflow/.local/lib/python3.7/site-packages/airflow/example_dags/example_kubernetes_executor.py
[2023-02-15T22:21:43.955+0000] {processor.py:743} INFO - Processing file /home/airflow/.local/lib/python3.7/site-packages/airflow/example_dags/example_kubernetes_executor.py for tasks to queue
[2023-02-15T22:21:43.956+0000] {logging_mixin.py:137} INFO - [2023-02-15T22:21:43.956+0000] {dagbag.py:538} INFO - Filling up the DagBag from /home/airflow/.local/lib/python3.7/site-packages/airflow/example_dags/example_kubernetes_executor.py
[2023-02-15T22:21:44.069+0000] {processor.py:753} INFO - DAG(s) dict_keys(['example_kubernetes_executor']) retrieved from /home/airflow/.local/lib/python3.7/site-packages/airflow/example_dags/example_kubernetes_executor.py
[2023-02-15T22:21:44.137+0000] {logging_mixin.py:137} INFO - [2023-02-15T22:21:44.137+0000] {dag.py:2690} INFO - Sync 1 DAGs
[2023-02-15T22:21:44.190+0000] {logging_mixin.py:137} INFO - [2023-02-15T22:21:44.189+0000] {dag.py:3441} INFO - Setting next_dagrun for example_kubernetes_executor to None, run_after=None
[2023-02-15T22:21:44.223+0000] {processor.py:175} INFO - Processing /home/airflow/.local/lib/python3.7/site-packages/airflow/example_dags/example_kubernetes_executor.py took 0.275 seconds
[2023-02-15T22:22:15.077+0000] {processor.py:153} INFO - Started process (PID=1532) to work on /home/airflow/.local/lib/python3.7/site-packages/airflow/example_dags/example_kubernetes_executor.py
[2023-02-15T22:22:15.089+0000] {processor.py:743} INFO - Processing file /home/airflow/.local/lib/python3.7/site-packages/airflow/example_dags/example_kubernetes_executor.py for tasks to queue
[2023-02-15T22:22:15.090+0000] {logging_mixin.py:137} INFO - [2023-02-15T22:22:15.089+0000] {dagbag.py:538} INFO - Filling up the DagBag from /home/airflow/.local/lib/python3.7/site-packages/airflow/example_dags/example_kubernetes_executor.py
[2023-02-15T22:22:15.224+0000] {processor.py:753} INFO - DAG(s) dict_keys(['example_kubernetes_executor']) retrieved from /home/airflow/.local/lib/python3.7/site-packages/airflow/example_dags/example_kubernetes_executor.py
[2023-02-15T22:22:15.282+0000] {logging_mixin.py:137} INFO - [2023-02-15T22:22:15.282+0000] {dag.py:2690} INFO - Sync 1 DAGs
[2023-02-15T22:22:15.355+0000] {logging_mixin.py:137} INFO - [2023-02-15T22:22:15.355+0000] {dag.py:3441} INFO - Setting next_dagrun for example_kubernetes_executor to None, run_after=None
[2023-02-15T22:22:15.407+0000] {processor.py:175} INFO - Processing /home/airflow/.local/lib/python3.7/site-packages/airflow/example_dags/example_kubernetes_executor.py took 0.341 seconds
[2023-02-15T22:22:46.394+0000] {processor.py:153} INFO - Started process (PID=1602) to work on /home/airflow/.local/lib/python3.7/site-packages/airflow/example_dags/example_kubernetes_executor.py
[2023-02-15T22:22:46.395+0000] {processor.py:743} INFO - Processing file /home/airflow/.local/lib/python3.7/site-packages/airflow/example_dags/example_kubernetes_executor.py for tasks to queue
[2023-02-15T22:22:46.396+0000] {logging_mixin.py:137} INFO - [2023-02-15T22:22:46.396+0000] {dagbag.py:538} INFO - Filling up the DagBag from /home/airflow/.local/lib/python3.7/site-packages/airflow/example_dags/example_kubernetes_executor.py
[2023-02-15T22:22:46.481+0000] {processor.py:753} INFO - DAG(s) dict_keys(['example_kubernetes_executor']) retrieved from /home/airflow/.local/lib/python3.7/site-packages/airflow/example_dags/example_kubernetes_executor.py
[2023-02-15T22:22:46.589+0000] {logging_mixin.py:137} INFO - [2023-02-15T22:22:46.589+0000] {dag.py:2690} INFO - Sync 1 DAGs
[2023-02-15T22:22:46.672+0000] {logging_mixin.py:137} INFO - [2023-02-15T22:22:46.672+0000] {dag.py:3441} INFO - Setting next_dagrun for example_kubernetes_executor to None, run_after=None
[2023-02-15T22:22:46.779+0000] {processor.py:175} INFO - Processing /home/airflow/.local/lib/python3.7/site-packages/airflow/example_dags/example_kubernetes_executor.py took 0.388 seconds
[2023-02-15T22:23:17.683+0000] {processor.py:153} INFO - Started process (PID=1671) to work on /home/airflow/.local/lib/python3.7/site-packages/airflow/example_dags/example_kubernetes_executor.py
[2023-02-15T22:23:17.692+0000] {processor.py:743} INFO - Processing file /home/airflow/.local/lib/python3.7/site-packages/airflow/example_dags/example_kubernetes_executor.py for tasks to queue
[2023-02-15T22:23:17.693+0000] {logging_mixin.py:137} INFO - [2023-02-15T22:23:17.693+0000] {dagbag.py:538} INFO - Filling up the DagBag from /home/airflow/.local/lib/python3.7/site-packages/airflow/example_dags/example_kubernetes_executor.py
[2023-02-15T22:23:17.740+0000] {processor.py:753} INFO - DAG(s) dict_keys(['example_kubernetes_executor']) retrieved from /home/airflow/.local/lib/python3.7/site-packages/airflow/example_dags/example_kubernetes_executor.py
[2023-02-15T22:23:17.783+0000] {logging_mixin.py:137} INFO - [2023-02-15T22:23:17.782+0000] {dag.py:2690} INFO - Sync 1 DAGs
[2023-02-15T22:23:17.817+0000] {logging_mixin.py:137} INFO - [2023-02-15T22:23:17.817+0000] {dag.py:3441} INFO - Setting next_dagrun for example_kubernetes_executor to None, run_after=None
[2023-02-15T22:23:17.843+0000] {processor.py:175} INFO - Processing /home/airflow/.local/lib/python3.7/site-packages/airflow/example_dags/example_kubernetes_executor.py took 0.163 seconds
