[2023-02-15T22:11:03.890+0000] {processor.py:153} INFO - Started process (PID=100) to work on /home/airflow/.local/lib/python3.7/site-packages/airflow/example_dags/example_dag_decorator.py
[2023-02-15T22:11:03.891+0000] {processor.py:743} INFO - Processing file /home/airflow/.local/lib/python3.7/site-packages/airflow/example_dags/example_dag_decorator.py for tasks to queue
[2023-02-15T22:11:03.892+0000] {logging_mixin.py:137} INFO - [2023-02-15T22:11:03.892+0000] {dagbag.py:538} INFO - Filling up the DagBag from /home/airflow/.local/lib/python3.7/site-packages/airflow/example_dags/example_dag_decorator.py
[2023-02-15T22:11:04.132+0000] {logging_mixin.py:137} INFO - [2023-02-15T22:11:04.132+0000] {taskmixin.py:205} WARNING - Dependency <Task(_PythonDecoratedOperator): prepare_email>, send_email already registered for DAG: example_dag_decorator
[2023-02-15T22:11:04.133+0000] {logging_mixin.py:137} INFO - [2023-02-15T22:11:04.132+0000] {taskmixin.py:205} WARNING - Dependency <Task(EmailOperator): send_email>, prepare_email already registered for DAG: example_dag_decorator
[2023-02-15T22:11:04.478+0000] {processor.py:753} INFO - DAG(s) dict_keys(['example_dag_decorator']) retrieved from /home/airflow/.local/lib/python3.7/site-packages/airflow/example_dags/example_dag_decorator.py
[2023-02-15T22:11:05.191+0000] {logging_mixin.py:137} INFO - [2023-02-15T22:11:05.190+0000] {dag.py:2690} INFO - Sync 1 DAGs
[2023-02-15T22:11:05.498+0000] {logging_mixin.py:137} INFO - [2023-02-15T22:11:05.497+0000] {dag.py:3441} INFO - Setting next_dagrun for example_dag_decorator to None, run_after=None
[2023-02-15T22:11:05.804+0000] {processor.py:175} INFO - Processing /home/airflow/.local/lib/python3.7/site-packages/airflow/example_dags/example_dag_decorator.py took 1.960 seconds
[2023-02-15T22:11:36.205+0000] {processor.py:153} INFO - Started process (PID=156) to work on /home/airflow/.local/lib/python3.7/site-packages/airflow/example_dags/example_dag_decorator.py
[2023-02-15T22:11:36.221+0000] {processor.py:743} INFO - Processing file /home/airflow/.local/lib/python3.7/site-packages/airflow/example_dags/example_dag_decorator.py for tasks to queue
[2023-02-15T22:11:36.222+0000] {logging_mixin.py:137} INFO - [2023-02-15T22:11:36.222+0000] {dagbag.py:538} INFO - Filling up the DagBag from /home/airflow/.local/lib/python3.7/site-packages/airflow/example_dags/example_dag_decorator.py
[2023-02-15T22:11:36.260+0000] {logging_mixin.py:137} INFO - [2023-02-15T22:11:36.260+0000] {taskmixin.py:205} WARNING - Dependency <Task(_PythonDecoratedOperator): prepare_email>, send_email already registered for DAG: example_dag_decorator
[2023-02-15T22:11:36.260+0000] {logging_mixin.py:137} INFO - [2023-02-15T22:11:36.260+0000] {taskmixin.py:205} WARNING - Dependency <Task(EmailOperator): send_email>, prepare_email already registered for DAG: example_dag_decorator
[2023-02-15T22:11:36.304+0000] {processor.py:753} INFO - DAG(s) dict_keys(['example_dag_decorator']) retrieved from /home/airflow/.local/lib/python3.7/site-packages/airflow/example_dags/example_dag_decorator.py
[2023-02-15T22:11:36.532+0000] {logging_mixin.py:137} INFO - [2023-02-15T22:11:36.532+0000] {dag.py:2690} INFO - Sync 1 DAGs
[2023-02-15T22:11:36.599+0000] {logging_mixin.py:137} INFO - [2023-02-15T22:11:36.599+0000] {dag.py:3441} INFO - Setting next_dagrun for example_dag_decorator to None, run_after=None
[2023-02-15T22:11:36.648+0000] {processor.py:175} INFO - Processing /home/airflow/.local/lib/python3.7/site-packages/airflow/example_dags/example_dag_decorator.py took 0.447 seconds
[2023-02-15T22:12:07.130+0000] {processor.py:153} INFO - Started process (PID=219) to work on /home/airflow/.local/lib/python3.7/site-packages/airflow/example_dags/example_dag_decorator.py
[2023-02-15T22:12:07.131+0000] {processor.py:743} INFO - Processing file /home/airflow/.local/lib/python3.7/site-packages/airflow/example_dags/example_dag_decorator.py for tasks to queue
[2023-02-15T22:12:07.132+0000] {logging_mixin.py:137} INFO - [2023-02-15T22:12:07.132+0000] {dagbag.py:538} INFO - Filling up the DagBag from /home/airflow/.local/lib/python3.7/site-packages/airflow/example_dags/example_dag_decorator.py
[2023-02-15T22:12:07.194+0000] {logging_mixin.py:137} INFO - [2023-02-15T22:12:07.193+0000] {taskmixin.py:205} WARNING - Dependency <Task(_PythonDecoratedOperator): prepare_email>, send_email already registered for DAG: example_dag_decorator
[2023-02-15T22:12:07.194+0000] {logging_mixin.py:137} INFO - [2023-02-15T22:12:07.194+0000] {taskmixin.py:205} WARNING - Dependency <Task(EmailOperator): send_email>, prepare_email already registered for DAG: example_dag_decorator
[2023-02-15T22:12:07.239+0000] {processor.py:753} INFO - DAG(s) dict_keys(['example_dag_decorator']) retrieved from /home/airflow/.local/lib/python3.7/site-packages/airflow/example_dags/example_dag_decorator.py
[2023-02-15T22:12:07.496+0000] {logging_mixin.py:137} INFO - [2023-02-15T22:12:07.496+0000] {dag.py:2690} INFO - Sync 1 DAGs
[2023-02-15T22:12:07.576+0000] {logging_mixin.py:137} INFO - [2023-02-15T22:12:07.576+0000] {dag.py:3441} INFO - Setting next_dagrun for example_dag_decorator to None, run_after=None
[2023-02-15T22:12:07.658+0000] {processor.py:175} INFO - Processing /home/airflow/.local/lib/python3.7/site-packages/airflow/example_dags/example_dag_decorator.py took 0.532 seconds
[2023-02-15T22:12:38.210+0000] {processor.py:153} INFO - Started process (PID=269) to work on /home/airflow/.local/lib/python3.7/site-packages/airflow/example_dags/example_dag_decorator.py
[2023-02-15T22:12:38.264+0000] {processor.py:743} INFO - Processing file /home/airflow/.local/lib/python3.7/site-packages/airflow/example_dags/example_dag_decorator.py for tasks to queue
[2023-02-15T22:12:38.268+0000] {logging_mixin.py:137} INFO - [2023-02-15T22:12:38.268+0000] {dagbag.py:538} INFO - Filling up the DagBag from /home/airflow/.local/lib/python3.7/site-packages/airflow/example_dags/example_dag_decorator.py
[2023-02-15T22:12:38.323+0000] {logging_mixin.py:137} INFO - [2023-02-15T22:12:38.323+0000] {taskmixin.py:205} WARNING - Dependency <Task(_PythonDecoratedOperator): prepare_email>, send_email already registered for DAG: example_dag_decorator
[2023-02-15T22:12:38.323+0000] {logging_mixin.py:137} INFO - [2023-02-15T22:12:38.323+0000] {taskmixin.py:205} WARNING - Dependency <Task(EmailOperator): send_email>, prepare_email already registered for DAG: example_dag_decorator
[2023-02-15T22:12:38.372+0000] {processor.py:753} INFO - DAG(s) dict_keys(['example_dag_decorator']) retrieved from /home/airflow/.local/lib/python3.7/site-packages/airflow/example_dags/example_dag_decorator.py
[2023-02-15T22:12:38.712+0000] {logging_mixin.py:137} INFO - [2023-02-15T22:12:38.712+0000] {dag.py:2690} INFO - Sync 1 DAGs
[2023-02-15T22:12:38.809+0000] {logging_mixin.py:137} INFO - [2023-02-15T22:12:38.809+0000] {dag.py:3441} INFO - Setting next_dagrun for example_dag_decorator to None, run_after=None
[2023-02-15T22:12:39.183+0000] {processor.py:175} INFO - Processing /home/airflow/.local/lib/python3.7/site-packages/airflow/example_dags/example_dag_decorator.py took 0.977 seconds
[2023-02-15T22:13:09.716+0000] {processor.py:153} INFO - Started process (PID=333) to work on /home/airflow/.local/lib/python3.7/site-packages/airflow/example_dags/example_dag_decorator.py
[2023-02-15T22:13:09.731+0000] {processor.py:743} INFO - Processing file /home/airflow/.local/lib/python3.7/site-packages/airflow/example_dags/example_dag_decorator.py for tasks to queue
[2023-02-15T22:13:09.732+0000] {logging_mixin.py:137} INFO - [2023-02-15T22:13:09.732+0000] {dagbag.py:538} INFO - Filling up the DagBag from /home/airflow/.local/lib/python3.7/site-packages/airflow/example_dags/example_dag_decorator.py
[2023-02-15T22:13:09.783+0000] {logging_mixin.py:137} INFO - [2023-02-15T22:13:09.782+0000] {taskmixin.py:205} WARNING - Dependency <Task(_PythonDecoratedOperator): prepare_email>, send_email already registered for DAG: example_dag_decorator
[2023-02-15T22:13:09.783+0000] {logging_mixin.py:137} INFO - [2023-02-15T22:13:09.783+0000] {taskmixin.py:205} WARNING - Dependency <Task(EmailOperator): send_email>, prepare_email already registered for DAG: example_dag_decorator
[2023-02-15T22:13:09.828+0000] {processor.py:753} INFO - DAG(s) dict_keys(['example_dag_decorator']) retrieved from /home/airflow/.local/lib/python3.7/site-packages/airflow/example_dags/example_dag_decorator.py
[2023-02-15T22:13:10.073+0000] {logging_mixin.py:137} INFO - [2023-02-15T22:13:10.072+0000] {dag.py:2690} INFO - Sync 1 DAGs
[2023-02-15T22:13:10.154+0000] {logging_mixin.py:137} INFO - [2023-02-15T22:13:10.153+0000] {dag.py:3441} INFO - Setting next_dagrun for example_dag_decorator to None, run_after=None
[2023-02-15T22:13:10.236+0000] {processor.py:175} INFO - Processing /home/airflow/.local/lib/python3.7/site-packages/airflow/example_dags/example_dag_decorator.py took 0.534 seconds
[2023-02-15T22:13:40.307+0000] {processor.py:153} INFO - Started process (PID=398) to work on /home/airflow/.local/lib/python3.7/site-packages/airflow/example_dags/example_dag_decorator.py
[2023-02-15T22:13:40.311+0000] {processor.py:743} INFO - Processing file /home/airflow/.local/lib/python3.7/site-packages/airflow/example_dags/example_dag_decorator.py for tasks to queue
[2023-02-15T22:13:40.312+0000] {logging_mixin.py:137} INFO - [2023-02-15T22:13:40.312+0000] {dagbag.py:538} INFO - Filling up the DagBag from /home/airflow/.local/lib/python3.7/site-packages/airflow/example_dags/example_dag_decorator.py
[2023-02-15T22:13:40.360+0000] {logging_mixin.py:137} INFO - [2023-02-15T22:13:40.360+0000] {taskmixin.py:205} WARNING - Dependency <Task(_PythonDecoratedOperator): prepare_email>, send_email already registered for DAG: example_dag_decorator
[2023-02-15T22:13:40.360+0000] {logging_mixin.py:137} INFO - [2023-02-15T22:13:40.360+0000] {taskmixin.py:205} WARNING - Dependency <Task(EmailOperator): send_email>, prepare_email already registered for DAG: example_dag_decorator
[2023-02-15T22:13:40.406+0000] {processor.py:753} INFO - DAG(s) dict_keys(['example_dag_decorator']) retrieved from /home/airflow/.local/lib/python3.7/site-packages/airflow/example_dags/example_dag_decorator.py
[2023-02-15T22:13:40.644+0000] {logging_mixin.py:137} INFO - [2023-02-15T22:13:40.644+0000] {dag.py:2690} INFO - Sync 1 DAGs
[2023-02-15T22:13:40.724+0000] {logging_mixin.py:137} INFO - [2023-02-15T22:13:40.724+0000] {dag.py:3441} INFO - Setting next_dagrun for example_dag_decorator to None, run_after=None
[2023-02-15T22:13:40.780+0000] {processor.py:175} INFO - Processing /home/airflow/.local/lib/python3.7/site-packages/airflow/example_dags/example_dag_decorator.py took 0.476 seconds
[2023-02-15T22:14:10.884+0000] {processor.py:153} INFO - Started process (PID=460) to work on /home/airflow/.local/lib/python3.7/site-packages/airflow/example_dags/example_dag_decorator.py
[2023-02-15T22:14:10.900+0000] {processor.py:743} INFO - Processing file /home/airflow/.local/lib/python3.7/site-packages/airflow/example_dags/example_dag_decorator.py for tasks to queue
[2023-02-15T22:14:10.901+0000] {logging_mixin.py:137} INFO - [2023-02-15T22:14:10.901+0000] {dagbag.py:538} INFO - Filling up the DagBag from /home/airflow/.local/lib/python3.7/site-packages/airflow/example_dags/example_dag_decorator.py
[2023-02-15T22:14:10.954+0000] {logging_mixin.py:137} INFO - [2023-02-15T22:14:10.954+0000] {taskmixin.py:205} WARNING - Dependency <Task(_PythonDecoratedOperator): prepare_email>, send_email already registered for DAG: example_dag_decorator
[2023-02-15T22:14:10.954+0000] {logging_mixin.py:137} INFO - [2023-02-15T22:14:10.954+0000] {taskmixin.py:205} WARNING - Dependency <Task(EmailOperator): send_email>, prepare_email already registered for DAG: example_dag_decorator
[2023-02-15T22:14:10.991+0000] {processor.py:753} INFO - DAG(s) dict_keys(['example_dag_decorator']) retrieved from /home/airflow/.local/lib/python3.7/site-packages/airflow/example_dags/example_dag_decorator.py
[2023-02-15T22:14:11.244+0000] {logging_mixin.py:137} INFO - [2023-02-15T22:14:11.244+0000] {dag.py:2690} INFO - Sync 1 DAGs
[2023-02-15T22:14:11.343+0000] {logging_mixin.py:137} INFO - [2023-02-15T22:14:11.343+0000] {dag.py:3441} INFO - Setting next_dagrun for example_dag_decorator to None, run_after=None
[2023-02-15T22:14:11.408+0000] {processor.py:175} INFO - Processing /home/airflow/.local/lib/python3.7/site-packages/airflow/example_dags/example_dag_decorator.py took 0.537 seconds
[2023-02-15T22:14:42.081+0000] {processor.py:153} INFO - Started process (PID=533) to work on /home/airflow/.local/lib/python3.7/site-packages/airflow/example_dags/example_dag_decorator.py
[2023-02-15T22:14:42.082+0000] {processor.py:743} INFO - Processing file /home/airflow/.local/lib/python3.7/site-packages/airflow/example_dags/example_dag_decorator.py for tasks to queue
[2023-02-15T22:14:42.082+0000] {logging_mixin.py:137} INFO - [2023-02-15T22:14:42.082+0000] {dagbag.py:538} INFO - Filling up the DagBag from /home/airflow/.local/lib/python3.7/site-packages/airflow/example_dags/example_dag_decorator.py
[2023-02-15T22:14:42.106+0000] {logging_mixin.py:137} INFO - [2023-02-15T22:14:42.105+0000] {taskmixin.py:205} WARNING - Dependency <Task(_PythonDecoratedOperator): prepare_email>, send_email already registered for DAG: example_dag_decorator
[2023-02-15T22:14:42.106+0000] {logging_mixin.py:137} INFO - [2023-02-15T22:14:42.106+0000] {taskmixin.py:205} WARNING - Dependency <Task(EmailOperator): send_email>, prepare_email already registered for DAG: example_dag_decorator
[2023-02-15T22:14:42.122+0000] {processor.py:753} INFO - DAG(s) dict_keys(['example_dag_decorator']) retrieved from /home/airflow/.local/lib/python3.7/site-packages/airflow/example_dags/example_dag_decorator.py
[2023-02-15T22:14:42.234+0000] {logging_mixin.py:137} INFO - [2023-02-15T22:14:42.234+0000] {dag.py:2690} INFO - Sync 1 DAGs
[2023-02-15T22:14:42.303+0000] {logging_mixin.py:137} INFO - [2023-02-15T22:14:42.303+0000] {dag.py:3441} INFO - Setting next_dagrun for example_dag_decorator to None, run_after=None
[2023-02-15T22:14:42.353+0000] {processor.py:175} INFO - Processing /home/airflow/.local/lib/python3.7/site-packages/airflow/example_dags/example_dag_decorator.py took 0.276 seconds
[2023-02-15T22:15:12.525+0000] {processor.py:153} INFO - Started process (PID=600) to work on /home/airflow/.local/lib/python3.7/site-packages/airflow/example_dags/example_dag_decorator.py
[2023-02-15T22:15:12.529+0000] {processor.py:743} INFO - Processing file /home/airflow/.local/lib/python3.7/site-packages/airflow/example_dags/example_dag_decorator.py for tasks to queue
[2023-02-15T22:15:12.531+0000] {logging_mixin.py:137} INFO - [2023-02-15T22:15:12.531+0000] {dagbag.py:538} INFO - Filling up the DagBag from /home/airflow/.local/lib/python3.7/site-packages/airflow/example_dags/example_dag_decorator.py
[2023-02-15T22:15:12.551+0000] {logging_mixin.py:137} INFO - [2023-02-15T22:15:12.551+0000] {taskmixin.py:205} WARNING - Dependency <Task(_PythonDecoratedOperator): prepare_email>, send_email already registered for DAG: example_dag_decorator
[2023-02-15T22:15:12.552+0000] {logging_mixin.py:137} INFO - [2023-02-15T22:15:12.551+0000] {taskmixin.py:205} WARNING - Dependency <Task(EmailOperator): send_email>, prepare_email already registered for DAG: example_dag_decorator
[2023-02-15T22:15:12.568+0000] {processor.py:753} INFO - DAG(s) dict_keys(['example_dag_decorator']) retrieved from /home/airflow/.local/lib/python3.7/site-packages/airflow/example_dags/example_dag_decorator.py
[2023-02-15T22:15:12.659+0000] {logging_mixin.py:137} INFO - [2023-02-15T22:15:12.659+0000] {dag.py:2690} INFO - Sync 1 DAGs
[2023-02-15T22:15:12.696+0000] {logging_mixin.py:137} INFO - [2023-02-15T22:15:12.696+0000] {dag.py:3441} INFO - Setting next_dagrun for example_dag_decorator to None, run_after=None
[2023-02-15T22:15:12.728+0000] {processor.py:175} INFO - Processing /home/airflow/.local/lib/python3.7/site-packages/airflow/example_dags/example_dag_decorator.py took 0.209 seconds
[2023-02-15T22:15:42.767+0000] {processor.py:153} INFO - Started process (PID=664) to work on /home/airflow/.local/lib/python3.7/site-packages/airflow/example_dags/example_dag_decorator.py
[2023-02-15T22:15:42.768+0000] {processor.py:743} INFO - Processing file /home/airflow/.local/lib/python3.7/site-packages/airflow/example_dags/example_dag_decorator.py for tasks to queue
[2023-02-15T22:15:42.769+0000] {logging_mixin.py:137} INFO - [2023-02-15T22:15:42.769+0000] {dagbag.py:538} INFO - Filling up the DagBag from /home/airflow/.local/lib/python3.7/site-packages/airflow/example_dags/example_dag_decorator.py
[2023-02-15T22:15:42.788+0000] {logging_mixin.py:137} INFO - [2023-02-15T22:15:42.788+0000] {taskmixin.py:205} WARNING - Dependency <Task(_PythonDecoratedOperator): prepare_email>, send_email already registered for DAG: example_dag_decorator
[2023-02-15T22:15:42.789+0000] {logging_mixin.py:137} INFO - [2023-02-15T22:15:42.788+0000] {taskmixin.py:205} WARNING - Dependency <Task(EmailOperator): send_email>, prepare_email already registered for DAG: example_dag_decorator
[2023-02-15T22:15:42.805+0000] {processor.py:753} INFO - DAG(s) dict_keys(['example_dag_decorator']) retrieved from /home/airflow/.local/lib/python3.7/site-packages/airflow/example_dags/example_dag_decorator.py
[2023-02-15T22:15:42.894+0000] {logging_mixin.py:137} INFO - [2023-02-15T22:15:42.894+0000] {dag.py:2690} INFO - Sync 1 DAGs
[2023-02-15T22:15:42.927+0000] {logging_mixin.py:137} INFO - [2023-02-15T22:15:42.927+0000] {dag.py:3441} INFO - Setting next_dagrun for example_dag_decorator to None, run_after=None
[2023-02-15T22:15:42.954+0000] {processor.py:175} INFO - Processing /home/airflow/.local/lib/python3.7/site-packages/airflow/example_dags/example_dag_decorator.py took 0.190 seconds
[2023-02-15T22:16:12.993+0000] {processor.py:153} INFO - Started process (PID=740) to work on /home/airflow/.local/lib/python3.7/site-packages/airflow/example_dags/example_dag_decorator.py
[2023-02-15T22:16:12.996+0000] {processor.py:743} INFO - Processing file /home/airflow/.local/lib/python3.7/site-packages/airflow/example_dags/example_dag_decorator.py for tasks to queue
[2023-02-15T22:16:12.996+0000] {logging_mixin.py:137} INFO - [2023-02-15T22:16:12.996+0000] {dagbag.py:538} INFO - Filling up the DagBag from /home/airflow/.local/lib/python3.7/site-packages/airflow/example_dags/example_dag_decorator.py
[2023-02-15T22:16:13.022+0000] {logging_mixin.py:137} INFO - [2023-02-15T22:16:13.022+0000] {taskmixin.py:205} WARNING - Dependency <Task(_PythonDecoratedOperator): prepare_email>, send_email already registered for DAG: example_dag_decorator
[2023-02-15T22:16:13.023+0000] {logging_mixin.py:137} INFO - [2023-02-15T22:16:13.023+0000] {taskmixin.py:205} WARNING - Dependency <Task(EmailOperator): send_email>, prepare_email already registered for DAG: example_dag_decorator
[2023-02-15T22:16:13.038+0000] {processor.py:753} INFO - DAG(s) dict_keys(['example_dag_decorator']) retrieved from /home/airflow/.local/lib/python3.7/site-packages/airflow/example_dags/example_dag_decorator.py
[2023-02-15T22:16:13.127+0000] {logging_mixin.py:137} INFO - [2023-02-15T22:16:13.126+0000] {dag.py:2690} INFO - Sync 1 DAGs
[2023-02-15T22:16:13.156+0000] {logging_mixin.py:137} INFO - [2023-02-15T22:16:13.156+0000] {dag.py:3441} INFO - Setting next_dagrun for example_dag_decorator to None, run_after=None
[2023-02-15T22:16:13.180+0000] {processor.py:175} INFO - Processing /home/airflow/.local/lib/python3.7/site-packages/airflow/example_dags/example_dag_decorator.py took 0.191 seconds
[2023-02-15T22:16:43.379+0000] {processor.py:153} INFO - Started process (PID=804) to work on /home/airflow/.local/lib/python3.7/site-packages/airflow/example_dags/example_dag_decorator.py
[2023-02-15T22:16:43.380+0000] {processor.py:743} INFO - Processing file /home/airflow/.local/lib/python3.7/site-packages/airflow/example_dags/example_dag_decorator.py for tasks to queue
[2023-02-15T22:16:43.381+0000] {logging_mixin.py:137} INFO - [2023-02-15T22:16:43.380+0000] {dagbag.py:538} INFO - Filling up the DagBag from /home/airflow/.local/lib/python3.7/site-packages/airflow/example_dags/example_dag_decorator.py
[2023-02-15T22:16:43.414+0000] {logging_mixin.py:137} INFO - [2023-02-15T22:16:43.414+0000] {taskmixin.py:205} WARNING - Dependency <Task(_PythonDecoratedOperator): prepare_email>, send_email already registered for DAG: example_dag_decorator
[2023-02-15T22:16:43.415+0000] {logging_mixin.py:137} INFO - [2023-02-15T22:16:43.415+0000] {taskmixin.py:205} WARNING - Dependency <Task(EmailOperator): send_email>, prepare_email already registered for DAG: example_dag_decorator
[2023-02-15T22:16:43.438+0000] {processor.py:753} INFO - DAG(s) dict_keys(['example_dag_decorator']) retrieved from /home/airflow/.local/lib/python3.7/site-packages/airflow/example_dags/example_dag_decorator.py
[2023-02-15T22:16:43.530+0000] {logging_mixin.py:137} INFO - [2023-02-15T22:16:43.530+0000] {dag.py:2690} INFO - Sync 1 DAGs
[2023-02-15T22:16:43.556+0000] {logging_mixin.py:137} INFO - [2023-02-15T22:16:43.556+0000] {dag.py:3441} INFO - Setting next_dagrun for example_dag_decorator to None, run_after=None
[2023-02-15T22:16:43.584+0000] {processor.py:175} INFO - Processing /home/airflow/.local/lib/python3.7/site-packages/airflow/example_dags/example_dag_decorator.py took 0.209 seconds
[2023-02-15T22:17:13.922+0000] {processor.py:153} INFO - Started process (PID=868) to work on /home/airflow/.local/lib/python3.7/site-packages/airflow/example_dags/example_dag_decorator.py
[2023-02-15T22:17:13.931+0000] {processor.py:743} INFO - Processing file /home/airflow/.local/lib/python3.7/site-packages/airflow/example_dags/example_dag_decorator.py for tasks to queue
[2023-02-15T22:17:13.932+0000] {logging_mixin.py:137} INFO - [2023-02-15T22:17:13.931+0000] {dagbag.py:538} INFO - Filling up the DagBag from /home/airflow/.local/lib/python3.7/site-packages/airflow/example_dags/example_dag_decorator.py
[2023-02-15T22:17:13.965+0000] {logging_mixin.py:137} INFO - [2023-02-15T22:17:13.965+0000] {taskmixin.py:205} WARNING - Dependency <Task(_PythonDecoratedOperator): prepare_email>, send_email already registered for DAG: example_dag_decorator
[2023-02-15T22:17:13.965+0000] {logging_mixin.py:137} INFO - [2023-02-15T22:17:13.965+0000] {taskmixin.py:205} WARNING - Dependency <Task(EmailOperator): send_email>, prepare_email already registered for DAG: example_dag_decorator
[2023-02-15T22:17:13.990+0000] {processor.py:753} INFO - DAG(s) dict_keys(['example_dag_decorator']) retrieved from /home/airflow/.local/lib/python3.7/site-packages/airflow/example_dags/example_dag_decorator.py
[2023-02-15T22:17:14.184+0000] {logging_mixin.py:137} INFO - [2023-02-15T22:17:14.184+0000] {dag.py:2690} INFO - Sync 1 DAGs
[2023-02-15T22:17:14.254+0000] {logging_mixin.py:137} INFO - [2023-02-15T22:17:14.253+0000] {dag.py:3441} INFO - Setting next_dagrun for example_dag_decorator to None, run_after=None
[2023-02-15T22:17:14.304+0000] {processor.py:175} INFO - Processing /home/airflow/.local/lib/python3.7/site-packages/airflow/example_dags/example_dag_decorator.py took 0.387 seconds
[2023-02-15T22:17:44.753+0000] {processor.py:153} INFO - Started process (PID=938) to work on /home/airflow/.local/lib/python3.7/site-packages/airflow/example_dags/example_dag_decorator.py
[2023-02-15T22:17:44.759+0000] {processor.py:743} INFO - Processing file /home/airflow/.local/lib/python3.7/site-packages/airflow/example_dags/example_dag_decorator.py for tasks to queue
[2023-02-15T22:17:44.760+0000] {logging_mixin.py:137} INFO - [2023-02-15T22:17:44.759+0000] {dagbag.py:538} INFO - Filling up the DagBag from /home/airflow/.local/lib/python3.7/site-packages/airflow/example_dags/example_dag_decorator.py
[2023-02-15T22:17:44.784+0000] {logging_mixin.py:137} INFO - [2023-02-15T22:17:44.784+0000] {taskmixin.py:205} WARNING - Dependency <Task(_PythonDecoratedOperator): prepare_email>, send_email already registered for DAG: example_dag_decorator
[2023-02-15T22:17:44.784+0000] {logging_mixin.py:137} INFO - [2023-02-15T22:17:44.784+0000] {taskmixin.py:205} WARNING - Dependency <Task(EmailOperator): send_email>, prepare_email already registered for DAG: example_dag_decorator
[2023-02-15T22:17:44.803+0000] {processor.py:753} INFO - DAG(s) dict_keys(['example_dag_decorator']) retrieved from /home/airflow/.local/lib/python3.7/site-packages/airflow/example_dags/example_dag_decorator.py
[2023-02-15T22:17:44.899+0000] {logging_mixin.py:137} INFO - [2023-02-15T22:17:44.898+0000] {dag.py:2690} INFO - Sync 1 DAGs
[2023-02-15T22:17:44.936+0000] {logging_mixin.py:137} INFO - [2023-02-15T22:17:44.936+0000] {dag.py:3441} INFO - Setting next_dagrun for example_dag_decorator to None, run_after=None
[2023-02-15T22:17:44.971+0000] {processor.py:175} INFO - Processing /home/airflow/.local/lib/python3.7/site-packages/airflow/example_dags/example_dag_decorator.py took 0.223 seconds
[2023-02-15T22:18:15.290+0000] {processor.py:153} INFO - Started process (PID=1007) to work on /home/airflow/.local/lib/python3.7/site-packages/airflow/example_dags/example_dag_decorator.py
[2023-02-15T22:18:15.291+0000] {processor.py:743} INFO - Processing file /home/airflow/.local/lib/python3.7/site-packages/airflow/example_dags/example_dag_decorator.py for tasks to queue
[2023-02-15T22:18:15.292+0000] {logging_mixin.py:137} INFO - [2023-02-15T22:18:15.292+0000] {dagbag.py:538} INFO - Filling up the DagBag from /home/airflow/.local/lib/python3.7/site-packages/airflow/example_dags/example_dag_decorator.py
[2023-02-15T22:18:15.326+0000] {logging_mixin.py:137} INFO - [2023-02-15T22:18:15.325+0000] {taskmixin.py:205} WARNING - Dependency <Task(_PythonDecoratedOperator): prepare_email>, send_email already registered for DAG: example_dag_decorator
[2023-02-15T22:18:15.326+0000] {logging_mixin.py:137} INFO - [2023-02-15T22:18:15.326+0000] {taskmixin.py:205} WARNING - Dependency <Task(EmailOperator): send_email>, prepare_email already registered for DAG: example_dag_decorator
[2023-02-15T22:18:15.346+0000] {processor.py:753} INFO - DAG(s) dict_keys(['example_dag_decorator']) retrieved from /home/airflow/.local/lib/python3.7/site-packages/airflow/example_dags/example_dag_decorator.py
[2023-02-15T22:18:15.461+0000] {logging_mixin.py:137} INFO - [2023-02-15T22:18:15.461+0000] {dag.py:2690} INFO - Sync 1 DAGs
[2023-02-15T22:18:15.506+0000] {logging_mixin.py:137} INFO - [2023-02-15T22:18:15.506+0000] {dag.py:3441} INFO - Setting next_dagrun for example_dag_decorator to None, run_after=None
[2023-02-15T22:18:15.551+0000] {processor.py:175} INFO - Processing /home/airflow/.local/lib/python3.7/site-packages/airflow/example_dags/example_dag_decorator.py took 0.264 seconds
[2023-02-15T22:18:45.881+0000] {processor.py:153} INFO - Started process (PID=1069) to work on /home/airflow/.local/lib/python3.7/site-packages/airflow/example_dags/example_dag_decorator.py
[2023-02-15T22:18:45.892+0000] {processor.py:743} INFO - Processing file /home/airflow/.local/lib/python3.7/site-packages/airflow/example_dags/example_dag_decorator.py for tasks to queue
[2023-02-15T22:18:45.894+0000] {logging_mixin.py:137} INFO - [2023-02-15T22:18:45.894+0000] {dagbag.py:538} INFO - Filling up the DagBag from /home/airflow/.local/lib/python3.7/site-packages/airflow/example_dags/example_dag_decorator.py
[2023-02-15T22:18:45.928+0000] {logging_mixin.py:137} INFO - [2023-02-15T22:18:45.928+0000] {taskmixin.py:205} WARNING - Dependency <Task(_PythonDecoratedOperator): prepare_email>, send_email already registered for DAG: example_dag_decorator
[2023-02-15T22:18:45.929+0000] {logging_mixin.py:137} INFO - [2023-02-15T22:18:45.928+0000] {taskmixin.py:205} WARNING - Dependency <Task(EmailOperator): send_email>, prepare_email already registered for DAG: example_dag_decorator
[2023-02-15T22:18:45.951+0000] {processor.py:753} INFO - DAG(s) dict_keys(['example_dag_decorator']) retrieved from /home/airflow/.local/lib/python3.7/site-packages/airflow/example_dags/example_dag_decorator.py
[2023-02-15T22:18:46.115+0000] {logging_mixin.py:137} INFO - [2023-02-15T22:18:46.114+0000] {dag.py:2690} INFO - Sync 1 DAGs
[2023-02-15T22:18:46.168+0000] {logging_mixin.py:137} INFO - [2023-02-15T22:18:46.168+0000] {dag.py:3441} INFO - Setting next_dagrun for example_dag_decorator to None, run_after=None
[2023-02-15T22:18:46.229+0000] {processor.py:175} INFO - Processing /home/airflow/.local/lib/python3.7/site-packages/airflow/example_dags/example_dag_decorator.py took 0.361 seconds
[2023-02-15T22:19:16.331+0000] {processor.py:153} INFO - Started process (PID=1132) to work on /home/airflow/.local/lib/python3.7/site-packages/airflow/example_dags/example_dag_decorator.py
[2023-02-15T22:19:16.332+0000] {processor.py:743} INFO - Processing file /home/airflow/.local/lib/python3.7/site-packages/airflow/example_dags/example_dag_decorator.py for tasks to queue
[2023-02-15T22:19:16.333+0000] {logging_mixin.py:137} INFO - [2023-02-15T22:19:16.333+0000] {dagbag.py:538} INFO - Filling up the DagBag from /home/airflow/.local/lib/python3.7/site-packages/airflow/example_dags/example_dag_decorator.py
[2023-02-15T22:19:16.363+0000] {logging_mixin.py:137} INFO - [2023-02-15T22:19:16.362+0000] {taskmixin.py:205} WARNING - Dependency <Task(_PythonDecoratedOperator): prepare_email>, send_email already registered for DAG: example_dag_decorator
[2023-02-15T22:19:16.363+0000] {logging_mixin.py:137} INFO - [2023-02-15T22:19:16.363+0000] {taskmixin.py:205} WARNING - Dependency <Task(EmailOperator): send_email>, prepare_email already registered for DAG: example_dag_decorator
[2023-02-15T22:19:16.384+0000] {processor.py:753} INFO - DAG(s) dict_keys(['example_dag_decorator']) retrieved from /home/airflow/.local/lib/python3.7/site-packages/airflow/example_dags/example_dag_decorator.py
[2023-02-15T22:19:16.481+0000] {logging_mixin.py:137} INFO - [2023-02-15T22:19:16.481+0000] {dag.py:2690} INFO - Sync 1 DAGs
[2023-02-15T22:19:16.510+0000] {logging_mixin.py:137} INFO - [2023-02-15T22:19:16.510+0000] {dag.py:3441} INFO - Setting next_dagrun for example_dag_decorator to None, run_after=None
[2023-02-15T22:19:16.534+0000] {processor.py:175} INFO - Processing /home/airflow/.local/lib/python3.7/site-packages/airflow/example_dags/example_dag_decorator.py took 0.208 seconds
[2023-02-15T22:19:46.939+0000] {processor.py:153} INFO - Started process (PID=1208) to work on /home/airflow/.local/lib/python3.7/site-packages/airflow/example_dags/example_dag_decorator.py
[2023-02-15T22:19:46.944+0000] {processor.py:743} INFO - Processing file /home/airflow/.local/lib/python3.7/site-packages/airflow/example_dags/example_dag_decorator.py for tasks to queue
[2023-02-15T22:19:46.945+0000] {logging_mixin.py:137} INFO - [2023-02-15T22:19:46.945+0000] {dagbag.py:538} INFO - Filling up the DagBag from /home/airflow/.local/lib/python3.7/site-packages/airflow/example_dags/example_dag_decorator.py
[2023-02-15T22:19:46.968+0000] {logging_mixin.py:137} INFO - [2023-02-15T22:19:46.968+0000] {taskmixin.py:205} WARNING - Dependency <Task(_PythonDecoratedOperator): prepare_email>, send_email already registered for DAG: example_dag_decorator
[2023-02-15T22:19:46.968+0000] {logging_mixin.py:137} INFO - [2023-02-15T22:19:46.968+0000] {taskmixin.py:205} WARNING - Dependency <Task(EmailOperator): send_email>, prepare_email already registered for DAG: example_dag_decorator
[2023-02-15T22:19:46.983+0000] {processor.py:753} INFO - DAG(s) dict_keys(['example_dag_decorator']) retrieved from /home/airflow/.local/lib/python3.7/site-packages/airflow/example_dags/example_dag_decorator.py
[2023-02-15T22:19:47.127+0000] {logging_mixin.py:137} INFO - [2023-02-15T22:19:47.127+0000] {dag.py:2690} INFO - Sync 1 DAGs
[2023-02-15T22:19:47.164+0000] {logging_mixin.py:137} INFO - [2023-02-15T22:19:47.164+0000] {dag.py:3441} INFO - Setting next_dagrun for example_dag_decorator to None, run_after=None
[2023-02-15T22:19:47.226+0000] {processor.py:175} INFO - Processing /home/airflow/.local/lib/python3.7/site-packages/airflow/example_dags/example_dag_decorator.py took 0.291 seconds
[2023-02-15T22:20:17.328+0000] {processor.py:153} INFO - Started process (PID=1271) to work on /home/airflow/.local/lib/python3.7/site-packages/airflow/example_dags/example_dag_decorator.py
[2023-02-15T22:20:17.329+0000] {processor.py:743} INFO - Processing file /home/airflow/.local/lib/python3.7/site-packages/airflow/example_dags/example_dag_decorator.py for tasks to queue
[2023-02-15T22:20:17.329+0000] {logging_mixin.py:137} INFO - [2023-02-15T22:20:17.329+0000] {dagbag.py:538} INFO - Filling up the DagBag from /home/airflow/.local/lib/python3.7/site-packages/airflow/example_dags/example_dag_decorator.py
[2023-02-15T22:20:17.350+0000] {logging_mixin.py:137} INFO - [2023-02-15T22:20:17.350+0000] {taskmixin.py:205} WARNING - Dependency <Task(_PythonDecoratedOperator): prepare_email>, send_email already registered for DAG: example_dag_decorator
[2023-02-15T22:20:17.350+0000] {logging_mixin.py:137} INFO - [2023-02-15T22:20:17.350+0000] {taskmixin.py:205} WARNING - Dependency <Task(EmailOperator): send_email>, prepare_email already registered for DAG: example_dag_decorator
[2023-02-15T22:20:17.365+0000] {processor.py:753} INFO - DAG(s) dict_keys(['example_dag_decorator']) retrieved from /home/airflow/.local/lib/python3.7/site-packages/airflow/example_dags/example_dag_decorator.py
[2023-02-15T22:20:17.448+0000] {logging_mixin.py:137} INFO - [2023-02-15T22:20:17.448+0000] {dag.py:2690} INFO - Sync 1 DAGs
[2023-02-15T22:20:17.475+0000] {logging_mixin.py:137} INFO - [2023-02-15T22:20:17.475+0000] {dag.py:3441} INFO - Setting next_dagrun for example_dag_decorator to None, run_after=None
[2023-02-15T22:20:17.502+0000] {processor.py:175} INFO - Processing /home/airflow/.local/lib/python3.7/site-packages/airflow/example_dags/example_dag_decorator.py took 0.178 seconds
[2023-02-15T22:20:47.837+0000] {processor.py:153} INFO - Started process (PID=1333) to work on /home/airflow/.local/lib/python3.7/site-packages/airflow/example_dags/example_dag_decorator.py
[2023-02-15T22:20:47.839+0000] {processor.py:743} INFO - Processing file /home/airflow/.local/lib/python3.7/site-packages/airflow/example_dags/example_dag_decorator.py for tasks to queue
[2023-02-15T22:20:47.840+0000] {logging_mixin.py:137} INFO - [2023-02-15T22:20:47.840+0000] {dagbag.py:538} INFO - Filling up the DagBag from /home/airflow/.local/lib/python3.7/site-packages/airflow/example_dags/example_dag_decorator.py
[2023-02-15T22:20:47.861+0000] {logging_mixin.py:137} INFO - [2023-02-15T22:20:47.861+0000] {taskmixin.py:205} WARNING - Dependency <Task(_PythonDecoratedOperator): prepare_email>, send_email already registered for DAG: example_dag_decorator
[2023-02-15T22:20:47.861+0000] {logging_mixin.py:137} INFO - [2023-02-15T22:20:47.861+0000] {taskmixin.py:205} WARNING - Dependency <Task(EmailOperator): send_email>, prepare_email already registered for DAG: example_dag_decorator
[2023-02-15T22:20:47.877+0000] {processor.py:753} INFO - DAG(s) dict_keys(['example_dag_decorator']) retrieved from /home/airflow/.local/lib/python3.7/site-packages/airflow/example_dags/example_dag_decorator.py
[2023-02-15T22:20:47.964+0000] {logging_mixin.py:137} INFO - [2023-02-15T22:20:47.964+0000] {dag.py:2690} INFO - Sync 1 DAGs
[2023-02-15T22:20:47.993+0000] {logging_mixin.py:137} INFO - [2023-02-15T22:20:47.993+0000] {dag.py:3441} INFO - Setting next_dagrun for example_dag_decorator to None, run_after=None
[2023-02-15T22:20:48.022+0000] {processor.py:175} INFO - Processing /home/airflow/.local/lib/python3.7/site-packages/airflow/example_dags/example_dag_decorator.py took 0.188 seconds
[2023-02-15T22:21:18.580+0000] {processor.py:153} INFO - Started process (PID=1408) to work on /home/airflow/.local/lib/python3.7/site-packages/airflow/example_dags/example_dag_decorator.py
[2023-02-15T22:21:18.588+0000] {processor.py:743} INFO - Processing file /home/airflow/.local/lib/python3.7/site-packages/airflow/example_dags/example_dag_decorator.py for tasks to queue
[2023-02-15T22:21:18.588+0000] {logging_mixin.py:137} INFO - [2023-02-15T22:21:18.588+0000] {dagbag.py:538} INFO - Filling up the DagBag from /home/airflow/.local/lib/python3.7/site-packages/airflow/example_dags/example_dag_decorator.py
[2023-02-15T22:21:18.607+0000] {logging_mixin.py:137} INFO - [2023-02-15T22:21:18.607+0000] {taskmixin.py:205} WARNING - Dependency <Task(_PythonDecoratedOperator): prepare_email>, send_email already registered for DAG: example_dag_decorator
[2023-02-15T22:21:18.607+0000] {logging_mixin.py:137} INFO - [2023-02-15T22:21:18.607+0000] {taskmixin.py:205} WARNING - Dependency <Task(EmailOperator): send_email>, prepare_email already registered for DAG: example_dag_decorator
[2023-02-15T22:21:18.622+0000] {processor.py:753} INFO - DAG(s) dict_keys(['example_dag_decorator']) retrieved from /home/airflow/.local/lib/python3.7/site-packages/airflow/example_dags/example_dag_decorator.py
[2023-02-15T22:21:18.705+0000] {logging_mixin.py:137} INFO - [2023-02-15T22:21:18.705+0000] {dag.py:2690} INFO - Sync 1 DAGs
[2023-02-15T22:21:18.737+0000] {logging_mixin.py:137} INFO - [2023-02-15T22:21:18.737+0000] {dag.py:3441} INFO - Setting next_dagrun for example_dag_decorator to None, run_after=None
[2023-02-15T22:21:18.768+0000] {processor.py:175} INFO - Processing /home/airflow/.local/lib/python3.7/site-packages/airflow/example_dags/example_dag_decorator.py took 0.192 seconds
[2023-02-15T22:21:49.608+0000] {processor.py:153} INFO - Started process (PID=1473) to work on /home/airflow/.local/lib/python3.7/site-packages/airflow/example_dags/example_dag_decorator.py
[2023-02-15T22:21:49.629+0000] {processor.py:743} INFO - Processing file /home/airflow/.local/lib/python3.7/site-packages/airflow/example_dags/example_dag_decorator.py for tasks to queue
[2023-02-15T22:21:49.630+0000] {logging_mixin.py:137} INFO - [2023-02-15T22:21:49.629+0000] {dagbag.py:538} INFO - Filling up the DagBag from /home/airflow/.local/lib/python3.7/site-packages/airflow/example_dags/example_dag_decorator.py
[2023-02-15T22:21:49.672+0000] {logging_mixin.py:137} INFO - [2023-02-15T22:21:49.671+0000] {taskmixin.py:205} WARNING - Dependency <Task(_PythonDecoratedOperator): prepare_email>, send_email already registered for DAG: example_dag_decorator
[2023-02-15T22:21:49.672+0000] {logging_mixin.py:137} INFO - [2023-02-15T22:21:49.672+0000] {taskmixin.py:205} WARNING - Dependency <Task(EmailOperator): send_email>, prepare_email already registered for DAG: example_dag_decorator
[2023-02-15T22:21:49.696+0000] {processor.py:753} INFO - DAG(s) dict_keys(['example_dag_decorator']) retrieved from /home/airflow/.local/lib/python3.7/site-packages/airflow/example_dags/example_dag_decorator.py
[2023-02-15T22:21:49.840+0000] {logging_mixin.py:137} INFO - [2023-02-15T22:21:49.840+0000] {dag.py:2690} INFO - Sync 1 DAGs
[2023-02-15T22:21:49.889+0000] {logging_mixin.py:137} INFO - [2023-02-15T22:21:49.883+0000] {dag.py:3441} INFO - Setting next_dagrun for example_dag_decorator to None, run_after=None
[2023-02-15T22:21:49.924+0000] {processor.py:175} INFO - Processing /home/airflow/.local/lib/python3.7/site-packages/airflow/example_dags/example_dag_decorator.py took 0.332 seconds
[2023-02-15T22:22:19.962+0000] {processor.py:153} INFO - Started process (PID=1537) to work on /home/airflow/.local/lib/python3.7/site-packages/airflow/example_dags/example_dag_decorator.py
[2023-02-15T22:22:19.963+0000] {processor.py:743} INFO - Processing file /home/airflow/.local/lib/python3.7/site-packages/airflow/example_dags/example_dag_decorator.py for tasks to queue
[2023-02-15T22:22:19.964+0000] {logging_mixin.py:137} INFO - [2023-02-15T22:22:19.964+0000] {dagbag.py:538} INFO - Filling up the DagBag from /home/airflow/.local/lib/python3.7/site-packages/airflow/example_dags/example_dag_decorator.py
[2023-02-15T22:22:19.985+0000] {logging_mixin.py:137} INFO - [2023-02-15T22:22:19.984+0000] {taskmixin.py:205} WARNING - Dependency <Task(_PythonDecoratedOperator): prepare_email>, send_email already registered for DAG: example_dag_decorator
[2023-02-15T22:22:19.985+0000] {logging_mixin.py:137} INFO - [2023-02-15T22:22:19.985+0000] {taskmixin.py:205} WARNING - Dependency <Task(EmailOperator): send_email>, prepare_email already registered for DAG: example_dag_decorator
[2023-02-15T22:22:20.001+0000] {processor.py:753} INFO - DAG(s) dict_keys(['example_dag_decorator']) retrieved from /home/airflow/.local/lib/python3.7/site-packages/airflow/example_dags/example_dag_decorator.py
[2023-02-15T22:22:20.103+0000] {logging_mixin.py:137} INFO - [2023-02-15T22:22:20.103+0000] {dag.py:2690} INFO - Sync 1 DAGs
[2023-02-15T22:22:20.135+0000] {logging_mixin.py:137} INFO - [2023-02-15T22:22:20.134+0000] {dag.py:3441} INFO - Setting next_dagrun for example_dag_decorator to None, run_after=None
[2023-02-15T22:22:20.161+0000] {processor.py:175} INFO - Processing /home/airflow/.local/lib/python3.7/site-packages/airflow/example_dags/example_dag_decorator.py took 0.203 seconds
[2023-02-15T22:22:50.305+0000] {processor.py:153} INFO - Started process (PID=1613) to work on /home/airflow/.local/lib/python3.7/site-packages/airflow/example_dags/example_dag_decorator.py
[2023-02-15T22:22:50.306+0000] {processor.py:743} INFO - Processing file /home/airflow/.local/lib/python3.7/site-packages/airflow/example_dags/example_dag_decorator.py for tasks to queue
[2023-02-15T22:22:50.307+0000] {logging_mixin.py:137} INFO - [2023-02-15T22:22:50.307+0000] {dagbag.py:538} INFO - Filling up the DagBag from /home/airflow/.local/lib/python3.7/site-packages/airflow/example_dags/example_dag_decorator.py
[2023-02-15T22:22:50.335+0000] {logging_mixin.py:137} INFO - [2023-02-15T22:22:50.335+0000] {taskmixin.py:205} WARNING - Dependency <Task(_PythonDecoratedOperator): prepare_email>, send_email already registered for DAG: example_dag_decorator
[2023-02-15T22:22:50.335+0000] {logging_mixin.py:137} INFO - [2023-02-15T22:22:50.335+0000] {taskmixin.py:205} WARNING - Dependency <Task(EmailOperator): send_email>, prepare_email already registered for DAG: example_dag_decorator
[2023-02-15T22:22:50.354+0000] {processor.py:753} INFO - DAG(s) dict_keys(['example_dag_decorator']) retrieved from /home/airflow/.local/lib/python3.7/site-packages/airflow/example_dags/example_dag_decorator.py
[2023-02-15T22:22:50.463+0000] {logging_mixin.py:137} INFO - [2023-02-15T22:22:50.462+0000] {dag.py:2690} INFO - Sync 1 DAGs
[2023-02-15T22:22:50.490+0000] {logging_mixin.py:137} INFO - [2023-02-15T22:22:50.490+0000] {dag.py:3441} INFO - Setting next_dagrun for example_dag_decorator to None, run_after=None
[2023-02-15T22:22:50.515+0000] {processor.py:175} INFO - Processing /home/airflow/.local/lib/python3.7/site-packages/airflow/example_dags/example_dag_decorator.py took 0.214 seconds
[2023-02-15T22:23:20.715+0000] {processor.py:153} INFO - Started process (PID=1677) to work on /home/airflow/.local/lib/python3.7/site-packages/airflow/example_dags/example_dag_decorator.py
[2023-02-15T22:23:20.724+0000] {processor.py:743} INFO - Processing file /home/airflow/.local/lib/python3.7/site-packages/airflow/example_dags/example_dag_decorator.py for tasks to queue
[2023-02-15T22:23:20.725+0000] {logging_mixin.py:137} INFO - [2023-02-15T22:23:20.725+0000] {dagbag.py:538} INFO - Filling up the DagBag from /home/airflow/.local/lib/python3.7/site-packages/airflow/example_dags/example_dag_decorator.py
[2023-02-15T22:23:20.747+0000] {logging_mixin.py:137} INFO - [2023-02-15T22:23:20.746+0000] {taskmixin.py:205} WARNING - Dependency <Task(_PythonDecoratedOperator): prepare_email>, send_email already registered for DAG: example_dag_decorator
[2023-02-15T22:23:20.747+0000] {logging_mixin.py:137} INFO - [2023-02-15T22:23:20.747+0000] {taskmixin.py:205} WARNING - Dependency <Task(EmailOperator): send_email>, prepare_email already registered for DAG: example_dag_decorator
[2023-02-15T22:23:20.766+0000] {processor.py:753} INFO - DAG(s) dict_keys(['example_dag_decorator']) retrieved from /home/airflow/.local/lib/python3.7/site-packages/airflow/example_dags/example_dag_decorator.py
[2023-02-15T22:23:20.899+0000] {logging_mixin.py:137} INFO - [2023-02-15T22:23:20.899+0000] {dag.py:2690} INFO - Sync 1 DAGs
[2023-02-15T22:23:20.970+0000] {logging_mixin.py:137} INFO - [2023-02-15T22:23:20.970+0000] {dag.py:3441} INFO - Setting next_dagrun for example_dag_decorator to None, run_after=None
[2023-02-15T22:23:21.013+0000] {processor.py:175} INFO - Processing /home/airflow/.local/lib/python3.7/site-packages/airflow/example_dags/example_dag_decorator.py took 0.307 seconds
