[2023-02-15T22:10:57.217+0000] {processor.py:153} INFO - Started process (PID=84) to work on /home/airflow/.local/lib/python3.7/site-packages/airflow/example_dags/example_latest_only_with_trigger.py
[2023-02-15T22:10:57.218+0000] {processor.py:743} INFO - Processing file /home/airflow/.local/lib/python3.7/site-packages/airflow/example_dags/example_latest_only_with_trigger.py for tasks to queue
[2023-02-15T22:10:57.219+0000] {logging_mixin.py:137} INFO - [2023-02-15T22:10:57.218+0000] {dagbag.py:538} INFO - Filling up the DagBag from /home/airflow/.local/lib/python3.7/site-packages/airflow/example_dags/example_latest_only_with_trigger.py
[2023-02-15T22:10:57.467+0000] {processor.py:753} INFO - DAG(s) dict_keys(['latest_only_with_trigger']) retrieved from /home/airflow/.local/lib/python3.7/site-packages/airflow/example_dags/example_latest_only_with_trigger.py
[2023-02-15T22:10:58.183+0000] {logging_mixin.py:137} INFO - [2023-02-15T22:10:58.183+0000] {dag.py:2690} INFO - Sync 1 DAGs
[2023-02-15T22:10:58.568+0000] {logging_mixin.py:137} INFO - [2023-02-15T22:10:58.568+0000] {dag.py:3441} INFO - Setting next_dagrun for latest_only_with_trigger to 2023-02-15T18:10:58.567752+00:00, run_after=2023-02-15T22:10:58.567752+00:00
[2023-02-15T22:10:58.816+0000] {processor.py:175} INFO - Processing /home/airflow/.local/lib/python3.7/site-packages/airflow/example_dags/example_latest_only_with_trigger.py took 1.662 seconds
[2023-02-15T22:11:29.204+0000] {processor.py:153} INFO - Started process (PID=146) to work on /home/airflow/.local/lib/python3.7/site-packages/airflow/example_dags/example_latest_only_with_trigger.py
[2023-02-15T22:11:29.219+0000] {processor.py:743} INFO - Processing file /home/airflow/.local/lib/python3.7/site-packages/airflow/example_dags/example_latest_only_with_trigger.py for tasks to queue
[2023-02-15T22:11:29.220+0000] {logging_mixin.py:137} INFO - [2023-02-15T22:11:29.220+0000] {dagbag.py:538} INFO - Filling up the DagBag from /home/airflow/.local/lib/python3.7/site-packages/airflow/example_dags/example_latest_only_with_trigger.py
[2023-02-15T22:11:29.317+0000] {processor.py:753} INFO - DAG(s) dict_keys(['latest_only_with_trigger']) retrieved from /home/airflow/.local/lib/python3.7/site-packages/airflow/example_dags/example_latest_only_with_trigger.py
[2023-02-15T22:11:29.429+0000] {logging_mixin.py:137} INFO - [2023-02-15T22:11:29.429+0000] {dag.py:2690} INFO - Sync 1 DAGs
[2023-02-15T22:11:29.558+0000] {logging_mixin.py:137} INFO - [2023-02-15T22:11:29.558+0000] {dag.py:3441} INFO - Setting next_dagrun for latest_only_with_trigger to 2023-02-15T18:11:29.557904+00:00, run_after=2023-02-15T22:11:29.557904+00:00
[2023-02-15T22:11:29.733+0000] {processor.py:175} INFO - Processing /home/airflow/.local/lib/python3.7/site-packages/airflow/example_dags/example_latest_only_with_trigger.py took 0.575 seconds
[2023-02-15T22:11:59.883+0000] {processor.py:153} INFO - Started process (PID=197) to work on /home/airflow/.local/lib/python3.7/site-packages/airflow/example_dags/example_latest_only_with_trigger.py
[2023-02-15T22:11:59.884+0000] {processor.py:743} INFO - Processing file /home/airflow/.local/lib/python3.7/site-packages/airflow/example_dags/example_latest_only_with_trigger.py for tasks to queue
[2023-02-15T22:11:59.885+0000] {logging_mixin.py:137} INFO - [2023-02-15T22:11:59.885+0000] {dagbag.py:538} INFO - Filling up the DagBag from /home/airflow/.local/lib/python3.7/site-packages/airflow/example_dags/example_latest_only_with_trigger.py
[2023-02-15T22:11:59.932+0000] {processor.py:753} INFO - DAG(s) dict_keys(['latest_only_with_trigger']) retrieved from /home/airflow/.local/lib/python3.7/site-packages/airflow/example_dags/example_latest_only_with_trigger.py
[2023-02-15T22:12:00.012+0000] {logging_mixin.py:137} INFO - [2023-02-15T22:12:00.012+0000] {dag.py:2690} INFO - Sync 1 DAGs
[2023-02-15T22:12:00.091+0000] {logging_mixin.py:137} INFO - [2023-02-15T22:12:00.091+0000] {dag.py:3441} INFO - Setting next_dagrun for latest_only_with_trigger to 2023-02-15T18:12:00.090986+00:00, run_after=2023-02-15T22:12:00.090986+00:00
[2023-02-15T22:12:00.172+0000] {processor.py:175} INFO - Processing /home/airflow/.local/lib/python3.7/site-packages/airflow/example_dags/example_latest_only_with_trigger.py took 0.292 seconds
[2023-02-15T22:12:30.426+0000] {processor.py:153} INFO - Started process (PID=259) to work on /home/airflow/.local/lib/python3.7/site-packages/airflow/example_dags/example_latest_only_with_trigger.py
[2023-02-15T22:12:30.429+0000] {processor.py:743} INFO - Processing file /home/airflow/.local/lib/python3.7/site-packages/airflow/example_dags/example_latest_only_with_trigger.py for tasks to queue
[2023-02-15T22:12:30.436+0000] {logging_mixin.py:137} INFO - [2023-02-15T22:12:30.436+0000] {dagbag.py:538} INFO - Filling up the DagBag from /home/airflow/.local/lib/python3.7/site-packages/airflow/example_dags/example_latest_only_with_trigger.py
[2023-02-15T22:12:30.470+0000] {processor.py:753} INFO - DAG(s) dict_keys(['latest_only_with_trigger']) retrieved from /home/airflow/.local/lib/python3.7/site-packages/airflow/example_dags/example_latest_only_with_trigger.py
[2023-02-15T22:12:30.522+0000] {logging_mixin.py:137} INFO - [2023-02-15T22:12:30.522+0000] {dag.py:2690} INFO - Sync 1 DAGs
[2023-02-15T22:12:30.600+0000] {logging_mixin.py:137} INFO - [2023-02-15T22:12:30.600+0000] {dag.py:3441} INFO - Setting next_dagrun for latest_only_with_trigger to 2023-02-15T18:12:30.600232+00:00, run_after=2023-02-15T22:12:30.600232+00:00
[2023-02-15T22:12:30.678+0000] {processor.py:175} INFO - Processing /home/airflow/.local/lib/python3.7/site-packages/airflow/example_dags/example_latest_only_with_trigger.py took 0.256 seconds
[2023-02-15T22:13:00.945+0000] {processor.py:153} INFO - Started process (PID=323) to work on /home/airflow/.local/lib/python3.7/site-packages/airflow/example_dags/example_latest_only_with_trigger.py
[2023-02-15T22:13:00.957+0000] {processor.py:743} INFO - Processing file /home/airflow/.local/lib/python3.7/site-packages/airflow/example_dags/example_latest_only_with_trigger.py for tasks to queue
[2023-02-15T22:13:00.957+0000] {logging_mixin.py:137} INFO - [2023-02-15T22:13:00.957+0000] {dagbag.py:538} INFO - Filling up the DagBag from /home/airflow/.local/lib/python3.7/site-packages/airflow/example_dags/example_latest_only_with_trigger.py
[2023-02-15T22:13:01.006+0000] {processor.py:753} INFO - DAG(s) dict_keys(['latest_only_with_trigger']) retrieved from /home/airflow/.local/lib/python3.7/site-packages/airflow/example_dags/example_latest_only_with_trigger.py
[2023-02-15T22:13:01.096+0000] {logging_mixin.py:137} INFO - [2023-02-15T22:13:01.096+0000] {dag.py:2690} INFO - Sync 1 DAGs
[2023-02-15T22:13:01.192+0000] {logging_mixin.py:137} INFO - [2023-02-15T22:13:01.191+0000] {dag.py:3441} INFO - Setting next_dagrun for latest_only_with_trigger to 2023-02-15T18:13:01.191678+00:00, run_after=2023-02-15T22:13:01.191678+00:00
[2023-02-15T22:13:01.323+0000] {processor.py:175} INFO - Processing /home/airflow/.local/lib/python3.7/site-packages/airflow/example_dags/example_latest_only_with_trigger.py took 0.370 seconds
[2023-02-15T22:13:31.733+0000] {processor.py:153} INFO - Started process (PID=375) to work on /home/airflow/.local/lib/python3.7/site-packages/airflow/example_dags/example_latest_only_with_trigger.py
[2023-02-15T22:13:31.747+0000] {processor.py:743} INFO - Processing file /home/airflow/.local/lib/python3.7/site-packages/airflow/example_dags/example_latest_only_with_trigger.py for tasks to queue
[2023-02-15T22:13:31.747+0000] {logging_mixin.py:137} INFO - [2023-02-15T22:13:31.747+0000] {dagbag.py:538} INFO - Filling up the DagBag from /home/airflow/.local/lib/python3.7/site-packages/airflow/example_dags/example_latest_only_with_trigger.py
[2023-02-15T22:13:31.839+0000] {processor.py:753} INFO - DAG(s) dict_keys(['latest_only_with_trigger']) retrieved from /home/airflow/.local/lib/python3.7/site-packages/airflow/example_dags/example_latest_only_with_trigger.py
[2023-02-15T22:13:31.939+0000] {logging_mixin.py:137} INFO - [2023-02-15T22:13:31.939+0000] {dag.py:2690} INFO - Sync 1 DAGs
[2023-02-15T22:13:32.068+0000] {logging_mixin.py:137} INFO - [2023-02-15T22:13:32.068+0000] {dag.py:3441} INFO - Setting next_dagrun for latest_only_with_trigger to 2023-02-15T18:13:32.067948+00:00, run_after=2023-02-15T22:13:32.067948+00:00
[2023-02-15T22:13:32.214+0000] {processor.py:175} INFO - Processing /home/airflow/.local/lib/python3.7/site-packages/airflow/example_dags/example_latest_only_with_trigger.py took 0.498 seconds
[2023-02-15T22:14:03.027+0000] {processor.py:153} INFO - Started process (PID=447) to work on /home/airflow/.local/lib/python3.7/site-packages/airflow/example_dags/example_latest_only_with_trigger.py
[2023-02-15T22:14:03.029+0000] {processor.py:743} INFO - Processing file /home/airflow/.local/lib/python3.7/site-packages/airflow/example_dags/example_latest_only_with_trigger.py for tasks to queue
[2023-02-15T22:14:03.032+0000] {logging_mixin.py:137} INFO - [2023-02-15T22:14:03.030+0000] {dagbag.py:538} INFO - Filling up the DagBag from /home/airflow/.local/lib/python3.7/site-packages/airflow/example_dags/example_latest_only_with_trigger.py
[2023-02-15T22:14:03.053+0000] {processor.py:753} INFO - DAG(s) dict_keys(['latest_only_with_trigger']) retrieved from /home/airflow/.local/lib/python3.7/site-packages/airflow/example_dags/example_latest_only_with_trigger.py
[2023-02-15T22:14:03.091+0000] {logging_mixin.py:137} INFO - [2023-02-15T22:14:03.091+0000] {dag.py:2690} INFO - Sync 1 DAGs
[2023-02-15T22:14:03.128+0000] {logging_mixin.py:137} INFO - [2023-02-15T22:14:03.128+0000] {dag.py:3441} INFO - Setting next_dagrun for latest_only_with_trigger to 2023-02-15T18:14:03.128003+00:00, run_after=2023-02-15T22:14:03.128003+00:00
[2023-02-15T22:14:03.160+0000] {processor.py:175} INFO - Processing /home/airflow/.local/lib/python3.7/site-packages/airflow/example_dags/example_latest_only_with_trigger.py took 0.136 seconds
[2023-02-15T22:14:33.429+0000] {processor.py:153} INFO - Started process (PID=513) to work on /home/airflow/.local/lib/python3.7/site-packages/airflow/example_dags/example_latest_only_with_trigger.py
[2023-02-15T22:14:33.437+0000] {processor.py:743} INFO - Processing file /home/airflow/.local/lib/python3.7/site-packages/airflow/example_dags/example_latest_only_with_trigger.py for tasks to queue
[2023-02-15T22:14:33.439+0000] {logging_mixin.py:137} INFO - [2023-02-15T22:14:33.439+0000] {dagbag.py:538} INFO - Filling up the DagBag from /home/airflow/.local/lib/python3.7/site-packages/airflow/example_dags/example_latest_only_with_trigger.py
[2023-02-15T22:14:33.457+0000] {processor.py:753} INFO - DAG(s) dict_keys(['latest_only_with_trigger']) retrieved from /home/airflow/.local/lib/python3.7/site-packages/airflow/example_dags/example_latest_only_with_trigger.py
[2023-02-15T22:14:33.490+0000] {logging_mixin.py:137} INFO - [2023-02-15T22:14:33.490+0000] {dag.py:2690} INFO - Sync 1 DAGs
[2023-02-15T22:14:33.523+0000] {logging_mixin.py:137} INFO - [2023-02-15T22:14:33.523+0000] {dag.py:3441} INFO - Setting next_dagrun for latest_only_with_trigger to 2023-02-15T18:14:33.523180+00:00, run_after=2023-02-15T22:14:33.523180+00:00
[2023-02-15T22:14:33.551+0000] {processor.py:175} INFO - Processing /home/airflow/.local/lib/python3.7/site-packages/airflow/example_dags/example_latest_only_with_trigger.py took 0.126 seconds
[2023-02-15T22:15:03.714+0000] {processor.py:153} INFO - Started process (PID=578) to work on /home/airflow/.local/lib/python3.7/site-packages/airflow/example_dags/example_latest_only_with_trigger.py
[2023-02-15T22:15:03.716+0000] {processor.py:743} INFO - Processing file /home/airflow/.local/lib/python3.7/site-packages/airflow/example_dags/example_latest_only_with_trigger.py for tasks to queue
[2023-02-15T22:15:03.717+0000] {logging_mixin.py:137} INFO - [2023-02-15T22:15:03.716+0000] {dagbag.py:538} INFO - Filling up the DagBag from /home/airflow/.local/lib/python3.7/site-packages/airflow/example_dags/example_latest_only_with_trigger.py
[2023-02-15T22:15:03.741+0000] {processor.py:753} INFO - DAG(s) dict_keys(['latest_only_with_trigger']) retrieved from /home/airflow/.local/lib/python3.7/site-packages/airflow/example_dags/example_latest_only_with_trigger.py
[2023-02-15T22:15:03.774+0000] {logging_mixin.py:137} INFO - [2023-02-15T22:15:03.774+0000] {dag.py:2690} INFO - Sync 1 DAGs
[2023-02-15T22:15:03.829+0000] {logging_mixin.py:137} INFO - [2023-02-15T22:15:03.829+0000] {dag.py:3441} INFO - Setting next_dagrun for latest_only_with_trigger to 2023-02-15T18:15:03.829057+00:00, run_after=2023-02-15T22:15:03.829057+00:00
[2023-02-15T22:15:03.866+0000] {processor.py:175} INFO - Processing /home/airflow/.local/lib/python3.7/site-packages/airflow/example_dags/example_latest_only_with_trigger.py took 0.157 seconds
[2023-02-15T22:15:34.006+0000] {processor.py:153} INFO - Started process (PID=651) to work on /home/airflow/.local/lib/python3.7/site-packages/airflow/example_dags/example_latest_only_with_trigger.py
[2023-02-15T22:15:34.011+0000] {processor.py:743} INFO - Processing file /home/airflow/.local/lib/python3.7/site-packages/airflow/example_dags/example_latest_only_with_trigger.py for tasks to queue
[2023-02-15T22:15:34.016+0000] {logging_mixin.py:137} INFO - [2023-02-15T22:15:34.011+0000] {dagbag.py:538} INFO - Filling up the DagBag from /home/airflow/.local/lib/python3.7/site-packages/airflow/example_dags/example_latest_only_with_trigger.py
[2023-02-15T22:15:34.042+0000] {processor.py:753} INFO - DAG(s) dict_keys(['latest_only_with_trigger']) retrieved from /home/airflow/.local/lib/python3.7/site-packages/airflow/example_dags/example_latest_only_with_trigger.py
[2023-02-15T22:15:34.128+0000] {logging_mixin.py:137} INFO - [2023-02-15T22:15:34.127+0000] {dag.py:2690} INFO - Sync 1 DAGs
[2023-02-15T22:15:34.200+0000] {logging_mixin.py:137} INFO - [2023-02-15T22:15:34.200+0000] {dag.py:3441} INFO - Setting next_dagrun for latest_only_with_trigger to 2023-02-15T18:15:34.200272+00:00, run_after=2023-02-15T22:15:34.200272+00:00
[2023-02-15T22:15:34.235+0000] {processor.py:175} INFO - Processing /home/airflow/.local/lib/python3.7/site-packages/airflow/example_dags/example_latest_only_with_trigger.py took 0.234 seconds
[2023-02-15T22:16:04.266+0000] {processor.py:153} INFO - Started process (PID=718) to work on /home/airflow/.local/lib/python3.7/site-packages/airflow/example_dags/example_latest_only_with_trigger.py
[2023-02-15T22:16:04.266+0000] {processor.py:743} INFO - Processing file /home/airflow/.local/lib/python3.7/site-packages/airflow/example_dags/example_latest_only_with_trigger.py for tasks to queue
[2023-02-15T22:16:04.267+0000] {logging_mixin.py:137} INFO - [2023-02-15T22:16:04.267+0000] {dagbag.py:538} INFO - Filling up the DagBag from /home/airflow/.local/lib/python3.7/site-packages/airflow/example_dags/example_latest_only_with_trigger.py
[2023-02-15T22:16:04.286+0000] {processor.py:753} INFO - DAG(s) dict_keys(['latest_only_with_trigger']) retrieved from /home/airflow/.local/lib/python3.7/site-packages/airflow/example_dags/example_latest_only_with_trigger.py
[2023-02-15T22:16:04.315+0000] {logging_mixin.py:137} INFO - [2023-02-15T22:16:04.315+0000] {dag.py:2690} INFO - Sync 1 DAGs
[2023-02-15T22:16:04.348+0000] {logging_mixin.py:137} INFO - [2023-02-15T22:16:04.347+0000] {dag.py:3441} INFO - Setting next_dagrun for latest_only_with_trigger to 2023-02-15T18:16:04.347448+00:00, run_after=2023-02-15T22:16:04.347448+00:00
[2023-02-15T22:16:04.371+0000] {processor.py:175} INFO - Processing /home/airflow/.local/lib/python3.7/site-packages/airflow/example_dags/example_latest_only_with_trigger.py took 0.109 seconds
[2023-02-15T22:16:34.482+0000] {processor.py:153} INFO - Started process (PID=782) to work on /home/airflow/.local/lib/python3.7/site-packages/airflow/example_dags/example_latest_only_with_trigger.py
[2023-02-15T22:16:34.487+0000] {processor.py:743} INFO - Processing file /home/airflow/.local/lib/python3.7/site-packages/airflow/example_dags/example_latest_only_with_trigger.py for tasks to queue
[2023-02-15T22:16:34.488+0000] {logging_mixin.py:137} INFO - [2023-02-15T22:16:34.487+0000] {dagbag.py:538} INFO - Filling up the DagBag from /home/airflow/.local/lib/python3.7/site-packages/airflow/example_dags/example_latest_only_with_trigger.py
[2023-02-15T22:16:34.505+0000] {processor.py:753} INFO - DAG(s) dict_keys(['latest_only_with_trigger']) retrieved from /home/airflow/.local/lib/python3.7/site-packages/airflow/example_dags/example_latest_only_with_trigger.py
[2023-02-15T22:16:34.539+0000] {logging_mixin.py:137} INFO - [2023-02-15T22:16:34.538+0000] {dag.py:2690} INFO - Sync 1 DAGs
[2023-02-15T22:16:34.567+0000] {logging_mixin.py:137} INFO - [2023-02-15T22:16:34.567+0000] {dag.py:3441} INFO - Setting next_dagrun for latest_only_with_trigger to 2023-02-15T18:16:34.567353+00:00, run_after=2023-02-15T22:16:34.567353+00:00
[2023-02-15T22:16:34.589+0000] {processor.py:175} INFO - Processing /home/airflow/.local/lib/python3.7/site-packages/airflow/example_dags/example_latest_only_with_trigger.py took 0.111 seconds
[2023-02-15T22:17:05.223+0000] {processor.py:153} INFO - Started process (PID=858) to work on /home/airflow/.local/lib/python3.7/site-packages/airflow/example_dags/example_latest_only_with_trigger.py
[2023-02-15T22:17:05.224+0000] {processor.py:743} INFO - Processing file /home/airflow/.local/lib/python3.7/site-packages/airflow/example_dags/example_latest_only_with_trigger.py for tasks to queue
[2023-02-15T22:17:05.224+0000] {logging_mixin.py:137} INFO - [2023-02-15T22:17:05.224+0000] {dagbag.py:538} INFO - Filling up the DagBag from /home/airflow/.local/lib/python3.7/site-packages/airflow/example_dags/example_latest_only_with_trigger.py
[2023-02-15T22:17:05.258+0000] {processor.py:753} INFO - DAG(s) dict_keys(['latest_only_with_trigger']) retrieved from /home/airflow/.local/lib/python3.7/site-packages/airflow/example_dags/example_latest_only_with_trigger.py
[2023-02-15T22:17:05.299+0000] {logging_mixin.py:137} INFO - [2023-02-15T22:17:05.299+0000] {dag.py:2690} INFO - Sync 1 DAGs
[2023-02-15T22:17:05.352+0000] {logging_mixin.py:137} INFO - [2023-02-15T22:17:05.352+0000] {dag.py:3441} INFO - Setting next_dagrun for latest_only_with_trigger to 2023-02-15T18:17:05.351645+00:00, run_after=2023-02-15T22:17:05.351645+00:00
[2023-02-15T22:17:05.428+0000] {processor.py:175} INFO - Processing /home/airflow/.local/lib/python3.7/site-packages/airflow/example_dags/example_latest_only_with_trigger.py took 0.209 seconds
[2023-02-15T22:17:35.909+0000] {processor.py:153} INFO - Started process (PID=921) to work on /home/airflow/.local/lib/python3.7/site-packages/airflow/example_dags/example_latest_only_with_trigger.py
[2023-02-15T22:17:35.911+0000] {processor.py:743} INFO - Processing file /home/airflow/.local/lib/python3.7/site-packages/airflow/example_dags/example_latest_only_with_trigger.py for tasks to queue
[2023-02-15T22:17:35.912+0000] {logging_mixin.py:137} INFO - [2023-02-15T22:17:35.912+0000] {dagbag.py:538} INFO - Filling up the DagBag from /home/airflow/.local/lib/python3.7/site-packages/airflow/example_dags/example_latest_only_with_trigger.py
[2023-02-15T22:17:35.931+0000] {processor.py:753} INFO - DAG(s) dict_keys(['latest_only_with_trigger']) retrieved from /home/airflow/.local/lib/python3.7/site-packages/airflow/example_dags/example_latest_only_with_trigger.py
[2023-02-15T22:17:35.975+0000] {logging_mixin.py:137} INFO - [2023-02-15T22:17:35.975+0000] {dag.py:2690} INFO - Sync 1 DAGs
[2023-02-15T22:17:36.010+0000] {logging_mixin.py:137} INFO - [2023-02-15T22:17:36.010+0000] {dag.py:3441} INFO - Setting next_dagrun for latest_only_with_trigger to 2023-02-15T18:17:36.009749+00:00, run_after=2023-02-15T22:17:36.009749+00:00
[2023-02-15T22:17:36.039+0000] {processor.py:175} INFO - Processing /home/airflow/.local/lib/python3.7/site-packages/airflow/example_dags/example_latest_only_with_trigger.py took 0.134 seconds
[2023-02-15T22:18:06.443+0000] {processor.py:153} INFO - Started process (PID=985) to work on /home/airflow/.local/lib/python3.7/site-packages/airflow/example_dags/example_latest_only_with_trigger.py
[2023-02-15T22:18:06.453+0000] {processor.py:743} INFO - Processing file /home/airflow/.local/lib/python3.7/site-packages/airflow/example_dags/example_latest_only_with_trigger.py for tasks to queue
[2023-02-15T22:18:06.458+0000] {logging_mixin.py:137} INFO - [2023-02-15T22:18:06.457+0000] {dagbag.py:538} INFO - Filling up the DagBag from /home/airflow/.local/lib/python3.7/site-packages/airflow/example_dags/example_latest_only_with_trigger.py
[2023-02-15T22:18:06.478+0000] {processor.py:753} INFO - DAG(s) dict_keys(['latest_only_with_trigger']) retrieved from /home/airflow/.local/lib/python3.7/site-packages/airflow/example_dags/example_latest_only_with_trigger.py
[2023-02-15T22:18:06.572+0000] {logging_mixin.py:137} INFO - [2023-02-15T22:18:06.572+0000] {dag.py:2690} INFO - Sync 1 DAGs
[2023-02-15T22:18:06.617+0000] {logging_mixin.py:137} INFO - [2023-02-15T22:18:06.617+0000] {dag.py:3441} INFO - Setting next_dagrun for latest_only_with_trigger to 2023-02-15T18:18:06.616935+00:00, run_after=2023-02-15T22:18:06.616935+00:00
[2023-02-15T22:18:06.646+0000] {processor.py:175} INFO - Processing /home/airflow/.local/lib/python3.7/site-packages/airflow/example_dags/example_latest_only_with_trigger.py took 0.207 seconds
[2023-02-15T22:18:36.998+0000] {processor.py:153} INFO - Started process (PID=1047) to work on /home/airflow/.local/lib/python3.7/site-packages/airflow/example_dags/example_latest_only_with_trigger.py
[2023-02-15T22:18:37.006+0000] {processor.py:743} INFO - Processing file /home/airflow/.local/lib/python3.7/site-packages/airflow/example_dags/example_latest_only_with_trigger.py for tasks to queue
[2023-02-15T22:18:37.008+0000] {logging_mixin.py:137} INFO - [2023-02-15T22:18:37.007+0000] {dagbag.py:538} INFO - Filling up the DagBag from /home/airflow/.local/lib/python3.7/site-packages/airflow/example_dags/example_latest_only_with_trigger.py
[2023-02-15T22:18:37.026+0000] {processor.py:753} INFO - DAG(s) dict_keys(['latest_only_with_trigger']) retrieved from /home/airflow/.local/lib/python3.7/site-packages/airflow/example_dags/example_latest_only_with_trigger.py
[2023-02-15T22:18:37.057+0000] {logging_mixin.py:137} INFO - [2023-02-15T22:18:37.057+0000] {dag.py:2690} INFO - Sync 1 DAGs
[2023-02-15T22:18:37.090+0000] {logging_mixin.py:137} INFO - [2023-02-15T22:18:37.090+0000] {dag.py:3441} INFO - Setting next_dagrun for latest_only_with_trigger to 2023-02-15T18:18:37.089968+00:00, run_after=2023-02-15T22:18:37.089968+00:00
[2023-02-15T22:18:37.115+0000] {processor.py:175} INFO - Processing /home/airflow/.local/lib/python3.7/site-packages/airflow/example_dags/example_latest_only_with_trigger.py took 0.121 seconds
[2023-02-15T22:19:07.511+0000] {processor.py:153} INFO - Started process (PID=1122) to work on /home/airflow/.local/lib/python3.7/site-packages/airflow/example_dags/example_latest_only_with_trigger.py
[2023-02-15T22:19:07.512+0000] {processor.py:743} INFO - Processing file /home/airflow/.local/lib/python3.7/site-packages/airflow/example_dags/example_latest_only_with_trigger.py for tasks to queue
[2023-02-15T22:19:07.513+0000] {logging_mixin.py:137} INFO - [2023-02-15T22:19:07.513+0000] {dagbag.py:538} INFO - Filling up the DagBag from /home/airflow/.local/lib/python3.7/site-packages/airflow/example_dags/example_latest_only_with_trigger.py
[2023-02-15T22:19:07.529+0000] {processor.py:753} INFO - DAG(s) dict_keys(['latest_only_with_trigger']) retrieved from /home/airflow/.local/lib/python3.7/site-packages/airflow/example_dags/example_latest_only_with_trigger.py
[2023-02-15T22:19:07.560+0000] {logging_mixin.py:137} INFO - [2023-02-15T22:19:07.559+0000] {dag.py:2690} INFO - Sync 1 DAGs
[2023-02-15T22:19:07.590+0000] {logging_mixin.py:137} INFO - [2023-02-15T22:19:07.590+0000] {dag.py:3441} INFO - Setting next_dagrun for latest_only_with_trigger to 2023-02-15T18:19:07.590401+00:00, run_after=2023-02-15T22:19:07.590401+00:00
[2023-02-15T22:19:07.612+0000] {processor.py:175} INFO - Processing /home/airflow/.local/lib/python3.7/site-packages/airflow/example_dags/example_latest_only_with_trigger.py took 0.106 seconds
[2023-02-15T22:19:37.901+0000] {processor.py:153} INFO - Started process (PID=1186) to work on /home/airflow/.local/lib/python3.7/site-packages/airflow/example_dags/example_latest_only_with_trigger.py
[2023-02-15T22:19:37.910+0000] {processor.py:743} INFO - Processing file /home/airflow/.local/lib/python3.7/site-packages/airflow/example_dags/example_latest_only_with_trigger.py for tasks to queue
[2023-02-15T22:19:37.911+0000] {logging_mixin.py:137} INFO - [2023-02-15T22:19:37.911+0000] {dagbag.py:538} INFO - Filling up the DagBag from /home/airflow/.local/lib/python3.7/site-packages/airflow/example_dags/example_latest_only_with_trigger.py
[2023-02-15T22:19:37.931+0000] {processor.py:753} INFO - DAG(s) dict_keys(['latest_only_with_trigger']) retrieved from /home/airflow/.local/lib/python3.7/site-packages/airflow/example_dags/example_latest_only_with_trigger.py
[2023-02-15T22:19:37.991+0000] {logging_mixin.py:137} INFO - [2023-02-15T22:19:37.991+0000] {dag.py:2690} INFO - Sync 1 DAGs
[2023-02-15T22:19:38.050+0000] {logging_mixin.py:137} INFO - [2023-02-15T22:19:38.050+0000] {dag.py:3441} INFO - Setting next_dagrun for latest_only_with_trigger to 2023-02-15T18:19:38.050418+00:00, run_after=2023-02-15T22:19:38.050418+00:00
[2023-02-15T22:19:38.099+0000] {processor.py:175} INFO - Processing /home/airflow/.local/lib/python3.7/site-packages/airflow/example_dags/example_latest_only_with_trigger.py took 0.201 seconds
[2023-02-15T22:20:08.411+0000] {processor.py:153} INFO - Started process (PID=1248) to work on /home/airflow/.local/lib/python3.7/site-packages/airflow/example_dags/example_latest_only_with_trigger.py
[2023-02-15T22:20:08.413+0000] {processor.py:743} INFO - Processing file /home/airflow/.local/lib/python3.7/site-packages/airflow/example_dags/example_latest_only_with_trigger.py for tasks to queue
[2023-02-15T22:20:08.414+0000] {logging_mixin.py:137} INFO - [2023-02-15T22:20:08.413+0000] {dagbag.py:538} INFO - Filling up the DagBag from /home/airflow/.local/lib/python3.7/site-packages/airflow/example_dags/example_latest_only_with_trigger.py
[2023-02-15T22:20:08.430+0000] {processor.py:753} INFO - DAG(s) dict_keys(['latest_only_with_trigger']) retrieved from /home/airflow/.local/lib/python3.7/site-packages/airflow/example_dags/example_latest_only_with_trigger.py
[2023-02-15T22:20:08.464+0000] {logging_mixin.py:137} INFO - [2023-02-15T22:20:08.464+0000] {dag.py:2690} INFO - Sync 1 DAGs
[2023-02-15T22:20:08.499+0000] {logging_mixin.py:137} INFO - [2023-02-15T22:20:08.499+0000] {dag.py:3441} INFO - Setting next_dagrun for latest_only_with_trigger to 2023-02-15T18:20:08.498909+00:00, run_after=2023-02-15T22:20:08.498909+00:00
[2023-02-15T22:20:08.533+0000] {processor.py:175} INFO - Processing /home/airflow/.local/lib/python3.7/site-packages/airflow/example_dags/example_latest_only_with_trigger.py took 0.126 seconds
[2023-02-15T22:20:38.782+0000] {processor.py:153} INFO - Started process (PID=1323) to work on /home/airflow/.local/lib/python3.7/site-packages/airflow/example_dags/example_latest_only_with_trigger.py
[2023-02-15T22:20:38.791+0000] {processor.py:743} INFO - Processing file /home/airflow/.local/lib/python3.7/site-packages/airflow/example_dags/example_latest_only_with_trigger.py for tasks to queue
[2023-02-15T22:20:38.793+0000] {logging_mixin.py:137} INFO - [2023-02-15T22:20:38.793+0000] {dagbag.py:538} INFO - Filling up the DagBag from /home/airflow/.local/lib/python3.7/site-packages/airflow/example_dags/example_latest_only_with_trigger.py
[2023-02-15T22:20:38.842+0000] {processor.py:753} INFO - DAG(s) dict_keys(['latest_only_with_trigger']) retrieved from /home/airflow/.local/lib/python3.7/site-packages/airflow/example_dags/example_latest_only_with_trigger.py
[2023-02-15T22:20:38.957+0000] {logging_mixin.py:137} INFO - [2023-02-15T22:20:38.957+0000] {dag.py:2690} INFO - Sync 1 DAGs
[2023-02-15T22:20:39.087+0000] {logging_mixin.py:137} INFO - [2023-02-15T22:20:39.086+0000] {dag.py:3441} INFO - Setting next_dagrun for latest_only_with_trigger to 2023-02-15T18:20:39.086660+00:00, run_after=2023-02-15T22:20:39.086660+00:00
[2023-02-15T22:20:39.230+0000] {processor.py:175} INFO - Processing /home/airflow/.local/lib/python3.7/site-packages/airflow/example_dags/example_latest_only_with_trigger.py took 0.452 seconds
[2023-02-15T22:21:09.855+0000] {processor.py:153} INFO - Started process (PID=1386) to work on /home/airflow/.local/lib/python3.7/site-packages/airflow/example_dags/example_latest_only_with_trigger.py
[2023-02-15T22:21:09.859+0000] {processor.py:743} INFO - Processing file /home/airflow/.local/lib/python3.7/site-packages/airflow/example_dags/example_latest_only_with_trigger.py for tasks to queue
[2023-02-15T22:21:09.859+0000] {logging_mixin.py:137} INFO - [2023-02-15T22:21:09.859+0000] {dagbag.py:538} INFO - Filling up the DagBag from /home/airflow/.local/lib/python3.7/site-packages/airflow/example_dags/example_latest_only_with_trigger.py
[2023-02-15T22:21:09.877+0000] {processor.py:753} INFO - DAG(s) dict_keys(['latest_only_with_trigger']) retrieved from /home/airflow/.local/lib/python3.7/site-packages/airflow/example_dags/example_latest_only_with_trigger.py
[2023-02-15T22:21:09.919+0000] {logging_mixin.py:137} INFO - [2023-02-15T22:21:09.919+0000] {dag.py:2690} INFO - Sync 1 DAGs
[2023-02-15T22:21:09.958+0000] {logging_mixin.py:137} INFO - [2023-02-15T22:21:09.958+0000] {dag.py:3441} INFO - Setting next_dagrun for latest_only_with_trigger to 2023-02-15T18:21:09.957732+00:00, run_after=2023-02-15T22:21:09.957732+00:00
[2023-02-15T22:21:09.994+0000] {processor.py:175} INFO - Processing /home/airflow/.local/lib/python3.7/site-packages/airflow/example_dags/example_latest_only_with_trigger.py took 0.142 seconds
[2023-02-15T22:21:40.381+0000] {processor.py:153} INFO - Started process (PID=1458) to work on /home/airflow/.local/lib/python3.7/site-packages/airflow/example_dags/example_latest_only_with_trigger.py
[2023-02-15T22:21:40.381+0000] {processor.py:743} INFO - Processing file /home/airflow/.local/lib/python3.7/site-packages/airflow/example_dags/example_latest_only_with_trigger.py for tasks to queue
[2023-02-15T22:21:40.382+0000] {logging_mixin.py:137} INFO - [2023-02-15T22:21:40.382+0000] {dagbag.py:538} INFO - Filling up the DagBag from /home/airflow/.local/lib/python3.7/site-packages/airflow/example_dags/example_latest_only_with_trigger.py
[2023-02-15T22:21:40.420+0000] {processor.py:753} INFO - DAG(s) dict_keys(['latest_only_with_trigger']) retrieved from /home/airflow/.local/lib/python3.7/site-packages/airflow/example_dags/example_latest_only_with_trigger.py
[2023-02-15T22:21:40.511+0000] {logging_mixin.py:137} INFO - [2023-02-15T22:21:40.511+0000] {dag.py:2690} INFO - Sync 1 DAGs
[2023-02-15T22:21:40.581+0000] {logging_mixin.py:137} INFO - [2023-02-15T22:21:40.581+0000] {dag.py:3441} INFO - Setting next_dagrun for latest_only_with_trigger to 2023-02-15T18:21:40.581482+00:00, run_after=2023-02-15T22:21:40.581482+00:00
[2023-02-15T22:21:40.635+0000] {processor.py:175} INFO - Processing /home/airflow/.local/lib/python3.7/site-packages/airflow/example_dags/example_latest_only_with_trigger.py took 0.264 seconds
[2023-02-15T22:22:10.804+0000] {processor.py:153} INFO - Started process (PID=1527) to work on /home/airflow/.local/lib/python3.7/site-packages/airflow/example_dags/example_latest_only_with_trigger.py
[2023-02-15T22:22:10.806+0000] {processor.py:743} INFO - Processing file /home/airflow/.local/lib/python3.7/site-packages/airflow/example_dags/example_latest_only_with_trigger.py for tasks to queue
[2023-02-15T22:22:10.807+0000] {logging_mixin.py:137} INFO - [2023-02-15T22:22:10.807+0000] {dagbag.py:538} INFO - Filling up the DagBag from /home/airflow/.local/lib/python3.7/site-packages/airflow/example_dags/example_latest_only_with_trigger.py
[2023-02-15T22:22:10.828+0000] {processor.py:753} INFO - DAG(s) dict_keys(['latest_only_with_trigger']) retrieved from /home/airflow/.local/lib/python3.7/site-packages/airflow/example_dags/example_latest_only_with_trigger.py
[2023-02-15T22:22:10.865+0000] {logging_mixin.py:137} INFO - [2023-02-15T22:22:10.864+0000] {dag.py:2690} INFO - Sync 1 DAGs
[2023-02-15T22:22:10.906+0000] {logging_mixin.py:137} INFO - [2023-02-15T22:22:10.906+0000] {dag.py:3441} INFO - Setting next_dagrun for latest_only_with_trigger to 2023-02-15T18:22:10.906069+00:00, run_after=2023-02-15T22:22:10.906069+00:00
[2023-02-15T22:22:10.940+0000] {processor.py:175} INFO - Processing /home/airflow/.local/lib/python3.7/site-packages/airflow/example_dags/example_latest_only_with_trigger.py took 0.141 seconds
[2023-02-15T22:22:41.085+0000] {processor.py:153} INFO - Started process (PID=1590) to work on /home/airflow/.local/lib/python3.7/site-packages/airflow/example_dags/example_latest_only_with_trigger.py
[2023-02-15T22:22:41.085+0000] {processor.py:743} INFO - Processing file /home/airflow/.local/lib/python3.7/site-packages/airflow/example_dags/example_latest_only_with_trigger.py for tasks to queue
[2023-02-15T22:22:41.086+0000] {logging_mixin.py:137} INFO - [2023-02-15T22:22:41.086+0000] {dagbag.py:538} INFO - Filling up the DagBag from /home/airflow/.local/lib/python3.7/site-packages/airflow/example_dags/example_latest_only_with_trigger.py
[2023-02-15T22:22:41.103+0000] {processor.py:753} INFO - DAG(s) dict_keys(['latest_only_with_trigger']) retrieved from /home/airflow/.local/lib/python3.7/site-packages/airflow/example_dags/example_latest_only_with_trigger.py
[2023-02-15T22:22:41.136+0000] {logging_mixin.py:137} INFO - [2023-02-15T22:22:41.136+0000] {dag.py:2690} INFO - Sync 1 DAGs
[2023-02-15T22:22:41.170+0000] {logging_mixin.py:137} INFO - [2023-02-15T22:22:41.170+0000] {dag.py:3441} INFO - Setting next_dagrun for latest_only_with_trigger to 2023-02-15T18:22:41.169959+00:00, run_after=2023-02-15T22:22:41.169959+00:00
[2023-02-15T22:22:41.208+0000] {processor.py:175} INFO - Processing /home/airflow/.local/lib/python3.7/site-packages/airflow/example_dags/example_latest_only_with_trigger.py took 0.129 seconds
[2023-02-15T22:23:11.367+0000] {processor.py:153} INFO - Started process (PID=1653) to work on /home/airflow/.local/lib/python3.7/site-packages/airflow/example_dags/example_latest_only_with_trigger.py
[2023-02-15T22:23:11.369+0000] {processor.py:743} INFO - Processing file /home/airflow/.local/lib/python3.7/site-packages/airflow/example_dags/example_latest_only_with_trigger.py for tasks to queue
[2023-02-15T22:23:11.369+0000] {logging_mixin.py:137} INFO - [2023-02-15T22:23:11.369+0000] {dagbag.py:538} INFO - Filling up the DagBag from /home/airflow/.local/lib/python3.7/site-packages/airflow/example_dags/example_latest_only_with_trigger.py
[2023-02-15T22:23:11.387+0000] {processor.py:753} INFO - DAG(s) dict_keys(['latest_only_with_trigger']) retrieved from /home/airflow/.local/lib/python3.7/site-packages/airflow/example_dags/example_latest_only_with_trigger.py
[2023-02-15T22:23:11.418+0000] {logging_mixin.py:137} INFO - [2023-02-15T22:23:11.417+0000] {dag.py:2690} INFO - Sync 1 DAGs
[2023-02-15T22:23:11.448+0000] {logging_mixin.py:137} INFO - [2023-02-15T22:23:11.447+0000] {dag.py:3441} INFO - Setting next_dagrun for latest_only_with_trigger to 2023-02-15T18:23:11.447589+00:00, run_after=2023-02-15T22:23:11.447589+00:00
[2023-02-15T22:23:11.471+0000] {processor.py:175} INFO - Processing /home/airflow/.local/lib/python3.7/site-packages/airflow/example_dags/example_latest_only_with_trigger.py took 0.107 seconds
