[2023-02-15T22:11:07.290+0000] {processor.py:153} INFO - Started process (PID=105) to work on /home/airflow/.local/lib/python3.7/site-packages/airflow/example_dags/example_short_circuit_decorator.py
[2023-02-15T22:11:07.291+0000] {processor.py:743} INFO - Processing file /home/airflow/.local/lib/python3.7/site-packages/airflow/example_dags/example_short_circuit_decorator.py for tasks to queue
[2023-02-15T22:11:07.305+0000] {logging_mixin.py:137} INFO - [2023-02-15T22:11:07.305+0000] {dagbag.py:538} INFO - Filling up the DagBag from /home/airflow/.local/lib/python3.7/site-packages/airflow/example_dags/example_short_circuit_decorator.py
[2023-02-15T22:11:07.507+0000] {processor.py:753} INFO - DAG(s) dict_keys(['example_short_circuit_decorator']) retrieved from /home/airflow/.local/lib/python3.7/site-packages/airflow/example_dags/example_short_circuit_decorator.py
[2023-02-15T22:11:07.787+0000] {logging_mixin.py:137} INFO - [2023-02-15T22:11:07.787+0000] {dag.py:2690} INFO - Sync 1 DAGs
[2023-02-15T22:11:07.945+0000] {logging_mixin.py:137} INFO - [2023-02-15T22:11:07.945+0000] {dag.py:3441} INFO - Setting next_dagrun for example_short_circuit_decorator to 2023-02-14T22:11:07.945298+00:00, run_after=2023-02-15T22:11:07.945298+00:00
[2023-02-15T22:11:08.519+0000] {processor.py:175} INFO - Processing /home/airflow/.local/lib/python3.7/site-packages/airflow/example_dags/example_short_circuit_decorator.py took 1.250 seconds
[2023-02-15T22:11:38.688+0000] {processor.py:153} INFO - Started process (PID=159) to work on /home/airflow/.local/lib/python3.7/site-packages/airflow/example_dags/example_short_circuit_decorator.py
[2023-02-15T22:11:38.688+0000] {processor.py:743} INFO - Processing file /home/airflow/.local/lib/python3.7/site-packages/airflow/example_dags/example_short_circuit_decorator.py for tasks to queue
[2023-02-15T22:11:38.689+0000] {logging_mixin.py:137} INFO - [2023-02-15T22:11:38.689+0000] {dagbag.py:538} INFO - Filling up the DagBag from /home/airflow/.local/lib/python3.7/site-packages/airflow/example_dags/example_short_circuit_decorator.py
[2023-02-15T22:11:38.755+0000] {processor.py:753} INFO - DAG(s) dict_keys(['example_short_circuit_decorator']) retrieved from /home/airflow/.local/lib/python3.7/site-packages/airflow/example_dags/example_short_circuit_decorator.py
[2023-02-15T22:11:38.819+0000] {logging_mixin.py:137} INFO - [2023-02-15T22:11:38.818+0000] {dag.py:2690} INFO - Sync 1 DAGs
[2023-02-15T22:11:38.883+0000] {logging_mixin.py:137} INFO - [2023-02-15T22:11:38.883+0000] {dag.py:3441} INFO - Setting next_dagrun for example_short_circuit_decorator to 2023-02-14T22:11:38.883227+00:00, run_after=2023-02-15T22:11:38.883227+00:00
[2023-02-15T22:11:38.947+0000] {processor.py:175} INFO - Processing /home/airflow/.local/lib/python3.7/site-packages/airflow/example_dags/example_short_circuit_decorator.py took 0.263 seconds
[2023-02-15T22:12:09.708+0000] {processor.py:153} INFO - Started process (PID=222) to work on /home/airflow/.local/lib/python3.7/site-packages/airflow/example_dags/example_short_circuit_decorator.py
[2023-02-15T22:12:09.719+0000] {processor.py:743} INFO - Processing file /home/airflow/.local/lib/python3.7/site-packages/airflow/example_dags/example_short_circuit_decorator.py for tasks to queue
[2023-02-15T22:12:09.719+0000] {logging_mixin.py:137} INFO - [2023-02-15T22:12:09.719+0000] {dagbag.py:538} INFO - Filling up the DagBag from /home/airflow/.local/lib/python3.7/site-packages/airflow/example_dags/example_short_circuit_decorator.py
[2023-02-15T22:12:09.787+0000] {processor.py:753} INFO - DAG(s) dict_keys(['example_short_circuit_decorator']) retrieved from /home/airflow/.local/lib/python3.7/site-packages/airflow/example_dags/example_short_circuit_decorator.py
[2023-02-15T22:12:09.845+0000] {logging_mixin.py:137} INFO - [2023-02-15T22:12:09.845+0000] {dag.py:2690} INFO - Sync 1 DAGs
[2023-02-15T22:12:09.920+0000] {logging_mixin.py:137} INFO - [2023-02-15T22:12:09.920+0000] {dag.py:3441} INFO - Setting next_dagrun for example_short_circuit_decorator to 2023-02-14T22:12:09.920464+00:00, run_after=2023-02-15T22:12:09.920464+00:00
[2023-02-15T22:12:09.977+0000] {processor.py:175} INFO - Processing /home/airflow/.local/lib/python3.7/site-packages/airflow/example_dags/example_short_circuit_decorator.py took 0.272 seconds
[2023-02-15T22:12:40.254+0000] {processor.py:153} INFO - Started process (PID=281) to work on /home/airflow/.local/lib/python3.7/site-packages/airflow/example_dags/example_short_circuit_decorator.py
[2023-02-15T22:12:40.255+0000] {processor.py:743} INFO - Processing file /home/airflow/.local/lib/python3.7/site-packages/airflow/example_dags/example_short_circuit_decorator.py for tasks to queue
[2023-02-15T22:12:40.267+0000] {logging_mixin.py:137} INFO - [2023-02-15T22:12:40.266+0000] {dagbag.py:538} INFO - Filling up the DagBag from /home/airflow/.local/lib/python3.7/site-packages/airflow/example_dags/example_short_circuit_decorator.py
[2023-02-15T22:12:40.365+0000] {processor.py:753} INFO - DAG(s) dict_keys(['example_short_circuit_decorator']) retrieved from /home/airflow/.local/lib/python3.7/site-packages/airflow/example_dags/example_short_circuit_decorator.py
[2023-02-15T22:12:40.479+0000] {logging_mixin.py:137} INFO - [2023-02-15T22:12:40.479+0000] {dag.py:2690} INFO - Sync 1 DAGs
[2023-02-15T22:12:40.605+0000] {logging_mixin.py:137} INFO - [2023-02-15T22:12:40.604+0000] {dag.py:3441} INFO - Setting next_dagrun for example_short_circuit_decorator to 2023-02-14T22:12:40.604636+00:00, run_after=2023-02-15T22:12:40.604636+00:00
[2023-02-15T22:12:40.751+0000] {processor.py:175} INFO - Processing /home/airflow/.local/lib/python3.7/site-packages/airflow/example_dags/example_short_circuit_decorator.py took 0.524 seconds
[2023-02-15T22:13:11.316+0000] {processor.py:153} INFO - Started process (PID=336) to work on /home/airflow/.local/lib/python3.7/site-packages/airflow/example_dags/example_short_circuit_decorator.py
[2023-02-15T22:13:11.319+0000] {processor.py:743} INFO - Processing file /home/airflow/.local/lib/python3.7/site-packages/airflow/example_dags/example_short_circuit_decorator.py for tasks to queue
[2023-02-15T22:13:11.320+0000] {logging_mixin.py:137} INFO - [2023-02-15T22:13:11.320+0000] {dagbag.py:538} INFO - Filling up the DagBag from /home/airflow/.local/lib/python3.7/site-packages/airflow/example_dags/example_short_circuit_decorator.py
[2023-02-15T22:13:11.398+0000] {processor.py:753} INFO - DAG(s) dict_keys(['example_short_circuit_decorator']) retrieved from /home/airflow/.local/lib/python3.7/site-packages/airflow/example_dags/example_short_circuit_decorator.py
[2023-02-15T22:13:11.490+0000] {logging_mixin.py:137} INFO - [2023-02-15T22:13:11.479+0000] {dag.py:2690} INFO - Sync 1 DAGs
[2023-02-15T22:13:11.570+0000] {logging_mixin.py:137} INFO - [2023-02-15T22:13:11.570+0000] {dag.py:3441} INFO - Setting next_dagrun for example_short_circuit_decorator to 2023-02-14T22:13:11.570329+00:00, run_after=2023-02-15T22:13:11.570329+00:00
[2023-02-15T22:13:11.668+0000] {processor.py:175} INFO - Processing /home/airflow/.local/lib/python3.7/site-packages/airflow/example_dags/example_short_circuit_decorator.py took 0.356 seconds
[2023-02-15T22:13:41.824+0000] {processor.py:153} INFO - Started process (PID=401) to work on /home/airflow/.local/lib/python3.7/site-packages/airflow/example_dags/example_short_circuit_decorator.py
[2023-02-15T22:13:41.825+0000] {processor.py:743} INFO - Processing file /home/airflow/.local/lib/python3.7/site-packages/airflow/example_dags/example_short_circuit_decorator.py for tasks to queue
[2023-02-15T22:13:41.826+0000] {logging_mixin.py:137} INFO - [2023-02-15T22:13:41.826+0000] {dagbag.py:538} INFO - Filling up the DagBag from /home/airflow/.local/lib/python3.7/site-packages/airflow/example_dags/example_short_circuit_decorator.py
[2023-02-15T22:13:41.896+0000] {processor.py:753} INFO - DAG(s) dict_keys(['example_short_circuit_decorator']) retrieved from /home/airflow/.local/lib/python3.7/site-packages/airflow/example_dags/example_short_circuit_decorator.py
[2023-02-15T22:13:41.986+0000] {logging_mixin.py:137} INFO - [2023-02-15T22:13:41.986+0000] {dag.py:2690} INFO - Sync 1 DAGs
[2023-02-15T22:13:42.051+0000] {logging_mixin.py:137} INFO - [2023-02-15T22:13:42.051+0000] {dag.py:3441} INFO - Setting next_dagrun for example_short_circuit_decorator to 2023-02-14T22:13:42.051075+00:00, run_after=2023-02-15T22:13:42.051075+00:00
[2023-02-15T22:13:42.100+0000] {processor.py:175} INFO - Processing /home/airflow/.local/lib/python3.7/site-packages/airflow/example_dags/example_short_circuit_decorator.py took 0.280 seconds
[2023-02-15T22:14:12.446+0000] {processor.py:153} INFO - Started process (PID=463) to work on /home/airflow/.local/lib/python3.7/site-packages/airflow/example_dags/example_short_circuit_decorator.py
[2023-02-15T22:14:12.457+0000] {processor.py:743} INFO - Processing file /home/airflow/.local/lib/python3.7/site-packages/airflow/example_dags/example_short_circuit_decorator.py for tasks to queue
[2023-02-15T22:14:12.458+0000] {logging_mixin.py:137} INFO - [2023-02-15T22:14:12.457+0000] {dagbag.py:538} INFO - Filling up the DagBag from /home/airflow/.local/lib/python3.7/site-packages/airflow/example_dags/example_short_circuit_decorator.py
[2023-02-15T22:14:12.519+0000] {processor.py:753} INFO - DAG(s) dict_keys(['example_short_circuit_decorator']) retrieved from /home/airflow/.local/lib/python3.7/site-packages/airflow/example_dags/example_short_circuit_decorator.py
[2023-02-15T22:14:12.559+0000] {logging_mixin.py:137} INFO - [2023-02-15T22:14:12.559+0000] {dag.py:2690} INFO - Sync 1 DAGs
[2023-02-15T22:14:12.591+0000] {logging_mixin.py:137} INFO - [2023-02-15T22:14:12.591+0000] {dag.py:3441} INFO - Setting next_dagrun for example_short_circuit_decorator to 2023-02-14T22:14:12.591446+00:00, run_after=2023-02-15T22:14:12.591446+00:00
[2023-02-15T22:14:12.626+0000] {processor.py:175} INFO - Processing /home/airflow/.local/lib/python3.7/site-packages/airflow/example_dags/example_short_circuit_decorator.py took 0.184 seconds
[2023-02-15T22:14:43.445+0000] {processor.py:153} INFO - Started process (PID=539) to work on /home/airflow/.local/lib/python3.7/site-packages/airflow/example_dags/example_short_circuit_decorator.py
[2023-02-15T22:14:43.446+0000] {processor.py:743} INFO - Processing file /home/airflow/.local/lib/python3.7/site-packages/airflow/example_dags/example_short_circuit_decorator.py for tasks to queue
[2023-02-15T22:14:43.446+0000] {logging_mixin.py:137} INFO - [2023-02-15T22:14:43.446+0000] {dagbag.py:538} INFO - Filling up the DagBag from /home/airflow/.local/lib/python3.7/site-packages/airflow/example_dags/example_short_circuit_decorator.py
[2023-02-15T22:14:43.543+0000] {processor.py:753} INFO - DAG(s) dict_keys(['example_short_circuit_decorator']) retrieved from /home/airflow/.local/lib/python3.7/site-packages/airflow/example_dags/example_short_circuit_decorator.py
[2023-02-15T22:14:43.591+0000] {logging_mixin.py:137} INFO - [2023-02-15T22:14:43.591+0000] {dag.py:2690} INFO - Sync 1 DAGs
[2023-02-15T22:14:43.627+0000] {logging_mixin.py:137} INFO - [2023-02-15T22:14:43.626+0000] {dag.py:3441} INFO - Setting next_dagrun for example_short_circuit_decorator to 2023-02-14T22:14:43.626717+00:00, run_after=2023-02-15T22:14:43.626717+00:00
[2023-02-15T22:14:43.657+0000] {processor.py:175} INFO - Processing /home/airflow/.local/lib/python3.7/site-packages/airflow/example_dags/example_short_circuit_decorator.py took 0.216 seconds
[2023-02-15T22:15:13.803+0000] {processor.py:153} INFO - Started process (PID=603) to work on /home/airflow/.local/lib/python3.7/site-packages/airflow/example_dags/example_short_circuit_decorator.py
[2023-02-15T22:15:13.811+0000] {processor.py:743} INFO - Processing file /home/airflow/.local/lib/python3.7/site-packages/airflow/example_dags/example_short_circuit_decorator.py for tasks to queue
[2023-02-15T22:15:13.812+0000] {logging_mixin.py:137} INFO - [2023-02-15T22:15:13.812+0000] {dagbag.py:538} INFO - Filling up the DagBag from /home/airflow/.local/lib/python3.7/site-packages/airflow/example_dags/example_short_circuit_decorator.py
[2023-02-15T22:15:13.900+0000] {processor.py:753} INFO - DAG(s) dict_keys(['example_short_circuit_decorator']) retrieved from /home/airflow/.local/lib/python3.7/site-packages/airflow/example_dags/example_short_circuit_decorator.py
[2023-02-15T22:15:13.985+0000] {logging_mixin.py:137} INFO - [2023-02-15T22:15:13.985+0000] {dag.py:2690} INFO - Sync 1 DAGs
[2023-02-15T22:15:14.049+0000] {logging_mixin.py:137} INFO - [2023-02-15T22:15:14.049+0000] {dag.py:3441} INFO - Setting next_dagrun for example_short_circuit_decorator to 2023-02-14T22:15:14.048773+00:00, run_after=2023-02-15T22:15:14.048773+00:00
[2023-02-15T22:15:14.108+0000] {processor.py:175} INFO - Processing /home/airflow/.local/lib/python3.7/site-packages/airflow/example_dags/example_short_circuit_decorator.py took 0.319 seconds
[2023-02-15T22:15:44.994+0000] {processor.py:153} INFO - Started process (PID=667) to work on /home/airflow/.local/lib/python3.7/site-packages/airflow/example_dags/example_short_circuit_decorator.py
[2023-02-15T22:15:45.003+0000] {processor.py:743} INFO - Processing file /home/airflow/.local/lib/python3.7/site-packages/airflow/example_dags/example_short_circuit_decorator.py for tasks to queue
[2023-02-15T22:15:45.004+0000] {logging_mixin.py:137} INFO - [2023-02-15T22:15:45.003+0000] {dagbag.py:538} INFO - Filling up the DagBag from /home/airflow/.local/lib/python3.7/site-packages/airflow/example_dags/example_short_circuit_decorator.py
[2023-02-15T22:15:45.039+0000] {processor.py:753} INFO - DAG(s) dict_keys(['example_short_circuit_decorator']) retrieved from /home/airflow/.local/lib/python3.7/site-packages/airflow/example_dags/example_short_circuit_decorator.py
[2023-02-15T22:15:45.077+0000] {logging_mixin.py:137} INFO - [2023-02-15T22:15:45.077+0000] {dag.py:2690} INFO - Sync 1 DAGs
[2023-02-15T22:15:45.114+0000] {logging_mixin.py:137} INFO - [2023-02-15T22:15:45.113+0000] {dag.py:3441} INFO - Setting next_dagrun for example_short_circuit_decorator to 2023-02-14T22:15:45.113394+00:00, run_after=2023-02-15T22:15:45.113394+00:00
[2023-02-15T22:15:45.153+0000] {processor.py:175} INFO - Processing /home/airflow/.local/lib/python3.7/site-packages/airflow/example_dags/example_short_circuit_decorator.py took 0.163 seconds
[2023-02-15T22:16:15.219+0000] {processor.py:153} INFO - Started process (PID=743) to work on /home/airflow/.local/lib/python3.7/site-packages/airflow/example_dags/example_short_circuit_decorator.py
[2023-02-15T22:16:15.223+0000] {processor.py:743} INFO - Processing file /home/airflow/.local/lib/python3.7/site-packages/airflow/example_dags/example_short_circuit_decorator.py for tasks to queue
[2023-02-15T22:16:15.224+0000] {logging_mixin.py:137} INFO - [2023-02-15T22:16:15.224+0000] {dagbag.py:538} INFO - Filling up the DagBag from /home/airflow/.local/lib/python3.7/site-packages/airflow/example_dags/example_short_circuit_decorator.py
[2023-02-15T22:16:15.291+0000] {processor.py:753} INFO - DAG(s) dict_keys(['example_short_circuit_decorator']) retrieved from /home/airflow/.local/lib/python3.7/site-packages/airflow/example_dags/example_short_circuit_decorator.py
[2023-02-15T22:16:15.370+0000] {logging_mixin.py:137} INFO - [2023-02-15T22:16:15.370+0000] {dag.py:2690} INFO - Sync 1 DAGs
[2023-02-15T22:16:15.424+0000] {logging_mixin.py:137} INFO - [2023-02-15T22:16:15.423+0000] {dag.py:3441} INFO - Setting next_dagrun for example_short_circuit_decorator to 2023-02-14T22:16:15.423651+00:00, run_after=2023-02-15T22:16:15.423651+00:00
[2023-02-15T22:16:15.449+0000] {processor.py:175} INFO - Processing /home/airflow/.local/lib/python3.7/site-packages/airflow/example_dags/example_short_circuit_decorator.py took 0.235 seconds
[2023-02-15T22:16:45.617+0000] {processor.py:153} INFO - Started process (PID=807) to work on /home/airflow/.local/lib/python3.7/site-packages/airflow/example_dags/example_short_circuit_decorator.py
[2023-02-15T22:16:45.617+0000] {processor.py:743} INFO - Processing file /home/airflow/.local/lib/python3.7/site-packages/airflow/example_dags/example_short_circuit_decorator.py for tasks to queue
[2023-02-15T22:16:45.618+0000] {logging_mixin.py:137} INFO - [2023-02-15T22:16:45.618+0000] {dagbag.py:538} INFO - Filling up the DagBag from /home/airflow/.local/lib/python3.7/site-packages/airflow/example_dags/example_short_circuit_decorator.py
[2023-02-15T22:16:45.649+0000] {processor.py:753} INFO - DAG(s) dict_keys(['example_short_circuit_decorator']) retrieved from /home/airflow/.local/lib/python3.7/site-packages/airflow/example_dags/example_short_circuit_decorator.py
[2023-02-15T22:16:45.680+0000] {logging_mixin.py:137} INFO - [2023-02-15T22:16:45.680+0000] {dag.py:2690} INFO - Sync 1 DAGs
[2023-02-15T22:16:45.715+0000] {logging_mixin.py:137} INFO - [2023-02-15T22:16:45.715+0000] {dag.py:3441} INFO - Setting next_dagrun for example_short_circuit_decorator to 2023-02-14T22:16:45.712911+00:00, run_after=2023-02-15T22:16:45.712911+00:00
[2023-02-15T22:16:45.741+0000] {processor.py:175} INFO - Processing /home/airflow/.local/lib/python3.7/site-packages/airflow/example_dags/example_short_circuit_decorator.py took 0.129 seconds
[2023-02-15T22:17:16.350+0000] {processor.py:153} INFO - Started process (PID=871) to work on /home/airflow/.local/lib/python3.7/site-packages/airflow/example_dags/example_short_circuit_decorator.py
[2023-02-15T22:17:16.352+0000] {processor.py:743} INFO - Processing file /home/airflow/.local/lib/python3.7/site-packages/airflow/example_dags/example_short_circuit_decorator.py for tasks to queue
[2023-02-15T22:17:16.353+0000] {logging_mixin.py:137} INFO - [2023-02-15T22:17:16.352+0000] {dagbag.py:538} INFO - Filling up the DagBag from /home/airflow/.local/lib/python3.7/site-packages/airflow/example_dags/example_short_circuit_decorator.py
[2023-02-15T22:17:16.388+0000] {processor.py:753} INFO - DAG(s) dict_keys(['example_short_circuit_decorator']) retrieved from /home/airflow/.local/lib/python3.7/site-packages/airflow/example_dags/example_short_circuit_decorator.py
[2023-02-15T22:17:16.421+0000] {logging_mixin.py:137} INFO - [2023-02-15T22:17:16.420+0000] {dag.py:2690} INFO - Sync 1 DAGs
[2023-02-15T22:17:16.460+0000] {logging_mixin.py:137} INFO - [2023-02-15T22:17:16.460+0000] {dag.py:3441} INFO - Setting next_dagrun for example_short_circuit_decorator to 2023-02-14T22:17:16.460040+00:00, run_after=2023-02-15T22:17:16.460040+00:00
[2023-02-15T22:17:16.490+0000] {processor.py:175} INFO - Processing /home/airflow/.local/lib/python3.7/site-packages/airflow/example_dags/example_short_circuit_decorator.py took 0.143 seconds
[2023-02-15T22:17:47.019+0000] {processor.py:153} INFO - Started process (PID=946) to work on /home/airflow/.local/lib/python3.7/site-packages/airflow/example_dags/example_short_circuit_decorator.py
[2023-02-15T22:17:47.022+0000] {processor.py:743} INFO - Processing file /home/airflow/.local/lib/python3.7/site-packages/airflow/example_dags/example_short_circuit_decorator.py for tasks to queue
[2023-02-15T22:17:47.023+0000] {logging_mixin.py:137} INFO - [2023-02-15T22:17:47.023+0000] {dagbag.py:538} INFO - Filling up the DagBag from /home/airflow/.local/lib/python3.7/site-packages/airflow/example_dags/example_short_circuit_decorator.py
[2023-02-15T22:17:47.075+0000] {processor.py:753} INFO - DAG(s) dict_keys(['example_short_circuit_decorator']) retrieved from /home/airflow/.local/lib/python3.7/site-packages/airflow/example_dags/example_short_circuit_decorator.py
[2023-02-15T22:17:47.133+0000] {logging_mixin.py:137} INFO - [2023-02-15T22:17:47.133+0000] {dag.py:2690} INFO - Sync 1 DAGs
[2023-02-15T22:17:47.211+0000] {logging_mixin.py:137} INFO - [2023-02-15T22:17:47.211+0000] {dag.py:3441} INFO - Setting next_dagrun for example_short_circuit_decorator to 2023-02-14T22:17:47.211282+00:00, run_after=2023-02-15T22:17:47.211282+00:00
[2023-02-15T22:17:47.248+0000] {processor.py:175} INFO - Processing /home/airflow/.local/lib/python3.7/site-packages/airflow/example_dags/example_short_circuit_decorator.py took 0.232 seconds
[2023-02-15T22:18:17.589+0000] {processor.py:153} INFO - Started process (PID=1010) to work on /home/airflow/.local/lib/python3.7/site-packages/airflow/example_dags/example_short_circuit_decorator.py
[2023-02-15T22:18:17.590+0000] {processor.py:743} INFO - Processing file /home/airflow/.local/lib/python3.7/site-packages/airflow/example_dags/example_short_circuit_decorator.py for tasks to queue
[2023-02-15T22:18:17.591+0000] {logging_mixin.py:137} INFO - [2023-02-15T22:18:17.591+0000] {dagbag.py:538} INFO - Filling up the DagBag from /home/airflow/.local/lib/python3.7/site-packages/airflow/example_dags/example_short_circuit_decorator.py
[2023-02-15T22:18:17.626+0000] {processor.py:753} INFO - DAG(s) dict_keys(['example_short_circuit_decorator']) retrieved from /home/airflow/.local/lib/python3.7/site-packages/airflow/example_dags/example_short_circuit_decorator.py
[2023-02-15T22:18:17.658+0000] {logging_mixin.py:137} INFO - [2023-02-15T22:18:17.657+0000] {dag.py:2690} INFO - Sync 1 DAGs
[2023-02-15T22:18:17.691+0000] {logging_mixin.py:137} INFO - [2023-02-15T22:18:17.690+0000] {dag.py:3441} INFO - Setting next_dagrun for example_short_circuit_decorator to 2023-02-14T22:18:17.690510+00:00, run_after=2023-02-15T22:18:17.690510+00:00
[2023-02-15T22:18:17.718+0000] {processor.py:175} INFO - Processing /home/airflow/.local/lib/python3.7/site-packages/airflow/example_dags/example_short_circuit_decorator.py took 0.133 seconds
[2023-02-15T22:18:48.266+0000] {processor.py:153} INFO - Started process (PID=1072) to work on /home/airflow/.local/lib/python3.7/site-packages/airflow/example_dags/example_short_circuit_decorator.py
[2023-02-15T22:18:48.268+0000] {processor.py:743} INFO - Processing file /home/airflow/.local/lib/python3.7/site-packages/airflow/example_dags/example_short_circuit_decorator.py for tasks to queue
[2023-02-15T22:18:48.269+0000] {logging_mixin.py:137} INFO - [2023-02-15T22:18:48.269+0000] {dagbag.py:538} INFO - Filling up the DagBag from /home/airflow/.local/lib/python3.7/site-packages/airflow/example_dags/example_short_circuit_decorator.py
[2023-02-15T22:18:48.324+0000] {processor.py:753} INFO - DAG(s) dict_keys(['example_short_circuit_decorator']) retrieved from /home/airflow/.local/lib/python3.7/site-packages/airflow/example_dags/example_short_circuit_decorator.py
[2023-02-15T22:18:48.364+0000] {logging_mixin.py:137} INFO - [2023-02-15T22:18:48.364+0000] {dag.py:2690} INFO - Sync 1 DAGs
[2023-02-15T22:18:48.397+0000] {logging_mixin.py:137} INFO - [2023-02-15T22:18:48.397+0000] {dag.py:3441} INFO - Setting next_dagrun for example_short_circuit_decorator to 2023-02-14T22:18:48.397454+00:00, run_after=2023-02-15T22:18:48.397454+00:00
[2023-02-15T22:18:48.430+0000] {processor.py:175} INFO - Processing /home/airflow/.local/lib/python3.7/site-packages/airflow/example_dags/example_short_circuit_decorator.py took 0.168 seconds
[2023-02-15T22:19:18.566+0000] {processor.py:153} INFO - Started process (PID=1145) to work on /home/airflow/.local/lib/python3.7/site-packages/airflow/example_dags/example_short_circuit_decorator.py
[2023-02-15T22:19:18.566+0000] {processor.py:743} INFO - Processing file /home/airflow/.local/lib/python3.7/site-packages/airflow/example_dags/example_short_circuit_decorator.py for tasks to queue
[2023-02-15T22:19:18.567+0000] {logging_mixin.py:137} INFO - [2023-02-15T22:19:18.567+0000] {dagbag.py:538} INFO - Filling up the DagBag from /home/airflow/.local/lib/python3.7/site-packages/airflow/example_dags/example_short_circuit_decorator.py
[2023-02-15T22:19:18.604+0000] {processor.py:753} INFO - DAG(s) dict_keys(['example_short_circuit_decorator']) retrieved from /home/airflow/.local/lib/python3.7/site-packages/airflow/example_dags/example_short_circuit_decorator.py
[2023-02-15T22:19:18.638+0000] {logging_mixin.py:137} INFO - [2023-02-15T22:19:18.637+0000] {dag.py:2690} INFO - Sync 1 DAGs
[2023-02-15T22:19:18.673+0000] {logging_mixin.py:137} INFO - [2023-02-15T22:19:18.673+0000] {dag.py:3441} INFO - Setting next_dagrun for example_short_circuit_decorator to 2023-02-14T22:19:18.672730+00:00, run_after=2023-02-15T22:19:18.672730+00:00
[2023-02-15T22:19:18.699+0000] {processor.py:175} INFO - Processing /home/airflow/.local/lib/python3.7/site-packages/airflow/example_dags/example_short_circuit_decorator.py took 0.137 seconds
[2023-02-15T22:19:49.313+0000] {processor.py:153} INFO - Started process (PID=1211) to work on /home/airflow/.local/lib/python3.7/site-packages/airflow/example_dags/example_short_circuit_decorator.py
[2023-02-15T22:19:49.320+0000] {processor.py:743} INFO - Processing file /home/airflow/.local/lib/python3.7/site-packages/airflow/example_dags/example_short_circuit_decorator.py for tasks to queue
[2023-02-15T22:19:49.321+0000] {logging_mixin.py:137} INFO - [2023-02-15T22:19:49.321+0000] {dagbag.py:538} INFO - Filling up the DagBag from /home/airflow/.local/lib/python3.7/site-packages/airflow/example_dags/example_short_circuit_decorator.py
[2023-02-15T22:19:49.350+0000] {processor.py:753} INFO - DAG(s) dict_keys(['example_short_circuit_decorator']) retrieved from /home/airflow/.local/lib/python3.7/site-packages/airflow/example_dags/example_short_circuit_decorator.py
[2023-02-15T22:19:49.379+0000] {logging_mixin.py:137} INFO - [2023-02-15T22:19:49.379+0000] {dag.py:2690} INFO - Sync 1 DAGs
[2023-02-15T22:19:49.410+0000] {logging_mixin.py:137} INFO - [2023-02-15T22:19:49.410+0000] {dag.py:3441} INFO - Setting next_dagrun for example_short_circuit_decorator to 2023-02-14T22:19:49.410050+00:00, run_after=2023-02-15T22:19:49.410050+00:00
[2023-02-15T22:19:49.431+0000] {processor.py:175} INFO - Processing /home/airflow/.local/lib/python3.7/site-packages/airflow/example_dags/example_short_circuit_decorator.py took 0.122 seconds
[2023-02-15T22:20:19.536+0000] {processor.py:153} INFO - Started process (PID=1273) to work on /home/airflow/.local/lib/python3.7/site-packages/airflow/example_dags/example_short_circuit_decorator.py
[2023-02-15T22:20:19.537+0000] {processor.py:743} INFO - Processing file /home/airflow/.local/lib/python3.7/site-packages/airflow/example_dags/example_short_circuit_decorator.py for tasks to queue
[2023-02-15T22:20:19.537+0000] {logging_mixin.py:137} INFO - [2023-02-15T22:20:19.537+0000] {dagbag.py:538} INFO - Filling up the DagBag from /home/airflow/.local/lib/python3.7/site-packages/airflow/example_dags/example_short_circuit_decorator.py
[2023-02-15T22:20:19.571+0000] {processor.py:753} INFO - DAG(s) dict_keys(['example_short_circuit_decorator']) retrieved from /home/airflow/.local/lib/python3.7/site-packages/airflow/example_dags/example_short_circuit_decorator.py
[2023-02-15T22:20:19.604+0000] {logging_mixin.py:137} INFO - [2023-02-15T22:20:19.604+0000] {dag.py:2690} INFO - Sync 1 DAGs
[2023-02-15T22:20:19.635+0000] {logging_mixin.py:137} INFO - [2023-02-15T22:20:19.635+0000] {dag.py:3441} INFO - Setting next_dagrun for example_short_circuit_decorator to 2023-02-14T22:20:19.635034+00:00, run_after=2023-02-15T22:20:19.635034+00:00
[2023-02-15T22:20:19.668+0000] {processor.py:175} INFO - Processing /home/airflow/.local/lib/python3.7/site-packages/airflow/example_dags/example_short_circuit_decorator.py took 0.135 seconds
[2023-02-15T22:20:50.053+0000] {processor.py:153} INFO - Started process (PID=1345) to work on /home/airflow/.local/lib/python3.7/site-packages/airflow/example_dags/example_short_circuit_decorator.py
[2023-02-15T22:20:50.062+0000] {processor.py:743} INFO - Processing file /home/airflow/.local/lib/python3.7/site-packages/airflow/example_dags/example_short_circuit_decorator.py for tasks to queue
[2023-02-15T22:20:50.063+0000] {logging_mixin.py:137} INFO - [2023-02-15T22:20:50.062+0000] {dagbag.py:538} INFO - Filling up the DagBag from /home/airflow/.local/lib/python3.7/site-packages/airflow/example_dags/example_short_circuit_decorator.py
[2023-02-15T22:20:50.098+0000] {processor.py:753} INFO - DAG(s) dict_keys(['example_short_circuit_decorator']) retrieved from /home/airflow/.local/lib/python3.7/site-packages/airflow/example_dags/example_short_circuit_decorator.py
[2023-02-15T22:20:50.148+0000] {logging_mixin.py:137} INFO - [2023-02-15T22:20:50.148+0000] {dag.py:2690} INFO - Sync 1 DAGs
[2023-02-15T22:20:50.198+0000] {logging_mixin.py:137} INFO - [2023-02-15T22:20:50.198+0000] {dag.py:3441} INFO - Setting next_dagrun for example_short_circuit_decorator to 2023-02-14T22:20:50.196657+00:00, run_after=2023-02-15T22:20:50.196657+00:00
[2023-02-15T22:20:50.238+0000] {processor.py:175} INFO - Processing /home/airflow/.local/lib/python3.7/site-packages/airflow/example_dags/example_short_circuit_decorator.py took 0.189 seconds
[2023-02-15T22:21:20.806+0000] {processor.py:153} INFO - Started process (PID=1411) to work on /home/airflow/.local/lib/python3.7/site-packages/airflow/example_dags/example_short_circuit_decorator.py
[2023-02-15T22:21:20.807+0000] {processor.py:743} INFO - Processing file /home/airflow/.local/lib/python3.7/site-packages/airflow/example_dags/example_short_circuit_decorator.py for tasks to queue
[2023-02-15T22:21:20.808+0000] {logging_mixin.py:137} INFO - [2023-02-15T22:21:20.808+0000] {dagbag.py:538} INFO - Filling up the DagBag from /home/airflow/.local/lib/python3.7/site-packages/airflow/example_dags/example_short_circuit_decorator.py
[2023-02-15T22:21:20.839+0000] {processor.py:753} INFO - DAG(s) dict_keys(['example_short_circuit_decorator']) retrieved from /home/airflow/.local/lib/python3.7/site-packages/airflow/example_dags/example_short_circuit_decorator.py
[2023-02-15T22:21:20.874+0000] {logging_mixin.py:137} INFO - [2023-02-15T22:21:20.874+0000] {dag.py:2690} INFO - Sync 1 DAGs
[2023-02-15T22:21:20.906+0000] {logging_mixin.py:137} INFO - [2023-02-15T22:21:20.905+0000] {dag.py:3441} INFO - Setting next_dagrun for example_short_circuit_decorator to 2023-02-14T22:21:20.905462+00:00, run_after=2023-02-15T22:21:20.905462+00:00
[2023-02-15T22:21:20.937+0000] {processor.py:175} INFO - Processing /home/airflow/.local/lib/python3.7/site-packages/airflow/example_dags/example_short_circuit_decorator.py took 0.135 seconds
[2023-02-15T22:21:51.038+0000] {processor.py:153} INFO - Started process (PID=1476) to work on /home/airflow/.local/lib/python3.7/site-packages/airflow/example_dags/example_short_circuit_decorator.py
[2023-02-15T22:21:51.044+0000] {processor.py:743} INFO - Processing file /home/airflow/.local/lib/python3.7/site-packages/airflow/example_dags/example_short_circuit_decorator.py for tasks to queue
[2023-02-15T22:21:51.045+0000] {logging_mixin.py:137} INFO - [2023-02-15T22:21:51.045+0000] {dagbag.py:538} INFO - Filling up the DagBag from /home/airflow/.local/lib/python3.7/site-packages/airflow/example_dags/example_short_circuit_decorator.py
[2023-02-15T22:21:51.075+0000] {processor.py:753} INFO - DAG(s) dict_keys(['example_short_circuit_decorator']) retrieved from /home/airflow/.local/lib/python3.7/site-packages/airflow/example_dags/example_short_circuit_decorator.py
[2023-02-15T22:21:51.110+0000] {logging_mixin.py:137} INFO - [2023-02-15T22:21:51.109+0000] {dag.py:2690} INFO - Sync 1 DAGs
[2023-02-15T22:21:51.139+0000] {logging_mixin.py:137} INFO - [2023-02-15T22:21:51.139+0000] {dag.py:3441} INFO - Setting next_dagrun for example_short_circuit_decorator to 2023-02-14T22:21:51.139445+00:00, run_after=2023-02-15T22:21:51.139445+00:00
[2023-02-15T22:21:51.165+0000] {processor.py:175} INFO - Processing /home/airflow/.local/lib/python3.7/site-packages/airflow/example_dags/example_short_circuit_decorator.py took 0.130 seconds
[2023-02-15T22:22:21.194+0000] {processor.py:153} INFO - Started process (PID=1549) to work on /home/airflow/.local/lib/python3.7/site-packages/airflow/example_dags/example_short_circuit_decorator.py
[2023-02-15T22:22:21.195+0000] {processor.py:743} INFO - Processing file /home/airflow/.local/lib/python3.7/site-packages/airflow/example_dags/example_short_circuit_decorator.py for tasks to queue
[2023-02-15T22:22:21.196+0000] {logging_mixin.py:137} INFO - [2023-02-15T22:22:21.196+0000] {dagbag.py:538} INFO - Filling up the DagBag from /home/airflow/.local/lib/python3.7/site-packages/airflow/example_dags/example_short_circuit_decorator.py
[2023-02-15T22:22:21.225+0000] {processor.py:753} INFO - DAG(s) dict_keys(['example_short_circuit_decorator']) retrieved from /home/airflow/.local/lib/python3.7/site-packages/airflow/example_dags/example_short_circuit_decorator.py
[2023-02-15T22:22:21.255+0000] {logging_mixin.py:137} INFO - [2023-02-15T22:22:21.255+0000] {dag.py:2690} INFO - Sync 1 DAGs
[2023-02-15T22:22:21.287+0000] {logging_mixin.py:137} INFO - [2023-02-15T22:22:21.286+0000] {dag.py:3441} INFO - Setting next_dagrun for example_short_circuit_decorator to 2023-02-14T22:22:21.286654+00:00, run_after=2023-02-15T22:22:21.286654+00:00
[2023-02-15T22:22:21.311+0000] {processor.py:175} INFO - Processing /home/airflow/.local/lib/python3.7/site-packages/airflow/example_dags/example_short_circuit_decorator.py took 0.121 seconds
[2023-02-15T22:22:51.551+0000] {processor.py:153} INFO - Started process (PID=1615) to work on /home/airflow/.local/lib/python3.7/site-packages/airflow/example_dags/example_short_circuit_decorator.py
[2023-02-15T22:22:51.561+0000] {processor.py:743} INFO - Processing file /home/airflow/.local/lib/python3.7/site-packages/airflow/example_dags/example_short_circuit_decorator.py for tasks to queue
[2023-02-15T22:22:51.562+0000] {logging_mixin.py:137} INFO - [2023-02-15T22:22:51.562+0000] {dagbag.py:538} INFO - Filling up the DagBag from /home/airflow/.local/lib/python3.7/site-packages/airflow/example_dags/example_short_circuit_decorator.py
[2023-02-15T22:22:51.589+0000] {processor.py:753} INFO - DAG(s) dict_keys(['example_short_circuit_decorator']) retrieved from /home/airflow/.local/lib/python3.7/site-packages/airflow/example_dags/example_short_circuit_decorator.py
[2023-02-15T22:22:51.623+0000] {logging_mixin.py:137} INFO - [2023-02-15T22:22:51.623+0000] {dag.py:2690} INFO - Sync 1 DAGs
[2023-02-15T22:22:51.652+0000] {logging_mixin.py:137} INFO - [2023-02-15T22:22:51.652+0000] {dag.py:3441} INFO - Setting next_dagrun for example_short_circuit_decorator to 2023-02-14T22:22:51.651774+00:00, run_after=2023-02-15T22:22:51.651774+00:00
[2023-02-15T22:22:51.675+0000] {processor.py:175} INFO - Processing /home/airflow/.local/lib/python3.7/site-packages/airflow/example_dags/example_short_circuit_decorator.py took 0.127 seconds
[2023-02-15T22:23:22.027+0000] {processor.py:153} INFO - Started process (PID=1679) to work on /home/airflow/.local/lib/python3.7/site-packages/airflow/example_dags/example_short_circuit_decorator.py
[2023-02-15T22:23:22.033+0000] {processor.py:743} INFO - Processing file /home/airflow/.local/lib/python3.7/site-packages/airflow/example_dags/example_short_circuit_decorator.py for tasks to queue
[2023-02-15T22:23:22.034+0000] {logging_mixin.py:137} INFO - [2023-02-15T22:23:22.034+0000] {dagbag.py:538} INFO - Filling up the DagBag from /home/airflow/.local/lib/python3.7/site-packages/airflow/example_dags/example_short_circuit_decorator.py
[2023-02-15T22:23:22.065+0000] {processor.py:753} INFO - DAG(s) dict_keys(['example_short_circuit_decorator']) retrieved from /home/airflow/.local/lib/python3.7/site-packages/airflow/example_dags/example_short_circuit_decorator.py
[2023-02-15T22:23:22.100+0000] {logging_mixin.py:137} INFO - [2023-02-15T22:23:22.099+0000] {dag.py:2690} INFO - Sync 1 DAGs
[2023-02-15T22:23:22.132+0000] {logging_mixin.py:137} INFO - [2023-02-15T22:23:22.131+0000] {dag.py:3441} INFO - Setting next_dagrun for example_short_circuit_decorator to 2023-02-14T22:23:22.131559+00:00, run_after=2023-02-15T22:23:22.131559+00:00
[2023-02-15T22:23:22.154+0000] {processor.py:175} INFO - Processing /home/airflow/.local/lib/python3.7/site-packages/airflow/example_dags/example_short_circuit_decorator.py took 0.131 seconds
