[2023-02-15T22:10:51.588+0000] {processor.py:153} INFO - Started process (PID=74) to work on /home/airflow/.local/lib/python3.7/site-packages/airflow/example_dags/example_short_circuit_operator.py
[2023-02-15T22:10:51.589+0000] {processor.py:743} INFO - Processing file /home/airflow/.local/lib/python3.7/site-packages/airflow/example_dags/example_short_circuit_operator.py for tasks to queue
[2023-02-15T22:10:51.589+0000] {logging_mixin.py:137} INFO - [2023-02-15T22:10:51.589+0000] {dagbag.py:538} INFO - Filling up the DagBag from /home/airflow/.local/lib/python3.7/site-packages/airflow/example_dags/example_short_circuit_operator.py
[2023-02-15T22:10:51.652+0000] {processor.py:753} INFO - DAG(s) dict_keys(['example_short_circuit_operator']) retrieved from /home/airflow/.local/lib/python3.7/site-packages/airflow/example_dags/example_short_circuit_operator.py
[2023-02-15T22:10:52.152+0000] {logging_mixin.py:137} INFO - [2023-02-15T22:10:52.152+0000] {dag.py:2690} INFO - Sync 1 DAGs
[2023-02-15T22:10:53.045+0000] {logging_mixin.py:137} INFO - [2023-02-15T22:10:53.045+0000] {dag.py:3441} INFO - Setting next_dagrun for example_short_circuit_operator to 2023-02-14T22:10:53.045491+00:00, run_after=2023-02-15T22:10:53.045491+00:00
[2023-02-15T22:10:53.201+0000] {processor.py:175} INFO - Processing /home/airflow/.local/lib/python3.7/site-packages/airflow/example_dags/example_short_circuit_operator.py took 1.628 seconds
[2023-02-15T22:11:24.214+0000] {processor.py:153} INFO - Started process (PID=136) to work on /home/airflow/.local/lib/python3.7/site-packages/airflow/example_dags/example_short_circuit_operator.py
[2023-02-15T22:11:24.217+0000] {processor.py:743} INFO - Processing file /home/airflow/.local/lib/python3.7/site-packages/airflow/example_dags/example_short_circuit_operator.py for tasks to queue
[2023-02-15T22:11:24.217+0000] {logging_mixin.py:137} INFO - [2023-02-15T22:11:24.217+0000] {dagbag.py:538} INFO - Filling up the DagBag from /home/airflow/.local/lib/python3.7/site-packages/airflow/example_dags/example_short_circuit_operator.py
[2023-02-15T22:11:24.278+0000] {processor.py:753} INFO - DAG(s) dict_keys(['example_short_circuit_operator']) retrieved from /home/airflow/.local/lib/python3.7/site-packages/airflow/example_dags/example_short_circuit_operator.py
[2023-02-15T22:11:24.374+0000] {logging_mixin.py:137} INFO - [2023-02-15T22:11:24.374+0000] {dag.py:2690} INFO - Sync 1 DAGs
[2023-02-15T22:11:24.489+0000] {logging_mixin.py:137} INFO - [2023-02-15T22:11:24.489+0000] {dag.py:3441} INFO - Setting next_dagrun for example_short_circuit_operator to 2023-02-14T22:11:24.489309+00:00, run_after=2023-02-15T22:11:24.489309+00:00
[2023-02-15T22:11:24.609+0000] {processor.py:175} INFO - Processing /home/airflow/.local/lib/python3.7/site-packages/airflow/example_dags/example_short_circuit_operator.py took 0.428 seconds
[2023-02-15T22:11:54.650+0000] {processor.py:153} INFO - Started process (PID=190) to work on /home/airflow/.local/lib/python3.7/site-packages/airflow/example_dags/example_short_circuit_operator.py
[2023-02-15T22:11:54.651+0000] {processor.py:743} INFO - Processing file /home/airflow/.local/lib/python3.7/site-packages/airflow/example_dags/example_short_circuit_operator.py for tasks to queue
[2023-02-15T22:11:54.651+0000] {logging_mixin.py:137} INFO - [2023-02-15T22:11:54.651+0000] {dagbag.py:538} INFO - Filling up the DagBag from /home/airflow/.local/lib/python3.7/site-packages/airflow/example_dags/example_short_circuit_operator.py
[2023-02-15T22:11:54.696+0000] {processor.py:753} INFO - DAG(s) dict_keys(['example_short_circuit_operator']) retrieved from /home/airflow/.local/lib/python3.7/site-packages/airflow/example_dags/example_short_circuit_operator.py
[2023-02-15T22:11:54.767+0000] {logging_mixin.py:137} INFO - [2023-02-15T22:11:54.767+0000] {dag.py:2690} INFO - Sync 1 DAGs
[2023-02-15T22:11:54.834+0000] {logging_mixin.py:137} INFO - [2023-02-15T22:11:54.834+0000] {dag.py:3441} INFO - Setting next_dagrun for example_short_circuit_operator to 2023-02-14T22:11:54.834095+00:00, run_after=2023-02-15T22:11:54.834095+00:00
[2023-02-15T22:11:54.990+0000] {processor.py:175} INFO - Processing /home/airflow/.local/lib/python3.7/site-packages/airflow/example_dags/example_short_circuit_operator.py took 0.344 seconds
[2023-02-15T22:12:25.901+0000] {processor.py:153} INFO - Started process (PID=252) to work on /home/airflow/.local/lib/python3.7/site-packages/airflow/example_dags/example_short_circuit_operator.py
[2023-02-15T22:12:25.923+0000] {processor.py:743} INFO - Processing file /home/airflow/.local/lib/python3.7/site-packages/airflow/example_dags/example_short_circuit_operator.py for tasks to queue
[2023-02-15T22:12:25.924+0000] {logging_mixin.py:137} INFO - [2023-02-15T22:12:25.924+0000] {dagbag.py:538} INFO - Filling up the DagBag from /home/airflow/.local/lib/python3.7/site-packages/airflow/example_dags/example_short_circuit_operator.py
[2023-02-15T22:12:25.962+0000] {processor.py:753} INFO - DAG(s) dict_keys(['example_short_circuit_operator']) retrieved from /home/airflow/.local/lib/python3.7/site-packages/airflow/example_dags/example_short_circuit_operator.py
[2023-02-15T22:12:26.041+0000] {logging_mixin.py:137} INFO - [2023-02-15T22:12:26.041+0000] {dag.py:2690} INFO - Sync 1 DAGs
[2023-02-15T22:12:26.123+0000] {logging_mixin.py:137} INFO - [2023-02-15T22:12:26.123+0000] {dag.py:3441} INFO - Setting next_dagrun for example_short_circuit_operator to 2023-02-14T22:12:26.122963+00:00, run_after=2023-02-15T22:12:26.122963+00:00
[2023-02-15T22:12:26.215+0000] {processor.py:175} INFO - Processing /home/airflow/.local/lib/python3.7/site-packages/airflow/example_dags/example_short_circuit_operator.py took 0.329 seconds
[2023-02-15T22:12:56.568+0000] {processor.py:153} INFO - Started process (PID=303) to work on /home/airflow/.local/lib/python3.7/site-packages/airflow/example_dags/example_short_circuit_operator.py
[2023-02-15T22:12:56.569+0000] {processor.py:743} INFO - Processing file /home/airflow/.local/lib/python3.7/site-packages/airflow/example_dags/example_short_circuit_operator.py for tasks to queue
[2023-02-15T22:12:56.581+0000] {logging_mixin.py:137} INFO - [2023-02-15T22:12:56.581+0000] {dagbag.py:538} INFO - Filling up the DagBag from /home/airflow/.local/lib/python3.7/site-packages/airflow/example_dags/example_short_circuit_operator.py
[2023-02-15T22:12:56.647+0000] {processor.py:753} INFO - DAG(s) dict_keys(['example_short_circuit_operator']) retrieved from /home/airflow/.local/lib/python3.7/site-packages/airflow/example_dags/example_short_circuit_operator.py
[2023-02-15T22:12:56.730+0000] {logging_mixin.py:137} INFO - [2023-02-15T22:12:56.730+0000] {dag.py:2690} INFO - Sync 1 DAGs
[2023-02-15T22:12:56.861+0000] {logging_mixin.py:137} INFO - [2023-02-15T22:12:56.860+0000] {dag.py:3441} INFO - Setting next_dagrun for example_short_circuit_operator to 2023-02-14T22:12:56.860600+00:00, run_after=2023-02-15T22:12:56.860600+00:00
[2023-02-15T22:12:57.004+0000] {processor.py:175} INFO - Processing /home/airflow/.local/lib/python3.7/site-packages/airflow/example_dags/example_short_circuit_operator.py took 0.455 seconds
[2023-02-15T22:13:27.058+0000] {processor.py:153} INFO - Started process (PID=368) to work on /home/airflow/.local/lib/python3.7/site-packages/airflow/example_dags/example_short_circuit_operator.py
[2023-02-15T22:13:27.062+0000] {processor.py:743} INFO - Processing file /home/airflow/.local/lib/python3.7/site-packages/airflow/example_dags/example_short_circuit_operator.py for tasks to queue
[2023-02-15T22:13:27.069+0000] {logging_mixin.py:137} INFO - [2023-02-15T22:13:27.069+0000] {dagbag.py:538} INFO - Filling up the DagBag from /home/airflow/.local/lib/python3.7/site-packages/airflow/example_dags/example_short_circuit_operator.py
[2023-02-15T22:13:27.119+0000] {processor.py:753} INFO - DAG(s) dict_keys(['example_short_circuit_operator']) retrieved from /home/airflow/.local/lib/python3.7/site-packages/airflow/example_dags/example_short_circuit_operator.py
[2023-02-15T22:13:27.188+0000] {logging_mixin.py:137} INFO - [2023-02-15T22:13:27.188+0000] {dag.py:2690} INFO - Sync 1 DAGs
[2023-02-15T22:13:27.282+0000] {logging_mixin.py:137} INFO - [2023-02-15T22:13:27.282+0000] {dag.py:3441} INFO - Setting next_dagrun for example_short_circuit_operator to 2023-02-14T22:13:27.282103+00:00, run_after=2023-02-15T22:13:27.282103+00:00
[2023-02-15T22:13:27.364+0000] {processor.py:175} INFO - Processing /home/airflow/.local/lib/python3.7/site-packages/airflow/example_dags/example_short_circuit_operator.py took 0.309 seconds
[2023-02-15T22:13:57.502+0000] {processor.py:153} INFO - Started process (PID=431) to work on /home/airflow/.local/lib/python3.7/site-packages/airflow/example_dags/example_short_circuit_operator.py
[2023-02-15T22:13:57.502+0000] {processor.py:743} INFO - Processing file /home/airflow/.local/lib/python3.7/site-packages/airflow/example_dags/example_short_circuit_operator.py for tasks to queue
[2023-02-15T22:13:57.503+0000] {logging_mixin.py:137} INFO - [2023-02-15T22:13:57.503+0000] {dagbag.py:538} INFO - Filling up the DagBag from /home/airflow/.local/lib/python3.7/site-packages/airflow/example_dags/example_short_circuit_operator.py
[2023-02-15T22:13:57.530+0000] {processor.py:753} INFO - DAG(s) dict_keys(['example_short_circuit_operator']) retrieved from /home/airflow/.local/lib/python3.7/site-packages/airflow/example_dags/example_short_circuit_operator.py
[2023-02-15T22:13:57.562+0000] {logging_mixin.py:137} INFO - [2023-02-15T22:13:57.562+0000] {dag.py:2690} INFO - Sync 1 DAGs
[2023-02-15T22:13:57.627+0000] {logging_mixin.py:137} INFO - [2023-02-15T22:13:57.627+0000] {dag.py:3441} INFO - Setting next_dagrun for example_short_circuit_operator to 2023-02-14T22:13:57.626692+00:00, run_after=2023-02-15T22:13:57.626692+00:00
[2023-02-15T22:13:57.656+0000] {processor.py:175} INFO - Processing /home/airflow/.local/lib/python3.7/site-packages/airflow/example_dags/example_short_circuit_operator.py took 0.159 seconds
[2023-02-15T22:14:27.700+0000] {processor.py:153} INFO - Started process (PID=494) to work on /home/airflow/.local/lib/python3.7/site-packages/airflow/example_dags/example_short_circuit_operator.py
[2023-02-15T22:14:27.701+0000] {processor.py:743} INFO - Processing file /home/airflow/.local/lib/python3.7/site-packages/airflow/example_dags/example_short_circuit_operator.py for tasks to queue
[2023-02-15T22:14:27.702+0000] {logging_mixin.py:137} INFO - [2023-02-15T22:14:27.702+0000] {dagbag.py:538} INFO - Filling up the DagBag from /home/airflow/.local/lib/python3.7/site-packages/airflow/example_dags/example_short_circuit_operator.py
[2023-02-15T22:14:27.719+0000] {processor.py:753} INFO - DAG(s) dict_keys(['example_short_circuit_operator']) retrieved from /home/airflow/.local/lib/python3.7/site-packages/airflow/example_dags/example_short_circuit_operator.py
[2023-02-15T22:14:27.749+0000] {logging_mixin.py:137} INFO - [2023-02-15T22:14:27.749+0000] {dag.py:2690} INFO - Sync 1 DAGs
[2023-02-15T22:14:27.779+0000] {logging_mixin.py:137} INFO - [2023-02-15T22:14:27.779+0000] {dag.py:3441} INFO - Setting next_dagrun for example_short_circuit_operator to 2023-02-14T22:14:27.779082+00:00, run_after=2023-02-15T22:14:27.779082+00:00
[2023-02-15T22:14:27.807+0000] {processor.py:175} INFO - Processing /home/airflow/.local/lib/python3.7/site-packages/airflow/example_dags/example_short_circuit_operator.py took 0.113 seconds
[2023-02-15T22:14:58.008+0000] {processor.py:153} INFO - Started process (PID=571) to work on /home/airflow/.local/lib/python3.7/site-packages/airflow/example_dags/example_short_circuit_operator.py
[2023-02-15T22:14:58.009+0000] {processor.py:743} INFO - Processing file /home/airflow/.local/lib/python3.7/site-packages/airflow/example_dags/example_short_circuit_operator.py for tasks to queue
[2023-02-15T22:14:58.010+0000] {logging_mixin.py:137} INFO - [2023-02-15T22:14:58.009+0000] {dagbag.py:538} INFO - Filling up the DagBag from /home/airflow/.local/lib/python3.7/site-packages/airflow/example_dags/example_short_circuit_operator.py
[2023-02-15T22:14:58.029+0000] {processor.py:753} INFO - DAG(s) dict_keys(['example_short_circuit_operator']) retrieved from /home/airflow/.local/lib/python3.7/site-packages/airflow/example_dags/example_short_circuit_operator.py
[2023-02-15T22:14:58.059+0000] {logging_mixin.py:137} INFO - [2023-02-15T22:14:58.059+0000] {dag.py:2690} INFO - Sync 1 DAGs
[2023-02-15T22:14:58.088+0000] {logging_mixin.py:137} INFO - [2023-02-15T22:14:58.088+0000] {dag.py:3441} INFO - Setting next_dagrun for example_short_circuit_operator to 2023-02-14T22:14:58.088422+00:00, run_after=2023-02-15T22:14:58.088422+00:00
[2023-02-15T22:14:58.111+0000] {processor.py:175} INFO - Processing /home/airflow/.local/lib/python3.7/site-packages/airflow/example_dags/example_short_circuit_operator.py took 0.107 seconds
[2023-02-15T22:15:28.525+0000] {processor.py:153} INFO - Started process (PID=635) to work on /home/airflow/.local/lib/python3.7/site-packages/airflow/example_dags/example_short_circuit_operator.py
[2023-02-15T22:15:28.527+0000] {processor.py:743} INFO - Processing file /home/airflow/.local/lib/python3.7/site-packages/airflow/example_dags/example_short_circuit_operator.py for tasks to queue
[2023-02-15T22:15:28.528+0000] {logging_mixin.py:137} INFO - [2023-02-15T22:15:28.528+0000] {dagbag.py:538} INFO - Filling up the DagBag from /home/airflow/.local/lib/python3.7/site-packages/airflow/example_dags/example_short_circuit_operator.py
[2023-02-15T22:15:28.550+0000] {processor.py:753} INFO - DAG(s) dict_keys(['example_short_circuit_operator']) retrieved from /home/airflow/.local/lib/python3.7/site-packages/airflow/example_dags/example_short_circuit_operator.py
[2023-02-15T22:15:28.581+0000] {logging_mixin.py:137} INFO - [2023-02-15T22:15:28.581+0000] {dag.py:2690} INFO - Sync 1 DAGs
[2023-02-15T22:15:28.611+0000] {logging_mixin.py:137} INFO - [2023-02-15T22:15:28.611+0000] {dag.py:3441} INFO - Setting next_dagrun for example_short_circuit_operator to 2023-02-14T22:15:28.611337+00:00, run_after=2023-02-15T22:15:28.611337+00:00
[2023-02-15T22:15:28.639+0000] {processor.py:175} INFO - Processing /home/airflow/.local/lib/python3.7/site-packages/airflow/example_dags/example_short_circuit_operator.py took 0.119 seconds
[2023-02-15T22:15:58.752+0000] {processor.py:153} INFO - Started process (PID=706) to work on /home/airflow/.local/lib/python3.7/site-packages/airflow/example_dags/example_short_circuit_operator.py
[2023-02-15T22:15:58.754+0000] {processor.py:743} INFO - Processing file /home/airflow/.local/lib/python3.7/site-packages/airflow/example_dags/example_short_circuit_operator.py for tasks to queue
[2023-02-15T22:15:58.755+0000] {logging_mixin.py:137} INFO - [2023-02-15T22:15:58.754+0000] {dagbag.py:538} INFO - Filling up the DagBag from /home/airflow/.local/lib/python3.7/site-packages/airflow/example_dags/example_short_circuit_operator.py
[2023-02-15T22:15:58.790+0000] {processor.py:753} INFO - DAG(s) dict_keys(['example_short_circuit_operator']) retrieved from /home/airflow/.local/lib/python3.7/site-packages/airflow/example_dags/example_short_circuit_operator.py
[2023-02-15T22:15:58.837+0000] {logging_mixin.py:137} INFO - [2023-02-15T22:15:58.837+0000] {dag.py:2690} INFO - Sync 1 DAGs
[2023-02-15T22:15:58.886+0000] {logging_mixin.py:137} INFO - [2023-02-15T22:15:58.886+0000] {dag.py:3441} INFO - Setting next_dagrun for example_short_circuit_operator to 2023-02-14T22:15:58.886300+00:00, run_after=2023-02-15T22:15:58.886300+00:00
[2023-02-15T22:15:58.938+0000] {processor.py:175} INFO - Processing /home/airflow/.local/lib/python3.7/site-packages/airflow/example_dags/example_short_circuit_operator.py took 0.193 seconds
[2023-02-15T22:16:28.978+0000] {processor.py:153} INFO - Started process (PID=775) to work on /home/airflow/.local/lib/python3.7/site-packages/airflow/example_dags/example_short_circuit_operator.py
[2023-02-15T22:16:28.982+0000] {processor.py:743} INFO - Processing file /home/airflow/.local/lib/python3.7/site-packages/airflow/example_dags/example_short_circuit_operator.py for tasks to queue
[2023-02-15T22:16:28.983+0000] {logging_mixin.py:137} INFO - [2023-02-15T22:16:28.983+0000] {dagbag.py:538} INFO - Filling up the DagBag from /home/airflow/.local/lib/python3.7/site-packages/airflow/example_dags/example_short_circuit_operator.py
[2023-02-15T22:16:29.019+0000] {processor.py:753} INFO - DAG(s) dict_keys(['example_short_circuit_operator']) retrieved from /home/airflow/.local/lib/python3.7/site-packages/airflow/example_dags/example_short_circuit_operator.py
[2023-02-15T22:16:29.068+0000] {logging_mixin.py:137} INFO - [2023-02-15T22:16:29.068+0000] {dag.py:2690} INFO - Sync 1 DAGs
[2023-02-15T22:16:29.129+0000] {logging_mixin.py:137} INFO - [2023-02-15T22:16:29.129+0000] {dag.py:3441} INFO - Setting next_dagrun for example_short_circuit_operator to 2023-02-14T22:16:29.129114+00:00, run_after=2023-02-15T22:16:29.129114+00:00
[2023-02-15T22:16:29.167+0000] {processor.py:175} INFO - Processing /home/airflow/.local/lib/python3.7/site-packages/airflow/example_dags/example_short_circuit_operator.py took 0.194 seconds
[2023-02-15T22:16:59.482+0000] {processor.py:153} INFO - Started process (PID=839) to work on /home/airflow/.local/lib/python3.7/site-packages/airflow/example_dags/example_short_circuit_operator.py
[2023-02-15T22:16:59.483+0000] {processor.py:743} INFO - Processing file /home/airflow/.local/lib/python3.7/site-packages/airflow/example_dags/example_short_circuit_operator.py for tasks to queue
[2023-02-15T22:16:59.484+0000] {logging_mixin.py:137} INFO - [2023-02-15T22:16:59.483+0000] {dagbag.py:538} INFO - Filling up the DagBag from /home/airflow/.local/lib/python3.7/site-packages/airflow/example_dags/example_short_circuit_operator.py
[2023-02-15T22:16:59.508+0000] {processor.py:753} INFO - DAG(s) dict_keys(['example_short_circuit_operator']) retrieved from /home/airflow/.local/lib/python3.7/site-packages/airflow/example_dags/example_short_circuit_operator.py
[2023-02-15T22:16:59.542+0000] {logging_mixin.py:137} INFO - [2023-02-15T22:16:59.542+0000] {dag.py:2690} INFO - Sync 1 DAGs
[2023-02-15T22:16:59.577+0000] {logging_mixin.py:137} INFO - [2023-02-15T22:16:59.577+0000] {dag.py:3441} INFO - Setting next_dagrun for example_short_circuit_operator to 2023-02-14T22:16:59.577123+00:00, run_after=2023-02-15T22:16:59.577123+00:00
[2023-02-15T22:16:59.604+0000] {processor.py:175} INFO - Processing /home/airflow/.local/lib/python3.7/site-packages/airflow/example_dags/example_short_circuit_operator.py took 0.125 seconds
[2023-02-15T22:17:30.199+0000] {processor.py:153} INFO - Started process (PID=902) to work on /home/airflow/.local/lib/python3.7/site-packages/airflow/example_dags/example_short_circuit_operator.py
[2023-02-15T22:17:30.202+0000] {processor.py:743} INFO - Processing file /home/airflow/.local/lib/python3.7/site-packages/airflow/example_dags/example_short_circuit_operator.py for tasks to queue
[2023-02-15T22:17:30.207+0000] {logging_mixin.py:137} INFO - [2023-02-15T22:17:30.207+0000] {dagbag.py:538} INFO - Filling up the DagBag from /home/airflow/.local/lib/python3.7/site-packages/airflow/example_dags/example_short_circuit_operator.py
[2023-02-15T22:17:30.229+0000] {processor.py:753} INFO - DAG(s) dict_keys(['example_short_circuit_operator']) retrieved from /home/airflow/.local/lib/python3.7/site-packages/airflow/example_dags/example_short_circuit_operator.py
[2023-02-15T22:17:30.265+0000] {logging_mixin.py:137} INFO - [2023-02-15T22:17:30.265+0000] {dag.py:2690} INFO - Sync 1 DAGs
[2023-02-15T22:17:30.299+0000] {logging_mixin.py:137} INFO - [2023-02-15T22:17:30.299+0000] {dag.py:3441} INFO - Setting next_dagrun for example_short_circuit_operator to 2023-02-14T22:17:30.299060+00:00, run_after=2023-02-15T22:17:30.299060+00:00
[2023-02-15T22:17:30.344+0000] {processor.py:175} INFO - Processing /home/airflow/.local/lib/python3.7/site-packages/airflow/example_dags/example_short_circuit_operator.py took 0.149 seconds
[2023-02-15T22:18:00.762+0000] {processor.py:153} INFO - Started process (PID=978) to work on /home/airflow/.local/lib/python3.7/site-packages/airflow/example_dags/example_short_circuit_operator.py
[2023-02-15T22:18:00.763+0000] {processor.py:743} INFO - Processing file /home/airflow/.local/lib/python3.7/site-packages/airflow/example_dags/example_short_circuit_operator.py for tasks to queue
[2023-02-15T22:18:00.765+0000] {logging_mixin.py:137} INFO - [2023-02-15T22:18:00.765+0000] {dagbag.py:538} INFO - Filling up the DagBag from /home/airflow/.local/lib/python3.7/site-packages/airflow/example_dags/example_short_circuit_operator.py
[2023-02-15T22:18:00.831+0000] {processor.py:753} INFO - DAG(s) dict_keys(['example_short_circuit_operator']) retrieved from /home/airflow/.local/lib/python3.7/site-packages/airflow/example_dags/example_short_circuit_operator.py
[2023-02-15T22:18:00.888+0000] {logging_mixin.py:137} INFO - [2023-02-15T22:18:00.888+0000] {dag.py:2690} INFO - Sync 1 DAGs
[2023-02-15T22:18:00.944+0000] {logging_mixin.py:137} INFO - [2023-02-15T22:18:00.944+0000] {dag.py:3441} INFO - Setting next_dagrun for example_short_circuit_operator to 2023-02-14T22:18:00.943920+00:00, run_after=2023-02-15T22:18:00.943920+00:00
[2023-02-15T22:18:00.984+0000] {processor.py:175} INFO - Processing /home/airflow/.local/lib/python3.7/site-packages/airflow/example_dags/example_short_circuit_operator.py took 0.232 seconds
[2023-02-15T22:18:31.426+0000] {processor.py:153} INFO - Started process (PID=1040) to work on /home/airflow/.local/lib/python3.7/site-packages/airflow/example_dags/example_short_circuit_operator.py
[2023-02-15T22:18:31.427+0000] {processor.py:743} INFO - Processing file /home/airflow/.local/lib/python3.7/site-packages/airflow/example_dags/example_short_circuit_operator.py for tasks to queue
[2023-02-15T22:18:31.428+0000] {logging_mixin.py:137} INFO - [2023-02-15T22:18:31.428+0000] {dagbag.py:538} INFO - Filling up the DagBag from /home/airflow/.local/lib/python3.7/site-packages/airflow/example_dags/example_short_circuit_operator.py
[2023-02-15T22:18:31.447+0000] {processor.py:753} INFO - DAG(s) dict_keys(['example_short_circuit_operator']) retrieved from /home/airflow/.local/lib/python3.7/site-packages/airflow/example_dags/example_short_circuit_operator.py
[2023-02-15T22:18:31.477+0000] {logging_mixin.py:137} INFO - [2023-02-15T22:18:31.477+0000] {dag.py:2690} INFO - Sync 1 DAGs
[2023-02-15T22:18:31.508+0000] {logging_mixin.py:137} INFO - [2023-02-15T22:18:31.508+0000] {dag.py:3441} INFO - Setting next_dagrun for example_short_circuit_operator to 2023-02-14T22:18:31.506854+00:00, run_after=2023-02-15T22:18:31.506854+00:00
[2023-02-15T22:18:31.530+0000] {processor.py:175} INFO - Processing /home/airflow/.local/lib/python3.7/site-packages/airflow/example_dags/example_short_circuit_operator.py took 0.109 seconds
[2023-02-15T22:19:01.587+0000] {processor.py:153} INFO - Started process (PID=1103) to work on /home/airflow/.local/lib/python3.7/site-packages/airflow/example_dags/example_short_circuit_operator.py
[2023-02-15T22:19:01.588+0000] {processor.py:743} INFO - Processing file /home/airflow/.local/lib/python3.7/site-packages/airflow/example_dags/example_short_circuit_operator.py for tasks to queue
[2023-02-15T22:19:01.589+0000] {logging_mixin.py:137} INFO - [2023-02-15T22:19:01.589+0000] {dagbag.py:538} INFO - Filling up the DagBag from /home/airflow/.local/lib/python3.7/site-packages/airflow/example_dags/example_short_circuit_operator.py
[2023-02-15T22:19:01.606+0000] {processor.py:753} INFO - DAG(s) dict_keys(['example_short_circuit_operator']) retrieved from /home/airflow/.local/lib/python3.7/site-packages/airflow/example_dags/example_short_circuit_operator.py
[2023-02-15T22:19:01.635+0000] {logging_mixin.py:137} INFO - [2023-02-15T22:19:01.635+0000] {dag.py:2690} INFO - Sync 1 DAGs
[2023-02-15T22:19:01.665+0000] {logging_mixin.py:137} INFO - [2023-02-15T22:19:01.665+0000] {dag.py:3441} INFO - Setting next_dagrun for example_short_circuit_operator to 2023-02-14T22:19:01.665056+00:00, run_after=2023-02-15T22:19:01.665056+00:00
[2023-02-15T22:19:01.695+0000] {processor.py:175} INFO - Processing /home/airflow/.local/lib/python3.7/site-packages/airflow/example_dags/example_short_circuit_operator.py took 0.111 seconds
[2023-02-15T22:19:32.131+0000] {processor.py:153} INFO - Started process (PID=1179) to work on /home/airflow/.local/lib/python3.7/site-packages/airflow/example_dags/example_short_circuit_operator.py
[2023-02-15T22:19:32.132+0000] {processor.py:743} INFO - Processing file /home/airflow/.local/lib/python3.7/site-packages/airflow/example_dags/example_short_circuit_operator.py for tasks to queue
[2023-02-15T22:19:32.133+0000] {logging_mixin.py:137} INFO - [2023-02-15T22:19:32.133+0000] {dagbag.py:538} INFO - Filling up the DagBag from /home/airflow/.local/lib/python3.7/site-packages/airflow/example_dags/example_short_circuit_operator.py
[2023-02-15T22:19:32.151+0000] {processor.py:753} INFO - DAG(s) dict_keys(['example_short_circuit_operator']) retrieved from /home/airflow/.local/lib/python3.7/site-packages/airflow/example_dags/example_short_circuit_operator.py
[2023-02-15T22:19:32.181+0000] {logging_mixin.py:137} INFO - [2023-02-15T22:19:32.180+0000] {dag.py:2690} INFO - Sync 1 DAGs
[2023-02-15T22:19:32.211+0000] {logging_mixin.py:137} INFO - [2023-02-15T22:19:32.211+0000] {dag.py:3441} INFO - Setting next_dagrun for example_short_circuit_operator to 2023-02-14T22:19:32.210875+00:00, run_after=2023-02-15T22:19:32.210875+00:00
[2023-02-15T22:19:32.235+0000] {processor.py:175} INFO - Processing /home/airflow/.local/lib/python3.7/site-packages/airflow/example_dags/example_short_circuit_operator.py took 0.107 seconds
[2023-02-15T22:20:02.894+0000] {processor.py:153} INFO - Started process (PID=1241) to work on /home/airflow/.local/lib/python3.7/site-packages/airflow/example_dags/example_short_circuit_operator.py
[2023-02-15T22:20:02.898+0000] {processor.py:743} INFO - Processing file /home/airflow/.local/lib/python3.7/site-packages/airflow/example_dags/example_short_circuit_operator.py for tasks to queue
[2023-02-15T22:20:02.899+0000] {logging_mixin.py:137} INFO - [2023-02-15T22:20:02.899+0000] {dagbag.py:538} INFO - Filling up the DagBag from /home/airflow/.local/lib/python3.7/site-packages/airflow/example_dags/example_short_circuit_operator.py
[2023-02-15T22:20:02.918+0000] {processor.py:753} INFO - DAG(s) dict_keys(['example_short_circuit_operator']) retrieved from /home/airflow/.local/lib/python3.7/site-packages/airflow/example_dags/example_short_circuit_operator.py
[2023-02-15T22:20:02.950+0000] {logging_mixin.py:137} INFO - [2023-02-15T22:20:02.950+0000] {dag.py:2690} INFO - Sync 1 DAGs
[2023-02-15T22:20:02.983+0000] {logging_mixin.py:137} INFO - [2023-02-15T22:20:02.982+0000] {dag.py:3441} INFO - Setting next_dagrun for example_short_circuit_operator to 2023-02-14T22:20:02.982634+00:00, run_after=2023-02-15T22:20:02.982634+00:00
[2023-02-15T22:20:03.008+0000] {processor.py:175} INFO - Processing /home/airflow/.local/lib/python3.7/site-packages/airflow/example_dags/example_short_circuit_operator.py took 0.118 seconds
[2023-02-15T22:20:33.916+0000] {processor.py:153} INFO - Started process (PID=1304) to work on /home/airflow/.local/lib/python3.7/site-packages/airflow/example_dags/example_short_circuit_operator.py
[2023-02-15T22:20:33.918+0000] {processor.py:743} INFO - Processing file /home/airflow/.local/lib/python3.7/site-packages/airflow/example_dags/example_short_circuit_operator.py for tasks to queue
[2023-02-15T22:20:33.919+0000] {logging_mixin.py:137} INFO - [2023-02-15T22:20:33.919+0000] {dagbag.py:538} INFO - Filling up the DagBag from /home/airflow/.local/lib/python3.7/site-packages/airflow/example_dags/example_short_circuit_operator.py
[2023-02-15T22:20:33.954+0000] {processor.py:753} INFO - DAG(s) dict_keys(['example_short_circuit_operator']) retrieved from /home/airflow/.local/lib/python3.7/site-packages/airflow/example_dags/example_short_circuit_operator.py
[2023-02-15T22:20:34.033+0000] {logging_mixin.py:137} INFO - [2023-02-15T22:20:34.033+0000] {dag.py:2690} INFO - Sync 1 DAGs
[2023-02-15T22:20:34.086+0000] {logging_mixin.py:137} INFO - [2023-02-15T22:20:34.086+0000] {dag.py:3441} INFO - Setting next_dagrun for example_short_circuit_operator to 2023-02-14T22:20:34.086500+00:00, run_after=2023-02-15T22:20:34.086500+00:00
[2023-02-15T22:20:34.131+0000] {processor.py:175} INFO - Processing /home/airflow/.local/lib/python3.7/site-packages/airflow/example_dags/example_short_circuit_operator.py took 0.220 seconds
[2023-02-15T22:21:04.342+0000] {processor.py:153} INFO - Started process (PID=1379) to work on /home/airflow/.local/lib/python3.7/site-packages/airflow/example_dags/example_short_circuit_operator.py
[2023-02-15T22:21:04.343+0000] {processor.py:743} INFO - Processing file /home/airflow/.local/lib/python3.7/site-packages/airflow/example_dags/example_short_circuit_operator.py for tasks to queue
[2023-02-15T22:21:04.344+0000] {logging_mixin.py:137} INFO - [2023-02-15T22:21:04.344+0000] {dagbag.py:538} INFO - Filling up the DagBag from /home/airflow/.local/lib/python3.7/site-packages/airflow/example_dags/example_short_circuit_operator.py
[2023-02-15T22:21:04.364+0000] {processor.py:753} INFO - DAG(s) dict_keys(['example_short_circuit_operator']) retrieved from /home/airflow/.local/lib/python3.7/site-packages/airflow/example_dags/example_short_circuit_operator.py
[2023-02-15T22:21:04.393+0000] {logging_mixin.py:137} INFO - [2023-02-15T22:21:04.393+0000] {dag.py:2690} INFO - Sync 1 DAGs
[2023-02-15T22:21:04.426+0000] {logging_mixin.py:137} INFO - [2023-02-15T22:21:04.426+0000] {dag.py:3441} INFO - Setting next_dagrun for example_short_circuit_operator to 2023-02-14T22:21:04.426269+00:00, run_after=2023-02-15T22:21:04.426269+00:00
[2023-02-15T22:21:04.448+0000] {processor.py:175} INFO - Processing /home/airflow/.local/lib/python3.7/site-packages/airflow/example_dags/example_short_circuit_operator.py took 0.110 seconds
[2023-02-15T22:21:34.558+0000] {processor.py:153} INFO - Started process (PID=1443) to work on /home/airflow/.local/lib/python3.7/site-packages/airflow/example_dags/example_short_circuit_operator.py
[2023-02-15T22:21:34.559+0000] {processor.py:743} INFO - Processing file /home/airflow/.local/lib/python3.7/site-packages/airflow/example_dags/example_short_circuit_operator.py for tasks to queue
[2023-02-15T22:21:34.560+0000] {logging_mixin.py:137} INFO - [2023-02-15T22:21:34.560+0000] {dagbag.py:538} INFO - Filling up the DagBag from /home/airflow/.local/lib/python3.7/site-packages/airflow/example_dags/example_short_circuit_operator.py
[2023-02-15T22:21:34.593+0000] {processor.py:753} INFO - DAG(s) dict_keys(['example_short_circuit_operator']) retrieved from /home/airflow/.local/lib/python3.7/site-packages/airflow/example_dags/example_short_circuit_operator.py
[2023-02-15T22:21:34.661+0000] {logging_mixin.py:137} INFO - [2023-02-15T22:21:34.661+0000] {dag.py:2690} INFO - Sync 1 DAGs
[2023-02-15T22:21:34.717+0000] {logging_mixin.py:137} INFO - [2023-02-15T22:21:34.716+0000] {dag.py:3441} INFO - Setting next_dagrun for example_short_circuit_operator to 2023-02-14T22:21:34.716435+00:00, run_after=2023-02-15T22:21:34.716435+00:00
[2023-02-15T22:21:34.765+0000] {processor.py:175} INFO - Processing /home/airflow/.local/lib/python3.7/site-packages/airflow/example_dags/example_short_circuit_operator.py took 0.211 seconds
[2023-02-15T22:22:04.888+0000] {processor.py:153} INFO - Started process (PID=1508) to work on /home/airflow/.local/lib/python3.7/site-packages/airflow/example_dags/example_short_circuit_operator.py
[2023-02-15T22:22:04.889+0000] {processor.py:743} INFO - Processing file /home/airflow/.local/lib/python3.7/site-packages/airflow/example_dags/example_short_circuit_operator.py for tasks to queue
[2023-02-15T22:22:04.890+0000] {logging_mixin.py:137} INFO - [2023-02-15T22:22:04.889+0000] {dagbag.py:538} INFO - Filling up the DagBag from /home/airflow/.local/lib/python3.7/site-packages/airflow/example_dags/example_short_circuit_operator.py
[2023-02-15T22:22:04.918+0000] {processor.py:753} INFO - DAG(s) dict_keys(['example_short_circuit_operator']) retrieved from /home/airflow/.local/lib/python3.7/site-packages/airflow/example_dags/example_short_circuit_operator.py
[2023-02-15T22:22:04.958+0000] {logging_mixin.py:137} INFO - [2023-02-15T22:22:04.958+0000] {dag.py:2690} INFO - Sync 1 DAGs
[2023-02-15T22:22:05.000+0000] {logging_mixin.py:137} INFO - [2023-02-15T22:22:04.999+0000] {dag.py:3441} INFO - Setting next_dagrun for example_short_circuit_operator to 2023-02-14T22:22:04.999473+00:00, run_after=2023-02-15T22:22:04.999473+00:00
[2023-02-15T22:22:05.034+0000] {processor.py:175} INFO - Processing /home/airflow/.local/lib/python3.7/site-packages/airflow/example_dags/example_short_circuit_operator.py took 0.150 seconds
[2023-02-15T22:22:35.638+0000] {processor.py:153} INFO - Started process (PID=1583) to work on /home/airflow/.local/lib/python3.7/site-packages/airflow/example_dags/example_short_circuit_operator.py
[2023-02-15T22:22:35.639+0000] {processor.py:743} INFO - Processing file /home/airflow/.local/lib/python3.7/site-packages/airflow/example_dags/example_short_circuit_operator.py for tasks to queue
[2023-02-15T22:22:35.640+0000] {logging_mixin.py:137} INFO - [2023-02-15T22:22:35.639+0000] {dagbag.py:538} INFO - Filling up the DagBag from /home/airflow/.local/lib/python3.7/site-packages/airflow/example_dags/example_short_circuit_operator.py
[2023-02-15T22:22:35.667+0000] {processor.py:753} INFO - DAG(s) dict_keys(['example_short_circuit_operator']) retrieved from /home/airflow/.local/lib/python3.7/site-packages/airflow/example_dags/example_short_circuit_operator.py
[2023-02-15T22:22:35.701+0000] {logging_mixin.py:137} INFO - [2023-02-15T22:22:35.701+0000] {dag.py:2690} INFO - Sync 1 DAGs
[2023-02-15T22:22:35.733+0000] {logging_mixin.py:137} INFO - [2023-02-15T22:22:35.733+0000] {dag.py:3441} INFO - Setting next_dagrun for example_short_circuit_operator to 2023-02-14T22:22:35.733286+00:00, run_after=2023-02-15T22:22:35.733286+00:00
[2023-02-15T22:22:35.760+0000] {processor.py:175} INFO - Processing /home/airflow/.local/lib/python3.7/site-packages/airflow/example_dags/example_short_circuit_operator.py took 0.128 seconds
[2023-02-15T22:23:05.961+0000] {processor.py:153} INFO - Started process (PID=1646) to work on /home/airflow/.local/lib/python3.7/site-packages/airflow/example_dags/example_short_circuit_operator.py
[2023-02-15T22:23:05.962+0000] {processor.py:743} INFO - Processing file /home/airflow/.local/lib/python3.7/site-packages/airflow/example_dags/example_short_circuit_operator.py for tasks to queue
[2023-02-15T22:23:05.963+0000] {logging_mixin.py:137} INFO - [2023-02-15T22:23:05.963+0000] {dagbag.py:538} INFO - Filling up the DagBag from /home/airflow/.local/lib/python3.7/site-packages/airflow/example_dags/example_short_circuit_operator.py
[2023-02-15T22:23:05.984+0000] {processor.py:753} INFO - DAG(s) dict_keys(['example_short_circuit_operator']) retrieved from /home/airflow/.local/lib/python3.7/site-packages/airflow/example_dags/example_short_circuit_operator.py
[2023-02-15T22:23:06.020+0000] {logging_mixin.py:137} INFO - [2023-02-15T22:23:06.020+0000] {dag.py:2690} INFO - Sync 1 DAGs
[2023-02-15T22:23:06.059+0000] {logging_mixin.py:137} INFO - [2023-02-15T22:23:06.059+0000] {dag.py:3441} INFO - Setting next_dagrun for example_short_circuit_operator to 2023-02-14T22:23:06.058869+00:00, run_after=2023-02-15T22:23:06.058869+00:00
[2023-02-15T22:23:06.087+0000] {processor.py:175} INFO - Processing /home/airflow/.local/lib/python3.7/site-packages/airflow/example_dags/example_short_circuit_operator.py took 0.130 seconds
