[2023-02-15T22:11:02.809+0000] {processor.py:153} INFO - Started process (PID=93) to work on /home/airflow/.local/lib/python3.7/site-packages/airflow/example_dags/example_trigger_controller_dag.py
[2023-02-15T22:11:02.821+0000] {processor.py:743} INFO - Processing file /home/airflow/.local/lib/python3.7/site-packages/airflow/example_dags/example_trigger_controller_dag.py for tasks to queue
[2023-02-15T22:11:02.822+0000] {logging_mixin.py:137} INFO - [2023-02-15T22:11:02.822+0000] {dagbag.py:538} INFO - Filling up the DagBag from /home/airflow/.local/lib/python3.7/site-packages/airflow/example_dags/example_trigger_controller_dag.py
[2023-02-15T22:11:02.881+0000] {processor.py:753} INFO - DAG(s) dict_keys(['example_trigger_controller_dag']) retrieved from /home/airflow/.local/lib/python3.7/site-packages/airflow/example_dags/example_trigger_controller_dag.py
[2023-02-15T22:11:03.147+0000] {logging_mixin.py:137} INFO - [2023-02-15T22:11:03.147+0000] {dag.py:2690} INFO - Sync 1 DAGs
[2023-02-15T22:11:03.338+0000] {logging_mixin.py:137} INFO - [2023-02-15T22:11:03.338+0000] {dag.py:3441} INFO - Setting next_dagrun for example_trigger_controller_dag to 2021-01-01T00:00:00+00:00, run_after=2021-01-01T00:00:00+00:00
[2023-02-15T22:11:03.909+0000] {processor.py:175} INFO - Processing /home/airflow/.local/lib/python3.7/site-packages/airflow/example_dags/example_trigger_controller_dag.py took 1.104 seconds
[2023-02-15T22:11:34.187+0000] {processor.py:153} INFO - Started process (PID=155) to work on /home/airflow/.local/lib/python3.7/site-packages/airflow/example_dags/example_trigger_controller_dag.py
[2023-02-15T22:11:34.194+0000] {processor.py:743} INFO - Processing file /home/airflow/.local/lib/python3.7/site-packages/airflow/example_dags/example_trigger_controller_dag.py for tasks to queue
[2023-02-15T22:11:34.198+0000] {logging_mixin.py:137} INFO - [2023-02-15T22:11:34.198+0000] {dagbag.py:538} INFO - Filling up the DagBag from /home/airflow/.local/lib/python3.7/site-packages/airflow/example_dags/example_trigger_controller_dag.py
[2023-02-15T22:11:34.231+0000] {processor.py:753} INFO - DAG(s) dict_keys(['example_trigger_controller_dag']) retrieved from /home/airflow/.local/lib/python3.7/site-packages/airflow/example_dags/example_trigger_controller_dag.py
[2023-02-15T22:11:34.289+0000] {logging_mixin.py:137} INFO - [2023-02-15T22:11:34.289+0000] {dag.py:2690} INFO - Sync 1 DAGs
[2023-02-15T22:11:34.353+0000] {logging_mixin.py:137} INFO - [2023-02-15T22:11:34.353+0000] {dag.py:3441} INFO - Setting next_dagrun for example_trigger_controller_dag to 2021-01-01T00:00:00+00:00, run_after=2021-01-01T00:00:00+00:00
[2023-02-15T22:11:34.403+0000] {processor.py:175} INFO - Processing /home/airflow/.local/lib/python3.7/site-packages/airflow/example_dags/example_trigger_controller_dag.py took 0.220 seconds
[2023-02-15T22:12:04.710+0000] {processor.py:153} INFO - Started process (PID=215) to work on /home/airflow/.local/lib/python3.7/site-packages/airflow/example_dags/example_trigger_controller_dag.py
[2023-02-15T22:12:04.711+0000] {processor.py:743} INFO - Processing file /home/airflow/.local/lib/python3.7/site-packages/airflow/example_dags/example_trigger_controller_dag.py for tasks to queue
[2023-02-15T22:12:04.712+0000] {logging_mixin.py:137} INFO - [2023-02-15T22:12:04.712+0000] {dagbag.py:538} INFO - Filling up the DagBag from /home/airflow/.local/lib/python3.7/site-packages/airflow/example_dags/example_trigger_controller_dag.py
[2023-02-15T22:12:04.776+0000] {processor.py:753} INFO - DAG(s) dict_keys(['example_trigger_controller_dag']) retrieved from /home/airflow/.local/lib/python3.7/site-packages/airflow/example_dags/example_trigger_controller_dag.py
[2023-02-15T22:12:04.937+0000] {logging_mixin.py:137} INFO - [2023-02-15T22:12:04.937+0000] {dag.py:2690} INFO - Sync 1 DAGs
[2023-02-15T22:12:05.061+0000] {logging_mixin.py:137} INFO - [2023-02-15T22:12:05.061+0000] {dag.py:3441} INFO - Setting next_dagrun for example_trigger_controller_dag to 2021-01-01T00:00:00+00:00, run_after=2021-01-01T00:00:00+00:00
[2023-02-15T22:12:05.145+0000] {processor.py:175} INFO - Processing /home/airflow/.local/lib/python3.7/site-packages/airflow/example_dags/example_trigger_controller_dag.py took 0.453 seconds
[2023-02-15T22:12:35.780+0000] {processor.py:153} INFO - Started process (PID=268) to work on /home/airflow/.local/lib/python3.7/site-packages/airflow/example_dags/example_trigger_controller_dag.py
[2023-02-15T22:12:35.816+0000] {processor.py:743} INFO - Processing file /home/airflow/.local/lib/python3.7/site-packages/airflow/example_dags/example_trigger_controller_dag.py for tasks to queue
[2023-02-15T22:12:35.817+0000] {logging_mixin.py:137} INFO - [2023-02-15T22:12:35.817+0000] {dagbag.py:538} INFO - Filling up the DagBag from /home/airflow/.local/lib/python3.7/site-packages/airflow/example_dags/example_trigger_controller_dag.py
[2023-02-15T22:12:35.852+0000] {processor.py:753} INFO - DAG(s) dict_keys(['example_trigger_controller_dag']) retrieved from /home/airflow/.local/lib/python3.7/site-packages/airflow/example_dags/example_trigger_controller_dag.py
[2023-02-15T22:12:35.947+0000] {logging_mixin.py:137} INFO - [2023-02-15T22:12:35.947+0000] {dag.py:2690} INFO - Sync 1 DAGs
[2023-02-15T22:12:36.043+0000] {logging_mixin.py:137} INFO - [2023-02-15T22:12:36.043+0000] {dag.py:3441} INFO - Setting next_dagrun for example_trigger_controller_dag to 2021-01-01T00:00:00+00:00, run_after=2021-01-01T00:00:00+00:00
[2023-02-15T22:12:36.135+0000] {processor.py:175} INFO - Processing /home/airflow/.local/lib/python3.7/site-packages/airflow/example_dags/example_trigger_controller_dag.py took 0.371 seconds
[2023-02-15T22:13:06.385+0000] {processor.py:153} INFO - Started process (PID=332) to work on /home/airflow/.local/lib/python3.7/site-packages/airflow/example_dags/example_trigger_controller_dag.py
[2023-02-15T22:13:06.386+0000] {processor.py:743} INFO - Processing file /home/airflow/.local/lib/python3.7/site-packages/airflow/example_dags/example_trigger_controller_dag.py for tasks to queue
[2023-02-15T22:13:06.395+0000] {logging_mixin.py:137} INFO - [2023-02-15T22:13:06.386+0000] {dagbag.py:538} INFO - Filling up the DagBag from /home/airflow/.local/lib/python3.7/site-packages/airflow/example_dags/example_trigger_controller_dag.py
[2023-02-15T22:13:06.417+0000] {processor.py:753} INFO - DAG(s) dict_keys(['example_trigger_controller_dag']) retrieved from /home/airflow/.local/lib/python3.7/site-packages/airflow/example_dags/example_trigger_controller_dag.py
[2023-02-15T22:13:06.493+0000] {logging_mixin.py:137} INFO - [2023-02-15T22:13:06.493+0000] {dag.py:2690} INFO - Sync 1 DAGs
[2023-02-15T22:13:06.574+0000] {logging_mixin.py:137} INFO - [2023-02-15T22:13:06.574+0000] {dag.py:3441} INFO - Setting next_dagrun for example_trigger_controller_dag to 2021-01-01T00:00:00+00:00, run_after=2021-01-01T00:00:00+00:00
[2023-02-15T22:13:06.685+0000] {processor.py:175} INFO - Processing /home/airflow/.local/lib/python3.7/site-packages/airflow/example_dags/example_trigger_controller_dag.py took 0.304 seconds
[2023-02-15T22:13:36.997+0000] {processor.py:153} INFO - Started process (PID=397) to work on /home/airflow/.local/lib/python3.7/site-packages/airflow/example_dags/example_trigger_controller_dag.py
[2023-02-15T22:13:37.036+0000] {processor.py:743} INFO - Processing file /home/airflow/.local/lib/python3.7/site-packages/airflow/example_dags/example_trigger_controller_dag.py for tasks to queue
[2023-02-15T22:13:37.037+0000] {logging_mixin.py:137} INFO - [2023-02-15T22:13:37.036+0000] {dagbag.py:538} INFO - Filling up the DagBag from /home/airflow/.local/lib/python3.7/site-packages/airflow/example_dags/example_trigger_controller_dag.py
[2023-02-15T22:13:37.072+0000] {processor.py:753} INFO - DAG(s) dict_keys(['example_trigger_controller_dag']) retrieved from /home/airflow/.local/lib/python3.7/site-packages/airflow/example_dags/example_trigger_controller_dag.py
[2023-02-15T22:13:37.169+0000] {logging_mixin.py:137} INFO - [2023-02-15T22:13:37.168+0000] {dag.py:2690} INFO - Sync 1 DAGs
[2023-02-15T22:13:37.285+0000] {logging_mixin.py:137} INFO - [2023-02-15T22:13:37.285+0000] {dag.py:3441} INFO - Setting next_dagrun for example_trigger_controller_dag to 2021-01-01T00:00:00+00:00, run_after=2021-01-01T00:00:00+00:00
[2023-02-15T22:13:37.352+0000] {processor.py:175} INFO - Processing /home/airflow/.local/lib/python3.7/site-packages/airflow/example_dags/example_trigger_controller_dag.py took 0.371 seconds
[2023-02-15T22:14:07.857+0000] {processor.py:153} INFO - Started process (PID=459) to work on /home/airflow/.local/lib/python3.7/site-packages/airflow/example_dags/example_trigger_controller_dag.py
[2023-02-15T22:14:07.858+0000] {processor.py:743} INFO - Processing file /home/airflow/.local/lib/python3.7/site-packages/airflow/example_dags/example_trigger_controller_dag.py for tasks to queue
[2023-02-15T22:14:07.859+0000] {logging_mixin.py:137} INFO - [2023-02-15T22:14:07.858+0000] {dagbag.py:538} INFO - Filling up the DagBag from /home/airflow/.local/lib/python3.7/site-packages/airflow/example_dags/example_trigger_controller_dag.py
[2023-02-15T22:14:07.888+0000] {processor.py:753} INFO - DAG(s) dict_keys(['example_trigger_controller_dag']) retrieved from /home/airflow/.local/lib/python3.7/site-packages/airflow/example_dags/example_trigger_controller_dag.py
[2023-02-15T22:14:07.952+0000] {logging_mixin.py:137} INFO - [2023-02-15T22:14:07.952+0000] {dag.py:2690} INFO - Sync 1 DAGs
[2023-02-15T22:14:08.010+0000] {logging_mixin.py:137} INFO - [2023-02-15T22:14:07.999+0000] {dag.py:3441} INFO - Setting next_dagrun for example_trigger_controller_dag to 2021-01-01T00:00:00+00:00, run_after=2021-01-01T00:00:00+00:00
[2023-02-15T22:14:08.083+0000] {processor.py:175} INFO - Processing /home/airflow/.local/lib/python3.7/site-packages/airflow/example_dags/example_trigger_controller_dag.py took 0.233 seconds
[2023-02-15T22:14:38.953+0000] {processor.py:153} INFO - Started process (PID=522) to work on /home/airflow/.local/lib/python3.7/site-packages/airflow/example_dags/example_trigger_controller_dag.py
[2023-02-15T22:14:38.957+0000] {processor.py:743} INFO - Processing file /home/airflow/.local/lib/python3.7/site-packages/airflow/example_dags/example_trigger_controller_dag.py for tasks to queue
[2023-02-15T22:14:38.958+0000] {logging_mixin.py:137} INFO - [2023-02-15T22:14:38.957+0000] {dagbag.py:538} INFO - Filling up the DagBag from /home/airflow/.local/lib/python3.7/site-packages/airflow/example_dags/example_trigger_controller_dag.py
[2023-02-15T22:14:38.970+0000] {processor.py:753} INFO - DAG(s) dict_keys(['example_trigger_controller_dag']) retrieved from /home/airflow/.local/lib/python3.7/site-packages/airflow/example_dags/example_trigger_controller_dag.py
[2023-02-15T22:14:39.012+0000] {logging_mixin.py:137} INFO - [2023-02-15T22:14:39.012+0000] {dag.py:2690} INFO - Sync 1 DAGs
[2023-02-15T22:14:39.079+0000] {logging_mixin.py:137} INFO - [2023-02-15T22:14:39.079+0000] {dag.py:3441} INFO - Setting next_dagrun for example_trigger_controller_dag to 2021-01-01T00:00:00+00:00, run_after=2021-01-01T00:00:00+00:00
[2023-02-15T22:14:39.109+0000] {processor.py:175} INFO - Processing /home/airflow/.local/lib/python3.7/site-packages/airflow/example_dags/example_trigger_controller_dag.py took 0.160 seconds
[2023-02-15T22:15:09.397+0000] {processor.py:153} INFO - Started process (PID=599) to work on /home/airflow/.local/lib/python3.7/site-packages/airflow/example_dags/example_trigger_controller_dag.py
[2023-02-15T22:15:09.398+0000] {processor.py:743} INFO - Processing file /home/airflow/.local/lib/python3.7/site-packages/airflow/example_dags/example_trigger_controller_dag.py for tasks to queue
[2023-02-15T22:15:09.399+0000] {logging_mixin.py:137} INFO - [2023-02-15T22:15:09.399+0000] {dagbag.py:538} INFO - Filling up the DagBag from /home/airflow/.local/lib/python3.7/site-packages/airflow/example_dags/example_trigger_controller_dag.py
[2023-02-15T22:15:09.412+0000] {processor.py:753} INFO - DAG(s) dict_keys(['example_trigger_controller_dag']) retrieved from /home/airflow/.local/lib/python3.7/site-packages/airflow/example_dags/example_trigger_controller_dag.py
[2023-02-15T22:15:09.442+0000] {logging_mixin.py:137} INFO - [2023-02-15T22:15:09.442+0000] {dag.py:2690} INFO - Sync 1 DAGs
[2023-02-15T22:15:09.477+0000] {logging_mixin.py:137} INFO - [2023-02-15T22:15:09.477+0000] {dag.py:3441} INFO - Setting next_dagrun for example_trigger_controller_dag to 2021-01-01T00:00:00+00:00, run_after=2021-01-01T00:00:00+00:00
[2023-02-15T22:15:09.504+0000] {processor.py:175} INFO - Processing /home/airflow/.local/lib/python3.7/site-packages/airflow/example_dags/example_trigger_controller_dag.py took 0.111 seconds
[2023-02-15T22:15:39.640+0000] {processor.py:153} INFO - Started process (PID=663) to work on /home/airflow/.local/lib/python3.7/site-packages/airflow/example_dags/example_trigger_controller_dag.py
[2023-02-15T22:15:39.644+0000] {processor.py:743} INFO - Processing file /home/airflow/.local/lib/python3.7/site-packages/airflow/example_dags/example_trigger_controller_dag.py for tasks to queue
[2023-02-15T22:15:39.645+0000] {logging_mixin.py:137} INFO - [2023-02-15T22:15:39.645+0000] {dagbag.py:538} INFO - Filling up the DagBag from /home/airflow/.local/lib/python3.7/site-packages/airflow/example_dags/example_trigger_controller_dag.py
[2023-02-15T22:15:39.659+0000] {processor.py:753} INFO - DAG(s) dict_keys(['example_trigger_controller_dag']) retrieved from /home/airflow/.local/lib/python3.7/site-packages/airflow/example_dags/example_trigger_controller_dag.py
[2023-02-15T22:15:39.695+0000] {logging_mixin.py:137} INFO - [2023-02-15T22:15:39.694+0000] {dag.py:2690} INFO - Sync 1 DAGs
[2023-02-15T22:15:39.724+0000] {logging_mixin.py:137} INFO - [2023-02-15T22:15:39.724+0000] {dag.py:3441} INFO - Setting next_dagrun for example_trigger_controller_dag to 2021-01-01T00:00:00+00:00, run_after=2021-01-01T00:00:00+00:00
[2023-02-15T22:15:39.750+0000] {processor.py:175} INFO - Processing /home/airflow/.local/lib/python3.7/site-packages/airflow/example_dags/example_trigger_controller_dag.py took 0.114 seconds
[2023-02-15T22:16:09.862+0000] {processor.py:153} INFO - Started process (PID=727) to work on /home/airflow/.local/lib/python3.7/site-packages/airflow/example_dags/example_trigger_controller_dag.py
[2023-02-15T22:16:09.863+0000] {processor.py:743} INFO - Processing file /home/airflow/.local/lib/python3.7/site-packages/airflow/example_dags/example_trigger_controller_dag.py for tasks to queue
[2023-02-15T22:16:09.863+0000] {logging_mixin.py:137} INFO - [2023-02-15T22:16:09.863+0000] {dagbag.py:538} INFO - Filling up the DagBag from /home/airflow/.local/lib/python3.7/site-packages/airflow/example_dags/example_trigger_controller_dag.py
[2023-02-15T22:16:09.876+0000] {processor.py:753} INFO - DAG(s) dict_keys(['example_trigger_controller_dag']) retrieved from /home/airflow/.local/lib/python3.7/site-packages/airflow/example_dags/example_trigger_controller_dag.py
[2023-02-15T22:16:09.908+0000] {logging_mixin.py:137} INFO - [2023-02-15T22:16:09.908+0000] {dag.py:2690} INFO - Sync 1 DAGs
[2023-02-15T22:16:09.938+0000] {logging_mixin.py:137} INFO - [2023-02-15T22:16:09.938+0000] {dag.py:3441} INFO - Setting next_dagrun for example_trigger_controller_dag to 2021-01-01T00:00:00+00:00, run_after=2021-01-01T00:00:00+00:00
[2023-02-15T22:16:09.961+0000] {processor.py:175} INFO - Processing /home/airflow/.local/lib/python3.7/site-packages/airflow/example_dags/example_trigger_controller_dag.py took 0.104 seconds
[2023-02-15T22:16:40.234+0000] {processor.py:153} INFO - Started process (PID=803) to work on /home/airflow/.local/lib/python3.7/site-packages/airflow/example_dags/example_trigger_controller_dag.py
[2023-02-15T22:16:40.238+0000] {processor.py:743} INFO - Processing file /home/airflow/.local/lib/python3.7/site-packages/airflow/example_dags/example_trigger_controller_dag.py for tasks to queue
[2023-02-15T22:16:40.239+0000] {logging_mixin.py:137} INFO - [2023-02-15T22:16:40.239+0000] {dagbag.py:538} INFO - Filling up the DagBag from /home/airflow/.local/lib/python3.7/site-packages/airflow/example_dags/example_trigger_controller_dag.py
[2023-02-15T22:16:40.253+0000] {processor.py:753} INFO - DAG(s) dict_keys(['example_trigger_controller_dag']) retrieved from /home/airflow/.local/lib/python3.7/site-packages/airflow/example_dags/example_trigger_controller_dag.py
[2023-02-15T22:16:40.297+0000] {logging_mixin.py:137} INFO - [2023-02-15T22:16:40.297+0000] {dag.py:2690} INFO - Sync 1 DAGs
[2023-02-15T22:16:40.344+0000] {logging_mixin.py:137} INFO - [2023-02-15T22:16:40.343+0000] {dag.py:3441} INFO - Setting next_dagrun for example_trigger_controller_dag to 2021-01-01T00:00:00+00:00, run_after=2021-01-01T00:00:00+00:00
[2023-02-15T22:16:40.376+0000] {processor.py:175} INFO - Processing /home/airflow/.local/lib/python3.7/site-packages/airflow/example_dags/example_trigger_controller_dag.py took 0.145 seconds
[2023-02-15T22:17:10.903+0000] {processor.py:153} INFO - Started process (PID=867) to work on /home/airflow/.local/lib/python3.7/site-packages/airflow/example_dags/example_trigger_controller_dag.py
[2023-02-15T22:17:10.904+0000] {processor.py:743} INFO - Processing file /home/airflow/.local/lib/python3.7/site-packages/airflow/example_dags/example_trigger_controller_dag.py for tasks to queue
[2023-02-15T22:17:10.905+0000] {logging_mixin.py:137} INFO - [2023-02-15T22:17:10.905+0000] {dagbag.py:538} INFO - Filling up the DagBag from /home/airflow/.local/lib/python3.7/site-packages/airflow/example_dags/example_trigger_controller_dag.py
[2023-02-15T22:17:10.919+0000] {processor.py:753} INFO - DAG(s) dict_keys(['example_trigger_controller_dag']) retrieved from /home/airflow/.local/lib/python3.7/site-packages/airflow/example_dags/example_trigger_controller_dag.py
[2023-02-15T22:17:10.949+0000] {logging_mixin.py:137} INFO - [2023-02-15T22:17:10.949+0000] {dag.py:2690} INFO - Sync 1 DAGs
[2023-02-15T22:17:10.983+0000] {logging_mixin.py:137} INFO - [2023-02-15T22:17:10.983+0000] {dag.py:3441} INFO - Setting next_dagrun for example_trigger_controller_dag to 2021-01-01T00:00:00+00:00, run_after=2021-01-01T00:00:00+00:00
[2023-02-15T22:17:11.019+0000] {processor.py:175} INFO - Processing /home/airflow/.local/lib/python3.7/site-packages/airflow/example_dags/example_trigger_controller_dag.py took 0.120 seconds
[2023-02-15T22:17:41.612+0000] {processor.py:153} INFO - Started process (PID=930) to work on /home/airflow/.local/lib/python3.7/site-packages/airflow/example_dags/example_trigger_controller_dag.py
[2023-02-15T22:17:41.621+0000] {processor.py:743} INFO - Processing file /home/airflow/.local/lib/python3.7/site-packages/airflow/example_dags/example_trigger_controller_dag.py for tasks to queue
[2023-02-15T22:17:41.622+0000] {logging_mixin.py:137} INFO - [2023-02-15T22:17:41.622+0000] {dagbag.py:538} INFO - Filling up the DagBag from /home/airflow/.local/lib/python3.7/site-packages/airflow/example_dags/example_trigger_controller_dag.py
[2023-02-15T22:17:41.634+0000] {processor.py:753} INFO - DAG(s) dict_keys(['example_trigger_controller_dag']) retrieved from /home/airflow/.local/lib/python3.7/site-packages/airflow/example_dags/example_trigger_controller_dag.py
[2023-02-15T22:17:41.668+0000] {logging_mixin.py:137} INFO - [2023-02-15T22:17:41.668+0000] {dag.py:2690} INFO - Sync 1 DAGs
[2023-02-15T22:17:41.699+0000] {logging_mixin.py:137} INFO - [2023-02-15T22:17:41.699+0000] {dag.py:3441} INFO - Setting next_dagrun for example_trigger_controller_dag to 2021-01-01T00:00:00+00:00, run_after=2021-01-01T00:00:00+00:00
[2023-02-15T22:17:41.727+0000] {processor.py:175} INFO - Processing /home/airflow/.local/lib/python3.7/site-packages/airflow/example_dags/example_trigger_controller_dag.py took 0.118 seconds
[2023-02-15T22:18:12.172+0000] {processor.py:153} INFO - Started process (PID=1003) to work on /home/airflow/.local/lib/python3.7/site-packages/airflow/example_dags/example_trigger_controller_dag.py
[2023-02-15T22:18:12.175+0000] {processor.py:743} INFO - Processing file /home/airflow/.local/lib/python3.7/site-packages/airflow/example_dags/example_trigger_controller_dag.py for tasks to queue
[2023-02-15T22:18:12.176+0000] {logging_mixin.py:137} INFO - [2023-02-15T22:18:12.176+0000] {dagbag.py:538} INFO - Filling up the DagBag from /home/airflow/.local/lib/python3.7/site-packages/airflow/example_dags/example_trigger_controller_dag.py
[2023-02-15T22:18:12.189+0000] {processor.py:753} INFO - DAG(s) dict_keys(['example_trigger_controller_dag']) retrieved from /home/airflow/.local/lib/python3.7/site-packages/airflow/example_dags/example_trigger_controller_dag.py
[2023-02-15T22:18:12.227+0000] {logging_mixin.py:137} INFO - [2023-02-15T22:18:12.227+0000] {dag.py:2690} INFO - Sync 1 DAGs
[2023-02-15T22:18:12.262+0000] {logging_mixin.py:137} INFO - [2023-02-15T22:18:12.262+0000] {dag.py:3441} INFO - Setting next_dagrun for example_trigger_controller_dag to 2021-01-01T00:00:00+00:00, run_after=2021-01-01T00:00:00+00:00
[2023-02-15T22:18:12.287+0000] {processor.py:175} INFO - Processing /home/airflow/.local/lib/python3.7/site-packages/airflow/example_dags/example_trigger_controller_dag.py took 0.119 seconds
[2023-02-15T22:18:42.852+0000] {processor.py:153} INFO - Started process (PID=1068) to work on /home/airflow/.local/lib/python3.7/site-packages/airflow/example_dags/example_trigger_controller_dag.py
[2023-02-15T22:18:42.854+0000] {processor.py:743} INFO - Processing file /home/airflow/.local/lib/python3.7/site-packages/airflow/example_dags/example_trigger_controller_dag.py for tasks to queue
[2023-02-15T22:18:42.854+0000] {logging_mixin.py:137} INFO - [2023-02-15T22:18:42.854+0000] {dagbag.py:538} INFO - Filling up the DagBag from /home/airflow/.local/lib/python3.7/site-packages/airflow/example_dags/example_trigger_controller_dag.py
[2023-02-15T22:18:42.867+0000] {processor.py:753} INFO - DAG(s) dict_keys(['example_trigger_controller_dag']) retrieved from /home/airflow/.local/lib/python3.7/site-packages/airflow/example_dags/example_trigger_controller_dag.py
[2023-02-15T22:18:42.896+0000] {logging_mixin.py:137} INFO - [2023-02-15T22:18:42.896+0000] {dag.py:2690} INFO - Sync 1 DAGs
[2023-02-15T22:18:42.926+0000] {logging_mixin.py:137} INFO - [2023-02-15T22:18:42.926+0000] {dag.py:3441} INFO - Setting next_dagrun for example_trigger_controller_dag to 2021-01-01T00:00:00+00:00, run_after=2021-01-01T00:00:00+00:00
[2023-02-15T22:18:42.949+0000] {processor.py:175} INFO - Processing /home/airflow/.local/lib/python3.7/site-packages/airflow/example_dags/example_trigger_controller_dag.py took 0.101 seconds
[2023-02-15T22:19:13.186+0000] {processor.py:153} INFO - Started process (PID=1131) to work on /home/airflow/.local/lib/python3.7/site-packages/airflow/example_dags/example_trigger_controller_dag.py
[2023-02-15T22:19:13.187+0000] {processor.py:743} INFO - Processing file /home/airflow/.local/lib/python3.7/site-packages/airflow/example_dags/example_trigger_controller_dag.py for tasks to queue
[2023-02-15T22:19:13.188+0000] {logging_mixin.py:137} INFO - [2023-02-15T22:19:13.187+0000] {dagbag.py:538} INFO - Filling up the DagBag from /home/airflow/.local/lib/python3.7/site-packages/airflow/example_dags/example_trigger_controller_dag.py
[2023-02-15T22:19:13.208+0000] {processor.py:753} INFO - DAG(s) dict_keys(['example_trigger_controller_dag']) retrieved from /home/airflow/.local/lib/python3.7/site-packages/airflow/example_dags/example_trigger_controller_dag.py
[2023-02-15T22:19:13.237+0000] {logging_mixin.py:137} INFO - [2023-02-15T22:19:13.236+0000] {dag.py:2690} INFO - Sync 1 DAGs
[2023-02-15T22:19:13.271+0000] {logging_mixin.py:137} INFO - [2023-02-15T22:19:13.271+0000] {dag.py:3441} INFO - Setting next_dagrun for example_trigger_controller_dag to 2021-01-01T00:00:00+00:00, run_after=2021-01-01T00:00:00+00:00
[2023-02-15T22:19:13.294+0000] {processor.py:175} INFO - Processing /home/airflow/.local/lib/python3.7/site-packages/airflow/example_dags/example_trigger_controller_dag.py took 0.111 seconds
[2023-02-15T22:19:43.797+0000] {processor.py:153} INFO - Started process (PID=1204) to work on /home/airflow/.local/lib/python3.7/site-packages/airflow/example_dags/example_trigger_controller_dag.py
[2023-02-15T22:19:43.799+0000] {processor.py:743} INFO - Processing file /home/airflow/.local/lib/python3.7/site-packages/airflow/example_dags/example_trigger_controller_dag.py for tasks to queue
[2023-02-15T22:19:43.799+0000] {logging_mixin.py:137} INFO - [2023-02-15T22:19:43.799+0000] {dagbag.py:538} INFO - Filling up the DagBag from /home/airflow/.local/lib/python3.7/site-packages/airflow/example_dags/example_trigger_controller_dag.py
[2023-02-15T22:19:43.824+0000] {processor.py:753} INFO - DAG(s) dict_keys(['example_trigger_controller_dag']) retrieved from /home/airflow/.local/lib/python3.7/site-packages/airflow/example_dags/example_trigger_controller_dag.py
[2023-02-15T22:19:43.871+0000] {logging_mixin.py:137} INFO - [2023-02-15T22:19:43.871+0000] {dag.py:2690} INFO - Sync 1 DAGs
[2023-02-15T22:19:43.930+0000] {logging_mixin.py:137} INFO - [2023-02-15T22:19:43.930+0000] {dag.py:3441} INFO - Setting next_dagrun for example_trigger_controller_dag to 2021-01-01T00:00:00+00:00, run_after=2021-01-01T00:00:00+00:00
[2023-02-15T22:19:43.984+0000] {processor.py:175} INFO - Processing /home/airflow/.local/lib/python3.7/site-packages/airflow/example_dags/example_trigger_controller_dag.py took 0.201 seconds
[2023-02-15T22:20:14.075+0000] {processor.py:153} INFO - Started process (PID=1269) to work on /home/airflow/.local/lib/python3.7/site-packages/airflow/example_dags/example_trigger_controller_dag.py
[2023-02-15T22:20:14.076+0000] {processor.py:743} INFO - Processing file /home/airflow/.local/lib/python3.7/site-packages/airflow/example_dags/example_trigger_controller_dag.py for tasks to queue
[2023-02-15T22:20:14.081+0000] {logging_mixin.py:137} INFO - [2023-02-15T22:20:14.080+0000] {dagbag.py:538} INFO - Filling up the DagBag from /home/airflow/.local/lib/python3.7/site-packages/airflow/example_dags/example_trigger_controller_dag.py
[2023-02-15T22:20:14.097+0000] {processor.py:753} INFO - DAG(s) dict_keys(['example_trigger_controller_dag']) retrieved from /home/airflow/.local/lib/python3.7/site-packages/airflow/example_dags/example_trigger_controller_dag.py
[2023-02-15T22:20:14.127+0000] {logging_mixin.py:137} INFO - [2023-02-15T22:20:14.127+0000] {dag.py:2690} INFO - Sync 1 DAGs
[2023-02-15T22:20:14.155+0000] {logging_mixin.py:137} INFO - [2023-02-15T22:20:14.154+0000] {dag.py:3441} INFO - Setting next_dagrun for example_trigger_controller_dag to 2021-01-01T00:00:00+00:00, run_after=2021-01-01T00:00:00+00:00
[2023-02-15T22:20:14.174+0000] {processor.py:175} INFO - Processing /home/airflow/.local/lib/python3.7/site-packages/airflow/example_dags/example_trigger_controller_dag.py took 0.103 seconds
[2023-02-15T22:20:44.701+0000] {processor.py:153} INFO - Started process (PID=1332) to work on /home/airflow/.local/lib/python3.7/site-packages/airflow/example_dags/example_trigger_controller_dag.py
[2023-02-15T22:20:44.704+0000] {processor.py:743} INFO - Processing file /home/airflow/.local/lib/python3.7/site-packages/airflow/example_dags/example_trigger_controller_dag.py for tasks to queue
[2023-02-15T22:20:44.704+0000] {logging_mixin.py:137} INFO - [2023-02-15T22:20:44.704+0000] {dagbag.py:538} INFO - Filling up the DagBag from /home/airflow/.local/lib/python3.7/site-packages/airflow/example_dags/example_trigger_controller_dag.py
[2023-02-15T22:20:44.718+0000] {processor.py:753} INFO - DAG(s) dict_keys(['example_trigger_controller_dag']) retrieved from /home/airflow/.local/lib/python3.7/site-packages/airflow/example_dags/example_trigger_controller_dag.py
[2023-02-15T22:20:44.753+0000] {logging_mixin.py:137} INFO - [2023-02-15T22:20:44.753+0000] {dag.py:2690} INFO - Sync 1 DAGs
[2023-02-15T22:20:44.786+0000] {logging_mixin.py:137} INFO - [2023-02-15T22:20:44.785+0000] {dag.py:3441} INFO - Setting next_dagrun for example_trigger_controller_dag to 2021-01-01T00:00:00+00:00, run_after=2021-01-01T00:00:00+00:00
[2023-02-15T22:20:44.814+0000] {processor.py:175} INFO - Processing /home/airflow/.local/lib/python3.7/site-packages/airflow/example_dags/example_trigger_controller_dag.py took 0.116 seconds
[2023-02-15T22:21:15.459+0000] {processor.py:153} INFO - Started process (PID=1404) to work on /home/airflow/.local/lib/python3.7/site-packages/airflow/example_dags/example_trigger_controller_dag.py
[2023-02-15T22:21:15.460+0000] {processor.py:743} INFO - Processing file /home/airflow/.local/lib/python3.7/site-packages/airflow/example_dags/example_trigger_controller_dag.py for tasks to queue
[2023-02-15T22:21:15.460+0000] {logging_mixin.py:137} INFO - [2023-02-15T22:21:15.460+0000] {dagbag.py:538} INFO - Filling up the DagBag from /home/airflow/.local/lib/python3.7/site-packages/airflow/example_dags/example_trigger_controller_dag.py
[2023-02-15T22:21:15.473+0000] {processor.py:753} INFO - DAG(s) dict_keys(['example_trigger_controller_dag']) retrieved from /home/airflow/.local/lib/python3.7/site-packages/airflow/example_dags/example_trigger_controller_dag.py
[2023-02-15T22:21:15.502+0000] {logging_mixin.py:137} INFO - [2023-02-15T22:21:15.502+0000] {dag.py:2690} INFO - Sync 1 DAGs
[2023-02-15T22:21:15.531+0000] {logging_mixin.py:137} INFO - [2023-02-15T22:21:15.531+0000] {dag.py:3441} INFO - Setting next_dagrun for example_trigger_controller_dag to 2021-01-01T00:00:00+00:00, run_after=2021-01-01T00:00:00+00:00
[2023-02-15T22:21:15.553+0000] {processor.py:175} INFO - Processing /home/airflow/.local/lib/python3.7/site-packages/airflow/example_dags/example_trigger_controller_dag.py took 0.098 seconds
[2023-02-15T22:21:46.435+0000] {processor.py:153} INFO - Started process (PID=1472) to work on /home/airflow/.local/lib/python3.7/site-packages/airflow/example_dags/example_trigger_controller_dag.py
[2023-02-15T22:21:46.436+0000] {processor.py:743} INFO - Processing file /home/airflow/.local/lib/python3.7/site-packages/airflow/example_dags/example_trigger_controller_dag.py for tasks to queue
[2023-02-15T22:21:46.436+0000] {logging_mixin.py:137} INFO - [2023-02-15T22:21:46.436+0000] {dagbag.py:538} INFO - Filling up the DagBag from /home/airflow/.local/lib/python3.7/site-packages/airflow/example_dags/example_trigger_controller_dag.py
[2023-02-15T22:21:46.451+0000] {processor.py:753} INFO - DAG(s) dict_keys(['example_trigger_controller_dag']) retrieved from /home/airflow/.local/lib/python3.7/site-packages/airflow/example_dags/example_trigger_controller_dag.py
[2023-02-15T22:21:46.521+0000] {logging_mixin.py:137} INFO - [2023-02-15T22:21:46.520+0000] {dag.py:2690} INFO - Sync 1 DAGs
[2023-02-15T22:21:46.571+0000] {logging_mixin.py:137} INFO - [2023-02-15T22:21:46.571+0000] {dag.py:3441} INFO - Setting next_dagrun for example_trigger_controller_dag to 2021-01-01T00:00:00+00:00, run_after=2021-01-01T00:00:00+00:00
[2023-02-15T22:21:46.612+0000] {processor.py:175} INFO - Processing /home/airflow/.local/lib/python3.7/site-packages/airflow/example_dags/example_trigger_controller_dag.py took 0.181 seconds
[2023-02-15T22:22:16.945+0000] {processor.py:153} INFO - Started process (PID=1536) to work on /home/airflow/.local/lib/python3.7/site-packages/airflow/example_dags/example_trigger_controller_dag.py
[2023-02-15T22:22:16.947+0000] {processor.py:743} INFO - Processing file /home/airflow/.local/lib/python3.7/site-packages/airflow/example_dags/example_trigger_controller_dag.py for tasks to queue
[2023-02-15T22:22:16.948+0000] {logging_mixin.py:137} INFO - [2023-02-15T22:22:16.948+0000] {dagbag.py:538} INFO - Filling up the DagBag from /home/airflow/.local/lib/python3.7/site-packages/airflow/example_dags/example_trigger_controller_dag.py
[2023-02-15T22:22:16.976+0000] {processor.py:753} INFO - DAG(s) dict_keys(['example_trigger_controller_dag']) retrieved from /home/airflow/.local/lib/python3.7/site-packages/airflow/example_dags/example_trigger_controller_dag.py
[2023-02-15T22:22:17.027+0000] {logging_mixin.py:137} INFO - [2023-02-15T22:22:17.027+0000] {dag.py:2690} INFO - Sync 1 DAGs
[2023-02-15T22:22:17.073+0000] {logging_mixin.py:137} INFO - [2023-02-15T22:22:17.072+0000] {dag.py:3441} INFO - Setting next_dagrun for example_trigger_controller_dag to 2021-01-01T00:00:00+00:00, run_after=2021-01-01T00:00:00+00:00
[2023-02-15T22:22:17.122+0000] {processor.py:175} INFO - Processing /home/airflow/.local/lib/python3.7/site-packages/airflow/example_dags/example_trigger_controller_dag.py took 0.182 seconds
[2023-02-15T22:22:47.972+0000] {processor.py:153} INFO - Started process (PID=1611) to work on /home/airflow/.local/lib/python3.7/site-packages/airflow/example_dags/example_trigger_controller_dag.py
[2023-02-15T22:22:47.973+0000] {processor.py:743} INFO - Processing file /home/airflow/.local/lib/python3.7/site-packages/airflow/example_dags/example_trigger_controller_dag.py for tasks to queue
[2023-02-15T22:22:47.973+0000] {logging_mixin.py:137} INFO - [2023-02-15T22:22:47.973+0000] {dagbag.py:538} INFO - Filling up the DagBag from /home/airflow/.local/lib/python3.7/site-packages/airflow/example_dags/example_trigger_controller_dag.py
[2023-02-15T22:22:47.994+0000] {processor.py:753} INFO - DAG(s) dict_keys(['example_trigger_controller_dag']) retrieved from /home/airflow/.local/lib/python3.7/site-packages/airflow/example_dags/example_trigger_controller_dag.py
[2023-02-15T22:22:48.066+0000] {logging_mixin.py:137} INFO - [2023-02-15T22:22:48.066+0000] {dag.py:2690} INFO - Sync 1 DAGs
[2023-02-15T22:22:48.107+0000] {logging_mixin.py:137} INFO - [2023-02-15T22:22:48.107+0000] {dag.py:3441} INFO - Setting next_dagrun for example_trigger_controller_dag to 2021-01-01T00:00:00+00:00, run_after=2021-01-01T00:00:00+00:00
[2023-02-15T22:22:48.133+0000] {processor.py:175} INFO - Processing /home/airflow/.local/lib/python3.7/site-packages/airflow/example_dags/example_trigger_controller_dag.py took 0.165 seconds
[2023-02-15T22:23:18.273+0000] {processor.py:153} INFO - Started process (PID=1675) to work on /home/airflow/.local/lib/python3.7/site-packages/airflow/example_dags/example_trigger_controller_dag.py
[2023-02-15T22:23:18.291+0000] {processor.py:743} INFO - Processing file /home/airflow/.local/lib/python3.7/site-packages/airflow/example_dags/example_trigger_controller_dag.py for tasks to queue
[2023-02-15T22:23:18.292+0000] {logging_mixin.py:137} INFO - [2023-02-15T22:23:18.292+0000] {dagbag.py:538} INFO - Filling up the DagBag from /home/airflow/.local/lib/python3.7/site-packages/airflow/example_dags/example_trigger_controller_dag.py
[2023-02-15T22:23:18.310+0000] {processor.py:753} INFO - DAG(s) dict_keys(['example_trigger_controller_dag']) retrieved from /home/airflow/.local/lib/python3.7/site-packages/airflow/example_dags/example_trigger_controller_dag.py
[2023-02-15T22:23:18.376+0000] {logging_mixin.py:137} INFO - [2023-02-15T22:23:18.376+0000] {dag.py:2690} INFO - Sync 1 DAGs
[2023-02-15T22:23:18.412+0000] {logging_mixin.py:137} INFO - [2023-02-15T22:23:18.412+0000] {dag.py:3441} INFO - Setting next_dagrun for example_trigger_controller_dag to 2021-01-01T00:00:00+00:00, run_after=2021-01-01T00:00:00+00:00
[2023-02-15T22:23:18.449+0000] {processor.py:175} INFO - Processing /home/airflow/.local/lib/python3.7/site-packages/airflow/example_dags/example_trigger_controller_dag.py took 0.180 seconds
