[2023-02-15T22:10:58.160+0000] {processor.py:153} INFO - Started process (PID=85) to work on /home/airflow/.local/lib/python3.7/site-packages/airflow/example_dags/example_sensors.py
[2023-02-15T22:10:58.161+0000] {processor.py:743} INFO - Processing file /home/airflow/.local/lib/python3.7/site-packages/airflow/example_dags/example_sensors.py for tasks to queue
[2023-02-15T22:10:58.177+0000] {logging_mixin.py:137} INFO - [2023-02-15T22:10:58.176+0000] {dagbag.py:538} INFO - Filling up the DagBag from /home/airflow/.local/lib/python3.7/site-packages/airflow/example_dags/example_sensors.py
[2023-02-15T22:10:58.284+0000] {processor.py:753} INFO - DAG(s) dict_keys(['example_sensors']) retrieved from /home/airflow/.local/lib/python3.7/site-packages/airflow/example_dags/example_sensors.py
[2023-02-15T22:10:58.872+0000] {logging_mixin.py:137} INFO - [2023-02-15T22:10:58.872+0000] {dag.py:2690} INFO - Sync 1 DAGs
[2023-02-15T22:10:59.017+0000] {logging_mixin.py:137} INFO - [2023-02-15T22:10:59.017+0000] {dag.py:3441} INFO - Setting next_dagrun for example_sensors to None, run_after=None
[2023-02-15T22:10:59.157+0000] {processor.py:175} INFO - Processing /home/airflow/.local/lib/python3.7/site-packages/airflow/example_dags/example_sensors.py took 1.081 seconds
[2023-02-15T22:11:29.561+0000] {processor.py:153} INFO - Started process (PID=147) to work on /home/airflow/.local/lib/python3.7/site-packages/airflow/example_dags/example_sensors.py
[2023-02-15T22:11:29.574+0000] {processor.py:743} INFO - Processing file /home/airflow/.local/lib/python3.7/site-packages/airflow/example_dags/example_sensors.py for tasks to queue
[2023-02-15T22:11:29.575+0000] {logging_mixin.py:137} INFO - [2023-02-15T22:11:29.575+0000] {dagbag.py:538} INFO - Filling up the DagBag from /home/airflow/.local/lib/python3.7/site-packages/airflow/example_dags/example_sensors.py
[2023-02-15T22:11:29.686+0000] {processor.py:753} INFO - DAG(s) dict_keys(['example_sensors']) retrieved from /home/airflow/.local/lib/python3.7/site-packages/airflow/example_dags/example_sensors.py
[2023-02-15T22:11:29.940+0000] {logging_mixin.py:137} INFO - [2023-02-15T22:11:29.940+0000] {dag.py:2690} INFO - Sync 1 DAGs
[2023-02-15T22:11:30.051+0000] {logging_mixin.py:137} INFO - [2023-02-15T22:11:30.039+0000] {dag.py:3441} INFO - Setting next_dagrun for example_sensors to None, run_after=None
[2023-02-15T22:11:30.123+0000] {processor.py:175} INFO - Processing /home/airflow/.local/lib/python3.7/site-packages/airflow/example_dags/example_sensors.py took 0.597 seconds
[2023-02-15T22:12:00.224+0000] {processor.py:153} INFO - Started process (PID=198) to work on /home/airflow/.local/lib/python3.7/site-packages/airflow/example_dags/example_sensors.py
[2023-02-15T22:12:00.225+0000] {processor.py:743} INFO - Processing file /home/airflow/.local/lib/python3.7/site-packages/airflow/example_dags/example_sensors.py for tasks to queue
[2023-02-15T22:12:00.225+0000] {logging_mixin.py:137} INFO - [2023-02-15T22:12:00.225+0000] {dagbag.py:538} INFO - Filling up the DagBag from /home/airflow/.local/lib/python3.7/site-packages/airflow/example_dags/example_sensors.py
[2023-02-15T22:12:00.319+0000] {processor.py:753} INFO - DAG(s) dict_keys(['example_sensors']) retrieved from /home/airflow/.local/lib/python3.7/site-packages/airflow/example_dags/example_sensors.py
[2023-02-15T22:12:00.439+0000] {logging_mixin.py:137} INFO - [2023-02-15T22:12:00.439+0000] {dag.py:2690} INFO - Sync 1 DAGs
[2023-02-15T22:12:00.538+0000] {logging_mixin.py:137} INFO - [2023-02-15T22:12:00.537+0000] {dag.py:3441} INFO - Setting next_dagrun for example_sensors to None, run_after=None
[2023-02-15T22:12:00.647+0000] {processor.py:175} INFO - Processing /home/airflow/.local/lib/python3.7/site-packages/airflow/example_dags/example_sensors.py took 0.439 seconds
[2023-02-15T22:12:30.712+0000] {processor.py:153} INFO - Started process (PID=260) to work on /home/airflow/.local/lib/python3.7/site-packages/airflow/example_dags/example_sensors.py
[2023-02-15T22:12:30.727+0000] {processor.py:743} INFO - Processing file /home/airflow/.local/lib/python3.7/site-packages/airflow/example_dags/example_sensors.py for tasks to queue
[2023-02-15T22:12:30.728+0000] {logging_mixin.py:137} INFO - [2023-02-15T22:12:30.727+0000] {dagbag.py:538} INFO - Filling up the DagBag from /home/airflow/.local/lib/python3.7/site-packages/airflow/example_dags/example_sensors.py
[2023-02-15T22:12:30.781+0000] {processor.py:753} INFO - DAG(s) dict_keys(['example_sensors']) retrieved from /home/airflow/.local/lib/python3.7/site-packages/airflow/example_dags/example_sensors.py
[2023-02-15T22:12:30.845+0000] {logging_mixin.py:137} INFO - [2023-02-15T22:12:30.845+0000] {dag.py:2690} INFO - Sync 1 DAGs
[2023-02-15T22:12:30.926+0000] {logging_mixin.py:137} INFO - [2023-02-15T22:12:30.926+0000] {dag.py:3441} INFO - Setting next_dagrun for example_sensors to None, run_after=None
[2023-02-15T22:12:30.978+0000] {processor.py:175} INFO - Processing /home/airflow/.local/lib/python3.7/site-packages/airflow/example_dags/example_sensors.py took 0.273 seconds
[2023-02-15T22:13:01.067+0000] {processor.py:153} INFO - Started process (PID=324) to work on /home/airflow/.local/lib/python3.7/site-packages/airflow/example_dags/example_sensors.py
[2023-02-15T22:13:01.079+0000] {processor.py:743} INFO - Processing file /home/airflow/.local/lib/python3.7/site-packages/airflow/example_dags/example_sensors.py for tasks to queue
[2023-02-15T22:13:01.080+0000] {logging_mixin.py:137} INFO - [2023-02-15T22:13:01.079+0000] {dagbag.py:538} INFO - Filling up the DagBag from /home/airflow/.local/lib/python3.7/site-packages/airflow/example_dags/example_sensors.py
[2023-02-15T22:13:01.222+0000] {processor.py:753} INFO - DAG(s) dict_keys(['example_sensors']) retrieved from /home/airflow/.local/lib/python3.7/site-packages/airflow/example_dags/example_sensors.py
[2023-02-15T22:13:01.318+0000] {logging_mixin.py:137} INFO - [2023-02-15T22:13:01.318+0000] {dag.py:2690} INFO - Sync 1 DAGs
[2023-02-15T22:13:01.429+0000] {logging_mixin.py:137} INFO - [2023-02-15T22:13:01.429+0000] {dag.py:3441} INFO - Setting next_dagrun for example_sensors to None, run_after=None
[2023-02-15T22:13:01.510+0000] {processor.py:175} INFO - Processing /home/airflow/.local/lib/python3.7/site-packages/airflow/example_dags/example_sensors.py took 0.447 seconds
[2023-02-15T22:13:31.762+0000] {processor.py:153} INFO - Started process (PID=376) to work on /home/airflow/.local/lib/python3.7/site-packages/airflow/example_dags/example_sensors.py
[2023-02-15T22:13:31.775+0000] {processor.py:743} INFO - Processing file /home/airflow/.local/lib/python3.7/site-packages/airflow/example_dags/example_sensors.py for tasks to queue
[2023-02-15T22:13:31.795+0000] {logging_mixin.py:137} INFO - [2023-02-15T22:13:31.794+0000] {dagbag.py:538} INFO - Filling up the DagBag from /home/airflow/.local/lib/python3.7/site-packages/airflow/example_dags/example_sensors.py
[2023-02-15T22:13:31.875+0000] {processor.py:753} INFO - DAG(s) dict_keys(['example_sensors']) retrieved from /home/airflow/.local/lib/python3.7/site-packages/airflow/example_dags/example_sensors.py
[2023-02-15T22:13:32.037+0000] {logging_mixin.py:137} INFO - [2023-02-15T22:13:32.037+0000] {dag.py:2690} INFO - Sync 1 DAGs
[2023-02-15T22:13:32.190+0000] {logging_mixin.py:137} INFO - [2023-02-15T22:13:32.189+0000] {dag.py:3441} INFO - Setting next_dagrun for example_sensors to None, run_after=None
[2023-02-15T22:13:32.317+0000] {processor.py:175} INFO - Processing /home/airflow/.local/lib/python3.7/site-packages/airflow/example_dags/example_sensors.py took 0.573 seconds
[2023-02-15T22:14:03.042+0000] {processor.py:153} INFO - Started process (PID=448) to work on /home/airflow/.local/lib/python3.7/site-packages/airflow/example_dags/example_sensors.py
[2023-02-15T22:14:03.043+0000] {processor.py:743} INFO - Processing file /home/airflow/.local/lib/python3.7/site-packages/airflow/example_dags/example_sensors.py for tasks to queue
[2023-02-15T22:14:03.044+0000] {logging_mixin.py:137} INFO - [2023-02-15T22:14:03.043+0000] {dagbag.py:538} INFO - Filling up the DagBag from /home/airflow/.local/lib/python3.7/site-packages/airflow/example_dags/example_sensors.py
[2023-02-15T22:14:03.080+0000] {processor.py:753} INFO - DAG(s) dict_keys(['example_sensors']) retrieved from /home/airflow/.local/lib/python3.7/site-packages/airflow/example_dags/example_sensors.py
[2023-02-15T22:14:03.120+0000] {logging_mixin.py:137} INFO - [2023-02-15T22:14:03.120+0000] {dag.py:2690} INFO - Sync 1 DAGs
[2023-02-15T22:14:03.158+0000] {logging_mixin.py:137} INFO - [2023-02-15T22:14:03.158+0000] {dag.py:3441} INFO - Setting next_dagrun for example_sensors to None, run_after=None
[2023-02-15T22:14:03.194+0000] {processor.py:175} INFO - Processing /home/airflow/.local/lib/python3.7/site-packages/airflow/example_dags/example_sensors.py took 0.156 seconds
[2023-02-15T22:14:33.435+0000] {processor.py:153} INFO - Started process (PID=514) to work on /home/airflow/.local/lib/python3.7/site-packages/airflow/example_dags/example_sensors.py
[2023-02-15T22:14:33.438+0000] {processor.py:743} INFO - Processing file /home/airflow/.local/lib/python3.7/site-packages/airflow/example_dags/example_sensors.py for tasks to queue
[2023-02-15T22:14:33.439+0000] {logging_mixin.py:137} INFO - [2023-02-15T22:14:33.439+0000] {dagbag.py:538} INFO - Filling up the DagBag from /home/airflow/.local/lib/python3.7/site-packages/airflow/example_dags/example_sensors.py
[2023-02-15T22:14:33.469+0000] {processor.py:753} INFO - DAG(s) dict_keys(['example_sensors']) retrieved from /home/airflow/.local/lib/python3.7/site-packages/airflow/example_dags/example_sensors.py
[2023-02-15T22:14:33.505+0000] {logging_mixin.py:137} INFO - [2023-02-15T22:14:33.505+0000] {dag.py:2690} INFO - Sync 1 DAGs
[2023-02-15T22:14:33.538+0000] {logging_mixin.py:137} INFO - [2023-02-15T22:14:33.538+0000] {dag.py:3441} INFO - Setting next_dagrun for example_sensors to None, run_after=None
[2023-02-15T22:14:33.561+0000] {processor.py:175} INFO - Processing /home/airflow/.local/lib/python3.7/site-packages/airflow/example_dags/example_sensors.py took 0.131 seconds
[2023-02-15T22:15:03.718+0000] {processor.py:153} INFO - Started process (PID=579) to work on /home/airflow/.local/lib/python3.7/site-packages/airflow/example_dags/example_sensors.py
[2023-02-15T22:15:03.718+0000] {processor.py:743} INFO - Processing file /home/airflow/.local/lib/python3.7/site-packages/airflow/example_dags/example_sensors.py for tasks to queue
[2023-02-15T22:15:03.719+0000] {logging_mixin.py:137} INFO - [2023-02-15T22:15:03.719+0000] {dagbag.py:538} INFO - Filling up the DagBag from /home/airflow/.local/lib/python3.7/site-packages/airflow/example_dags/example_sensors.py
[2023-02-15T22:15:03.757+0000] {processor.py:753} INFO - DAG(s) dict_keys(['example_sensors']) retrieved from /home/airflow/.local/lib/python3.7/site-packages/airflow/example_dags/example_sensors.py
[2023-02-15T22:15:03.808+0000] {logging_mixin.py:137} INFO - [2023-02-15T22:15:03.808+0000] {dag.py:2690} INFO - Sync 1 DAGs
[2023-02-15T22:15:03.854+0000] {logging_mixin.py:137} INFO - [2023-02-15T22:15:03.854+0000] {dag.py:3441} INFO - Setting next_dagrun for example_sensors to None, run_after=None
[2023-02-15T22:15:03.894+0000] {processor.py:175} INFO - Processing /home/airflow/.local/lib/python3.7/site-packages/airflow/example_dags/example_sensors.py took 0.181 seconds
[2023-02-15T22:15:34.034+0000] {processor.py:153} INFO - Started process (PID=652) to work on /home/airflow/.local/lib/python3.7/site-packages/airflow/example_dags/example_sensors.py
[2023-02-15T22:15:34.039+0000] {processor.py:743} INFO - Processing file /home/airflow/.local/lib/python3.7/site-packages/airflow/example_dags/example_sensors.py for tasks to queue
[2023-02-15T22:15:34.040+0000] {logging_mixin.py:137} INFO - [2023-02-15T22:15:34.040+0000] {dagbag.py:538} INFO - Filling up the DagBag from /home/airflow/.local/lib/python3.7/site-packages/airflow/example_dags/example_sensors.py
[2023-02-15T22:15:34.137+0000] {processor.py:753} INFO - DAG(s) dict_keys(['example_sensors']) retrieved from /home/airflow/.local/lib/python3.7/site-packages/airflow/example_dags/example_sensors.py
[2023-02-15T22:15:34.206+0000] {logging_mixin.py:137} INFO - [2023-02-15T22:15:34.206+0000] {dag.py:2690} INFO - Sync 1 DAGs
[2023-02-15T22:15:34.244+0000] {logging_mixin.py:137} INFO - [2023-02-15T22:15:34.244+0000] {dag.py:3441} INFO - Setting next_dagrun for example_sensors to None, run_after=None
[2023-02-15T22:15:34.277+0000] {processor.py:175} INFO - Processing /home/airflow/.local/lib/python3.7/site-packages/airflow/example_dags/example_sensors.py took 0.260 seconds
[2023-02-15T22:16:04.395+0000] {processor.py:153} INFO - Started process (PID=719) to work on /home/airflow/.local/lib/python3.7/site-packages/airflow/example_dags/example_sensors.py
[2023-02-15T22:16:04.395+0000] {processor.py:743} INFO - Processing file /home/airflow/.local/lib/python3.7/site-packages/airflow/example_dags/example_sensors.py for tasks to queue
[2023-02-15T22:16:04.396+0000] {logging_mixin.py:137} INFO - [2023-02-15T22:16:04.396+0000] {dagbag.py:538} INFO - Filling up the DagBag from /home/airflow/.local/lib/python3.7/site-packages/airflow/example_dags/example_sensors.py
[2023-02-15T22:16:04.420+0000] {processor.py:753} INFO - DAG(s) dict_keys(['example_sensors']) retrieved from /home/airflow/.local/lib/python3.7/site-packages/airflow/example_dags/example_sensors.py
[2023-02-15T22:16:04.450+0000] {logging_mixin.py:137} INFO - [2023-02-15T22:16:04.450+0000] {dag.py:2690} INFO - Sync 1 DAGs
[2023-02-15T22:16:04.479+0000] {logging_mixin.py:137} INFO - [2023-02-15T22:16:04.479+0000] {dag.py:3441} INFO - Setting next_dagrun for example_sensors to None, run_after=None
[2023-02-15T22:16:04.503+0000] {processor.py:175} INFO - Processing /home/airflow/.local/lib/python3.7/site-packages/airflow/example_dags/example_sensors.py took 0.112 seconds
[2023-02-15T22:16:34.609+0000] {processor.py:153} INFO - Started process (PID=783) to work on /home/airflow/.local/lib/python3.7/site-packages/airflow/example_dags/example_sensors.py
[2023-02-15T22:16:34.610+0000] {processor.py:743} INFO - Processing file /home/airflow/.local/lib/python3.7/site-packages/airflow/example_dags/example_sensors.py for tasks to queue
[2023-02-15T22:16:34.611+0000] {logging_mixin.py:137} INFO - [2023-02-15T22:16:34.611+0000] {dagbag.py:538} INFO - Filling up the DagBag from /home/airflow/.local/lib/python3.7/site-packages/airflow/example_dags/example_sensors.py
[2023-02-15T22:16:34.633+0000] {processor.py:753} INFO - DAG(s) dict_keys(['example_sensors']) retrieved from /home/airflow/.local/lib/python3.7/site-packages/airflow/example_dags/example_sensors.py
[2023-02-15T22:16:34.665+0000] {logging_mixin.py:137} INFO - [2023-02-15T22:16:34.665+0000] {dag.py:2690} INFO - Sync 1 DAGs
[2023-02-15T22:16:34.695+0000] {logging_mixin.py:137} INFO - [2023-02-15T22:16:34.694+0000] {dag.py:3441} INFO - Setting next_dagrun for example_sensors to None, run_after=None
[2023-02-15T22:16:34.717+0000] {processor.py:175} INFO - Processing /home/airflow/.local/lib/python3.7/site-packages/airflow/example_dags/example_sensors.py took 0.111 seconds
[2023-02-15T22:17:05.234+0000] {processor.py:153} INFO - Started process (PID=859) to work on /home/airflow/.local/lib/python3.7/site-packages/airflow/example_dags/example_sensors.py
[2023-02-15T22:17:05.235+0000] {processor.py:743} INFO - Processing file /home/airflow/.local/lib/python3.7/site-packages/airflow/example_dags/example_sensors.py for tasks to queue
[2023-02-15T22:17:05.235+0000] {logging_mixin.py:137} INFO - [2023-02-15T22:17:05.235+0000] {dagbag.py:538} INFO - Filling up the DagBag from /home/airflow/.local/lib/python3.7/site-packages/airflow/example_dags/example_sensors.py
[2023-02-15T22:17:05.270+0000] {processor.py:753} INFO - DAG(s) dict_keys(['example_sensors']) retrieved from /home/airflow/.local/lib/python3.7/site-packages/airflow/example_dags/example_sensors.py
[2023-02-15T22:17:05.346+0000] {logging_mixin.py:137} INFO - [2023-02-15T22:17:05.346+0000] {dag.py:2690} INFO - Sync 1 DAGs
[2023-02-15T22:17:05.416+0000] {logging_mixin.py:137} INFO - [2023-02-15T22:17:05.416+0000] {dag.py:3441} INFO - Setting next_dagrun for example_sensors to None, run_after=None
[2023-02-15T22:17:05.493+0000] {processor.py:175} INFO - Processing /home/airflow/.local/lib/python3.7/site-packages/airflow/example_dags/example_sensors.py took 0.263 seconds
[2023-02-15T22:17:35.914+0000] {processor.py:153} INFO - Started process (PID=922) to work on /home/airflow/.local/lib/python3.7/site-packages/airflow/example_dags/example_sensors.py
[2023-02-15T22:17:35.916+0000] {processor.py:743} INFO - Processing file /home/airflow/.local/lib/python3.7/site-packages/airflow/example_dags/example_sensors.py for tasks to queue
[2023-02-15T22:17:35.916+0000] {logging_mixin.py:137} INFO - [2023-02-15T22:17:35.916+0000] {dagbag.py:538} INFO - Filling up the DagBag from /home/airflow/.local/lib/python3.7/site-packages/airflow/example_dags/example_sensors.py
[2023-02-15T22:17:35.950+0000] {processor.py:753} INFO - DAG(s) dict_keys(['example_sensors']) retrieved from /home/airflow/.local/lib/python3.7/site-packages/airflow/example_dags/example_sensors.py
[2023-02-15T22:17:35.998+0000] {logging_mixin.py:137} INFO - [2023-02-15T22:17:35.998+0000] {dag.py:2690} INFO - Sync 1 DAGs
[2023-02-15T22:17:36.031+0000] {logging_mixin.py:137} INFO - [2023-02-15T22:17:36.031+0000] {dag.py:3441} INFO - Setting next_dagrun for example_sensors to None, run_after=None
[2023-02-15T22:17:36.065+0000] {processor.py:175} INFO - Processing /home/airflow/.local/lib/python3.7/site-packages/airflow/example_dags/example_sensors.py took 0.155 seconds
[2023-02-15T22:18:06.449+0000] {processor.py:153} INFO - Started process (PID=986) to work on /home/airflow/.local/lib/python3.7/site-packages/airflow/example_dags/example_sensors.py
[2023-02-15T22:18:06.458+0000] {processor.py:743} INFO - Processing file /home/airflow/.local/lib/python3.7/site-packages/airflow/example_dags/example_sensors.py for tasks to queue
[2023-02-15T22:18:06.459+0000] {logging_mixin.py:137} INFO - [2023-02-15T22:18:06.459+0000] {dagbag.py:538} INFO - Filling up the DagBag from /home/airflow/.local/lib/python3.7/site-packages/airflow/example_dags/example_sensors.py
[2023-02-15T22:18:06.488+0000] {processor.py:753} INFO - DAG(s) dict_keys(['example_sensors']) retrieved from /home/airflow/.local/lib/python3.7/site-packages/airflow/example_dags/example_sensors.py
[2023-02-15T22:18:06.572+0000] {logging_mixin.py:137} INFO - [2023-02-15T22:18:06.572+0000] {dag.py:2690} INFO - Sync 1 DAGs
[2023-02-15T22:18:06.615+0000] {logging_mixin.py:137} INFO - [2023-02-15T22:18:06.614+0000] {dag.py:3441} INFO - Setting next_dagrun for example_sensors to None, run_after=None
[2023-02-15T22:18:06.651+0000] {processor.py:175} INFO - Processing /home/airflow/.local/lib/python3.7/site-packages/airflow/example_dags/example_sensors.py took 0.201 seconds
[2023-02-15T22:18:37.002+0000] {processor.py:153} INFO - Started process (PID=1048) to work on /home/airflow/.local/lib/python3.7/site-packages/airflow/example_dags/example_sensors.py
[2023-02-15T22:18:37.006+0000] {processor.py:743} INFO - Processing file /home/airflow/.local/lib/python3.7/site-packages/airflow/example_dags/example_sensors.py for tasks to queue
[2023-02-15T22:18:37.008+0000] {logging_mixin.py:137} INFO - [2023-02-15T22:18:37.008+0000] {dagbag.py:538} INFO - Filling up the DagBag from /home/airflow/.local/lib/python3.7/site-packages/airflow/example_dags/example_sensors.py
[2023-02-15T22:18:37.034+0000] {processor.py:753} INFO - DAG(s) dict_keys(['example_sensors']) retrieved from /home/airflow/.local/lib/python3.7/site-packages/airflow/example_dags/example_sensors.py
[2023-02-15T22:18:37.067+0000] {logging_mixin.py:137} INFO - [2023-02-15T22:18:37.067+0000] {dag.py:2690} INFO - Sync 1 DAGs
[2023-02-15T22:18:37.101+0000] {logging_mixin.py:137} INFO - [2023-02-15T22:18:37.100+0000] {dag.py:3441} INFO - Setting next_dagrun for example_sensors to None, run_after=None
[2023-02-15T22:18:37.125+0000] {processor.py:175} INFO - Processing /home/airflow/.local/lib/python3.7/site-packages/airflow/example_dags/example_sensors.py took 0.126 seconds
[2023-02-15T22:19:07.517+0000] {processor.py:153} INFO - Started process (PID=1123) to work on /home/airflow/.local/lib/python3.7/site-packages/airflow/example_dags/example_sensors.py
[2023-02-15T22:19:07.518+0000] {processor.py:743} INFO - Processing file /home/airflow/.local/lib/python3.7/site-packages/airflow/example_dags/example_sensors.py for tasks to queue
[2023-02-15T22:19:07.518+0000] {logging_mixin.py:137} INFO - [2023-02-15T22:19:07.518+0000] {dagbag.py:538} INFO - Filling up the DagBag from /home/airflow/.local/lib/python3.7/site-packages/airflow/example_dags/example_sensors.py
[2023-02-15T22:19:07.540+0000] {processor.py:753} INFO - DAG(s) dict_keys(['example_sensors']) retrieved from /home/airflow/.local/lib/python3.7/site-packages/airflow/example_dags/example_sensors.py
[2023-02-15T22:19:07.572+0000] {logging_mixin.py:137} INFO - [2023-02-15T22:19:07.572+0000] {dag.py:2690} INFO - Sync 1 DAGs
[2023-02-15T22:19:07.602+0000] {logging_mixin.py:137} INFO - [2023-02-15T22:19:07.601+0000] {dag.py:3441} INFO - Setting next_dagrun for example_sensors to None, run_after=None
[2023-02-15T22:19:07.625+0000] {processor.py:175} INFO - Processing /home/airflow/.local/lib/python3.7/site-packages/airflow/example_dags/example_sensors.py took 0.112 seconds
[2023-02-15T22:19:37.906+0000] {processor.py:153} INFO - Started process (PID=1187) to work on /home/airflow/.local/lib/python3.7/site-packages/airflow/example_dags/example_sensors.py
[2023-02-15T22:19:37.908+0000] {processor.py:743} INFO - Processing file /home/airflow/.local/lib/python3.7/site-packages/airflow/example_dags/example_sensors.py for tasks to queue
[2023-02-15T22:19:37.909+0000] {logging_mixin.py:137} INFO - [2023-02-15T22:19:37.909+0000] {dagbag.py:538} INFO - Filling up the DagBag from /home/airflow/.local/lib/python3.7/site-packages/airflow/example_dags/example_sensors.py
[2023-02-15T22:19:37.945+0000] {processor.py:753} INFO - DAG(s) dict_keys(['example_sensors']) retrieved from /home/airflow/.local/lib/python3.7/site-packages/airflow/example_dags/example_sensors.py
[2023-02-15T22:19:38.022+0000] {logging_mixin.py:137} INFO - [2023-02-15T22:19:38.022+0000] {dag.py:2690} INFO - Sync 1 DAGs
[2023-02-15T22:19:38.095+0000] {logging_mixin.py:137} INFO - [2023-02-15T22:19:38.094+0000] {dag.py:3441} INFO - Setting next_dagrun for example_sensors to None, run_after=None
[2023-02-15T22:19:38.147+0000] {processor.py:175} INFO - Processing /home/airflow/.local/lib/python3.7/site-packages/airflow/example_dags/example_sensors.py took 0.245 seconds
[2023-02-15T22:20:08.416+0000] {processor.py:153} INFO - Started process (PID=1249) to work on /home/airflow/.local/lib/python3.7/site-packages/airflow/example_dags/example_sensors.py
[2023-02-15T22:20:08.417+0000] {processor.py:743} INFO - Processing file /home/airflow/.local/lib/python3.7/site-packages/airflow/example_dags/example_sensors.py for tasks to queue
[2023-02-15T22:20:08.418+0000] {logging_mixin.py:137} INFO - [2023-02-15T22:20:08.418+0000] {dagbag.py:538} INFO - Filling up the DagBag from /home/airflow/.local/lib/python3.7/site-packages/airflow/example_dags/example_sensors.py
[2023-02-15T22:20:08.442+0000] {processor.py:753} INFO - DAG(s) dict_keys(['example_sensors']) retrieved from /home/airflow/.local/lib/python3.7/site-packages/airflow/example_dags/example_sensors.py
[2023-02-15T22:20:08.485+0000] {logging_mixin.py:137} INFO - [2023-02-15T22:20:08.485+0000] {dag.py:2690} INFO - Sync 1 DAGs
[2023-02-15T22:20:08.517+0000] {logging_mixin.py:137} INFO - [2023-02-15T22:20:08.517+0000] {dag.py:3441} INFO - Setting next_dagrun for example_sensors to None, run_after=None
[2023-02-15T22:20:08.545+0000] {processor.py:175} INFO - Processing /home/airflow/.local/lib/python3.7/site-packages/airflow/example_dags/example_sensors.py took 0.133 seconds
[2023-02-15T22:20:38.787+0000] {processor.py:153} INFO - Started process (PID=1324) to work on /home/airflow/.local/lib/python3.7/site-packages/airflow/example_dags/example_sensors.py
[2023-02-15T22:20:38.788+0000] {processor.py:743} INFO - Processing file /home/airflow/.local/lib/python3.7/site-packages/airflow/example_dags/example_sensors.py for tasks to queue
[2023-02-15T22:20:38.799+0000] {logging_mixin.py:137} INFO - [2023-02-15T22:20:38.799+0000] {dagbag.py:538} INFO - Filling up the DagBag from /home/airflow/.local/lib/python3.7/site-packages/airflow/example_dags/example_sensors.py
[2023-02-15T22:20:38.867+0000] {processor.py:753} INFO - DAG(s) dict_keys(['example_sensors']) retrieved from /home/airflow/.local/lib/python3.7/site-packages/airflow/example_dags/example_sensors.py
[2023-02-15T22:20:38.998+0000] {logging_mixin.py:137} INFO - [2023-02-15T22:20:38.998+0000] {dag.py:2690} INFO - Sync 1 DAGs
[2023-02-15T22:20:39.111+0000] {logging_mixin.py:137} INFO - [2023-02-15T22:20:39.111+0000] {dag.py:3441} INFO - Setting next_dagrun for example_sensors to None, run_after=None
[2023-02-15T22:20:39.201+0000] {processor.py:175} INFO - Processing /home/airflow/.local/lib/python3.7/site-packages/airflow/example_dags/example_sensors.py took 0.419 seconds
[2023-02-15T22:21:09.861+0000] {processor.py:153} INFO - Started process (PID=1387) to work on /home/airflow/.local/lib/python3.7/site-packages/airflow/example_dags/example_sensors.py
[2023-02-15T22:21:09.864+0000] {processor.py:743} INFO - Processing file /home/airflow/.local/lib/python3.7/site-packages/airflow/example_dags/example_sensors.py for tasks to queue
[2023-02-15T22:21:09.865+0000] {logging_mixin.py:137} INFO - [2023-02-15T22:21:09.865+0000] {dagbag.py:538} INFO - Filling up the DagBag from /home/airflow/.local/lib/python3.7/site-packages/airflow/example_dags/example_sensors.py
[2023-02-15T22:21:09.887+0000] {processor.py:753} INFO - DAG(s) dict_keys(['example_sensors']) retrieved from /home/airflow/.local/lib/python3.7/site-packages/airflow/example_dags/example_sensors.py
[2023-02-15T22:21:09.941+0000] {logging_mixin.py:137} INFO - [2023-02-15T22:21:09.940+0000] {dag.py:2690} INFO - Sync 1 DAGs
[2023-02-15T22:21:09.971+0000] {logging_mixin.py:137} INFO - [2023-02-15T22:21:09.971+0000] {dag.py:3441} INFO - Setting next_dagrun for example_sensors to None, run_after=None
[2023-02-15T22:21:10.001+0000] {processor.py:175} INFO - Processing /home/airflow/.local/lib/python3.7/site-packages/airflow/example_dags/example_sensors.py took 0.145 seconds
[2023-02-15T22:21:40.403+0000] {processor.py:153} INFO - Started process (PID=1459) to work on /home/airflow/.local/lib/python3.7/site-packages/airflow/example_dags/example_sensors.py
[2023-02-15T22:21:40.404+0000] {processor.py:743} INFO - Processing file /home/airflow/.local/lib/python3.7/site-packages/airflow/example_dags/example_sensors.py for tasks to queue
[2023-02-15T22:21:40.405+0000] {logging_mixin.py:137} INFO - [2023-02-15T22:21:40.404+0000] {dagbag.py:538} INFO - Filling up the DagBag from /home/airflow/.local/lib/python3.7/site-packages/airflow/example_dags/example_sensors.py
[2023-02-15T22:21:40.459+0000] {processor.py:753} INFO - DAG(s) dict_keys(['example_sensors']) retrieved from /home/airflow/.local/lib/python3.7/site-packages/airflow/example_dags/example_sensors.py
[2023-02-15T22:21:40.542+0000] {logging_mixin.py:137} INFO - [2023-02-15T22:21:40.542+0000] {dag.py:2690} INFO - Sync 1 DAGs
[2023-02-15T22:21:40.615+0000] {logging_mixin.py:137} INFO - [2023-02-15T22:21:40.615+0000] {dag.py:3441} INFO - Setting next_dagrun for example_sensors to None, run_after=None
[2023-02-15T22:21:40.661+0000] {processor.py:175} INFO - Processing /home/airflow/.local/lib/python3.7/site-packages/airflow/example_dags/example_sensors.py took 0.260 seconds
[2023-02-15T22:22:10.808+0000] {processor.py:153} INFO - Started process (PID=1528) to work on /home/airflow/.local/lib/python3.7/site-packages/airflow/example_dags/example_sensors.py
[2023-02-15T22:22:10.816+0000] {processor.py:743} INFO - Processing file /home/airflow/.local/lib/python3.7/site-packages/airflow/example_dags/example_sensors.py for tasks to queue
[2023-02-15T22:22:10.816+0000] {logging_mixin.py:137} INFO - [2023-02-15T22:22:10.816+0000] {dagbag.py:538} INFO - Filling up the DagBag from /home/airflow/.local/lib/python3.7/site-packages/airflow/example_dags/example_sensors.py
[2023-02-15T22:22:10.840+0000] {processor.py:753} INFO - DAG(s) dict_keys(['example_sensors']) retrieved from /home/airflow/.local/lib/python3.7/site-packages/airflow/example_dags/example_sensors.py
[2023-02-15T22:22:10.880+0000] {logging_mixin.py:137} INFO - [2023-02-15T22:22:10.880+0000] {dag.py:2690} INFO - Sync 1 DAGs
[2023-02-15T22:22:10.919+0000] {logging_mixin.py:137} INFO - [2023-02-15T22:22:10.919+0000] {dag.py:3441} INFO - Setting next_dagrun for example_sensors to None, run_after=None
[2023-02-15T22:22:10.946+0000] {processor.py:175} INFO - Processing /home/airflow/.local/lib/python3.7/site-packages/airflow/example_dags/example_sensors.py took 0.141 seconds
[2023-02-15T22:22:41.092+0000] {processor.py:153} INFO - Started process (PID=1591) to work on /home/airflow/.local/lib/python3.7/site-packages/airflow/example_dags/example_sensors.py
[2023-02-15T22:22:41.093+0000] {processor.py:743} INFO - Processing file /home/airflow/.local/lib/python3.7/site-packages/airflow/example_dags/example_sensors.py for tasks to queue
[2023-02-15T22:22:41.093+0000] {logging_mixin.py:137} INFO - [2023-02-15T22:22:41.093+0000] {dagbag.py:538} INFO - Filling up the DagBag from /home/airflow/.local/lib/python3.7/site-packages/airflow/example_dags/example_sensors.py
[2023-02-15T22:22:41.120+0000] {processor.py:753} INFO - DAG(s) dict_keys(['example_sensors']) retrieved from /home/airflow/.local/lib/python3.7/site-packages/airflow/example_dags/example_sensors.py
[2023-02-15T22:22:41.156+0000] {logging_mixin.py:137} INFO - [2023-02-15T22:22:41.156+0000] {dag.py:2690} INFO - Sync 1 DAGs
[2023-02-15T22:22:41.196+0000] {logging_mixin.py:137} INFO - [2023-02-15T22:22:41.195+0000] {dag.py:3441} INFO - Setting next_dagrun for example_sensors to None, run_after=None
[2023-02-15T22:22:41.232+0000] {processor.py:175} INFO - Processing /home/airflow/.local/lib/python3.7/site-packages/airflow/example_dags/example_sensors.py took 0.143 seconds
[2023-02-15T22:23:11.372+0000] {processor.py:153} INFO - Started process (PID=1654) to work on /home/airflow/.local/lib/python3.7/site-packages/airflow/example_dags/example_sensors.py
[2023-02-15T22:23:11.375+0000] {processor.py:743} INFO - Processing file /home/airflow/.local/lib/python3.7/site-packages/airflow/example_dags/example_sensors.py for tasks to queue
[2023-02-15T22:23:11.376+0000] {logging_mixin.py:137} INFO - [2023-02-15T22:23:11.376+0000] {dagbag.py:538} INFO - Filling up the DagBag from /home/airflow/.local/lib/python3.7/site-packages/airflow/example_dags/example_sensors.py
[2023-02-15T22:23:11.400+0000] {processor.py:753} INFO - DAG(s) dict_keys(['example_sensors']) retrieved from /home/airflow/.local/lib/python3.7/site-packages/airflow/example_dags/example_sensors.py
[2023-02-15T22:23:11.433+0000] {logging_mixin.py:137} INFO - [2023-02-15T22:23:11.433+0000] {dag.py:2690} INFO - Sync 1 DAGs
[2023-02-15T22:23:11.462+0000] {logging_mixin.py:137} INFO - [2023-02-15T22:23:11.462+0000] {dag.py:3441} INFO - Setting next_dagrun for example_sensors to None, run_after=None
[2023-02-15T22:23:11.485+0000] {processor.py:175} INFO - Processing /home/airflow/.local/lib/python3.7/site-packages/airflow/example_dags/example_sensors.py took 0.116 seconds
