[2023-02-15T22:11:09.674+0000] {processor.py:153} INFO - Started process (PID=108) to work on /home/airflow/.local/lib/python3.7/site-packages/airflow/example_dags/example_task_group_decorator.py
[2023-02-15T22:11:09.674+0000] {processor.py:743} INFO - Processing file /home/airflow/.local/lib/python3.7/site-packages/airflow/example_dags/example_task_group_decorator.py for tasks to queue
[2023-02-15T22:11:09.705+0000] {logging_mixin.py:137} INFO - [2023-02-15T22:11:09.704+0000] {dagbag.py:538} INFO - Filling up the DagBag from /home/airflow/.local/lib/python3.7/site-packages/airflow/example_dags/example_task_group_decorator.py
[2023-02-15T22:11:10.635+0000] {processor.py:753} INFO - DAG(s) dict_keys(['example_task_group_decorator']) retrieved from /home/airflow/.local/lib/python3.7/site-packages/airflow/example_dags/example_task_group_decorator.py
[2023-02-15T22:11:11.045+0000] {logging_mixin.py:137} INFO - [2023-02-15T22:11:11.045+0000] {dag.py:2690} INFO - Sync 1 DAGs
[2023-02-15T22:11:12.746+0000] {logging_mixin.py:137} INFO - [2023-02-15T22:11:12.746+0000] {dag.py:3441} INFO - Setting next_dagrun for example_task_group_decorator to 2023-02-14T22:11:12.746484+00:00, run_after=2023-02-15T22:11:12.746484+00:00
[2023-02-15T22:11:13.142+0000] {processor.py:175} INFO - Processing /home/airflow/.local/lib/python3.7/site-packages/airflow/example_dags/example_task_group_decorator.py took 3.498 seconds
[2023-02-15T22:11:43.403+0000] {processor.py:153} INFO - Started process (PID=171) to work on /home/airflow/.local/lib/python3.7/site-packages/airflow/example_dags/example_task_group_decorator.py
[2023-02-15T22:11:43.432+0000] {processor.py:743} INFO - Processing file /home/airflow/.local/lib/python3.7/site-packages/airflow/example_dags/example_task_group_decorator.py for tasks to queue
[2023-02-15T22:11:43.432+0000] {logging_mixin.py:137} INFO - [2023-02-15T22:11:43.432+0000] {dagbag.py:538} INFO - Filling up the DagBag from /home/airflow/.local/lib/python3.7/site-packages/airflow/example_dags/example_task_group_decorator.py
[2023-02-15T22:11:43.560+0000] {processor.py:753} INFO - DAG(s) dict_keys(['example_task_group_decorator']) retrieved from /home/airflow/.local/lib/python3.7/site-packages/airflow/example_dags/example_task_group_decorator.py
[2023-02-15T22:11:43.678+0000] {logging_mixin.py:137} INFO - [2023-02-15T22:11:43.677+0000] {dag.py:2690} INFO - Sync 1 DAGs
[2023-02-15T22:11:43.788+0000] {logging_mixin.py:137} INFO - [2023-02-15T22:11:43.787+0000] {dag.py:3441} INFO - Setting next_dagrun for example_task_group_decorator to 2023-02-14T22:11:43.787599+00:00, run_after=2023-02-15T22:11:43.787599+00:00
[2023-02-15T22:11:43.932+0000] {processor.py:175} INFO - Processing /home/airflow/.local/lib/python3.7/site-packages/airflow/example_dags/example_task_group_decorator.py took 0.533 seconds
[2023-02-15T22:12:14.351+0000] {processor.py:153} INFO - Started process (PID=225) to work on /home/airflow/.local/lib/python3.7/site-packages/airflow/example_dags/example_task_group_decorator.py
[2023-02-15T22:12:14.361+0000] {processor.py:743} INFO - Processing file /home/airflow/.local/lib/python3.7/site-packages/airflow/example_dags/example_task_group_decorator.py for tasks to queue
[2023-02-15T22:12:14.362+0000] {logging_mixin.py:137} INFO - [2023-02-15T22:12:14.361+0000] {dagbag.py:538} INFO - Filling up the DagBag from /home/airflow/.local/lib/python3.7/site-packages/airflow/example_dags/example_task_group_decorator.py
[2023-02-15T22:12:14.446+0000] {processor.py:753} INFO - DAG(s) dict_keys(['example_task_group_decorator']) retrieved from /home/airflow/.local/lib/python3.7/site-packages/airflow/example_dags/example_task_group_decorator.py
[2023-02-15T22:12:14.526+0000] {logging_mixin.py:137} INFO - [2023-02-15T22:12:14.525+0000] {dag.py:2690} INFO - Sync 1 DAGs
[2023-02-15T22:12:14.612+0000] {logging_mixin.py:137} INFO - [2023-02-15T22:12:14.611+0000] {dag.py:3441} INFO - Setting next_dagrun for example_task_group_decorator to 2023-02-14T22:12:14.611490+00:00, run_after=2023-02-15T22:12:14.611490+00:00
[2023-02-15T22:12:14.733+0000] {processor.py:175} INFO - Processing /home/airflow/.local/lib/python3.7/site-packages/airflow/example_dags/example_task_group_decorator.py took 0.386 seconds
[2023-02-15T22:12:44.948+0000] {processor.py:153} INFO - Started process (PID=287) to work on /home/airflow/.local/lib/python3.7/site-packages/airflow/example_dags/example_task_group_decorator.py
[2023-02-15T22:12:44.949+0000] {processor.py:743} INFO - Processing file /home/airflow/.local/lib/python3.7/site-packages/airflow/example_dags/example_task_group_decorator.py for tasks to queue
[2023-02-15T22:12:44.950+0000] {logging_mixin.py:137} INFO - [2023-02-15T22:12:44.950+0000] {dagbag.py:538} INFO - Filling up the DagBag from /home/airflow/.local/lib/python3.7/site-packages/airflow/example_dags/example_task_group_decorator.py
[2023-02-15T22:12:45.046+0000] {processor.py:753} INFO - DAG(s) dict_keys(['example_task_group_decorator']) retrieved from /home/airflow/.local/lib/python3.7/site-packages/airflow/example_dags/example_task_group_decorator.py
[2023-02-15T22:12:45.128+0000] {logging_mixin.py:137} INFO - [2023-02-15T22:12:45.128+0000] {dag.py:2690} INFO - Sync 1 DAGs
[2023-02-15T22:12:45.209+0000] {logging_mixin.py:137} INFO - [2023-02-15T22:12:45.209+0000] {dag.py:3441} INFO - Setting next_dagrun for example_task_group_decorator to 2023-02-14T22:12:45.209487+00:00, run_after=2023-02-15T22:12:45.209487+00:00
[2023-02-15T22:12:45.279+0000] {processor.py:175} INFO - Processing /home/airflow/.local/lib/python3.7/site-packages/airflow/example_dags/example_task_group_decorator.py took 0.346 seconds
[2023-02-15T22:13:15.635+0000] {processor.py:153} INFO - Started process (PID=349) to work on /home/airflow/.local/lib/python3.7/site-packages/airflow/example_dags/example_task_group_decorator.py
[2023-02-15T22:13:15.646+0000] {processor.py:743} INFO - Processing file /home/airflow/.local/lib/python3.7/site-packages/airflow/example_dags/example_task_group_decorator.py for tasks to queue
[2023-02-15T22:13:15.650+0000] {logging_mixin.py:137} INFO - [2023-02-15T22:13:15.650+0000] {dagbag.py:538} INFO - Filling up the DagBag from /home/airflow/.local/lib/python3.7/site-packages/airflow/example_dags/example_task_group_decorator.py
[2023-02-15T22:13:15.762+0000] {processor.py:753} INFO - DAG(s) dict_keys(['example_task_group_decorator']) retrieved from /home/airflow/.local/lib/python3.7/site-packages/airflow/example_dags/example_task_group_decorator.py
[2023-02-15T22:13:15.882+0000] {logging_mixin.py:137} INFO - [2023-02-15T22:13:15.881+0000] {dag.py:2690} INFO - Sync 1 DAGs
[2023-02-15T22:13:15.994+0000] {logging_mixin.py:137} INFO - [2023-02-15T22:13:15.994+0000] {dag.py:3441} INFO - Setting next_dagrun for example_task_group_decorator to 2023-02-14T22:13:15.994384+00:00, run_after=2023-02-15T22:13:15.994384+00:00
[2023-02-15T22:13:16.098+0000] {processor.py:175} INFO - Processing /home/airflow/.local/lib/python3.7/site-packages/airflow/example_dags/example_task_group_decorator.py took 0.477 seconds
[2023-02-15T22:13:46.300+0000] {processor.py:153} INFO - Started process (PID=404) to work on /home/airflow/.local/lib/python3.7/site-packages/airflow/example_dags/example_task_group_decorator.py
[2023-02-15T22:13:46.301+0000] {processor.py:743} INFO - Processing file /home/airflow/.local/lib/python3.7/site-packages/airflow/example_dags/example_task_group_decorator.py for tasks to queue
[2023-02-15T22:13:46.303+0000] {logging_mixin.py:137} INFO - [2023-02-15T22:13:46.302+0000] {dagbag.py:538} INFO - Filling up the DagBag from /home/airflow/.local/lib/python3.7/site-packages/airflow/example_dags/example_task_group_decorator.py
[2023-02-15T22:13:46.357+0000] {processor.py:753} INFO - DAG(s) dict_keys(['example_task_group_decorator']) retrieved from /home/airflow/.local/lib/python3.7/site-packages/airflow/example_dags/example_task_group_decorator.py
[2023-02-15T22:13:46.390+0000] {logging_mixin.py:137} INFO - [2023-02-15T22:13:46.390+0000] {dag.py:2690} INFO - Sync 1 DAGs
[2023-02-15T22:13:46.460+0000] {logging_mixin.py:137} INFO - [2023-02-15T22:13:46.460+0000] {dag.py:3441} INFO - Setting next_dagrun for example_task_group_decorator to 2023-02-14T22:13:46.460324+00:00, run_after=2023-02-15T22:13:46.460324+00:00
[2023-02-15T22:13:46.517+0000] {processor.py:175} INFO - Processing /home/airflow/.local/lib/python3.7/site-packages/airflow/example_dags/example_task_group_decorator.py took 0.222 seconds
[2023-02-15T22:14:16.690+0000] {processor.py:153} INFO - Started process (PID=478) to work on /home/airflow/.local/lib/python3.7/site-packages/airflow/example_dags/example_task_group_decorator.py
[2023-02-15T22:14:16.693+0000] {processor.py:743} INFO - Processing file /home/airflow/.local/lib/python3.7/site-packages/airflow/example_dags/example_task_group_decorator.py for tasks to queue
[2023-02-15T22:14:16.693+0000] {logging_mixin.py:137} INFO - [2023-02-15T22:14:16.693+0000] {dagbag.py:538} INFO - Filling up the DagBag from /home/airflow/.local/lib/python3.7/site-packages/airflow/example_dags/example_task_group_decorator.py
[2023-02-15T22:14:16.728+0000] {processor.py:753} INFO - DAG(s) dict_keys(['example_task_group_decorator']) retrieved from /home/airflow/.local/lib/python3.7/site-packages/airflow/example_dags/example_task_group_decorator.py
[2023-02-15T22:14:16.760+0000] {logging_mixin.py:137} INFO - [2023-02-15T22:14:16.760+0000] {dag.py:2690} INFO - Sync 1 DAGs
[2023-02-15T22:14:16.792+0000] {logging_mixin.py:137} INFO - [2023-02-15T22:14:16.792+0000] {dag.py:3441} INFO - Setting next_dagrun for example_task_group_decorator to 2023-02-14T22:14:16.790093+00:00, run_after=2023-02-15T22:14:16.790093+00:00
[2023-02-15T22:14:16.828+0000] {processor.py:175} INFO - Processing /home/airflow/.local/lib/python3.7/site-packages/airflow/example_dags/example_task_group_decorator.py took 0.142 seconds
[2023-02-15T22:14:47.702+0000] {processor.py:153} INFO - Started process (PID=542) to work on /home/airflow/.local/lib/python3.7/site-packages/airflow/example_dags/example_task_group_decorator.py
[2023-02-15T22:14:47.703+0000] {processor.py:743} INFO - Processing file /home/airflow/.local/lib/python3.7/site-packages/airflow/example_dags/example_task_group_decorator.py for tasks to queue
[2023-02-15T22:14:47.703+0000] {logging_mixin.py:137} INFO - [2023-02-15T22:14:47.703+0000] {dagbag.py:538} INFO - Filling up the DagBag from /home/airflow/.local/lib/python3.7/site-packages/airflow/example_dags/example_task_group_decorator.py
[2023-02-15T22:14:47.739+0000] {processor.py:753} INFO - DAG(s) dict_keys(['example_task_group_decorator']) retrieved from /home/airflow/.local/lib/python3.7/site-packages/airflow/example_dags/example_task_group_decorator.py
[2023-02-15T22:14:47.770+0000] {logging_mixin.py:137} INFO - [2023-02-15T22:14:47.769+0000] {dag.py:2690} INFO - Sync 1 DAGs
[2023-02-15T22:14:47.799+0000] {logging_mixin.py:137} INFO - [2023-02-15T22:14:47.799+0000] {dag.py:3441} INFO - Setting next_dagrun for example_task_group_decorator to 2023-02-14T22:14:47.799405+00:00, run_after=2023-02-15T22:14:47.799405+00:00
[2023-02-15T22:14:47.822+0000] {processor.py:175} INFO - Processing /home/airflow/.local/lib/python3.7/site-packages/airflow/example_dags/example_task_group_decorator.py took 0.124 seconds
[2023-02-15T22:15:18.155+0000] {processor.py:153} INFO - Started process (PID=606) to work on /home/airflow/.local/lib/python3.7/site-packages/airflow/example_dags/example_task_group_decorator.py
[2023-02-15T22:15:18.162+0000] {processor.py:743} INFO - Processing file /home/airflow/.local/lib/python3.7/site-packages/airflow/example_dags/example_task_group_decorator.py for tasks to queue
[2023-02-15T22:15:18.163+0000] {logging_mixin.py:137} INFO - [2023-02-15T22:15:18.162+0000] {dagbag.py:538} INFO - Filling up the DagBag from /home/airflow/.local/lib/python3.7/site-packages/airflow/example_dags/example_task_group_decorator.py
[2023-02-15T22:15:18.200+0000] {processor.py:753} INFO - DAG(s) dict_keys(['example_task_group_decorator']) retrieved from /home/airflow/.local/lib/python3.7/site-packages/airflow/example_dags/example_task_group_decorator.py
[2023-02-15T22:15:18.245+0000] {logging_mixin.py:137} INFO - [2023-02-15T22:15:18.244+0000] {dag.py:2690} INFO - Sync 1 DAGs
[2023-02-15T22:15:18.277+0000] {logging_mixin.py:137} INFO - [2023-02-15T22:15:18.277+0000] {dag.py:3441} INFO - Setting next_dagrun for example_task_group_decorator to 2023-02-14T22:15:18.276818+00:00, run_after=2023-02-15T22:15:18.276818+00:00
[2023-02-15T22:15:18.304+0000] {processor.py:175} INFO - Processing /home/airflow/.local/lib/python3.7/site-packages/airflow/example_dags/example_task_group_decorator.py took 0.153 seconds
[2023-02-15T22:15:48.359+0000] {processor.py:153} INFO - Started process (PID=683) to work on /home/airflow/.local/lib/python3.7/site-packages/airflow/example_dags/example_task_group_decorator.py
[2023-02-15T22:15:48.360+0000] {processor.py:743} INFO - Processing file /home/airflow/.local/lib/python3.7/site-packages/airflow/example_dags/example_task_group_decorator.py for tasks to queue
[2023-02-15T22:15:48.361+0000] {logging_mixin.py:137} INFO - [2023-02-15T22:15:48.360+0000] {dagbag.py:538} INFO - Filling up the DagBag from /home/airflow/.local/lib/python3.7/site-packages/airflow/example_dags/example_task_group_decorator.py
[2023-02-15T22:15:48.397+0000] {processor.py:753} INFO - DAG(s) dict_keys(['example_task_group_decorator']) retrieved from /home/airflow/.local/lib/python3.7/site-packages/airflow/example_dags/example_task_group_decorator.py
[2023-02-15T22:15:48.431+0000] {logging_mixin.py:137} INFO - [2023-02-15T22:15:48.430+0000] {dag.py:2690} INFO - Sync 1 DAGs
[2023-02-15T22:15:48.464+0000] {logging_mixin.py:137} INFO - [2023-02-15T22:15:48.464+0000] {dag.py:3441} INFO - Setting next_dagrun for example_task_group_decorator to 2023-02-14T22:15:48.463696+00:00, run_after=2023-02-15T22:15:48.463696+00:00
[2023-02-15T22:15:48.498+0000] {processor.py:175} INFO - Processing /home/airflow/.local/lib/python3.7/site-packages/airflow/example_dags/example_task_group_decorator.py took 0.143 seconds
[2023-02-15T22:16:18.612+0000] {processor.py:153} INFO - Started process (PID=746) to work on /home/airflow/.local/lib/python3.7/site-packages/airflow/example_dags/example_task_group_decorator.py
[2023-02-15T22:16:18.614+0000] {processor.py:743} INFO - Processing file /home/airflow/.local/lib/python3.7/site-packages/airflow/example_dags/example_task_group_decorator.py for tasks to queue
[2023-02-15T22:16:18.615+0000] {logging_mixin.py:137} INFO - [2023-02-15T22:16:18.615+0000] {dagbag.py:538} INFO - Filling up the DagBag from /home/airflow/.local/lib/python3.7/site-packages/airflow/example_dags/example_task_group_decorator.py
[2023-02-15T22:16:18.649+0000] {processor.py:753} INFO - DAG(s) dict_keys(['example_task_group_decorator']) retrieved from /home/airflow/.local/lib/python3.7/site-packages/airflow/example_dags/example_task_group_decorator.py
[2023-02-15T22:16:18.681+0000] {logging_mixin.py:137} INFO - [2023-02-15T22:16:18.681+0000] {dag.py:2690} INFO - Sync 1 DAGs
[2023-02-15T22:16:18.712+0000] {logging_mixin.py:137} INFO - [2023-02-15T22:16:18.712+0000] {dag.py:3441} INFO - Setting next_dagrun for example_task_group_decorator to 2023-02-14T22:16:18.712048+00:00, run_after=2023-02-15T22:16:18.712048+00:00
[2023-02-15T22:16:18.743+0000] {processor.py:175} INFO - Processing /home/airflow/.local/lib/python3.7/site-packages/airflow/example_dags/example_task_group_decorator.py took 0.135 seconds
[2023-02-15T22:16:48.774+0000] {processor.py:153} INFO - Started process (PID=810) to work on /home/airflow/.local/lib/python3.7/site-packages/airflow/example_dags/example_task_group_decorator.py
[2023-02-15T22:16:48.775+0000] {processor.py:743} INFO - Processing file /home/airflow/.local/lib/python3.7/site-packages/airflow/example_dags/example_task_group_decorator.py for tasks to queue
[2023-02-15T22:16:48.786+0000] {logging_mixin.py:137} INFO - [2023-02-15T22:16:48.786+0000] {dagbag.py:538} INFO - Filling up the DagBag from /home/airflow/.local/lib/python3.7/site-packages/airflow/example_dags/example_task_group_decorator.py
[2023-02-15T22:16:48.854+0000] {processor.py:753} INFO - DAG(s) dict_keys(['example_task_group_decorator']) retrieved from /home/airflow/.local/lib/python3.7/site-packages/airflow/example_dags/example_task_group_decorator.py
[2023-02-15T22:16:48.909+0000] {logging_mixin.py:137} INFO - [2023-02-15T22:16:48.909+0000] {dag.py:2690} INFO - Sync 1 DAGs
[2023-02-15T22:16:48.964+0000] {logging_mixin.py:137} INFO - [2023-02-15T22:16:48.964+0000] {dag.py:3441} INFO - Setting next_dagrun for example_task_group_decorator to 2023-02-14T22:16:48.964467+00:00, run_after=2023-02-15T22:16:48.964467+00:00
[2023-02-15T22:16:49.014+0000] {processor.py:175} INFO - Processing /home/airflow/.local/lib/python3.7/site-packages/airflow/example_dags/example_task_group_decorator.py took 0.243 seconds
[2023-02-15T22:17:19.561+0000] {processor.py:153} INFO - Started process (PID=886) to work on /home/airflow/.local/lib/python3.7/site-packages/airflow/example_dags/example_task_group_decorator.py
[2023-02-15T22:17:19.589+0000] {processor.py:743} INFO - Processing file /home/airflow/.local/lib/python3.7/site-packages/airflow/example_dags/example_task_group_decorator.py for tasks to queue
[2023-02-15T22:17:19.589+0000] {logging_mixin.py:137} INFO - [2023-02-15T22:17:19.589+0000] {dagbag.py:538} INFO - Filling up the DagBag from /home/airflow/.local/lib/python3.7/site-packages/airflow/example_dags/example_task_group_decorator.py
[2023-02-15T22:17:19.659+0000] {processor.py:753} INFO - DAG(s) dict_keys(['example_task_group_decorator']) retrieved from /home/airflow/.local/lib/python3.7/site-packages/airflow/example_dags/example_task_group_decorator.py
[2023-02-15T22:17:19.727+0000] {logging_mixin.py:137} INFO - [2023-02-15T22:17:19.727+0000] {dag.py:2690} INFO - Sync 1 DAGs
[2023-02-15T22:17:19.784+0000] {logging_mixin.py:137} INFO - [2023-02-15T22:17:19.784+0000] {dag.py:3441} INFO - Setting next_dagrun for example_task_group_decorator to 2023-02-14T22:17:19.781123+00:00, run_after=2023-02-15T22:17:19.781123+00:00
[2023-02-15T22:17:19.848+0000] {processor.py:175} INFO - Processing /home/airflow/.local/lib/python3.7/site-packages/airflow/example_dags/example_task_group_decorator.py took 0.292 seconds
[2023-02-15T22:17:50.318+0000] {processor.py:153} INFO - Started process (PID=949) to work on /home/airflow/.local/lib/python3.7/site-packages/airflow/example_dags/example_task_group_decorator.py
[2023-02-15T22:17:50.323+0000] {processor.py:743} INFO - Processing file /home/airflow/.local/lib/python3.7/site-packages/airflow/example_dags/example_task_group_decorator.py for tasks to queue
[2023-02-15T22:17:50.324+0000] {logging_mixin.py:137} INFO - [2023-02-15T22:17:50.323+0000] {dagbag.py:538} INFO - Filling up the DagBag from /home/airflow/.local/lib/python3.7/site-packages/airflow/example_dags/example_task_group_decorator.py
[2023-02-15T22:17:50.394+0000] {processor.py:753} INFO - DAG(s) dict_keys(['example_task_group_decorator']) retrieved from /home/airflow/.local/lib/python3.7/site-packages/airflow/example_dags/example_task_group_decorator.py
[2023-02-15T22:17:50.447+0000] {logging_mixin.py:137} INFO - [2023-02-15T22:17:50.446+0000] {dag.py:2690} INFO - Sync 1 DAGs
[2023-02-15T22:17:50.488+0000] {logging_mixin.py:137} INFO - [2023-02-15T22:17:50.488+0000] {dag.py:3441} INFO - Setting next_dagrun for example_task_group_decorator to 2023-02-14T22:17:50.487835+00:00, run_after=2023-02-15T22:17:50.487835+00:00
[2023-02-15T22:17:50.523+0000] {processor.py:175} INFO - Processing /home/airflow/.local/lib/python3.7/site-packages/airflow/example_dags/example_task_group_decorator.py took 0.211 seconds
[2023-02-15T22:18:20.768+0000] {processor.py:153} INFO - Started process (PID=1013) to work on /home/airflow/.local/lib/python3.7/site-packages/airflow/example_dags/example_task_group_decorator.py
[2023-02-15T22:18:20.769+0000] {processor.py:743} INFO - Processing file /home/airflow/.local/lib/python3.7/site-packages/airflow/example_dags/example_task_group_decorator.py for tasks to queue
[2023-02-15T22:18:20.770+0000] {logging_mixin.py:137} INFO - [2023-02-15T22:18:20.770+0000] {dagbag.py:538} INFO - Filling up the DagBag from /home/airflow/.local/lib/python3.7/site-packages/airflow/example_dags/example_task_group_decorator.py
[2023-02-15T22:18:20.813+0000] {processor.py:753} INFO - DAG(s) dict_keys(['example_task_group_decorator']) retrieved from /home/airflow/.local/lib/python3.7/site-packages/airflow/example_dags/example_task_group_decorator.py
[2023-02-15T22:18:20.851+0000] {logging_mixin.py:137} INFO - [2023-02-15T22:18:20.851+0000] {dag.py:2690} INFO - Sync 1 DAGs
[2023-02-15T22:18:20.887+0000] {logging_mixin.py:137} INFO - [2023-02-15T22:18:20.887+0000] {dag.py:3441} INFO - Setting next_dagrun for example_task_group_decorator to 2023-02-14T22:18:20.887205+00:00, run_after=2023-02-15T22:18:20.887205+00:00
[2023-02-15T22:18:20.919+0000] {processor.py:175} INFO - Processing /home/airflow/.local/lib/python3.7/site-packages/airflow/example_dags/example_task_group_decorator.py took 0.157 seconds
[2023-02-15T22:18:51.494+0000] {processor.py:153} INFO - Started process (PID=1075) to work on /home/airflow/.local/lib/python3.7/site-packages/airflow/example_dags/example_task_group_decorator.py
[2023-02-15T22:18:51.501+0000] {processor.py:743} INFO - Processing file /home/airflow/.local/lib/python3.7/site-packages/airflow/example_dags/example_task_group_decorator.py for tasks to queue
[2023-02-15T22:18:51.501+0000] {logging_mixin.py:137} INFO - [2023-02-15T22:18:51.501+0000] {dagbag.py:538} INFO - Filling up the DagBag from /home/airflow/.local/lib/python3.7/site-packages/airflow/example_dags/example_task_group_decorator.py
[2023-02-15T22:18:51.541+0000] {processor.py:753} INFO - DAG(s) dict_keys(['example_task_group_decorator']) retrieved from /home/airflow/.local/lib/python3.7/site-packages/airflow/example_dags/example_task_group_decorator.py
[2023-02-15T22:18:51.583+0000] {logging_mixin.py:137} INFO - [2023-02-15T22:18:51.583+0000] {dag.py:2690} INFO - Sync 1 DAGs
[2023-02-15T22:18:51.619+0000] {logging_mixin.py:137} INFO - [2023-02-15T22:18:51.619+0000] {dag.py:3441} INFO - Setting next_dagrun for example_task_group_decorator to 2023-02-14T22:18:51.618980+00:00, run_after=2023-02-15T22:18:51.618980+00:00
[2023-02-15T22:18:51.651+0000] {processor.py:175} INFO - Processing /home/airflow/.local/lib/python3.7/site-packages/airflow/example_dags/example_task_group_decorator.py took 0.161 seconds
[2023-02-15T22:19:21.789+0000] {processor.py:153} INFO - Started process (PID=1151) to work on /home/airflow/.local/lib/python3.7/site-packages/airflow/example_dags/example_task_group_decorator.py
[2023-02-15T22:19:21.790+0000] {processor.py:743} INFO - Processing file /home/airflow/.local/lib/python3.7/site-packages/airflow/example_dags/example_task_group_decorator.py for tasks to queue
[2023-02-15T22:19:21.790+0000] {logging_mixin.py:137} INFO - [2023-02-15T22:19:21.790+0000] {dagbag.py:538} INFO - Filling up the DagBag from /home/airflow/.local/lib/python3.7/site-packages/airflow/example_dags/example_task_group_decorator.py
[2023-02-15T22:19:21.831+0000] {processor.py:753} INFO - DAG(s) dict_keys(['example_task_group_decorator']) retrieved from /home/airflow/.local/lib/python3.7/site-packages/airflow/example_dags/example_task_group_decorator.py
[2023-02-15T22:19:21.868+0000] {logging_mixin.py:137} INFO - [2023-02-15T22:19:21.868+0000] {dag.py:2690} INFO - Sync 1 DAGs
[2023-02-15T22:19:21.906+0000] {logging_mixin.py:137} INFO - [2023-02-15T22:19:21.906+0000] {dag.py:3441} INFO - Setting next_dagrun for example_task_group_decorator to 2023-02-14T22:19:21.905647+00:00, run_after=2023-02-15T22:19:21.905647+00:00
[2023-02-15T22:19:21.934+0000] {processor.py:175} INFO - Processing /home/airflow/.local/lib/python3.7/site-packages/airflow/example_dags/example_task_group_decorator.py took 0.148 seconds
[2023-02-15T22:19:52.470+0000] {processor.py:153} INFO - Started process (PID=1214) to work on /home/airflow/.local/lib/python3.7/site-packages/airflow/example_dags/example_task_group_decorator.py
[2023-02-15T22:19:52.471+0000] {processor.py:743} INFO - Processing file /home/airflow/.local/lib/python3.7/site-packages/airflow/example_dags/example_task_group_decorator.py for tasks to queue
[2023-02-15T22:19:52.472+0000] {logging_mixin.py:137} INFO - [2023-02-15T22:19:52.472+0000] {dagbag.py:538} INFO - Filling up the DagBag from /home/airflow/.local/lib/python3.7/site-packages/airflow/example_dags/example_task_group_decorator.py
[2023-02-15T22:19:52.509+0000] {processor.py:753} INFO - DAG(s) dict_keys(['example_task_group_decorator']) retrieved from /home/airflow/.local/lib/python3.7/site-packages/airflow/example_dags/example_task_group_decorator.py
[2023-02-15T22:19:52.545+0000] {logging_mixin.py:137} INFO - [2023-02-15T22:19:52.545+0000] {dag.py:2690} INFO - Sync 1 DAGs
[2023-02-15T22:19:52.594+0000] {logging_mixin.py:137} INFO - [2023-02-15T22:19:52.594+0000] {dag.py:3441} INFO - Setting next_dagrun for example_task_group_decorator to 2023-02-14T22:19:52.593964+00:00, run_after=2023-02-15T22:19:52.593964+00:00
[2023-02-15T22:19:52.636+0000] {processor.py:175} INFO - Processing /home/airflow/.local/lib/python3.7/site-packages/airflow/example_dags/example_task_group_decorator.py took 0.170 seconds
[2023-02-15T22:20:22.703+0000] {processor.py:153} INFO - Started process (PID=1276) to work on /home/airflow/.local/lib/python3.7/site-packages/airflow/example_dags/example_task_group_decorator.py
[2023-02-15T22:20:22.704+0000] {processor.py:743} INFO - Processing file /home/airflow/.local/lib/python3.7/site-packages/airflow/example_dags/example_task_group_decorator.py for tasks to queue
[2023-02-15T22:20:22.704+0000] {logging_mixin.py:137} INFO - [2023-02-15T22:20:22.704+0000] {dagbag.py:538} INFO - Filling up the DagBag from /home/airflow/.local/lib/python3.7/site-packages/airflow/example_dags/example_task_group_decorator.py
[2023-02-15T22:20:22.744+0000] {processor.py:753} INFO - DAG(s) dict_keys(['example_task_group_decorator']) retrieved from /home/airflow/.local/lib/python3.7/site-packages/airflow/example_dags/example_task_group_decorator.py
[2023-02-15T22:20:22.778+0000] {logging_mixin.py:137} INFO - [2023-02-15T22:20:22.778+0000] {dag.py:2690} INFO - Sync 1 DAGs
[2023-02-15T22:20:22.816+0000] {logging_mixin.py:137} INFO - [2023-02-15T22:20:22.816+0000] {dag.py:3441} INFO - Setting next_dagrun for example_task_group_decorator to 2023-02-14T22:20:22.816385+00:00, run_after=2023-02-15T22:20:22.816385+00:00
[2023-02-15T22:20:22.840+0000] {processor.py:175} INFO - Processing /home/airflow/.local/lib/python3.7/site-packages/airflow/example_dags/example_task_group_decorator.py took 0.141 seconds
[2023-02-15T22:20:53.304+0000] {processor.py:153} INFO - Started process (PID=1351) to work on /home/airflow/.local/lib/python3.7/site-packages/airflow/example_dags/example_task_group_decorator.py
[2023-02-15T22:20:53.305+0000] {processor.py:743} INFO - Processing file /home/airflow/.local/lib/python3.7/site-packages/airflow/example_dags/example_task_group_decorator.py for tasks to queue
[2023-02-15T22:20:53.306+0000] {logging_mixin.py:137} INFO - [2023-02-15T22:20:53.305+0000] {dagbag.py:538} INFO - Filling up the DagBag from /home/airflow/.local/lib/python3.7/site-packages/airflow/example_dags/example_task_group_decorator.py
[2023-02-15T22:20:53.340+0000] {processor.py:753} INFO - DAG(s) dict_keys(['example_task_group_decorator']) retrieved from /home/airflow/.local/lib/python3.7/site-packages/airflow/example_dags/example_task_group_decorator.py
[2023-02-15T22:20:53.374+0000] {logging_mixin.py:137} INFO - [2023-02-15T22:20:53.374+0000] {dag.py:2690} INFO - Sync 1 DAGs
[2023-02-15T22:20:53.404+0000] {logging_mixin.py:137} INFO - [2023-02-15T22:20:53.404+0000] {dag.py:3441} INFO - Setting next_dagrun for example_task_group_decorator to 2023-02-14T22:20:53.403823+00:00, run_after=2023-02-15T22:20:53.403823+00:00
[2023-02-15T22:20:53.428+0000] {processor.py:175} INFO - Processing /home/airflow/.local/lib/python3.7/site-packages/airflow/example_dags/example_task_group_decorator.py took 0.128 seconds
[2023-02-15T22:21:23.974+0000] {processor.py:153} INFO - Started process (PID=1414) to work on /home/airflow/.local/lib/python3.7/site-packages/airflow/example_dags/example_task_group_decorator.py
[2023-02-15T22:21:23.979+0000] {processor.py:743} INFO - Processing file /home/airflow/.local/lib/python3.7/site-packages/airflow/example_dags/example_task_group_decorator.py for tasks to queue
[2023-02-15T22:21:23.979+0000] {logging_mixin.py:137} INFO - [2023-02-15T22:21:23.979+0000] {dagbag.py:538} INFO - Filling up the DagBag from /home/airflow/.local/lib/python3.7/site-packages/airflow/example_dags/example_task_group_decorator.py
[2023-02-15T22:21:24.053+0000] {processor.py:753} INFO - DAG(s) dict_keys(['example_task_group_decorator']) retrieved from /home/airflow/.local/lib/python3.7/site-packages/airflow/example_dags/example_task_group_decorator.py
[2023-02-15T22:21:24.130+0000] {logging_mixin.py:137} INFO - [2023-02-15T22:21:24.130+0000] {dag.py:2690} INFO - Sync 1 DAGs
[2023-02-15T22:21:24.212+0000] {logging_mixin.py:137} INFO - [2023-02-15T22:21:24.211+0000] {dag.py:3441} INFO - Setting next_dagrun for example_task_group_decorator to 2023-02-14T22:21:24.209056+00:00, run_after=2023-02-15T22:21:24.209056+00:00
[2023-02-15T22:21:24.243+0000] {processor.py:175} INFO - Processing /home/airflow/.local/lib/python3.7/site-packages/airflow/example_dags/example_task_group_decorator.py took 0.273 seconds
[2023-02-15T22:21:54.411+0000] {processor.py:153} INFO - Started process (PID=1489) to work on /home/airflow/.local/lib/python3.7/site-packages/airflow/example_dags/example_task_group_decorator.py
[2023-02-15T22:21:54.412+0000] {processor.py:743} INFO - Processing file /home/airflow/.local/lib/python3.7/site-packages/airflow/example_dags/example_task_group_decorator.py for tasks to queue
[2023-02-15T22:21:54.413+0000] {logging_mixin.py:137} INFO - [2023-02-15T22:21:54.413+0000] {dagbag.py:538} INFO - Filling up the DagBag from /home/airflow/.local/lib/python3.7/site-packages/airflow/example_dags/example_task_group_decorator.py
[2023-02-15T22:21:54.476+0000] {processor.py:753} INFO - DAG(s) dict_keys(['example_task_group_decorator']) retrieved from /home/airflow/.local/lib/python3.7/site-packages/airflow/example_dags/example_task_group_decorator.py
[2023-02-15T22:21:54.545+0000] {logging_mixin.py:137} INFO - [2023-02-15T22:21:54.545+0000] {dag.py:2690} INFO - Sync 1 DAGs
[2023-02-15T22:21:54.588+0000] {logging_mixin.py:137} INFO - [2023-02-15T22:21:54.588+0000] {dag.py:3441} INFO - Setting next_dagrun for example_task_group_decorator to 2023-02-14T22:21:54.588347+00:00, run_after=2023-02-15T22:21:54.588347+00:00
[2023-02-15T22:21:54.635+0000] {processor.py:175} INFO - Processing /home/airflow/.local/lib/python3.7/site-packages/airflow/example_dags/example_task_group_decorator.py took 0.237 seconds
[2023-02-15T22:22:25.406+0000] {processor.py:153} INFO - Started process (PID=1555) to work on /home/airflow/.local/lib/python3.7/site-packages/airflow/example_dags/example_task_group_decorator.py
[2023-02-15T22:22:25.415+0000] {processor.py:743} INFO - Processing file /home/airflow/.local/lib/python3.7/site-packages/airflow/example_dags/example_task_group_decorator.py for tasks to queue
[2023-02-15T22:22:25.415+0000] {logging_mixin.py:137} INFO - [2023-02-15T22:22:25.415+0000] {dagbag.py:538} INFO - Filling up the DagBag from /home/airflow/.local/lib/python3.7/site-packages/airflow/example_dags/example_task_group_decorator.py
[2023-02-15T22:22:25.460+0000] {processor.py:753} INFO - DAG(s) dict_keys(['example_task_group_decorator']) retrieved from /home/airflow/.local/lib/python3.7/site-packages/airflow/example_dags/example_task_group_decorator.py
[2023-02-15T22:22:25.491+0000] {logging_mixin.py:137} INFO - [2023-02-15T22:22:25.490+0000] {dag.py:2690} INFO - Sync 1 DAGs
[2023-02-15T22:22:25.520+0000] {logging_mixin.py:137} INFO - [2023-02-15T22:22:25.520+0000] {dag.py:3441} INFO - Setting next_dagrun for example_task_group_decorator to 2023-02-14T22:22:25.520139+00:00, run_after=2023-02-15T22:22:25.520139+00:00
[2023-02-15T22:22:25.546+0000] {processor.py:175} INFO - Processing /home/airflow/.local/lib/python3.7/site-packages/airflow/example_dags/example_task_group_decorator.py took 0.143 seconds
[2023-02-15T22:22:55.725+0000] {processor.py:153} INFO - Started process (PID=1618) to work on /home/airflow/.local/lib/python3.7/site-packages/airflow/example_dags/example_task_group_decorator.py
[2023-02-15T22:22:55.725+0000] {processor.py:743} INFO - Processing file /home/airflow/.local/lib/python3.7/site-packages/airflow/example_dags/example_task_group_decorator.py for tasks to queue
[2023-02-15T22:22:55.727+0000] {logging_mixin.py:137} INFO - [2023-02-15T22:22:55.726+0000] {dagbag.py:538} INFO - Filling up the DagBag from /home/airflow/.local/lib/python3.7/site-packages/airflow/example_dags/example_task_group_decorator.py
[2023-02-15T22:22:55.761+0000] {processor.py:753} INFO - DAG(s) dict_keys(['example_task_group_decorator']) retrieved from /home/airflow/.local/lib/python3.7/site-packages/airflow/example_dags/example_task_group_decorator.py
[2023-02-15T22:22:55.793+0000] {logging_mixin.py:137} INFO - [2023-02-15T22:22:55.793+0000] {dag.py:2690} INFO - Sync 1 DAGs
[2023-02-15T22:22:55.823+0000] {logging_mixin.py:137} INFO - [2023-02-15T22:22:55.823+0000] {dag.py:3441} INFO - Setting next_dagrun for example_task_group_decorator to 2023-02-14T22:22:55.822756+00:00, run_after=2023-02-15T22:22:55.822756+00:00
[2023-02-15T22:22:55.845+0000] {processor.py:175} INFO - Processing /home/airflow/.local/lib/python3.7/site-packages/airflow/example_dags/example_task_group_decorator.py took 0.124 seconds
[2023-02-15T22:23:26.211+0000] {processor.py:153} INFO - Started process (PID=1692) to work on /home/airflow/.local/lib/python3.7/site-packages/airflow/example_dags/example_task_group_decorator.py
[2023-02-15T22:23:26.214+0000] {processor.py:743} INFO - Processing file /home/airflow/.local/lib/python3.7/site-packages/airflow/example_dags/example_task_group_decorator.py for tasks to queue
[2023-02-15T22:23:26.215+0000] {logging_mixin.py:137} INFO - [2023-02-15T22:23:26.215+0000] {dagbag.py:538} INFO - Filling up the DagBag from /home/airflow/.local/lib/python3.7/site-packages/airflow/example_dags/example_task_group_decorator.py
[2023-02-15T22:23:26.292+0000] {processor.py:753} INFO - DAG(s) dict_keys(['example_task_group_decorator']) retrieved from /home/airflow/.local/lib/python3.7/site-packages/airflow/example_dags/example_task_group_decorator.py
[2023-02-15T22:23:26.337+0000] {logging_mixin.py:137} INFO - [2023-02-15T22:23:26.337+0000] {dag.py:2690} INFO - Sync 1 DAGs
[2023-02-15T22:23:26.380+0000] {logging_mixin.py:137} INFO - [2023-02-15T22:23:26.380+0000] {dag.py:3441} INFO - Setting next_dagrun for example_task_group_decorator to 2023-02-14T22:23:26.379744+00:00, run_after=2023-02-15T22:23:26.379744+00:00
[2023-02-15T22:23:26.403+0000] {processor.py:175} INFO - Processing /home/airflow/.local/lib/python3.7/site-packages/airflow/example_dags/example_task_group_decorator.py took 0.196 seconds
