[2023-02-15T22:10:59.285+0000] {processor.py:153} INFO - Started process (PID=87) to work on /home/airflow/.local/lib/python3.7/site-packages/airflow/example_dags/example_complex.py
[2023-02-15T22:10:59.297+0000] {processor.py:743} INFO - Processing file /home/airflow/.local/lib/python3.7/site-packages/airflow/example_dags/example_complex.py for tasks to queue
[2023-02-15T22:10:59.298+0000] {logging_mixin.py:137} INFO - [2023-02-15T22:10:59.298+0000] {dagbag.py:538} INFO - Filling up the DagBag from /home/airflow/.local/lib/python3.7/site-packages/airflow/example_dags/example_complex.py
[2023-02-15T22:10:59.362+0000] {logging_mixin.py:137} INFO - [2023-02-15T22:10:59.362+0000] {taskmixin.py:205} WARNING - Dependency <Task(BashOperator): create_entry_group>, delete_entry_group already registered for DAG: example_complex
[2023-02-15T22:10:59.362+0000] {logging_mixin.py:137} INFO - [2023-02-15T22:10:59.362+0000] {taskmixin.py:205} WARNING - Dependency <Task(BashOperator): delete_entry_group>, create_entry_group already registered for DAG: example_complex
[2023-02-15T22:10:59.362+0000] {logging_mixin.py:137} INFO - [2023-02-15T22:10:59.362+0000] {taskmixin.py:205} WARNING - Dependency <Task(BashOperator): create_entry_gcs>, delete_entry already registered for DAG: example_complex
[2023-02-15T22:10:59.362+0000] {logging_mixin.py:137} INFO - [2023-02-15T22:10:59.362+0000] {taskmixin.py:205} WARNING - Dependency <Task(BashOperator): delete_entry>, create_entry_gcs already registered for DAG: example_complex
[2023-02-15T22:10:59.363+0000] {logging_mixin.py:137} INFO - [2023-02-15T22:10:59.363+0000] {taskmixin.py:205} WARNING - Dependency <Task(BashOperator): create_tag>, delete_tag already registered for DAG: example_complex
[2023-02-15T22:10:59.363+0000] {logging_mixin.py:137} INFO - [2023-02-15T22:10:59.363+0000] {taskmixin.py:205} WARNING - Dependency <Task(BashOperator): delete_tag>, create_tag already registered for DAG: example_complex
[2023-02-15T22:10:59.426+0000] {processor.py:753} INFO - DAG(s) dict_keys(['example_complex']) retrieved from /home/airflow/.local/lib/python3.7/site-packages/airflow/example_dags/example_complex.py
[2023-02-15T22:10:59.706+0000] {logging_mixin.py:137} INFO - [2023-02-15T22:10:59.706+0000] {dag.py:2690} INFO - Sync 1 DAGs
[2023-02-15T22:10:59.930+0000] {logging_mixin.py:137} INFO - [2023-02-15T22:10:59.930+0000] {dag.py:3441} INFO - Setting next_dagrun for example_complex to None, run_after=None
[2023-02-15T22:11:00.308+0000] {processor.py:175} INFO - Processing /home/airflow/.local/lib/python3.7/site-packages/airflow/example_dags/example_complex.py took 1.040 seconds
[2023-02-15T22:11:31.185+0000] {processor.py:153} INFO - Started process (PID=149) to work on /home/airflow/.local/lib/python3.7/site-packages/airflow/example_dags/example_complex.py
[2023-02-15T22:11:31.192+0000] {processor.py:743} INFO - Processing file /home/airflow/.local/lib/python3.7/site-packages/airflow/example_dags/example_complex.py for tasks to queue
[2023-02-15T22:11:31.193+0000] {logging_mixin.py:137} INFO - [2023-02-15T22:11:31.193+0000] {dagbag.py:538} INFO - Filling up the DagBag from /home/airflow/.local/lib/python3.7/site-packages/airflow/example_dags/example_complex.py
[2023-02-15T22:11:31.230+0000] {logging_mixin.py:137} INFO - [2023-02-15T22:11:31.230+0000] {taskmixin.py:205} WARNING - Dependency <Task(BashOperator): create_entry_group>, delete_entry_group already registered for DAG: example_complex
[2023-02-15T22:11:31.230+0000] {logging_mixin.py:137} INFO - [2023-02-15T22:11:31.230+0000] {taskmixin.py:205} WARNING - Dependency <Task(BashOperator): delete_entry_group>, create_entry_group already registered for DAG: example_complex
[2023-02-15T22:11:31.231+0000] {logging_mixin.py:137} INFO - [2023-02-15T22:11:31.230+0000] {taskmixin.py:205} WARNING - Dependency <Task(BashOperator): create_entry_gcs>, delete_entry already registered for DAG: example_complex
[2023-02-15T22:11:31.231+0000] {logging_mixin.py:137} INFO - [2023-02-15T22:11:31.231+0000] {taskmixin.py:205} WARNING - Dependency <Task(BashOperator): delete_entry>, create_entry_gcs already registered for DAG: example_complex
[2023-02-15T22:11:31.231+0000] {logging_mixin.py:137} INFO - [2023-02-15T22:11:31.231+0000] {taskmixin.py:205} WARNING - Dependency <Task(BashOperator): create_tag>, delete_tag already registered for DAG: example_complex
[2023-02-15T22:11:31.231+0000] {logging_mixin.py:137} INFO - [2023-02-15T22:11:31.231+0000] {taskmixin.py:205} WARNING - Dependency <Task(BashOperator): delete_tag>, create_tag already registered for DAG: example_complex
[2023-02-15T22:11:31.250+0000] {processor.py:753} INFO - DAG(s) dict_keys(['example_complex']) retrieved from /home/airflow/.local/lib/python3.7/site-packages/airflow/example_dags/example_complex.py
[2023-02-15T22:11:31.350+0000] {logging_mixin.py:137} INFO - [2023-02-15T22:11:31.349+0000] {dag.py:2690} INFO - Sync 1 DAGs
[2023-02-15T22:11:31.421+0000] {logging_mixin.py:137} INFO - [2023-02-15T22:11:31.421+0000] {dag.py:3441} INFO - Setting next_dagrun for example_complex to None, run_after=None
[2023-02-15T22:11:31.491+0000] {processor.py:175} INFO - Processing /home/airflow/.local/lib/python3.7/site-packages/airflow/example_dags/example_complex.py took 0.310 seconds
[2023-02-15T22:12:02.255+0000] {processor.py:153} INFO - Started process (PID=209) to work on /home/airflow/.local/lib/python3.7/site-packages/airflow/example_dags/example_complex.py
[2023-02-15T22:12:02.256+0000] {processor.py:743} INFO - Processing file /home/airflow/.local/lib/python3.7/site-packages/airflow/example_dags/example_complex.py for tasks to queue
[2023-02-15T22:12:02.257+0000] {logging_mixin.py:137} INFO - [2023-02-15T22:12:02.257+0000] {dagbag.py:538} INFO - Filling up the DagBag from /home/airflow/.local/lib/python3.7/site-packages/airflow/example_dags/example_complex.py
[2023-02-15T22:12:02.320+0000] {logging_mixin.py:137} INFO - [2023-02-15T22:12:02.320+0000] {taskmixin.py:205} WARNING - Dependency <Task(BashOperator): create_entry_group>, delete_entry_group already registered for DAG: example_complex
[2023-02-15T22:12:02.321+0000] {logging_mixin.py:137} INFO - [2023-02-15T22:12:02.320+0000] {taskmixin.py:205} WARNING - Dependency <Task(BashOperator): delete_entry_group>, create_entry_group already registered for DAG: example_complex
[2023-02-15T22:12:02.321+0000] {logging_mixin.py:137} INFO - [2023-02-15T22:12:02.321+0000] {taskmixin.py:205} WARNING - Dependency <Task(BashOperator): create_entry_gcs>, delete_entry already registered for DAG: example_complex
[2023-02-15T22:12:02.321+0000] {logging_mixin.py:137} INFO - [2023-02-15T22:12:02.321+0000] {taskmixin.py:205} WARNING - Dependency <Task(BashOperator): delete_entry>, create_entry_gcs already registered for DAG: example_complex
[2023-02-15T22:12:02.321+0000] {logging_mixin.py:137} INFO - [2023-02-15T22:12:02.321+0000] {taskmixin.py:205} WARNING - Dependency <Task(BashOperator): create_tag>, delete_tag already registered for DAG: example_complex
[2023-02-15T22:12:02.322+0000] {logging_mixin.py:137} INFO - [2023-02-15T22:12:02.321+0000] {taskmixin.py:205} WARNING - Dependency <Task(BashOperator): delete_tag>, create_tag already registered for DAG: example_complex
[2023-02-15T22:12:02.355+0000] {processor.py:753} INFO - DAG(s) dict_keys(['example_complex']) retrieved from /home/airflow/.local/lib/python3.7/site-packages/airflow/example_dags/example_complex.py
[2023-02-15T22:12:02.503+0000] {logging_mixin.py:137} INFO - [2023-02-15T22:12:02.503+0000] {dag.py:2690} INFO - Sync 1 DAGs
[2023-02-15T22:12:02.599+0000] {logging_mixin.py:137} INFO - [2023-02-15T22:12:02.598+0000] {dag.py:3441} INFO - Setting next_dagrun for example_complex to None, run_after=None
[2023-02-15T22:12:02.678+0000] {processor.py:175} INFO - Processing /home/airflow/.local/lib/python3.7/site-packages/airflow/example_dags/example_complex.py took 0.438 seconds
[2023-02-15T22:12:32.726+0000] {processor.py:153} INFO - Started process (PID=262) to work on /home/airflow/.local/lib/python3.7/site-packages/airflow/example_dags/example_complex.py
[2023-02-15T22:12:32.727+0000] {processor.py:743} INFO - Processing file /home/airflow/.local/lib/python3.7/site-packages/airflow/example_dags/example_complex.py for tasks to queue
[2023-02-15T22:12:32.728+0000] {logging_mixin.py:137} INFO - [2023-02-15T22:12:32.728+0000] {dagbag.py:538} INFO - Filling up the DagBag from /home/airflow/.local/lib/python3.7/site-packages/airflow/example_dags/example_complex.py
[2023-02-15T22:12:32.759+0000] {logging_mixin.py:137} INFO - [2023-02-15T22:12:32.759+0000] {taskmixin.py:205} WARNING - Dependency <Task(BashOperator): create_entry_group>, delete_entry_group already registered for DAG: example_complex
[2023-02-15T22:12:32.759+0000] {logging_mixin.py:137} INFO - [2023-02-15T22:12:32.759+0000] {taskmixin.py:205} WARNING - Dependency <Task(BashOperator): delete_entry_group>, create_entry_group already registered for DAG: example_complex
[2023-02-15T22:12:32.760+0000] {logging_mixin.py:137} INFO - [2023-02-15T22:12:32.760+0000] {taskmixin.py:205} WARNING - Dependency <Task(BashOperator): create_entry_gcs>, delete_entry already registered for DAG: example_complex
[2023-02-15T22:12:32.760+0000] {logging_mixin.py:137} INFO - [2023-02-15T22:12:32.760+0000] {taskmixin.py:205} WARNING - Dependency <Task(BashOperator): delete_entry>, create_entry_gcs already registered for DAG: example_complex
[2023-02-15T22:12:32.760+0000] {logging_mixin.py:137} INFO - [2023-02-15T22:12:32.760+0000] {taskmixin.py:205} WARNING - Dependency <Task(BashOperator): create_tag>, delete_tag already registered for DAG: example_complex
[2023-02-15T22:12:32.760+0000] {logging_mixin.py:137} INFO - [2023-02-15T22:12:32.760+0000] {taskmixin.py:205} WARNING - Dependency <Task(BashOperator): delete_tag>, create_tag already registered for DAG: example_complex
[2023-02-15T22:12:32.778+0000] {processor.py:753} INFO - DAG(s) dict_keys(['example_complex']) retrieved from /home/airflow/.local/lib/python3.7/site-packages/airflow/example_dags/example_complex.py
[2023-02-15T22:12:32.857+0000] {logging_mixin.py:137} INFO - [2023-02-15T22:12:32.857+0000] {dag.py:2690} INFO - Sync 1 DAGs
[2023-02-15T22:12:32.914+0000] {logging_mixin.py:137} INFO - [2023-02-15T22:12:32.914+0000] {dag.py:3441} INFO - Setting next_dagrun for example_complex to None, run_after=None
[2023-02-15T22:12:32.969+0000] {processor.py:175} INFO - Processing /home/airflow/.local/lib/python3.7/site-packages/airflow/example_dags/example_complex.py took 0.248 seconds
[2023-02-15T22:13:03.572+0000] {processor.py:153} INFO - Started process (PID=326) to work on /home/airflow/.local/lib/python3.7/site-packages/airflow/example_dags/example_complex.py
[2023-02-15T22:13:03.573+0000] {processor.py:743} INFO - Processing file /home/airflow/.local/lib/python3.7/site-packages/airflow/example_dags/example_complex.py for tasks to queue
[2023-02-15T22:13:03.574+0000] {logging_mixin.py:137} INFO - [2023-02-15T22:13:03.574+0000] {dagbag.py:538} INFO - Filling up the DagBag from /home/airflow/.local/lib/python3.7/site-packages/airflow/example_dags/example_complex.py
[2023-02-15T22:13:03.609+0000] {logging_mixin.py:137} INFO - [2023-02-15T22:13:03.609+0000] {taskmixin.py:205} WARNING - Dependency <Task(BashOperator): create_entry_group>, delete_entry_group already registered for DAG: example_complex
[2023-02-15T22:13:03.609+0000] {logging_mixin.py:137} INFO - [2023-02-15T22:13:03.609+0000] {taskmixin.py:205} WARNING - Dependency <Task(BashOperator): delete_entry_group>, create_entry_group already registered for DAG: example_complex
[2023-02-15T22:13:03.610+0000] {logging_mixin.py:137} INFO - [2023-02-15T22:13:03.609+0000] {taskmixin.py:205} WARNING - Dependency <Task(BashOperator): create_entry_gcs>, delete_entry already registered for DAG: example_complex
[2023-02-15T22:13:03.620+0000] {logging_mixin.py:137} INFO - [2023-02-15T22:13:03.620+0000] {taskmixin.py:205} WARNING - Dependency <Task(BashOperator): delete_entry>, create_entry_gcs already registered for DAG: example_complex
[2023-02-15T22:13:03.621+0000] {logging_mixin.py:137} INFO - [2023-02-15T22:13:03.621+0000] {taskmixin.py:205} WARNING - Dependency <Task(BashOperator): create_tag>, delete_tag already registered for DAG: example_complex
[2023-02-15T22:13:03.621+0000] {logging_mixin.py:137} INFO - [2023-02-15T22:13:03.621+0000] {taskmixin.py:205} WARNING - Dependency <Task(BashOperator): delete_tag>, create_tag already registered for DAG: example_complex
[2023-02-15T22:13:03.640+0000] {processor.py:753} INFO - DAG(s) dict_keys(['example_complex']) retrieved from /home/airflow/.local/lib/python3.7/site-packages/airflow/example_dags/example_complex.py
[2023-02-15T22:13:03.736+0000] {logging_mixin.py:137} INFO - [2023-02-15T22:13:03.736+0000] {dag.py:2690} INFO - Sync 1 DAGs
[2023-02-15T22:13:03.818+0000] {logging_mixin.py:137} INFO - [2023-02-15T22:13:03.818+0000] {dag.py:3441} INFO - Setting next_dagrun for example_complex to None, run_after=None
[2023-02-15T22:13:03.876+0000] {processor.py:175} INFO - Processing /home/airflow/.local/lib/python3.7/site-packages/airflow/example_dags/example_complex.py took 0.318 seconds
[2023-02-15T22:13:34.432+0000] {processor.py:153} INFO - Started process (PID=388) to work on /home/airflow/.local/lib/python3.7/site-packages/airflow/example_dags/example_complex.py
[2023-02-15T22:13:34.436+0000] {processor.py:743} INFO - Processing file /home/airflow/.local/lib/python3.7/site-packages/airflow/example_dags/example_complex.py for tasks to queue
[2023-02-15T22:13:34.437+0000] {logging_mixin.py:137} INFO - [2023-02-15T22:13:34.436+0000] {dagbag.py:538} INFO - Filling up the DagBag from /home/airflow/.local/lib/python3.7/site-packages/airflow/example_dags/example_complex.py
[2023-02-15T22:13:34.479+0000] {logging_mixin.py:137} INFO - [2023-02-15T22:13:34.479+0000] {taskmixin.py:205} WARNING - Dependency <Task(BashOperator): create_entry_group>, delete_entry_group already registered for DAG: example_complex
[2023-02-15T22:13:34.480+0000] {logging_mixin.py:137} INFO - [2023-02-15T22:13:34.480+0000] {taskmixin.py:205} WARNING - Dependency <Task(BashOperator): delete_entry_group>, create_entry_group already registered for DAG: example_complex
[2023-02-15T22:13:34.480+0000] {logging_mixin.py:137} INFO - [2023-02-15T22:13:34.480+0000] {taskmixin.py:205} WARNING - Dependency <Task(BashOperator): create_entry_gcs>, delete_entry already registered for DAG: example_complex
[2023-02-15T22:13:34.480+0000] {logging_mixin.py:137} INFO - [2023-02-15T22:13:34.480+0000] {taskmixin.py:205} WARNING - Dependency <Task(BashOperator): delete_entry>, create_entry_gcs already registered for DAG: example_complex
[2023-02-15T22:13:34.480+0000] {logging_mixin.py:137} INFO - [2023-02-15T22:13:34.480+0000] {taskmixin.py:205} WARNING - Dependency <Task(BashOperator): create_tag>, delete_tag already registered for DAG: example_complex
[2023-02-15T22:13:34.481+0000] {logging_mixin.py:137} INFO - [2023-02-15T22:13:34.481+0000] {taskmixin.py:205} WARNING - Dependency <Task(BashOperator): delete_tag>, create_tag already registered for DAG: example_complex
[2023-02-15T22:13:34.509+0000] {processor.py:753} INFO - DAG(s) dict_keys(['example_complex']) retrieved from /home/airflow/.local/lib/python3.7/site-packages/airflow/example_dags/example_complex.py
[2023-02-15T22:13:34.613+0000] {logging_mixin.py:137} INFO - [2023-02-15T22:13:34.613+0000] {dag.py:2690} INFO - Sync 1 DAGs
[2023-02-15T22:13:34.708+0000] {logging_mixin.py:137} INFO - [2023-02-15T22:13:34.708+0000] {dag.py:3441} INFO - Setting next_dagrun for example_complex to None, run_after=None
[2023-02-15T22:13:34.821+0000] {processor.py:175} INFO - Processing /home/airflow/.local/lib/python3.7/site-packages/airflow/example_dags/example_complex.py took 0.393 seconds
[2023-02-15T22:14:05.234+0000] {processor.py:153} INFO - Started process (PID=453) to work on /home/airflow/.local/lib/python3.7/site-packages/airflow/example_dags/example_complex.py
[2023-02-15T22:14:05.237+0000] {processor.py:743} INFO - Processing file /home/airflow/.local/lib/python3.7/site-packages/airflow/example_dags/example_complex.py for tasks to queue
[2023-02-15T22:14:05.237+0000] {logging_mixin.py:137} INFO - [2023-02-15T22:14:05.237+0000] {dagbag.py:538} INFO - Filling up the DagBag from /home/airflow/.local/lib/python3.7/site-packages/airflow/example_dags/example_complex.py
[2023-02-15T22:14:05.255+0000] {logging_mixin.py:137} INFO - [2023-02-15T22:14:05.255+0000] {taskmixin.py:205} WARNING - Dependency <Task(BashOperator): create_entry_group>, delete_entry_group already registered for DAG: example_complex
[2023-02-15T22:14:05.255+0000] {logging_mixin.py:137} INFO - [2023-02-15T22:14:05.255+0000] {taskmixin.py:205} WARNING - Dependency <Task(BashOperator): delete_entry_group>, create_entry_group already registered for DAG: example_complex
[2023-02-15T22:14:05.255+0000] {logging_mixin.py:137} INFO - [2023-02-15T22:14:05.255+0000] {taskmixin.py:205} WARNING - Dependency <Task(BashOperator): create_entry_gcs>, delete_entry already registered for DAG: example_complex
[2023-02-15T22:14:05.256+0000] {logging_mixin.py:137} INFO - [2023-02-15T22:14:05.256+0000] {taskmixin.py:205} WARNING - Dependency <Task(BashOperator): delete_entry>, create_entry_gcs already registered for DAG: example_complex
[2023-02-15T22:14:05.256+0000] {logging_mixin.py:137} INFO - [2023-02-15T22:14:05.256+0000] {taskmixin.py:205} WARNING - Dependency <Task(BashOperator): create_tag>, delete_tag already registered for DAG: example_complex
[2023-02-15T22:14:05.257+0000] {logging_mixin.py:137} INFO - [2023-02-15T22:14:05.257+0000] {taskmixin.py:205} WARNING - Dependency <Task(BashOperator): delete_tag>, create_tag already registered for DAG: example_complex
[2023-02-15T22:14:05.270+0000] {processor.py:753} INFO - DAG(s) dict_keys(['example_complex']) retrieved from /home/airflow/.local/lib/python3.7/site-packages/airflow/example_dags/example_complex.py
[2023-02-15T22:14:05.318+0000] {logging_mixin.py:137} INFO - [2023-02-15T22:14:05.317+0000] {dag.py:2690} INFO - Sync 1 DAGs
[2023-02-15T22:14:05.350+0000] {logging_mixin.py:137} INFO - [2023-02-15T22:14:05.350+0000] {dag.py:3441} INFO - Setting next_dagrun for example_complex to None, run_after=None
[2023-02-15T22:14:05.378+0000] {processor.py:175} INFO - Processing /home/airflow/.local/lib/python3.7/site-packages/airflow/example_dags/example_complex.py took 0.148 seconds
[2023-02-15T22:14:35.593+0000] {processor.py:153} INFO - Started process (PID=516) to work on /home/airflow/.local/lib/python3.7/site-packages/airflow/example_dags/example_complex.py
[2023-02-15T22:14:35.594+0000] {processor.py:743} INFO - Processing file /home/airflow/.local/lib/python3.7/site-packages/airflow/example_dags/example_complex.py for tasks to queue
[2023-02-15T22:14:35.595+0000] {logging_mixin.py:137} INFO - [2023-02-15T22:14:35.595+0000] {dagbag.py:538} INFO - Filling up the DagBag from /home/airflow/.local/lib/python3.7/site-packages/airflow/example_dags/example_complex.py
[2023-02-15T22:14:35.610+0000] {logging_mixin.py:137} INFO - [2023-02-15T22:14:35.609+0000] {taskmixin.py:205} WARNING - Dependency <Task(BashOperator): create_entry_group>, delete_entry_group already registered for DAG: example_complex
[2023-02-15T22:14:35.610+0000] {logging_mixin.py:137} INFO - [2023-02-15T22:14:35.610+0000] {taskmixin.py:205} WARNING - Dependency <Task(BashOperator): delete_entry_group>, create_entry_group already registered for DAG: example_complex
[2023-02-15T22:14:35.610+0000] {logging_mixin.py:137} INFO - [2023-02-15T22:14:35.610+0000] {taskmixin.py:205} WARNING - Dependency <Task(BashOperator): create_entry_gcs>, delete_entry already registered for DAG: example_complex
[2023-02-15T22:14:35.610+0000] {logging_mixin.py:137} INFO - [2023-02-15T22:14:35.610+0000] {taskmixin.py:205} WARNING - Dependency <Task(BashOperator): delete_entry>, create_entry_gcs already registered for DAG: example_complex
[2023-02-15T22:14:35.611+0000] {logging_mixin.py:137} INFO - [2023-02-15T22:14:35.610+0000] {taskmixin.py:205} WARNING - Dependency <Task(BashOperator): create_tag>, delete_tag already registered for DAG: example_complex
[2023-02-15T22:14:35.611+0000] {logging_mixin.py:137} INFO - [2023-02-15T22:14:35.611+0000] {taskmixin.py:205} WARNING - Dependency <Task(BashOperator): delete_tag>, create_tag already registered for DAG: example_complex
[2023-02-15T22:14:35.621+0000] {processor.py:753} INFO - DAG(s) dict_keys(['example_complex']) retrieved from /home/airflow/.local/lib/python3.7/site-packages/airflow/example_dags/example_complex.py
[2023-02-15T22:14:35.658+0000] {logging_mixin.py:137} INFO - [2023-02-15T22:14:35.657+0000] {dag.py:2690} INFO - Sync 1 DAGs
[2023-02-15T22:14:35.689+0000] {logging_mixin.py:137} INFO - [2023-02-15T22:14:35.689+0000] {dag.py:3441} INFO - Setting next_dagrun for example_complex to None, run_after=None
[2023-02-15T22:14:35.712+0000] {processor.py:175} INFO - Processing /home/airflow/.local/lib/python3.7/site-packages/airflow/example_dags/example_complex.py took 0.122 seconds
[2023-02-15T22:15:05.931+0000] {processor.py:153} INFO - Started process (PID=581) to work on /home/airflow/.local/lib/python3.7/site-packages/airflow/example_dags/example_complex.py
[2023-02-15T22:15:05.933+0000] {processor.py:743} INFO - Processing file /home/airflow/.local/lib/python3.7/site-packages/airflow/example_dags/example_complex.py for tasks to queue
[2023-02-15T22:15:05.933+0000] {logging_mixin.py:137} INFO - [2023-02-15T22:15:05.933+0000] {dagbag.py:538} INFO - Filling up the DagBag from /home/airflow/.local/lib/python3.7/site-packages/airflow/example_dags/example_complex.py
[2023-02-15T22:15:05.946+0000] {logging_mixin.py:137} INFO - [2023-02-15T22:15:05.946+0000] {taskmixin.py:205} WARNING - Dependency <Task(BashOperator): create_entry_group>, delete_entry_group already registered for DAG: example_complex
[2023-02-15T22:15:05.947+0000] {logging_mixin.py:137} INFO - [2023-02-15T22:15:05.946+0000] {taskmixin.py:205} WARNING - Dependency <Task(BashOperator): delete_entry_group>, create_entry_group already registered for DAG: example_complex
[2023-02-15T22:15:05.947+0000] {logging_mixin.py:137} INFO - [2023-02-15T22:15:05.947+0000] {taskmixin.py:205} WARNING - Dependency <Task(BashOperator): create_entry_gcs>, delete_entry already registered for DAG: example_complex
[2023-02-15T22:15:05.947+0000] {logging_mixin.py:137} INFO - [2023-02-15T22:15:05.947+0000] {taskmixin.py:205} WARNING - Dependency <Task(BashOperator): delete_entry>, create_entry_gcs already registered for DAG: example_complex
[2023-02-15T22:15:05.947+0000] {logging_mixin.py:137} INFO - [2023-02-15T22:15:05.947+0000] {taskmixin.py:205} WARNING - Dependency <Task(BashOperator): create_tag>, delete_tag already registered for DAG: example_complex
[2023-02-15T22:15:05.948+0000] {logging_mixin.py:137} INFO - [2023-02-15T22:15:05.947+0000] {taskmixin.py:205} WARNING - Dependency <Task(BashOperator): delete_tag>, create_tag already registered for DAG: example_complex
[2023-02-15T22:15:05.965+0000] {processor.py:753} INFO - DAG(s) dict_keys(['example_complex']) retrieved from /home/airflow/.local/lib/python3.7/site-packages/airflow/example_dags/example_complex.py
[2023-02-15T22:15:06.013+0000] {logging_mixin.py:137} INFO - [2023-02-15T22:15:06.013+0000] {dag.py:2690} INFO - Sync 1 DAGs
[2023-02-15T22:15:06.043+0000] {logging_mixin.py:137} INFO - [2023-02-15T22:15:06.043+0000] {dag.py:3441} INFO - Setting next_dagrun for example_complex to None, run_after=None
[2023-02-15T22:15:06.065+0000] {processor.py:175} INFO - Processing /home/airflow/.local/lib/python3.7/site-packages/airflow/example_dags/example_complex.py took 0.137 seconds
[2023-02-15T22:15:36.326+0000] {processor.py:153} INFO - Started process (PID=657) to work on /home/airflow/.local/lib/python3.7/site-packages/airflow/example_dags/example_complex.py
[2023-02-15T22:15:36.327+0000] {processor.py:743} INFO - Processing file /home/airflow/.local/lib/python3.7/site-packages/airflow/example_dags/example_complex.py for tasks to queue
[2023-02-15T22:15:36.328+0000] {logging_mixin.py:137} INFO - [2023-02-15T22:15:36.327+0000] {dagbag.py:538} INFO - Filling up the DagBag from /home/airflow/.local/lib/python3.7/site-packages/airflow/example_dags/example_complex.py
[2023-02-15T22:15:36.342+0000] {logging_mixin.py:137} INFO - [2023-02-15T22:15:36.342+0000] {taskmixin.py:205} WARNING - Dependency <Task(BashOperator): create_entry_group>, delete_entry_group already registered for DAG: example_complex
[2023-02-15T22:15:36.342+0000] {logging_mixin.py:137} INFO - [2023-02-15T22:15:36.342+0000] {taskmixin.py:205} WARNING - Dependency <Task(BashOperator): delete_entry_group>, create_entry_group already registered for DAG: example_complex
[2023-02-15T22:15:36.342+0000] {logging_mixin.py:137} INFO - [2023-02-15T22:15:36.342+0000] {taskmixin.py:205} WARNING - Dependency <Task(BashOperator): create_entry_gcs>, delete_entry already registered for DAG: example_complex
[2023-02-15T22:15:36.342+0000] {logging_mixin.py:137} INFO - [2023-02-15T22:15:36.342+0000] {taskmixin.py:205} WARNING - Dependency <Task(BashOperator): delete_entry>, create_entry_gcs already registered for DAG: example_complex
[2023-02-15T22:15:36.343+0000] {logging_mixin.py:137} INFO - [2023-02-15T22:15:36.343+0000] {taskmixin.py:205} WARNING - Dependency <Task(BashOperator): create_tag>, delete_tag already registered for DAG: example_complex
[2023-02-15T22:15:36.343+0000] {logging_mixin.py:137} INFO - [2023-02-15T22:15:36.343+0000] {taskmixin.py:205} WARNING - Dependency <Task(BashOperator): delete_tag>, create_tag already registered for DAG: example_complex
[2023-02-15T22:15:36.351+0000] {processor.py:753} INFO - DAG(s) dict_keys(['example_complex']) retrieved from /home/airflow/.local/lib/python3.7/site-packages/airflow/example_dags/example_complex.py
[2023-02-15T22:15:36.387+0000] {logging_mixin.py:137} INFO - [2023-02-15T22:15:36.386+0000] {dag.py:2690} INFO - Sync 1 DAGs
[2023-02-15T22:15:36.414+0000] {logging_mixin.py:137} INFO - [2023-02-15T22:15:36.414+0000] {dag.py:3441} INFO - Setting next_dagrun for example_complex to None, run_after=None
[2023-02-15T22:15:36.437+0000] {processor.py:175} INFO - Processing /home/airflow/.local/lib/python3.7/site-packages/airflow/example_dags/example_complex.py took 0.115 seconds
[2023-02-15T22:16:06.540+0000] {processor.py:153} INFO - Started process (PID=721) to work on /home/airflow/.local/lib/python3.7/site-packages/airflow/example_dags/example_complex.py
[2023-02-15T22:16:06.549+0000] {processor.py:743} INFO - Processing file /home/airflow/.local/lib/python3.7/site-packages/airflow/example_dags/example_complex.py for tasks to queue
[2023-02-15T22:16:06.550+0000] {logging_mixin.py:137} INFO - [2023-02-15T22:16:06.549+0000] {dagbag.py:538} INFO - Filling up the DagBag from /home/airflow/.local/lib/python3.7/site-packages/airflow/example_dags/example_complex.py
[2023-02-15T22:16:06.562+0000] {logging_mixin.py:137} INFO - [2023-02-15T22:16:06.562+0000] {taskmixin.py:205} WARNING - Dependency <Task(BashOperator): create_entry_group>, delete_entry_group already registered for DAG: example_complex
[2023-02-15T22:16:06.563+0000] {logging_mixin.py:137} INFO - [2023-02-15T22:16:06.563+0000] {taskmixin.py:205} WARNING - Dependency <Task(BashOperator): delete_entry_group>, create_entry_group already registered for DAG: example_complex
[2023-02-15T22:16:06.563+0000] {logging_mixin.py:137} INFO - [2023-02-15T22:16:06.563+0000] {taskmixin.py:205} WARNING - Dependency <Task(BashOperator): create_entry_gcs>, delete_entry already registered for DAG: example_complex
[2023-02-15T22:16:06.563+0000] {logging_mixin.py:137} INFO - [2023-02-15T22:16:06.563+0000] {taskmixin.py:205} WARNING - Dependency <Task(BashOperator): delete_entry>, create_entry_gcs already registered for DAG: example_complex
[2023-02-15T22:16:06.563+0000] {logging_mixin.py:137} INFO - [2023-02-15T22:16:06.563+0000] {taskmixin.py:205} WARNING - Dependency <Task(BashOperator): create_tag>, delete_tag already registered for DAG: example_complex
[2023-02-15T22:16:06.563+0000] {logging_mixin.py:137} INFO - [2023-02-15T22:16:06.563+0000] {taskmixin.py:205} WARNING - Dependency <Task(BashOperator): delete_tag>, create_tag already registered for DAG: example_complex
[2023-02-15T22:16:06.572+0000] {processor.py:753} INFO - DAG(s) dict_keys(['example_complex']) retrieved from /home/airflow/.local/lib/python3.7/site-packages/airflow/example_dags/example_complex.py
[2023-02-15T22:16:06.609+0000] {logging_mixin.py:137} INFO - [2023-02-15T22:16:06.609+0000] {dag.py:2690} INFO - Sync 1 DAGs
[2023-02-15T22:16:06.637+0000] {logging_mixin.py:137} INFO - [2023-02-15T22:16:06.637+0000] {dag.py:3441} INFO - Setting next_dagrun for example_complex to None, run_after=None
[2023-02-15T22:16:06.659+0000] {processor.py:175} INFO - Processing /home/airflow/.local/lib/python3.7/site-packages/airflow/example_dags/example_complex.py took 0.122 seconds
[2023-02-15T22:16:36.748+0000] {processor.py:153} INFO - Started process (PID=785) to work on /home/airflow/.local/lib/python3.7/site-packages/airflow/example_dags/example_complex.py
[2023-02-15T22:16:36.749+0000] {processor.py:743} INFO - Processing file /home/airflow/.local/lib/python3.7/site-packages/airflow/example_dags/example_complex.py for tasks to queue
[2023-02-15T22:16:36.750+0000] {logging_mixin.py:137} INFO - [2023-02-15T22:16:36.749+0000] {dagbag.py:538} INFO - Filling up the DagBag from /home/airflow/.local/lib/python3.7/site-packages/airflow/example_dags/example_complex.py
[2023-02-15T22:16:36.765+0000] {logging_mixin.py:137} INFO - [2023-02-15T22:16:36.765+0000] {taskmixin.py:205} WARNING - Dependency <Task(BashOperator): create_entry_group>, delete_entry_group already registered for DAG: example_complex
[2023-02-15T22:16:36.765+0000] {logging_mixin.py:137} INFO - [2023-02-15T22:16:36.765+0000] {taskmixin.py:205} WARNING - Dependency <Task(BashOperator): delete_entry_group>, create_entry_group already registered for DAG: example_complex
[2023-02-15T22:16:36.765+0000] {logging_mixin.py:137} INFO - [2023-02-15T22:16:36.765+0000] {taskmixin.py:205} WARNING - Dependency <Task(BashOperator): create_entry_gcs>, delete_entry already registered for DAG: example_complex
[2023-02-15T22:16:36.765+0000] {logging_mixin.py:137} INFO - [2023-02-15T22:16:36.765+0000] {taskmixin.py:205} WARNING - Dependency <Task(BashOperator): delete_entry>, create_entry_gcs already registered for DAG: example_complex
[2023-02-15T22:16:36.766+0000] {logging_mixin.py:137} INFO - [2023-02-15T22:16:36.766+0000] {taskmixin.py:205} WARNING - Dependency <Task(BashOperator): create_tag>, delete_tag already registered for DAG: example_complex
[2023-02-15T22:16:36.766+0000] {logging_mixin.py:137} INFO - [2023-02-15T22:16:36.766+0000] {taskmixin.py:205} WARNING - Dependency <Task(BashOperator): delete_tag>, create_tag already registered for DAG: example_complex
[2023-02-15T22:16:36.775+0000] {processor.py:753} INFO - DAG(s) dict_keys(['example_complex']) retrieved from /home/airflow/.local/lib/python3.7/site-packages/airflow/example_dags/example_complex.py
[2023-02-15T22:16:36.814+0000] {logging_mixin.py:137} INFO - [2023-02-15T22:16:36.814+0000] {dag.py:2690} INFO - Sync 1 DAGs
[2023-02-15T22:16:36.844+0000] {logging_mixin.py:137} INFO - [2023-02-15T22:16:36.844+0000] {dag.py:3441} INFO - Setting next_dagrun for example_complex to None, run_after=None
[2023-02-15T22:16:36.865+0000] {processor.py:175} INFO - Processing /home/airflow/.local/lib/python3.7/site-packages/airflow/example_dags/example_complex.py took 0.121 seconds
[2023-02-15T22:17:07.492+0000] {processor.py:153} INFO - Started process (PID=861) to work on /home/airflow/.local/lib/python3.7/site-packages/airflow/example_dags/example_complex.py
[2023-02-15T22:17:07.494+0000] {processor.py:743} INFO - Processing file /home/airflow/.local/lib/python3.7/site-packages/airflow/example_dags/example_complex.py for tasks to queue
[2023-02-15T22:17:07.495+0000] {logging_mixin.py:137} INFO - [2023-02-15T22:17:07.494+0000] {dagbag.py:538} INFO - Filling up the DagBag from /home/airflow/.local/lib/python3.7/site-packages/airflow/example_dags/example_complex.py
[2023-02-15T22:17:07.519+0000] {logging_mixin.py:137} INFO - [2023-02-15T22:17:07.518+0000] {taskmixin.py:205} WARNING - Dependency <Task(BashOperator): create_entry_group>, delete_entry_group already registered for DAG: example_complex
[2023-02-15T22:17:07.523+0000] {logging_mixin.py:137} INFO - [2023-02-15T22:17:07.523+0000] {taskmixin.py:205} WARNING - Dependency <Task(BashOperator): delete_entry_group>, create_entry_group already registered for DAG: example_complex
[2023-02-15T22:17:07.525+0000] {logging_mixin.py:137} INFO - [2023-02-15T22:17:07.524+0000] {taskmixin.py:205} WARNING - Dependency <Task(BashOperator): create_entry_gcs>, delete_entry already registered for DAG: example_complex
[2023-02-15T22:17:07.525+0000] {logging_mixin.py:137} INFO - [2023-02-15T22:17:07.525+0000] {taskmixin.py:205} WARNING - Dependency <Task(BashOperator): delete_entry>, create_entry_gcs already registered for DAG: example_complex
[2023-02-15T22:17:07.525+0000] {logging_mixin.py:137} INFO - [2023-02-15T22:17:07.525+0000] {taskmixin.py:205} WARNING - Dependency <Task(BashOperator): create_tag>, delete_tag already registered for DAG: example_complex
[2023-02-15T22:17:07.526+0000] {logging_mixin.py:137} INFO - [2023-02-15T22:17:07.526+0000] {taskmixin.py:205} WARNING - Dependency <Task(BashOperator): delete_tag>, create_tag already registered for DAG: example_complex
[2023-02-15T22:17:07.533+0000] {processor.py:753} INFO - DAG(s) dict_keys(['example_complex']) retrieved from /home/airflow/.local/lib/python3.7/site-packages/airflow/example_dags/example_complex.py
[2023-02-15T22:17:07.586+0000] {logging_mixin.py:137} INFO - [2023-02-15T22:17:07.586+0000] {dag.py:2690} INFO - Sync 1 DAGs
[2023-02-15T22:17:07.646+0000] {logging_mixin.py:137} INFO - [2023-02-15T22:17:07.645+0000] {dag.py:3441} INFO - Setting next_dagrun for example_complex to None, run_after=None
[2023-02-15T22:17:07.679+0000] {processor.py:175} INFO - Processing /home/airflow/.local/lib/python3.7/site-packages/airflow/example_dags/example_complex.py took 0.191 seconds
[2023-02-15T22:17:38.115+0000] {processor.py:153} INFO - Started process (PID=924) to work on /home/airflow/.local/lib/python3.7/site-packages/airflow/example_dags/example_complex.py
[2023-02-15T22:17:38.116+0000] {processor.py:743} INFO - Processing file /home/airflow/.local/lib/python3.7/site-packages/airflow/example_dags/example_complex.py for tasks to queue
[2023-02-15T22:17:38.117+0000] {logging_mixin.py:137} INFO - [2023-02-15T22:17:38.116+0000] {dagbag.py:538} INFO - Filling up the DagBag from /home/airflow/.local/lib/python3.7/site-packages/airflow/example_dags/example_complex.py
[2023-02-15T22:17:38.136+0000] {logging_mixin.py:137} INFO - [2023-02-15T22:17:38.136+0000] {taskmixin.py:205} WARNING - Dependency <Task(BashOperator): create_entry_group>, delete_entry_group already registered for DAG: example_complex
[2023-02-15T22:17:38.138+0000] {logging_mixin.py:137} INFO - [2023-02-15T22:17:38.136+0000] {taskmixin.py:205} WARNING - Dependency <Task(BashOperator): delete_entry_group>, create_entry_group already registered for DAG: example_complex
[2023-02-15T22:17:38.138+0000] {logging_mixin.py:137} INFO - [2023-02-15T22:17:38.138+0000] {taskmixin.py:205} WARNING - Dependency <Task(BashOperator): create_entry_gcs>, delete_entry already registered for DAG: example_complex
[2023-02-15T22:17:38.139+0000] {logging_mixin.py:137} INFO - [2023-02-15T22:17:38.139+0000] {taskmixin.py:205} WARNING - Dependency <Task(BashOperator): delete_entry>, create_entry_gcs already registered for DAG: example_complex
[2023-02-15T22:17:38.140+0000] {logging_mixin.py:137} INFO - [2023-02-15T22:17:38.140+0000] {taskmixin.py:205} WARNING - Dependency <Task(BashOperator): create_tag>, delete_tag already registered for DAG: example_complex
[2023-02-15T22:17:38.141+0000] {logging_mixin.py:137} INFO - [2023-02-15T22:17:38.140+0000] {taskmixin.py:205} WARNING - Dependency <Task(BashOperator): delete_tag>, create_tag already registered for DAG: example_complex
[2023-02-15T22:17:38.149+0000] {processor.py:753} INFO - DAG(s) dict_keys(['example_complex']) retrieved from /home/airflow/.local/lib/python3.7/site-packages/airflow/example_dags/example_complex.py
[2023-02-15T22:17:38.214+0000] {logging_mixin.py:137} INFO - [2023-02-15T22:17:38.214+0000] {dag.py:2690} INFO - Sync 1 DAGs
[2023-02-15T22:17:38.250+0000] {logging_mixin.py:137} INFO - [2023-02-15T22:17:38.250+0000] {dag.py:3441} INFO - Setting next_dagrun for example_complex to None, run_after=None
[2023-02-15T22:17:38.274+0000] {processor.py:175} INFO - Processing /home/airflow/.local/lib/python3.7/site-packages/airflow/example_dags/example_complex.py took 0.163 seconds
[2023-02-15T22:18:08.702+0000] {processor.py:153} INFO - Started process (PID=988) to work on /home/airflow/.local/lib/python3.7/site-packages/airflow/example_dags/example_complex.py
[2023-02-15T22:18:08.705+0000] {processor.py:743} INFO - Processing file /home/airflow/.local/lib/python3.7/site-packages/airflow/example_dags/example_complex.py for tasks to queue
[2023-02-15T22:18:08.706+0000] {logging_mixin.py:137} INFO - [2023-02-15T22:18:08.706+0000] {dagbag.py:538} INFO - Filling up the DagBag from /home/airflow/.local/lib/python3.7/site-packages/airflow/example_dags/example_complex.py
[2023-02-15T22:18:08.747+0000] {logging_mixin.py:137} INFO - [2023-02-15T22:18:08.747+0000] {taskmixin.py:205} WARNING - Dependency <Task(BashOperator): create_entry_group>, delete_entry_group already registered for DAG: example_complex
[2023-02-15T22:18:08.747+0000] {logging_mixin.py:137} INFO - [2023-02-15T22:18:08.747+0000] {taskmixin.py:205} WARNING - Dependency <Task(BashOperator): delete_entry_group>, create_entry_group already registered for DAG: example_complex
[2023-02-15T22:18:08.747+0000] {logging_mixin.py:137} INFO - [2023-02-15T22:18:08.747+0000] {taskmixin.py:205} WARNING - Dependency <Task(BashOperator): create_entry_gcs>, delete_entry already registered for DAG: example_complex
[2023-02-15T22:18:08.747+0000] {logging_mixin.py:137} INFO - [2023-02-15T22:18:08.747+0000] {taskmixin.py:205} WARNING - Dependency <Task(BashOperator): delete_entry>, create_entry_gcs already registered for DAG: example_complex
[2023-02-15T22:18:08.748+0000] {logging_mixin.py:137} INFO - [2023-02-15T22:18:08.748+0000] {taskmixin.py:205} WARNING - Dependency <Task(BashOperator): create_tag>, delete_tag already registered for DAG: example_complex
[2023-02-15T22:18:08.748+0000] {logging_mixin.py:137} INFO - [2023-02-15T22:18:08.748+0000] {taskmixin.py:205} WARNING - Dependency <Task(BashOperator): delete_tag>, create_tag already registered for DAG: example_complex
[2023-02-15T22:18:08.763+0000] {processor.py:753} INFO - DAG(s) dict_keys(['example_complex']) retrieved from /home/airflow/.local/lib/python3.7/site-packages/airflow/example_dags/example_complex.py
[2023-02-15T22:18:08.875+0000] {logging_mixin.py:137} INFO - [2023-02-15T22:18:08.864+0000] {dag.py:2690} INFO - Sync 1 DAGs
[2023-02-15T22:18:08.925+0000] {logging_mixin.py:137} INFO - [2023-02-15T22:18:08.924+0000] {dag.py:3441} INFO - Setting next_dagrun for example_complex to None, run_after=None
[2023-02-15T22:18:08.967+0000] {processor.py:175} INFO - Processing /home/airflow/.local/lib/python3.7/site-packages/airflow/example_dags/example_complex.py took 0.278 seconds
[2023-02-15T22:18:39.167+0000] {processor.py:153} INFO - Started process (PID=1059) to work on /home/airflow/.local/lib/python3.7/site-packages/airflow/example_dags/example_complex.py
[2023-02-15T22:18:39.178+0000] {processor.py:743} INFO - Processing file /home/airflow/.local/lib/python3.7/site-packages/airflow/example_dags/example_complex.py for tasks to queue
[2023-02-15T22:18:39.179+0000] {logging_mixin.py:137} INFO - [2023-02-15T22:18:39.178+0000] {dagbag.py:538} INFO - Filling up the DagBag from /home/airflow/.local/lib/python3.7/site-packages/airflow/example_dags/example_complex.py
[2023-02-15T22:18:39.212+0000] {logging_mixin.py:137} INFO - [2023-02-15T22:18:39.211+0000] {taskmixin.py:205} WARNING - Dependency <Task(BashOperator): create_entry_group>, delete_entry_group already registered for DAG: example_complex
[2023-02-15T22:18:39.212+0000] {logging_mixin.py:137} INFO - [2023-02-15T22:18:39.212+0000] {taskmixin.py:205} WARNING - Dependency <Task(BashOperator): delete_entry_group>, create_entry_group already registered for DAG: example_complex
[2023-02-15T22:18:39.212+0000] {logging_mixin.py:137} INFO - [2023-02-15T22:18:39.212+0000] {taskmixin.py:205} WARNING - Dependency <Task(BashOperator): create_entry_gcs>, delete_entry already registered for DAG: example_complex
[2023-02-15T22:18:39.212+0000] {logging_mixin.py:137} INFO - [2023-02-15T22:18:39.212+0000] {taskmixin.py:205} WARNING - Dependency <Task(BashOperator): delete_entry>, create_entry_gcs already registered for DAG: example_complex
[2023-02-15T22:18:39.213+0000] {logging_mixin.py:137} INFO - [2023-02-15T22:18:39.213+0000] {taskmixin.py:205} WARNING - Dependency <Task(BashOperator): create_tag>, delete_tag already registered for DAG: example_complex
[2023-02-15T22:18:39.213+0000] {logging_mixin.py:137} INFO - [2023-02-15T22:18:39.213+0000] {taskmixin.py:205} WARNING - Dependency <Task(BashOperator): delete_tag>, create_tag already registered for DAG: example_complex
[2023-02-15T22:18:39.222+0000] {processor.py:753} INFO - DAG(s) dict_keys(['example_complex']) retrieved from /home/airflow/.local/lib/python3.7/site-packages/airflow/example_dags/example_complex.py
[2023-02-15T22:18:39.329+0000] {logging_mixin.py:137} INFO - [2023-02-15T22:18:39.329+0000] {dag.py:2690} INFO - Sync 1 DAGs
[2023-02-15T22:18:39.425+0000] {logging_mixin.py:137} INFO - [2023-02-15T22:18:39.425+0000] {dag.py:3441} INFO - Setting next_dagrun for example_complex to None, run_after=None
[2023-02-15T22:18:39.478+0000] {processor.py:175} INFO - Processing /home/airflow/.local/lib/python3.7/site-packages/airflow/example_dags/example_complex.py took 0.314 seconds
[2023-02-15T22:19:09.689+0000] {processor.py:153} INFO - Started process (PID=1125) to work on /home/airflow/.local/lib/python3.7/site-packages/airflow/example_dags/example_complex.py
[2023-02-15T22:19:09.690+0000] {processor.py:743} INFO - Processing file /home/airflow/.local/lib/python3.7/site-packages/airflow/example_dags/example_complex.py for tasks to queue
[2023-02-15T22:19:09.691+0000] {logging_mixin.py:137} INFO - [2023-02-15T22:19:09.691+0000] {dagbag.py:538} INFO - Filling up the DagBag from /home/airflow/.local/lib/python3.7/site-packages/airflow/example_dags/example_complex.py
[2023-02-15T22:19:09.716+0000] {logging_mixin.py:137} INFO - [2023-02-15T22:19:09.714+0000] {taskmixin.py:205} WARNING - Dependency <Task(BashOperator): create_entry_group>, delete_entry_group already registered for DAG: example_complex
[2023-02-15T22:19:09.716+0000] {logging_mixin.py:137} INFO - [2023-02-15T22:19:09.716+0000] {taskmixin.py:205} WARNING - Dependency <Task(BashOperator): delete_entry_group>, create_entry_group already registered for DAG: example_complex
[2023-02-15T22:19:09.716+0000] {logging_mixin.py:137} INFO - [2023-02-15T22:19:09.716+0000] {taskmixin.py:205} WARNING - Dependency <Task(BashOperator): create_entry_gcs>, delete_entry already registered for DAG: example_complex
[2023-02-15T22:19:09.716+0000] {logging_mixin.py:137} INFO - [2023-02-15T22:19:09.716+0000] {taskmixin.py:205} WARNING - Dependency <Task(BashOperator): delete_entry>, create_entry_gcs already registered for DAG: example_complex
[2023-02-15T22:19:09.717+0000] {logging_mixin.py:137} INFO - [2023-02-15T22:19:09.717+0000] {taskmixin.py:205} WARNING - Dependency <Task(BashOperator): create_tag>, delete_tag already registered for DAG: example_complex
[2023-02-15T22:19:09.717+0000] {logging_mixin.py:137} INFO - [2023-02-15T22:19:09.717+0000] {taskmixin.py:205} WARNING - Dependency <Task(BashOperator): delete_tag>, create_tag already registered for DAG: example_complex
[2023-02-15T22:19:09.730+0000] {processor.py:753} INFO - DAG(s) dict_keys(['example_complex']) retrieved from /home/airflow/.local/lib/python3.7/site-packages/airflow/example_dags/example_complex.py
[2023-02-15T22:19:09.769+0000] {logging_mixin.py:137} INFO - [2023-02-15T22:19:09.769+0000] {dag.py:2690} INFO - Sync 1 DAGs
[2023-02-15T22:19:09.798+0000] {logging_mixin.py:137} INFO - [2023-02-15T22:19:09.797+0000] {dag.py:3441} INFO - Setting next_dagrun for example_complex to None, run_after=None
[2023-02-15T22:19:09.822+0000] {processor.py:175} INFO - Processing /home/airflow/.local/lib/python3.7/site-packages/airflow/example_dags/example_complex.py took 0.136 seconds
[2023-02-15T22:19:40.157+0000] {processor.py:153} INFO - Started process (PID=1189) to work on /home/airflow/.local/lib/python3.7/site-packages/airflow/example_dags/example_complex.py
[2023-02-15T22:19:40.158+0000] {processor.py:743} INFO - Processing file /home/airflow/.local/lib/python3.7/site-packages/airflow/example_dags/example_complex.py for tasks to queue
[2023-02-15T22:19:40.159+0000] {logging_mixin.py:137} INFO - [2023-02-15T22:19:40.158+0000] {dagbag.py:538} INFO - Filling up the DagBag from /home/airflow/.local/lib/python3.7/site-packages/airflow/example_dags/example_complex.py
[2023-02-15T22:19:40.172+0000] {logging_mixin.py:137} INFO - [2023-02-15T22:19:40.172+0000] {taskmixin.py:205} WARNING - Dependency <Task(BashOperator): create_entry_group>, delete_entry_group already registered for DAG: example_complex
[2023-02-15T22:19:40.173+0000] {logging_mixin.py:137} INFO - [2023-02-15T22:19:40.172+0000] {taskmixin.py:205} WARNING - Dependency <Task(BashOperator): delete_entry_group>, create_entry_group already registered for DAG: example_complex
[2023-02-15T22:19:40.173+0000] {logging_mixin.py:137} INFO - [2023-02-15T22:19:40.173+0000] {taskmixin.py:205} WARNING - Dependency <Task(BashOperator): create_entry_gcs>, delete_entry already registered for DAG: example_complex
[2023-02-15T22:19:40.173+0000] {logging_mixin.py:137} INFO - [2023-02-15T22:19:40.173+0000] {taskmixin.py:205} WARNING - Dependency <Task(BashOperator): delete_entry>, create_entry_gcs already registered for DAG: example_complex
[2023-02-15T22:19:40.173+0000] {logging_mixin.py:137} INFO - [2023-02-15T22:19:40.173+0000] {taskmixin.py:205} WARNING - Dependency <Task(BashOperator): create_tag>, delete_tag already registered for DAG: example_complex
[2023-02-15T22:19:40.174+0000] {logging_mixin.py:137} INFO - [2023-02-15T22:19:40.173+0000] {taskmixin.py:205} WARNING - Dependency <Task(BashOperator): delete_tag>, create_tag already registered for DAG: example_complex
[2023-02-15T22:19:40.182+0000] {processor.py:753} INFO - DAG(s) dict_keys(['example_complex']) retrieved from /home/airflow/.local/lib/python3.7/site-packages/airflow/example_dags/example_complex.py
[2023-02-15T22:19:40.240+0000] {logging_mixin.py:137} INFO - [2023-02-15T22:19:40.238+0000] {dag.py:2690} INFO - Sync 1 DAGs
[2023-02-15T22:19:40.289+0000] {logging_mixin.py:137} INFO - [2023-02-15T22:19:40.289+0000] {dag.py:3441} INFO - Setting next_dagrun for example_complex to None, run_after=None
[2023-02-15T22:19:40.334+0000] {processor.py:175} INFO - Processing /home/airflow/.local/lib/python3.7/site-packages/airflow/example_dags/example_complex.py took 0.182 seconds
[2023-02-15T22:20:10.570+0000] {processor.py:153} INFO - Started process (PID=1251) to work on /home/airflow/.local/lib/python3.7/site-packages/airflow/example_dags/example_complex.py
[2023-02-15T22:20:10.570+0000] {processor.py:743} INFO - Processing file /home/airflow/.local/lib/python3.7/site-packages/airflow/example_dags/example_complex.py for tasks to queue
[2023-02-15T22:20:10.571+0000] {logging_mixin.py:137} INFO - [2023-02-15T22:20:10.571+0000] {dagbag.py:538} INFO - Filling up the DagBag from /home/airflow/.local/lib/python3.7/site-packages/airflow/example_dags/example_complex.py
[2023-02-15T22:20:10.584+0000] {logging_mixin.py:137} INFO - [2023-02-15T22:20:10.584+0000] {taskmixin.py:205} WARNING - Dependency <Task(BashOperator): create_entry_group>, delete_entry_group already registered for DAG: example_complex
[2023-02-15T22:20:10.584+0000] {logging_mixin.py:137} INFO - [2023-02-15T22:20:10.584+0000] {taskmixin.py:205} WARNING - Dependency <Task(BashOperator): delete_entry_group>, create_entry_group already registered for DAG: example_complex
[2023-02-15T22:20:10.585+0000] {logging_mixin.py:137} INFO - [2023-02-15T22:20:10.585+0000] {taskmixin.py:205} WARNING - Dependency <Task(BashOperator): create_entry_gcs>, delete_entry already registered for DAG: example_complex
[2023-02-15T22:20:10.585+0000] {logging_mixin.py:137} INFO - [2023-02-15T22:20:10.585+0000] {taskmixin.py:205} WARNING - Dependency <Task(BashOperator): delete_entry>, create_entry_gcs already registered for DAG: example_complex
[2023-02-15T22:20:10.585+0000] {logging_mixin.py:137} INFO - [2023-02-15T22:20:10.585+0000] {taskmixin.py:205} WARNING - Dependency <Task(BashOperator): create_tag>, delete_tag already registered for DAG: example_complex
[2023-02-15T22:20:10.585+0000] {logging_mixin.py:137} INFO - [2023-02-15T22:20:10.585+0000] {taskmixin.py:205} WARNING - Dependency <Task(BashOperator): delete_tag>, create_tag already registered for DAG: example_complex
[2023-02-15T22:20:10.593+0000] {processor.py:753} INFO - DAG(s) dict_keys(['example_complex']) retrieved from /home/airflow/.local/lib/python3.7/site-packages/airflow/example_dags/example_complex.py
[2023-02-15T22:20:10.626+0000] {logging_mixin.py:137} INFO - [2023-02-15T22:20:10.626+0000] {dag.py:2690} INFO - Sync 1 DAGs
[2023-02-15T22:20:10.657+0000] {logging_mixin.py:137} INFO - [2023-02-15T22:20:10.657+0000] {dag.py:3441} INFO - Setting next_dagrun for example_complex to None, run_after=None
[2023-02-15T22:20:10.681+0000] {processor.py:175} INFO - Processing /home/airflow/.local/lib/python3.7/site-packages/airflow/example_dags/example_complex.py took 0.115 seconds
[2023-02-15T22:20:41.248+0000] {processor.py:153} INFO - Started process (PID=1326) to work on /home/airflow/.local/lib/python3.7/site-packages/airflow/example_dags/example_complex.py
[2023-02-15T22:20:41.250+0000] {processor.py:743} INFO - Processing file /home/airflow/.local/lib/python3.7/site-packages/airflow/example_dags/example_complex.py for tasks to queue
[2023-02-15T22:20:41.250+0000] {logging_mixin.py:137} INFO - [2023-02-15T22:20:41.250+0000] {dagbag.py:538} INFO - Filling up the DagBag from /home/airflow/.local/lib/python3.7/site-packages/airflow/example_dags/example_complex.py
[2023-02-15T22:20:41.266+0000] {logging_mixin.py:137} INFO - [2023-02-15T22:20:41.266+0000] {taskmixin.py:205} WARNING - Dependency <Task(BashOperator): create_entry_group>, delete_entry_group already registered for DAG: example_complex
[2023-02-15T22:20:41.266+0000] {logging_mixin.py:137} INFO - [2023-02-15T22:20:41.266+0000] {taskmixin.py:205} WARNING - Dependency <Task(BashOperator): delete_entry_group>, create_entry_group already registered for DAG: example_complex
[2023-02-15T22:20:41.267+0000] {logging_mixin.py:137} INFO - [2023-02-15T22:20:41.266+0000] {taskmixin.py:205} WARNING - Dependency <Task(BashOperator): create_entry_gcs>, delete_entry already registered for DAG: example_complex
[2023-02-15T22:20:41.267+0000] {logging_mixin.py:137} INFO - [2023-02-15T22:20:41.267+0000] {taskmixin.py:205} WARNING - Dependency <Task(BashOperator): delete_entry>, create_entry_gcs already registered for DAG: example_complex
[2023-02-15T22:20:41.267+0000] {logging_mixin.py:137} INFO - [2023-02-15T22:20:41.267+0000] {taskmixin.py:205} WARNING - Dependency <Task(BashOperator): create_tag>, delete_tag already registered for DAG: example_complex
[2023-02-15T22:20:41.267+0000] {logging_mixin.py:137} INFO - [2023-02-15T22:20:41.267+0000] {taskmixin.py:205} WARNING - Dependency <Task(BashOperator): delete_tag>, create_tag already registered for DAG: example_complex
[2023-02-15T22:20:41.279+0000] {processor.py:753} INFO - DAG(s) dict_keys(['example_complex']) retrieved from /home/airflow/.local/lib/python3.7/site-packages/airflow/example_dags/example_complex.py
[2023-02-15T22:20:41.321+0000] {logging_mixin.py:137} INFO - [2023-02-15T22:20:41.321+0000] {dag.py:2690} INFO - Sync 1 DAGs
[2023-02-15T22:20:41.363+0000] {logging_mixin.py:137} INFO - [2023-02-15T22:20:41.363+0000] {dag.py:3441} INFO - Setting next_dagrun for example_complex to None, run_after=None
[2023-02-15T22:20:41.392+0000] {processor.py:175} INFO - Processing /home/airflow/.local/lib/python3.7/site-packages/airflow/example_dags/example_complex.py took 0.148 seconds
[2023-02-15T22:21:12.030+0000] {processor.py:153} INFO - Started process (PID=1389) to work on /home/airflow/.local/lib/python3.7/site-packages/airflow/example_dags/example_complex.py
[2023-02-15T22:21:12.033+0000] {processor.py:743} INFO - Processing file /home/airflow/.local/lib/python3.7/site-packages/airflow/example_dags/example_complex.py for tasks to queue
[2023-02-15T22:21:12.034+0000] {logging_mixin.py:137} INFO - [2023-02-15T22:21:12.034+0000] {dagbag.py:538} INFO - Filling up the DagBag from /home/airflow/.local/lib/python3.7/site-packages/airflow/example_dags/example_complex.py
[2023-02-15T22:21:12.047+0000] {logging_mixin.py:137} INFO - [2023-02-15T22:21:12.047+0000] {taskmixin.py:205} WARNING - Dependency <Task(BashOperator): create_entry_group>, delete_entry_group already registered for DAG: example_complex
[2023-02-15T22:21:12.047+0000] {logging_mixin.py:137} INFO - [2023-02-15T22:21:12.047+0000] {taskmixin.py:205} WARNING - Dependency <Task(BashOperator): delete_entry_group>, create_entry_group already registered for DAG: example_complex
[2023-02-15T22:21:12.047+0000] {logging_mixin.py:137} INFO - [2023-02-15T22:21:12.047+0000] {taskmixin.py:205} WARNING - Dependency <Task(BashOperator): create_entry_gcs>, delete_entry already registered for DAG: example_complex
[2023-02-15T22:21:12.047+0000] {logging_mixin.py:137} INFO - [2023-02-15T22:21:12.047+0000] {taskmixin.py:205} WARNING - Dependency <Task(BashOperator): delete_entry>, create_entry_gcs already registered for DAG: example_complex
[2023-02-15T22:21:12.048+0000] {logging_mixin.py:137} INFO - [2023-02-15T22:21:12.048+0000] {taskmixin.py:205} WARNING - Dependency <Task(BashOperator): create_tag>, delete_tag already registered for DAG: example_complex
[2023-02-15T22:21:12.048+0000] {logging_mixin.py:137} INFO - [2023-02-15T22:21:12.048+0000] {taskmixin.py:205} WARNING - Dependency <Task(BashOperator): delete_tag>, create_tag already registered for DAG: example_complex
[2023-02-15T22:21:12.056+0000] {processor.py:753} INFO - DAG(s) dict_keys(['example_complex']) retrieved from /home/airflow/.local/lib/python3.7/site-packages/airflow/example_dags/example_complex.py
[2023-02-15T22:21:12.092+0000] {logging_mixin.py:137} INFO - [2023-02-15T22:21:12.092+0000] {dag.py:2690} INFO - Sync 1 DAGs
[2023-02-15T22:21:12.125+0000] {logging_mixin.py:137} INFO - [2023-02-15T22:21:12.124+0000] {dag.py:3441} INFO - Setting next_dagrun for example_complex to None, run_after=None
[2023-02-15T22:21:12.147+0000] {processor.py:175} INFO - Processing /home/airflow/.local/lib/python3.7/site-packages/airflow/example_dags/example_complex.py took 0.121 seconds
[2023-02-15T22:21:42.674+0000] {processor.py:153} INFO - Started process (PID=1466) to work on /home/airflow/.local/lib/python3.7/site-packages/airflow/example_dags/example_complex.py
[2023-02-15T22:21:42.675+0000] {processor.py:743} INFO - Processing file /home/airflow/.local/lib/python3.7/site-packages/airflow/example_dags/example_complex.py for tasks to queue
[2023-02-15T22:21:42.686+0000] {logging_mixin.py:137} INFO - [2023-02-15T22:21:42.675+0000] {dagbag.py:538} INFO - Filling up the DagBag from /home/airflow/.local/lib/python3.7/site-packages/airflow/example_dags/example_complex.py
[2023-02-15T22:21:42.705+0000] {logging_mixin.py:137} INFO - [2023-02-15T22:21:42.705+0000] {taskmixin.py:205} WARNING - Dependency <Task(BashOperator): create_entry_group>, delete_entry_group already registered for DAG: example_complex
[2023-02-15T22:21:42.706+0000] {logging_mixin.py:137} INFO - [2023-02-15T22:21:42.705+0000] {taskmixin.py:205} WARNING - Dependency <Task(BashOperator): delete_entry_group>, create_entry_group already registered for DAG: example_complex
[2023-02-15T22:21:42.706+0000] {logging_mixin.py:137} INFO - [2023-02-15T22:21:42.706+0000] {taskmixin.py:205} WARNING - Dependency <Task(BashOperator): create_entry_gcs>, delete_entry already registered for DAG: example_complex
[2023-02-15T22:21:42.706+0000] {logging_mixin.py:137} INFO - [2023-02-15T22:21:42.706+0000] {taskmixin.py:205} WARNING - Dependency <Task(BashOperator): delete_entry>, create_entry_gcs already registered for DAG: example_complex
[2023-02-15T22:21:42.706+0000] {logging_mixin.py:137} INFO - [2023-02-15T22:21:42.706+0000] {taskmixin.py:205} WARNING - Dependency <Task(BashOperator): create_tag>, delete_tag already registered for DAG: example_complex
[2023-02-15T22:21:42.707+0000] {logging_mixin.py:137} INFO - [2023-02-15T22:21:42.707+0000] {taskmixin.py:205} WARNING - Dependency <Task(BashOperator): delete_tag>, create_tag already registered for DAG: example_complex
[2023-02-15T22:21:42.721+0000] {processor.py:753} INFO - DAG(s) dict_keys(['example_complex']) retrieved from /home/airflow/.local/lib/python3.7/site-packages/airflow/example_dags/example_complex.py
[2023-02-15T22:21:42.776+0000] {logging_mixin.py:137} INFO - [2023-02-15T22:21:42.776+0000] {dag.py:2690} INFO - Sync 1 DAGs
[2023-02-15T22:21:42.818+0000] {logging_mixin.py:137} INFO - [2023-02-15T22:21:42.817+0000] {dag.py:3441} INFO - Setting next_dagrun for example_complex to None, run_after=None
[2023-02-15T22:21:42.878+0000] {processor.py:175} INFO - Processing /home/airflow/.local/lib/python3.7/site-packages/airflow/example_dags/example_complex.py took 0.207 seconds
[2023-02-15T22:22:12.979+0000] {processor.py:153} INFO - Started process (PID=1530) to work on /home/airflow/.local/lib/python3.7/site-packages/airflow/example_dags/example_complex.py
[2023-02-15T22:22:12.988+0000] {processor.py:743} INFO - Processing file /home/airflow/.local/lib/python3.7/site-packages/airflow/example_dags/example_complex.py for tasks to queue
[2023-02-15T22:22:12.989+0000] {logging_mixin.py:137} INFO - [2023-02-15T22:22:12.989+0000] {dagbag.py:538} INFO - Filling up the DagBag from /home/airflow/.local/lib/python3.7/site-packages/airflow/example_dags/example_complex.py
[2023-02-15T22:22:13.006+0000] {logging_mixin.py:137} INFO - [2023-02-15T22:22:13.006+0000] {taskmixin.py:205} WARNING - Dependency <Task(BashOperator): create_entry_group>, delete_entry_group already registered for DAG: example_complex
[2023-02-15T22:22:13.006+0000] {logging_mixin.py:137} INFO - [2023-02-15T22:22:13.006+0000] {taskmixin.py:205} WARNING - Dependency <Task(BashOperator): delete_entry_group>, create_entry_group already registered for DAG: example_complex
[2023-02-15T22:22:13.006+0000] {logging_mixin.py:137} INFO - [2023-02-15T22:22:13.006+0000] {taskmixin.py:205} WARNING - Dependency <Task(BashOperator): create_entry_gcs>, delete_entry already registered for DAG: example_complex
[2023-02-15T22:22:13.007+0000] {logging_mixin.py:137} INFO - [2023-02-15T22:22:13.006+0000] {taskmixin.py:205} WARNING - Dependency <Task(BashOperator): delete_entry>, create_entry_gcs already registered for DAG: example_complex
[2023-02-15T22:22:13.007+0000] {logging_mixin.py:137} INFO - [2023-02-15T22:22:13.007+0000] {taskmixin.py:205} WARNING - Dependency <Task(BashOperator): create_tag>, delete_tag already registered for DAG: example_complex
[2023-02-15T22:22:13.007+0000] {logging_mixin.py:137} INFO - [2023-02-15T22:22:13.007+0000] {taskmixin.py:205} WARNING - Dependency <Task(BashOperator): delete_tag>, create_tag already registered for DAG: example_complex
[2023-02-15T22:22:13.017+0000] {processor.py:753} INFO - DAG(s) dict_keys(['example_complex']) retrieved from /home/airflow/.local/lib/python3.7/site-packages/airflow/example_dags/example_complex.py
[2023-02-15T22:22:13.073+0000] {logging_mixin.py:137} INFO - [2023-02-15T22:22:13.073+0000] {dag.py:2690} INFO - Sync 1 DAGs
[2023-02-15T22:22:13.130+0000] {logging_mixin.py:137} INFO - [2023-02-15T22:22:13.130+0000] {dag.py:3441} INFO - Setting next_dagrun for example_complex to None, run_after=None
[2023-02-15T22:22:13.167+0000] {processor.py:175} INFO - Processing /home/airflow/.local/lib/python3.7/site-packages/airflow/example_dags/example_complex.py took 0.193 seconds
[2023-02-15T22:22:43.249+0000] {processor.py:153} INFO - Started process (PID=1593) to work on /home/airflow/.local/lib/python3.7/site-packages/airflow/example_dags/example_complex.py
[2023-02-15T22:22:43.250+0000] {processor.py:743} INFO - Processing file /home/airflow/.local/lib/python3.7/site-packages/airflow/example_dags/example_complex.py for tasks to queue
[2023-02-15T22:22:43.250+0000] {logging_mixin.py:137} INFO - [2023-02-15T22:22:43.250+0000] {dagbag.py:538} INFO - Filling up the DagBag from /home/airflow/.local/lib/python3.7/site-packages/airflow/example_dags/example_complex.py
[2023-02-15T22:22:43.264+0000] {logging_mixin.py:137} INFO - [2023-02-15T22:22:43.264+0000] {taskmixin.py:205} WARNING - Dependency <Task(BashOperator): create_entry_group>, delete_entry_group already registered for DAG: example_complex
[2023-02-15T22:22:43.264+0000] {logging_mixin.py:137} INFO - [2023-02-15T22:22:43.264+0000] {taskmixin.py:205} WARNING - Dependency <Task(BashOperator): delete_entry_group>, create_entry_group already registered for DAG: example_complex
[2023-02-15T22:22:43.264+0000] {logging_mixin.py:137} INFO - [2023-02-15T22:22:43.264+0000] {taskmixin.py:205} WARNING - Dependency <Task(BashOperator): create_entry_gcs>, delete_entry already registered for DAG: example_complex
[2023-02-15T22:22:43.264+0000] {logging_mixin.py:137} INFO - [2023-02-15T22:22:43.264+0000] {taskmixin.py:205} WARNING - Dependency <Task(BashOperator): delete_entry>, create_entry_gcs already registered for DAG: example_complex
[2023-02-15T22:22:43.265+0000] {logging_mixin.py:137} INFO - [2023-02-15T22:22:43.265+0000] {taskmixin.py:205} WARNING - Dependency <Task(BashOperator): create_tag>, delete_tag already registered for DAG: example_complex
[2023-02-15T22:22:43.265+0000] {logging_mixin.py:137} INFO - [2023-02-15T22:22:43.265+0000] {taskmixin.py:205} WARNING - Dependency <Task(BashOperator): delete_tag>, create_tag already registered for DAG: example_complex
[2023-02-15T22:22:43.273+0000] {processor.py:753} INFO - DAG(s) dict_keys(['example_complex']) retrieved from /home/airflow/.local/lib/python3.7/site-packages/airflow/example_dags/example_complex.py
[2023-02-15T22:22:43.308+0000] {logging_mixin.py:137} INFO - [2023-02-15T22:22:43.308+0000] {dag.py:2690} INFO - Sync 1 DAGs
[2023-02-15T22:22:43.340+0000] {logging_mixin.py:137} INFO - [2023-02-15T22:22:43.339+0000] {dag.py:3441} INFO - Setting next_dagrun for example_complex to None, run_after=None
[2023-02-15T22:22:43.363+0000] {processor.py:175} INFO - Processing /home/airflow/.local/lib/python3.7/site-packages/airflow/example_dags/example_complex.py took 0.118 seconds
[2023-02-15T22:23:13.503+0000] {processor.py:153} INFO - Started process (PID=1669) to work on /home/airflow/.local/lib/python3.7/site-packages/airflow/example_dags/example_complex.py
[2023-02-15T22:23:13.504+0000] {processor.py:743} INFO - Processing file /home/airflow/.local/lib/python3.7/site-packages/airflow/example_dags/example_complex.py for tasks to queue
[2023-02-15T22:23:13.505+0000] {logging_mixin.py:137} INFO - [2023-02-15T22:23:13.505+0000] {dagbag.py:538} INFO - Filling up the DagBag from /home/airflow/.local/lib/python3.7/site-packages/airflow/example_dags/example_complex.py
[2023-02-15T22:23:13.520+0000] {logging_mixin.py:137} INFO - [2023-02-15T22:23:13.520+0000] {taskmixin.py:205} WARNING - Dependency <Task(BashOperator): create_entry_group>, delete_entry_group already registered for DAG: example_complex
[2023-02-15T22:23:13.520+0000] {logging_mixin.py:137} INFO - [2023-02-15T22:23:13.520+0000] {taskmixin.py:205} WARNING - Dependency <Task(BashOperator): delete_entry_group>, create_entry_group already registered for DAG: example_complex
[2023-02-15T22:23:13.520+0000] {logging_mixin.py:137} INFO - [2023-02-15T22:23:13.520+0000] {taskmixin.py:205} WARNING - Dependency <Task(BashOperator): create_entry_gcs>, delete_entry already registered for DAG: example_complex
[2023-02-15T22:23:13.520+0000] {logging_mixin.py:137} INFO - [2023-02-15T22:23:13.520+0000] {taskmixin.py:205} WARNING - Dependency <Task(BashOperator): delete_entry>, create_entry_gcs already registered for DAG: example_complex
[2023-02-15T22:23:13.521+0000] {logging_mixin.py:137} INFO - [2023-02-15T22:23:13.521+0000] {taskmixin.py:205} WARNING - Dependency <Task(BashOperator): create_tag>, delete_tag already registered for DAG: example_complex
[2023-02-15T22:23:13.521+0000] {logging_mixin.py:137} INFO - [2023-02-15T22:23:13.521+0000] {taskmixin.py:205} WARNING - Dependency <Task(BashOperator): delete_tag>, create_tag already registered for DAG: example_complex
[2023-02-15T22:23:13.529+0000] {processor.py:753} INFO - DAG(s) dict_keys(['example_complex']) retrieved from /home/airflow/.local/lib/python3.7/site-packages/airflow/example_dags/example_complex.py
[2023-02-15T22:23:13.572+0000] {logging_mixin.py:137} INFO - [2023-02-15T22:23:13.572+0000] {dag.py:2690} INFO - Sync 1 DAGs
[2023-02-15T22:23:13.604+0000] {logging_mixin.py:137} INFO - [2023-02-15T22:23:13.603+0000] {dag.py:3441} INFO - Setting next_dagrun for example_complex to None, run_after=None
[2023-02-15T22:23:13.633+0000] {processor.py:175} INFO - Processing /home/airflow/.local/lib/python3.7/site-packages/airflow/example_dags/example_complex.py took 0.134 seconds
