[2023-02-15T22:10:55.814+0000] {processor.py:153} INFO - Started process (PID=82) to work on /home/airflow/.local/lib/python3.7/site-packages/airflow/example_dags/example_bash_operator.py
[2023-02-15T22:10:55.825+0000] {processor.py:743} INFO - Processing file /home/airflow/.local/lib/python3.7/site-packages/airflow/example_dags/example_bash_operator.py for tasks to queue
[2023-02-15T22:10:55.844+0000] {logging_mixin.py:137} INFO - [2023-02-15T22:10:55.826+0000] {dagbag.py:538} INFO - Filling up the DagBag from /home/airflow/.local/lib/python3.7/site-packages/airflow/example_dags/example_bash_operator.py
[2023-02-15T22:10:56.026+0000] {processor.py:753} INFO - DAG(s) dict_keys(['example_bash_operator']) retrieved from /home/airflow/.local/lib/python3.7/site-packages/airflow/example_dags/example_bash_operator.py
[2023-02-15T22:10:56.267+0000] {logging_mixin.py:137} INFO - [2023-02-15T22:10:56.267+0000] {dag.py:2690} INFO - Sync 1 DAGs
[2023-02-15T22:10:56.737+0000] {logging_mixin.py:137} INFO - [2023-02-15T22:10:56.737+0000] {dag.py:3441} INFO - Setting next_dagrun for example_bash_operator to 2023-02-14T00:00:00+00:00, run_after=2023-02-15T00:00:00+00:00
[2023-02-15T22:10:56.973+0000] {processor.py:175} INFO - Processing /home/airflow/.local/lib/python3.7/site-packages/airflow/example_dags/example_bash_operator.py took 1.173 seconds
[2023-02-15T22:11:27.079+0000] {processor.py:153} INFO - Started process (PID=141) to work on /home/airflow/.local/lib/python3.7/site-packages/airflow/example_dags/example_bash_operator.py
[2023-02-15T22:11:27.086+0000] {processor.py:743} INFO - Processing file /home/airflow/.local/lib/python3.7/site-packages/airflow/example_dags/example_bash_operator.py for tasks to queue
[2023-02-15T22:11:27.093+0000] {logging_mixin.py:137} INFO - [2023-02-15T22:11:27.093+0000] {dagbag.py:538} INFO - Filling up the DagBag from /home/airflow/.local/lib/python3.7/site-packages/airflow/example_dags/example_bash_operator.py
[2023-02-15T22:11:27.221+0000] {processor.py:753} INFO - DAG(s) dict_keys(['example_bash_operator']) retrieved from /home/airflow/.local/lib/python3.7/site-packages/airflow/example_dags/example_bash_operator.py
[2023-02-15T22:11:27.446+0000] {logging_mixin.py:137} INFO - [2023-02-15T22:11:27.445+0000] {dag.py:2690} INFO - Sync 1 DAGs
[2023-02-15T22:11:27.595+0000] {logging_mixin.py:137} INFO - [2023-02-15T22:11:27.595+0000] {dag.py:3441} INFO - Setting next_dagrun for example_bash_operator to 2023-02-14T00:00:00+00:00, run_after=2023-02-15T00:00:00+00:00
[2023-02-15T22:11:27.752+0000] {processor.py:175} INFO - Processing /home/airflow/.local/lib/python3.7/site-packages/airflow/example_dags/example_bash_operator.py took 0.671 seconds
[2023-02-15T22:11:58.424+0000] {processor.py:153} INFO - Started process (PID=195) to work on /home/airflow/.local/lib/python3.7/site-packages/airflow/example_dags/example_bash_operator.py
[2023-02-15T22:11:58.425+0000] {processor.py:743} INFO - Processing file /home/airflow/.local/lib/python3.7/site-packages/airflow/example_dags/example_bash_operator.py for tasks to queue
[2023-02-15T22:11:58.425+0000] {logging_mixin.py:137} INFO - [2023-02-15T22:11:58.425+0000] {dagbag.py:538} INFO - Filling up the DagBag from /home/airflow/.local/lib/python3.7/site-packages/airflow/example_dags/example_bash_operator.py
[2023-02-15T22:11:58.503+0000] {processor.py:753} INFO - DAG(s) dict_keys(['example_bash_operator']) retrieved from /home/airflow/.local/lib/python3.7/site-packages/airflow/example_dags/example_bash_operator.py
[2023-02-15T22:11:58.621+0000] {logging_mixin.py:137} INFO - [2023-02-15T22:11:58.621+0000] {dag.py:2690} INFO - Sync 1 DAGs
[2023-02-15T22:11:58.706+0000] {logging_mixin.py:137} INFO - [2023-02-15T22:11:58.705+0000] {dag.py:3441} INFO - Setting next_dagrun for example_bash_operator to 2023-02-14T00:00:00+00:00, run_after=2023-02-15T00:00:00+00:00
[2023-02-15T22:11:58.836+0000] {processor.py:175} INFO - Processing /home/airflow/.local/lib/python3.7/site-packages/airflow/example_dags/example_bash_operator.py took 0.416 seconds
[2023-02-15T22:12:29.110+0000] {processor.py:153} INFO - Started process (PID=257) to work on /home/airflow/.local/lib/python3.7/site-packages/airflow/example_dags/example_bash_operator.py
[2023-02-15T22:12:29.119+0000] {processor.py:743} INFO - Processing file /home/airflow/.local/lib/python3.7/site-packages/airflow/example_dags/example_bash_operator.py for tasks to queue
[2023-02-15T22:12:29.120+0000] {logging_mixin.py:137} INFO - [2023-02-15T22:12:29.119+0000] {dagbag.py:538} INFO - Filling up the DagBag from /home/airflow/.local/lib/python3.7/site-packages/airflow/example_dags/example_bash_operator.py
[2023-02-15T22:12:29.189+0000] {processor.py:753} INFO - DAG(s) dict_keys(['example_bash_operator']) retrieved from /home/airflow/.local/lib/python3.7/site-packages/airflow/example_dags/example_bash_operator.py
[2023-02-15T22:12:29.308+0000] {logging_mixin.py:137} INFO - [2023-02-15T22:12:29.308+0000] {dag.py:2690} INFO - Sync 1 DAGs
[2023-02-15T22:12:29.389+0000] {logging_mixin.py:137} INFO - [2023-02-15T22:12:29.389+0000] {dag.py:3441} INFO - Setting next_dagrun for example_bash_operator to 2023-02-14T00:00:00+00:00, run_after=2023-02-15T00:00:00+00:00
[2023-02-15T22:12:29.455+0000] {processor.py:175} INFO - Processing /home/airflow/.local/lib/python3.7/site-packages/airflow/example_dags/example_bash_operator.py took 0.349 seconds
[2023-02-15T22:12:59.496+0000] {processor.py:153} INFO - Started process (PID=318) to work on /home/airflow/.local/lib/python3.7/site-packages/airflow/example_dags/example_bash_operator.py
[2023-02-15T22:12:59.497+0000] {processor.py:743} INFO - Processing file /home/airflow/.local/lib/python3.7/site-packages/airflow/example_dags/example_bash_operator.py for tasks to queue
[2023-02-15T22:12:59.508+0000] {logging_mixin.py:137} INFO - [2023-02-15T22:12:59.508+0000] {dagbag.py:538} INFO - Filling up the DagBag from /home/airflow/.local/lib/python3.7/site-packages/airflow/example_dags/example_bash_operator.py
[2023-02-15T22:12:59.589+0000] {processor.py:753} INFO - DAG(s) dict_keys(['example_bash_operator']) retrieved from /home/airflow/.local/lib/python3.7/site-packages/airflow/example_dags/example_bash_operator.py
[2023-02-15T22:12:59.728+0000] {logging_mixin.py:137} INFO - [2023-02-15T22:12:59.728+0000] {dag.py:2690} INFO - Sync 1 DAGs
[2023-02-15T22:12:59.831+0000] {logging_mixin.py:137} INFO - [2023-02-15T22:12:59.831+0000] {dag.py:3441} INFO - Setting next_dagrun for example_bash_operator to 2023-02-14T00:00:00+00:00, run_after=2023-02-15T00:00:00+00:00
[2023-02-15T22:12:59.975+0000] {processor.py:175} INFO - Processing /home/airflow/.local/lib/python3.7/site-packages/airflow/example_dags/example_bash_operator.py took 0.483 seconds
[2023-02-15T22:13:30.205+0000] {processor.py:153} INFO - Started process (PID=373) to work on /home/airflow/.local/lib/python3.7/site-packages/airflow/example_dags/example_bash_operator.py
[2023-02-15T22:13:30.210+0000] {processor.py:743} INFO - Processing file /home/airflow/.local/lib/python3.7/site-packages/airflow/example_dags/example_bash_operator.py for tasks to queue
[2023-02-15T22:13:30.210+0000] {logging_mixin.py:137} INFO - [2023-02-15T22:13:30.210+0000] {dagbag.py:538} INFO - Filling up the DagBag from /home/airflow/.local/lib/python3.7/site-packages/airflow/example_dags/example_bash_operator.py
[2023-02-15T22:13:30.303+0000] {processor.py:753} INFO - DAG(s) dict_keys(['example_bash_operator']) retrieved from /home/airflow/.local/lib/python3.7/site-packages/airflow/example_dags/example_bash_operator.py
[2023-02-15T22:13:30.450+0000] {logging_mixin.py:137} INFO - [2023-02-15T22:13:30.450+0000] {dag.py:2690} INFO - Sync 1 DAGs
[2023-02-15T22:13:30.574+0000] {logging_mixin.py:137} INFO - [2023-02-15T22:13:30.574+0000] {dag.py:3441} INFO - Setting next_dagrun for example_bash_operator to 2023-02-14T00:00:00+00:00, run_after=2023-02-15T00:00:00+00:00
[2023-02-15T22:13:30.663+0000] {processor.py:175} INFO - Processing /home/airflow/.local/lib/python3.7/site-packages/airflow/example_dags/example_bash_operator.py took 0.474 seconds
[2023-02-15T22:14:00.857+0000] {processor.py:153} INFO - Started process (PID=436) to work on /home/airflow/.local/lib/python3.7/site-packages/airflow/example_dags/example_bash_operator.py
[2023-02-15T22:14:00.858+0000] {processor.py:743} INFO - Processing file /home/airflow/.local/lib/python3.7/site-packages/airflow/example_dags/example_bash_operator.py for tasks to queue
[2023-02-15T22:14:00.858+0000] {logging_mixin.py:137} INFO - [2023-02-15T22:14:00.858+0000] {dagbag.py:538} INFO - Filling up the DagBag from /home/airflow/.local/lib/python3.7/site-packages/airflow/example_dags/example_bash_operator.py
[2023-02-15T22:14:00.888+0000] {processor.py:753} INFO - DAG(s) dict_keys(['example_bash_operator']) retrieved from /home/airflow/.local/lib/python3.7/site-packages/airflow/example_dags/example_bash_operator.py
[2023-02-15T22:14:00.933+0000] {logging_mixin.py:137} INFO - [2023-02-15T22:14:00.933+0000] {dag.py:2690} INFO - Sync 1 DAGs
[2023-02-15T22:14:00.969+0000] {logging_mixin.py:137} INFO - [2023-02-15T22:14:00.968+0000] {dag.py:3441} INFO - Setting next_dagrun for example_bash_operator to 2023-02-14T00:00:00+00:00, run_after=2023-02-15T00:00:00+00:00
[2023-02-15T22:14:00.994+0000] {processor.py:175} INFO - Processing /home/airflow/.local/lib/python3.7/site-packages/airflow/example_dags/example_bash_operator.py took 0.141 seconds
[2023-02-15T22:14:31.271+0000] {processor.py:153} INFO - Started process (PID=511) to work on /home/airflow/.local/lib/python3.7/site-packages/airflow/example_dags/example_bash_operator.py
[2023-02-15T22:14:31.272+0000] {processor.py:743} INFO - Processing file /home/airflow/.local/lib/python3.7/site-packages/airflow/example_dags/example_bash_operator.py for tasks to queue
[2023-02-15T22:14:31.273+0000] {logging_mixin.py:137} INFO - [2023-02-15T22:14:31.273+0000] {dagbag.py:538} INFO - Filling up the DagBag from /home/airflow/.local/lib/python3.7/site-packages/airflow/example_dags/example_bash_operator.py
[2023-02-15T22:14:31.299+0000] {processor.py:753} INFO - DAG(s) dict_keys(['example_bash_operator']) retrieved from /home/airflow/.local/lib/python3.7/site-packages/airflow/example_dags/example_bash_operator.py
[2023-02-15T22:14:31.345+0000] {logging_mixin.py:137} INFO - [2023-02-15T22:14:31.345+0000] {dag.py:2690} INFO - Sync 1 DAGs
[2023-02-15T22:14:31.376+0000] {logging_mixin.py:137} INFO - [2023-02-15T22:14:31.376+0000] {dag.py:3441} INFO - Setting next_dagrun for example_bash_operator to 2023-02-14T00:00:00+00:00, run_after=2023-02-15T00:00:00+00:00
[2023-02-15T22:14:31.397+0000] {processor.py:175} INFO - Processing /home/airflow/.local/lib/python3.7/site-packages/airflow/example_dags/example_bash_operator.py took 0.129 seconds
[2023-02-15T22:15:01.560+0000] {processor.py:153} INFO - Started process (PID=576) to work on /home/airflow/.local/lib/python3.7/site-packages/airflow/example_dags/example_bash_operator.py
[2023-02-15T22:15:01.561+0000] {processor.py:743} INFO - Processing file /home/airflow/.local/lib/python3.7/site-packages/airflow/example_dags/example_bash_operator.py for tasks to queue
[2023-02-15T22:15:01.562+0000] {logging_mixin.py:137} INFO - [2023-02-15T22:15:01.561+0000] {dagbag.py:538} INFO - Filling up the DagBag from /home/airflow/.local/lib/python3.7/site-packages/airflow/example_dags/example_bash_operator.py
[2023-02-15T22:15:01.590+0000] {processor.py:753} INFO - DAG(s) dict_keys(['example_bash_operator']) retrieved from /home/airflow/.local/lib/python3.7/site-packages/airflow/example_dags/example_bash_operator.py
[2023-02-15T22:15:01.638+0000] {logging_mixin.py:137} INFO - [2023-02-15T22:15:01.638+0000] {dag.py:2690} INFO - Sync 1 DAGs
[2023-02-15T22:15:01.674+0000] {logging_mixin.py:137} INFO - [2023-02-15T22:15:01.673+0000] {dag.py:3441} INFO - Setting next_dagrun for example_bash_operator to 2023-02-14T00:00:00+00:00, run_after=2023-02-15T00:00:00+00:00
[2023-02-15T22:15:01.705+0000] {processor.py:175} INFO - Processing /home/airflow/.local/lib/python3.7/site-packages/airflow/example_dags/example_bash_operator.py took 0.149 seconds
[2023-02-15T22:15:31.913+0000] {processor.py:153} INFO - Started process (PID=641) to work on /home/airflow/.local/lib/python3.7/site-packages/airflow/example_dags/example_bash_operator.py
[2023-02-15T22:15:31.914+0000] {processor.py:743} INFO - Processing file /home/airflow/.local/lib/python3.7/site-packages/airflow/example_dags/example_bash_operator.py for tasks to queue
[2023-02-15T22:15:31.914+0000] {logging_mixin.py:137} INFO - [2023-02-15T22:15:31.914+0000] {dagbag.py:538} INFO - Filling up the DagBag from /home/airflow/.local/lib/python3.7/site-packages/airflow/example_dags/example_bash_operator.py
[2023-02-15T22:15:31.941+0000] {processor.py:753} INFO - DAG(s) dict_keys(['example_bash_operator']) retrieved from /home/airflow/.local/lib/python3.7/site-packages/airflow/example_dags/example_bash_operator.py
[2023-02-15T22:15:31.993+0000] {logging_mixin.py:137} INFO - [2023-02-15T22:15:31.993+0000] {dag.py:2690} INFO - Sync 1 DAGs
[2023-02-15T22:15:32.026+0000] {logging_mixin.py:137} INFO - [2023-02-15T22:15:32.025+0000] {dag.py:3441} INFO - Setting next_dagrun for example_bash_operator to 2023-02-14T00:00:00+00:00, run_after=2023-02-15T00:00:00+00:00
[2023-02-15T22:15:32.053+0000] {processor.py:175} INFO - Processing /home/airflow/.local/lib/python3.7/site-packages/airflow/example_dags/example_bash_operator.py took 0.145 seconds
[2023-02-15T22:16:02.111+0000] {processor.py:153} INFO - Started process (PID=716) to work on /home/airflow/.local/lib/python3.7/site-packages/airflow/example_dags/example_bash_operator.py
[2023-02-15T22:16:02.112+0000] {processor.py:743} INFO - Processing file /home/airflow/.local/lib/python3.7/site-packages/airflow/example_dags/example_bash_operator.py for tasks to queue
[2023-02-15T22:16:02.113+0000] {logging_mixin.py:137} INFO - [2023-02-15T22:16:02.113+0000] {dagbag.py:538} INFO - Filling up the DagBag from /home/airflow/.local/lib/python3.7/site-packages/airflow/example_dags/example_bash_operator.py
[2023-02-15T22:16:02.140+0000] {processor.py:753} INFO - DAG(s) dict_keys(['example_bash_operator']) retrieved from /home/airflow/.local/lib/python3.7/site-packages/airflow/example_dags/example_bash_operator.py
[2023-02-15T22:16:02.185+0000] {logging_mixin.py:137} INFO - [2023-02-15T22:16:02.185+0000] {dag.py:2690} INFO - Sync 1 DAGs
[2023-02-15T22:16:02.216+0000] {logging_mixin.py:137} INFO - [2023-02-15T22:16:02.216+0000] {dag.py:3441} INFO - Setting next_dagrun for example_bash_operator to 2023-02-14T00:00:00+00:00, run_after=2023-02-15T00:00:00+00:00
[2023-02-15T22:16:02.237+0000] {processor.py:175} INFO - Processing /home/airflow/.local/lib/python3.7/site-packages/airflow/example_dags/example_bash_operator.py took 0.130 seconds
[2023-02-15T22:16:32.327+0000] {processor.py:153} INFO - Started process (PID=780) to work on /home/airflow/.local/lib/python3.7/site-packages/airflow/example_dags/example_bash_operator.py
[2023-02-15T22:16:32.328+0000] {processor.py:743} INFO - Processing file /home/airflow/.local/lib/python3.7/site-packages/airflow/example_dags/example_bash_operator.py for tasks to queue
[2023-02-15T22:16:32.328+0000] {logging_mixin.py:137} INFO - [2023-02-15T22:16:32.328+0000] {dagbag.py:538} INFO - Filling up the DagBag from /home/airflow/.local/lib/python3.7/site-packages/airflow/example_dags/example_bash_operator.py
[2023-02-15T22:16:32.356+0000] {processor.py:753} INFO - DAG(s) dict_keys(['example_bash_operator']) retrieved from /home/airflow/.local/lib/python3.7/site-packages/airflow/example_dags/example_bash_operator.py
[2023-02-15T22:16:32.401+0000] {logging_mixin.py:137} INFO - [2023-02-15T22:16:32.401+0000] {dag.py:2690} INFO - Sync 1 DAGs
[2023-02-15T22:16:32.433+0000] {logging_mixin.py:137} INFO - [2023-02-15T22:16:32.432+0000] {dag.py:3441} INFO - Setting next_dagrun for example_bash_operator to 2023-02-14T00:00:00+00:00, run_after=2023-02-15T00:00:00+00:00
[2023-02-15T22:16:32.455+0000] {processor.py:175} INFO - Processing /home/airflow/.local/lib/python3.7/site-packages/airflow/example_dags/example_bash_operator.py took 0.132 seconds
[2023-02-15T22:17:02.977+0000] {processor.py:153} INFO - Started process (PID=844) to work on /home/airflow/.local/lib/python3.7/site-packages/airflow/example_dags/example_bash_operator.py
[2023-02-15T22:17:02.978+0000] {processor.py:743} INFO - Processing file /home/airflow/.local/lib/python3.7/site-packages/airflow/example_dags/example_bash_operator.py for tasks to queue
[2023-02-15T22:17:02.979+0000] {logging_mixin.py:137} INFO - [2023-02-15T22:17:02.978+0000] {dagbag.py:538} INFO - Filling up the DagBag from /home/airflow/.local/lib/python3.7/site-packages/airflow/example_dags/example_bash_operator.py
[2023-02-15T22:17:03.011+0000] {processor.py:753} INFO - DAG(s) dict_keys(['example_bash_operator']) retrieved from /home/airflow/.local/lib/python3.7/site-packages/airflow/example_dags/example_bash_operator.py
[2023-02-15T22:17:03.089+0000] {logging_mixin.py:137} INFO - [2023-02-15T22:17:03.089+0000] {dag.py:2690} INFO - Sync 1 DAGs
[2023-02-15T22:17:03.142+0000] {logging_mixin.py:137} INFO - [2023-02-15T22:17:03.142+0000] {dag.py:3441} INFO - Setting next_dagrun for example_bash_operator to 2023-02-14T00:00:00+00:00, run_after=2023-02-15T00:00:00+00:00
[2023-02-15T22:17:03.193+0000] {processor.py:175} INFO - Processing /home/airflow/.local/lib/python3.7/site-packages/airflow/example_dags/example_bash_operator.py took 0.223 seconds
[2023-02-15T22:17:33.640+0000] {processor.py:153} INFO - Started process (PID=919) to work on /home/airflow/.local/lib/python3.7/site-packages/airflow/example_dags/example_bash_operator.py
[2023-02-15T22:17:33.643+0000] {processor.py:743} INFO - Processing file /home/airflow/.local/lib/python3.7/site-packages/airflow/example_dags/example_bash_operator.py for tasks to queue
[2023-02-15T22:17:33.644+0000] {logging_mixin.py:137} INFO - [2023-02-15T22:17:33.643+0000] {dagbag.py:538} INFO - Filling up the DagBag from /home/airflow/.local/lib/python3.7/site-packages/airflow/example_dags/example_bash_operator.py
[2023-02-15T22:17:33.677+0000] {processor.py:753} INFO - DAG(s) dict_keys(['example_bash_operator']) retrieved from /home/airflow/.local/lib/python3.7/site-packages/airflow/example_dags/example_bash_operator.py
[2023-02-15T22:17:33.744+0000] {logging_mixin.py:137} INFO - [2023-02-15T22:17:33.743+0000] {dag.py:2690} INFO - Sync 1 DAGs
[2023-02-15T22:17:33.796+0000] {logging_mixin.py:137} INFO - [2023-02-15T22:17:33.796+0000] {dag.py:3441} INFO - Setting next_dagrun for example_bash_operator to 2023-02-14T00:00:00+00:00, run_after=2023-02-15T00:00:00+00:00
[2023-02-15T22:17:33.858+0000] {processor.py:175} INFO - Processing /home/airflow/.local/lib/python3.7/site-packages/airflow/example_dags/example_bash_operator.py took 0.223 seconds
[2023-02-15T22:18:04.373+0000] {processor.py:153} INFO - Started process (PID=983) to work on /home/airflow/.local/lib/python3.7/site-packages/airflow/example_dags/example_bash_operator.py
[2023-02-15T22:18:04.374+0000] {processor.py:743} INFO - Processing file /home/airflow/.local/lib/python3.7/site-packages/airflow/example_dags/example_bash_operator.py for tasks to queue
[2023-02-15T22:18:04.374+0000] {logging_mixin.py:137} INFO - [2023-02-15T22:18:04.374+0000] {dagbag.py:538} INFO - Filling up the DagBag from /home/airflow/.local/lib/python3.7/site-packages/airflow/example_dags/example_bash_operator.py
[2023-02-15T22:18:04.408+0000] {processor.py:753} INFO - DAG(s) dict_keys(['example_bash_operator']) retrieved from /home/airflow/.local/lib/python3.7/site-packages/airflow/example_dags/example_bash_operator.py
[2023-02-15T22:18:04.469+0000] {logging_mixin.py:137} INFO - [2023-02-15T22:18:04.469+0000] {dag.py:2690} INFO - Sync 1 DAGs
[2023-02-15T22:18:04.516+0000] {logging_mixin.py:137} INFO - [2023-02-15T22:18:04.516+0000] {dag.py:3441} INFO - Setting next_dagrun for example_bash_operator to 2023-02-14T00:00:00+00:00, run_after=2023-02-15T00:00:00+00:00
[2023-02-15T22:18:04.557+0000] {processor.py:175} INFO - Processing /home/airflow/.local/lib/python3.7/site-packages/airflow/example_dags/example_bash_operator.py took 0.191 seconds
[2023-02-15T22:18:34.807+0000] {processor.py:153} INFO - Started process (PID=1045) to work on /home/airflow/.local/lib/python3.7/site-packages/airflow/example_dags/example_bash_operator.py
[2023-02-15T22:18:34.808+0000] {processor.py:743} INFO - Processing file /home/airflow/.local/lib/python3.7/site-packages/airflow/example_dags/example_bash_operator.py for tasks to queue
[2023-02-15T22:18:34.809+0000] {logging_mixin.py:137} INFO - [2023-02-15T22:18:34.809+0000] {dagbag.py:538} INFO - Filling up the DagBag from /home/airflow/.local/lib/python3.7/site-packages/airflow/example_dags/example_bash_operator.py
[2023-02-15T22:18:34.841+0000] {processor.py:753} INFO - DAG(s) dict_keys(['example_bash_operator']) retrieved from /home/airflow/.local/lib/python3.7/site-packages/airflow/example_dags/example_bash_operator.py
[2023-02-15T22:18:34.899+0000] {logging_mixin.py:137} INFO - [2023-02-15T22:18:34.899+0000] {dag.py:2690} INFO - Sync 1 DAGs
[2023-02-15T22:18:34.935+0000] {logging_mixin.py:137} INFO - [2023-02-15T22:18:34.935+0000] {dag.py:3441} INFO - Setting next_dagrun for example_bash_operator to 2023-02-14T00:00:00+00:00, run_after=2023-02-15T00:00:00+00:00
[2023-02-15T22:18:34.964+0000] {processor.py:175} INFO - Processing /home/airflow/.local/lib/python3.7/site-packages/airflow/example_dags/example_bash_operator.py took 0.161 seconds
[2023-02-15T22:19:05.222+0000] {processor.py:153} INFO - Started process (PID=1117) to work on /home/airflow/.local/lib/python3.7/site-packages/airflow/example_dags/example_bash_operator.py
[2023-02-15T22:19:05.222+0000] {processor.py:743} INFO - Processing file /home/airflow/.local/lib/python3.7/site-packages/airflow/example_dags/example_bash_operator.py for tasks to queue
[2023-02-15T22:19:05.223+0000] {logging_mixin.py:137} INFO - [2023-02-15T22:19:05.223+0000] {dagbag.py:538} INFO - Filling up the DagBag from /home/airflow/.local/lib/python3.7/site-packages/airflow/example_dags/example_bash_operator.py
[2023-02-15T22:19:05.285+0000] {processor.py:753} INFO - DAG(s) dict_keys(['example_bash_operator']) retrieved from /home/airflow/.local/lib/python3.7/site-packages/airflow/example_dags/example_bash_operator.py
[2023-02-15T22:19:05.378+0000] {logging_mixin.py:137} INFO - [2023-02-15T22:19:05.378+0000] {dag.py:2690} INFO - Sync 1 DAGs
[2023-02-15T22:19:05.438+0000] {logging_mixin.py:137} INFO - [2023-02-15T22:19:05.437+0000] {dag.py:3441} INFO - Setting next_dagrun for example_bash_operator to 2023-02-14T00:00:00+00:00, run_after=2023-02-15T00:00:00+00:00
[2023-02-15T22:19:05.468+0000] {processor.py:175} INFO - Processing /home/airflow/.local/lib/python3.7/site-packages/airflow/example_dags/example_bash_operator.py took 0.250 seconds
[2023-02-15T22:19:35.659+0000] {processor.py:153} INFO - Started process (PID=1184) to work on /home/airflow/.local/lib/python3.7/site-packages/airflow/example_dags/example_bash_operator.py
[2023-02-15T22:19:35.667+0000] {processor.py:743} INFO - Processing file /home/airflow/.local/lib/python3.7/site-packages/airflow/example_dags/example_bash_operator.py for tasks to queue
[2023-02-15T22:19:35.669+0000] {logging_mixin.py:137} INFO - [2023-02-15T22:19:35.668+0000] {dagbag.py:538} INFO - Filling up the DagBag from /home/airflow/.local/lib/python3.7/site-packages/airflow/example_dags/example_bash_operator.py
[2023-02-15T22:19:35.713+0000] {processor.py:753} INFO - DAG(s) dict_keys(['example_bash_operator']) retrieved from /home/airflow/.local/lib/python3.7/site-packages/airflow/example_dags/example_bash_operator.py
[2023-02-15T22:19:35.821+0000] {logging_mixin.py:137} INFO - [2023-02-15T22:19:35.821+0000] {dag.py:2690} INFO - Sync 1 DAGs
[2023-02-15T22:19:35.860+0000] {logging_mixin.py:137} INFO - [2023-02-15T22:19:35.860+0000] {dag.py:3441} INFO - Setting next_dagrun for example_bash_operator to 2023-02-14T00:00:00+00:00, run_after=2023-02-15T00:00:00+00:00
[2023-02-15T22:19:35.890+0000] {processor.py:175} INFO - Processing /home/airflow/.local/lib/python3.7/site-packages/airflow/example_dags/example_bash_operator.py took 0.247 seconds
[2023-02-15T22:20:06.347+0000] {processor.py:153} INFO - Started process (PID=1246) to work on /home/airflow/.local/lib/python3.7/site-packages/airflow/example_dags/example_bash_operator.py
[2023-02-15T22:20:06.348+0000] {processor.py:743} INFO - Processing file /home/airflow/.local/lib/python3.7/site-packages/airflow/example_dags/example_bash_operator.py for tasks to queue
[2023-02-15T22:20:06.349+0000] {logging_mixin.py:137} INFO - [2023-02-15T22:20:06.348+0000] {dagbag.py:538} INFO - Filling up the DagBag from /home/airflow/.local/lib/python3.7/site-packages/airflow/example_dags/example_bash_operator.py
[2023-02-15T22:20:06.383+0000] {processor.py:753} INFO - DAG(s) dict_keys(['example_bash_operator']) retrieved from /home/airflow/.local/lib/python3.7/site-packages/airflow/example_dags/example_bash_operator.py
[2023-02-15T22:20:06.439+0000] {logging_mixin.py:137} INFO - [2023-02-15T22:20:06.439+0000] {dag.py:2690} INFO - Sync 1 DAGs
[2023-02-15T22:20:06.475+0000] {logging_mixin.py:137} INFO - [2023-02-15T22:20:06.475+0000] {dag.py:3441} INFO - Setting next_dagrun for example_bash_operator to 2023-02-14T00:00:00+00:00, run_after=2023-02-15T00:00:00+00:00
[2023-02-15T22:20:06.508+0000] {processor.py:175} INFO - Processing /home/airflow/.local/lib/python3.7/site-packages/airflow/example_dags/example_bash_operator.py took 0.166 seconds
[2023-02-15T22:20:37.519+0000] {processor.py:153} INFO - Started process (PID=1321) to work on /home/airflow/.local/lib/python3.7/site-packages/airflow/example_dags/example_bash_operator.py
[2023-02-15T22:20:37.520+0000] {processor.py:743} INFO - Processing file /home/airflow/.local/lib/python3.7/site-packages/airflow/example_dags/example_bash_operator.py for tasks to queue
[2023-02-15T22:20:37.521+0000] {logging_mixin.py:137} INFO - [2023-02-15T22:20:37.521+0000] {dagbag.py:538} INFO - Filling up the DagBag from /home/airflow/.local/lib/python3.7/site-packages/airflow/example_dags/example_bash_operator.py
[2023-02-15T22:20:37.570+0000] {processor.py:753} INFO - DAG(s) dict_keys(['example_bash_operator']) retrieved from /home/airflow/.local/lib/python3.7/site-packages/airflow/example_dags/example_bash_operator.py
[2023-02-15T22:20:37.652+0000] {logging_mixin.py:137} INFO - [2023-02-15T22:20:37.652+0000] {dag.py:2690} INFO - Sync 1 DAGs
[2023-02-15T22:20:37.701+0000] {logging_mixin.py:137} INFO - [2023-02-15T22:20:37.701+0000] {dag.py:3441} INFO - Setting next_dagrun for example_bash_operator to 2023-02-14T00:00:00+00:00, run_after=2023-02-15T00:00:00+00:00
[2023-02-15T22:20:37.738+0000] {processor.py:175} INFO - Processing /home/airflow/.local/lib/python3.7/site-packages/airflow/example_dags/example_bash_operator.py took 0.223 seconds
[2023-02-15T22:21:07.796+0000] {processor.py:153} INFO - Started process (PID=1384) to work on /home/airflow/.local/lib/python3.7/site-packages/airflow/example_dags/example_bash_operator.py
[2023-02-15T22:21:07.797+0000] {processor.py:743} INFO - Processing file /home/airflow/.local/lib/python3.7/site-packages/airflow/example_dags/example_bash_operator.py for tasks to queue
[2023-02-15T22:21:07.798+0000] {logging_mixin.py:137} INFO - [2023-02-15T22:21:07.798+0000] {dagbag.py:538} INFO - Filling up the DagBag from /home/airflow/.local/lib/python3.7/site-packages/airflow/example_dags/example_bash_operator.py
[2023-02-15T22:21:07.837+0000] {processor.py:753} INFO - DAG(s) dict_keys(['example_bash_operator']) retrieved from /home/airflow/.local/lib/python3.7/site-packages/airflow/example_dags/example_bash_operator.py
[2023-02-15T22:21:07.908+0000] {logging_mixin.py:137} INFO - [2023-02-15T22:21:07.908+0000] {dag.py:2690} INFO - Sync 1 DAGs
[2023-02-15T22:21:07.942+0000] {logging_mixin.py:137} INFO - [2023-02-15T22:21:07.942+0000] {dag.py:3441} INFO - Setting next_dagrun for example_bash_operator to 2023-02-14T00:00:00+00:00, run_after=2023-02-15T00:00:00+00:00
[2023-02-15T22:21:07.965+0000] {processor.py:175} INFO - Processing /home/airflow/.local/lib/python3.7/site-packages/airflow/example_dags/example_bash_operator.py took 0.174 seconds
[2023-02-15T22:21:38.206+0000] {processor.py:153} INFO - Started process (PID=1448) to work on /home/airflow/.local/lib/python3.7/site-packages/airflow/example_dags/example_bash_operator.py
[2023-02-15T22:21:38.207+0000] {processor.py:743} INFO - Processing file /home/airflow/.local/lib/python3.7/site-packages/airflow/example_dags/example_bash_operator.py for tasks to queue
[2023-02-15T22:21:38.207+0000] {logging_mixin.py:137} INFO - [2023-02-15T22:21:38.207+0000] {dagbag.py:538} INFO - Filling up the DagBag from /home/airflow/.local/lib/python3.7/site-packages/airflow/example_dags/example_bash_operator.py
[2023-02-15T22:21:38.242+0000] {processor.py:753} INFO - DAG(s) dict_keys(['example_bash_operator']) retrieved from /home/airflow/.local/lib/python3.7/site-packages/airflow/example_dags/example_bash_operator.py
[2023-02-15T22:21:38.290+0000] {logging_mixin.py:137} INFO - [2023-02-15T22:21:38.290+0000] {dag.py:2690} INFO - Sync 1 DAGs
[2023-02-15T22:21:38.323+0000] {logging_mixin.py:137} INFO - [2023-02-15T22:21:38.323+0000] {dag.py:3441} INFO - Setting next_dagrun for example_bash_operator to 2023-02-14T00:00:00+00:00, run_after=2023-02-15T00:00:00+00:00
[2023-02-15T22:21:38.349+0000] {processor.py:175} INFO - Processing /home/airflow/.local/lib/python3.7/site-packages/airflow/example_dags/example_bash_operator.py took 0.147 seconds
[2023-02-15T22:22:08.530+0000] {processor.py:153} INFO - Started process (PID=1525) to work on /home/airflow/.local/lib/python3.7/site-packages/airflow/example_dags/example_bash_operator.py
[2023-02-15T22:22:08.537+0000] {processor.py:743} INFO - Processing file /home/airflow/.local/lib/python3.7/site-packages/airflow/example_dags/example_bash_operator.py for tasks to queue
[2023-02-15T22:22:08.538+0000] {logging_mixin.py:137} INFO - [2023-02-15T22:22:08.538+0000] {dagbag.py:538} INFO - Filling up the DagBag from /home/airflow/.local/lib/python3.7/site-packages/airflow/example_dags/example_bash_operator.py
[2023-02-15T22:22:08.578+0000] {processor.py:753} INFO - DAG(s) dict_keys(['example_bash_operator']) retrieved from /home/airflow/.local/lib/python3.7/site-packages/airflow/example_dags/example_bash_operator.py
[2023-02-15T22:22:08.643+0000] {logging_mixin.py:137} INFO - [2023-02-15T22:22:08.643+0000] {dag.py:2690} INFO - Sync 1 DAGs
[2023-02-15T22:22:08.701+0000] {logging_mixin.py:137} INFO - [2023-02-15T22:22:08.700+0000] {dag.py:3441} INFO - Setting next_dagrun for example_bash_operator to 2023-02-14T00:00:00+00:00, run_after=2023-02-15T00:00:00+00:00
[2023-02-15T22:22:08.752+0000] {processor.py:175} INFO - Processing /home/airflow/.local/lib/python3.7/site-packages/airflow/example_dags/example_bash_operator.py took 0.234 seconds
[2023-02-15T22:22:39.031+0000] {processor.py:153} INFO - Started process (PID=1588) to work on /home/airflow/.local/lib/python3.7/site-packages/airflow/example_dags/example_bash_operator.py
[2023-02-15T22:22:39.032+0000] {processor.py:743} INFO - Processing file /home/airflow/.local/lib/python3.7/site-packages/airflow/example_dags/example_bash_operator.py for tasks to queue
[2023-02-15T22:22:39.033+0000] {logging_mixin.py:137} INFO - [2023-02-15T22:22:39.033+0000] {dagbag.py:538} INFO - Filling up the DagBag from /home/airflow/.local/lib/python3.7/site-packages/airflow/example_dags/example_bash_operator.py
[2023-02-15T22:22:39.078+0000] {processor.py:753} INFO - DAG(s) dict_keys(['example_bash_operator']) retrieved from /home/airflow/.local/lib/python3.7/site-packages/airflow/example_dags/example_bash_operator.py
[2023-02-15T22:22:39.150+0000] {logging_mixin.py:137} INFO - [2023-02-15T22:22:39.150+0000] {dag.py:2690} INFO - Sync 1 DAGs
[2023-02-15T22:22:39.186+0000] {logging_mixin.py:137} INFO - [2023-02-15T22:22:39.186+0000] {dag.py:3441} INFO - Setting next_dagrun for example_bash_operator to 2023-02-14T00:00:00+00:00, run_after=2023-02-15T00:00:00+00:00
[2023-02-15T22:22:39.210+0000] {processor.py:175} INFO - Processing /home/airflow/.local/lib/python3.7/site-packages/airflow/example_dags/example_bash_operator.py took 0.183 seconds
[2023-02-15T22:23:09.326+0000] {processor.py:153} INFO - Started process (PID=1651) to work on /home/airflow/.local/lib/python3.7/site-packages/airflow/example_dags/example_bash_operator.py
[2023-02-15T22:23:09.329+0000] {processor.py:743} INFO - Processing file /home/airflow/.local/lib/python3.7/site-packages/airflow/example_dags/example_bash_operator.py for tasks to queue
[2023-02-15T22:23:09.329+0000] {logging_mixin.py:137} INFO - [2023-02-15T22:23:09.329+0000] {dagbag.py:538} INFO - Filling up the DagBag from /home/airflow/.local/lib/python3.7/site-packages/airflow/example_dags/example_bash_operator.py
[2023-02-15T22:23:09.358+0000] {processor.py:753} INFO - DAG(s) dict_keys(['example_bash_operator']) retrieved from /home/airflow/.local/lib/python3.7/site-packages/airflow/example_dags/example_bash_operator.py
[2023-02-15T22:23:09.404+0000] {logging_mixin.py:137} INFO - [2023-02-15T22:23:09.404+0000] {dag.py:2690} INFO - Sync 1 DAGs
[2023-02-15T22:23:09.434+0000] {logging_mixin.py:137} INFO - [2023-02-15T22:23:09.433+0000] {dag.py:3441} INFO - Setting next_dagrun for example_bash_operator to 2023-02-14T00:00:00+00:00, run_after=2023-02-15T00:00:00+00:00
[2023-02-15T22:23:09.457+0000] {processor.py:175} INFO - Processing /home/airflow/.local/lib/python3.7/site-packages/airflow/example_dags/example_bash_operator.py took 0.134 seconds
