[2023-02-15T22:11:01.592+0000] {processor.py:153} INFO - Started process (PID=90) to work on /home/airflow/.local/lib/python3.7/site-packages/airflow/example_dags/tutorial_taskflow_api.py
[2023-02-15T22:11:01.593+0000] {processor.py:743} INFO - Processing file /home/airflow/.local/lib/python3.7/site-packages/airflow/example_dags/tutorial_taskflow_api.py for tasks to queue
[2023-02-15T22:11:01.605+0000] {logging_mixin.py:137} INFO - [2023-02-15T22:11:01.605+0000] {dagbag.py:538} INFO - Filling up the DagBag from /home/airflow/.local/lib/python3.7/site-packages/airflow/example_dags/tutorial_taskflow_api.py
[2023-02-15T22:11:01.800+0000] {processor.py:753} INFO - DAG(s) dict_keys(['tutorial_taskflow_api']) retrieved from /home/airflow/.local/lib/python3.7/site-packages/airflow/example_dags/tutorial_taskflow_api.py
[2023-02-15T22:11:01.976+0000] {logging_mixin.py:137} INFO - [2023-02-15T22:11:01.976+0000] {dag.py:2690} INFO - Sync 1 DAGs
[2023-02-15T22:11:02.090+0000] {logging_mixin.py:137} INFO - [2023-02-15T22:11:02.089+0000] {dag.py:3441} INFO - Setting next_dagrun for tutorial_taskflow_api to None, run_after=None
[2023-02-15T22:11:02.253+0000] {processor.py:175} INFO - Processing /home/airflow/.local/lib/python3.7/site-packages/airflow/example_dags/tutorial_taskflow_api.py took 0.678 seconds
[2023-02-15T22:11:32.633+0000] {processor.py:153} INFO - Started process (PID=152) to work on /home/airflow/.local/lib/python3.7/site-packages/airflow/example_dags/tutorial_taskflow_api.py
[2023-02-15T22:11:32.636+0000] {processor.py:743} INFO - Processing file /home/airflow/.local/lib/python3.7/site-packages/airflow/example_dags/tutorial_taskflow_api.py for tasks to queue
[2023-02-15T22:11:32.637+0000] {logging_mixin.py:137} INFO - [2023-02-15T22:11:32.637+0000] {dagbag.py:538} INFO - Filling up the DagBag from /home/airflow/.local/lib/python3.7/site-packages/airflow/example_dags/tutorial_taskflow_api.py
[2023-02-15T22:11:32.714+0000] {processor.py:753} INFO - DAG(s) dict_keys(['tutorial_taskflow_api']) retrieved from /home/airflow/.local/lib/python3.7/site-packages/airflow/example_dags/tutorial_taskflow_api.py
[2023-02-15T22:11:32.762+0000] {logging_mixin.py:137} INFO - [2023-02-15T22:11:32.762+0000] {dag.py:2690} INFO - Sync 1 DAGs
[2023-02-15T22:11:32.830+0000] {logging_mixin.py:137} INFO - [2023-02-15T22:11:32.830+0000] {dag.py:3441} INFO - Setting next_dagrun for tutorial_taskflow_api to None, run_after=None
[2023-02-15T22:11:32.876+0000] {processor.py:175} INFO - Processing /home/airflow/.local/lib/python3.7/site-packages/airflow/example_dags/tutorial_taskflow_api.py took 0.257 seconds
[2023-02-15T22:12:03.519+0000] {processor.py:153} INFO - Started process (PID=212) to work on /home/airflow/.local/lib/python3.7/site-packages/airflow/example_dags/tutorial_taskflow_api.py
[2023-02-15T22:12:03.563+0000] {processor.py:743} INFO - Processing file /home/airflow/.local/lib/python3.7/site-packages/airflow/example_dags/tutorial_taskflow_api.py for tasks to queue
[2023-02-15T22:12:03.564+0000] {logging_mixin.py:137} INFO - [2023-02-15T22:12:03.564+0000] {dagbag.py:538} INFO - Filling up the DagBag from /home/airflow/.local/lib/python3.7/site-packages/airflow/example_dags/tutorial_taskflow_api.py
[2023-02-15T22:12:03.729+0000] {processor.py:753} INFO - DAG(s) dict_keys(['tutorial_taskflow_api']) retrieved from /home/airflow/.local/lib/python3.7/site-packages/airflow/example_dags/tutorial_taskflow_api.py
[2023-02-15T22:12:03.894+0000] {logging_mixin.py:137} INFO - [2023-02-15T22:12:03.882+0000] {dag.py:2690} INFO - Sync 1 DAGs
[2023-02-15T22:12:03.991+0000] {logging_mixin.py:137} INFO - [2023-02-15T22:12:03.991+0000] {dag.py:3441} INFO - Setting next_dagrun for tutorial_taskflow_api to None, run_after=None
[2023-02-15T22:12:04.150+0000] {processor.py:175} INFO - Processing /home/airflow/.local/lib/python3.7/site-packages/airflow/example_dags/tutorial_taskflow_api.py took 0.680 seconds
[2023-02-15T22:12:34.401+0000] {processor.py:153} INFO - Started process (PID=265) to work on /home/airflow/.local/lib/python3.7/site-packages/airflow/example_dags/tutorial_taskflow_api.py
[2023-02-15T22:12:34.424+0000] {processor.py:743} INFO - Processing file /home/airflow/.local/lib/python3.7/site-packages/airflow/example_dags/tutorial_taskflow_api.py for tasks to queue
[2023-02-15T22:12:34.424+0000] {logging_mixin.py:137} INFO - [2023-02-15T22:12:34.424+0000] {dagbag.py:538} INFO - Filling up the DagBag from /home/airflow/.local/lib/python3.7/site-packages/airflow/example_dags/tutorial_taskflow_api.py
[2023-02-15T22:12:34.491+0000] {processor.py:753} INFO - DAG(s) dict_keys(['tutorial_taskflow_api']) retrieved from /home/airflow/.local/lib/python3.7/site-packages/airflow/example_dags/tutorial_taskflow_api.py
[2023-02-15T22:12:34.549+0000] {logging_mixin.py:137} INFO - [2023-02-15T22:12:34.549+0000] {dag.py:2690} INFO - Sync 1 DAGs
[2023-02-15T22:12:34.619+0000] {logging_mixin.py:137} INFO - [2023-02-15T22:12:34.619+0000] {dag.py:3441} INFO - Setting next_dagrun for tutorial_taskflow_api to None, run_after=None
[2023-02-15T22:12:34.695+0000] {processor.py:175} INFO - Processing /home/airflow/.local/lib/python3.7/site-packages/airflow/example_dags/tutorial_taskflow_api.py took 0.298 seconds
[2023-02-15T22:13:05.001+0000] {processor.py:153} INFO - Started process (PID=329) to work on /home/airflow/.local/lib/python3.7/site-packages/airflow/example_dags/tutorial_taskflow_api.py
[2023-02-15T22:13:05.002+0000] {processor.py:743} INFO - Processing file /home/airflow/.local/lib/python3.7/site-packages/airflow/example_dags/tutorial_taskflow_api.py for tasks to queue
[2023-02-15T22:13:05.013+0000] {logging_mixin.py:137} INFO - [2023-02-15T22:13:05.013+0000] {dagbag.py:538} INFO - Filling up the DagBag from /home/airflow/.local/lib/python3.7/site-packages/airflow/example_dags/tutorial_taskflow_api.py
[2023-02-15T22:13:05.081+0000] {processor.py:753} INFO - DAG(s) dict_keys(['tutorial_taskflow_api']) retrieved from /home/airflow/.local/lib/python3.7/site-packages/airflow/example_dags/tutorial_taskflow_api.py
[2023-02-15T22:13:05.162+0000] {logging_mixin.py:137} INFO - [2023-02-15T22:13:05.162+0000] {dag.py:2690} INFO - Sync 1 DAGs
[2023-02-15T22:13:05.245+0000] {logging_mixin.py:137} INFO - [2023-02-15T22:13:05.245+0000] {dag.py:3441} INFO - Setting next_dagrun for tutorial_taskflow_api to None, run_after=None
[2023-02-15T22:13:05.337+0000] {processor.py:175} INFO - Processing /home/airflow/.local/lib/python3.7/site-packages/airflow/example_dags/tutorial_taskflow_api.py took 0.340 seconds
[2023-02-15T22:13:36.290+0000] {processor.py:153} INFO - Started process (PID=394) to work on /home/airflow/.local/lib/python3.7/site-packages/airflow/example_dags/tutorial_taskflow_api.py
[2023-02-15T22:13:36.335+0000] {processor.py:743} INFO - Processing file /home/airflow/.local/lib/python3.7/site-packages/airflow/example_dags/tutorial_taskflow_api.py for tasks to queue
[2023-02-15T22:13:36.335+0000] {logging_mixin.py:137} INFO - [2023-02-15T22:13:36.335+0000] {dagbag.py:538} INFO - Filling up the DagBag from /home/airflow/.local/lib/python3.7/site-packages/airflow/example_dags/tutorial_taskflow_api.py
[2023-02-15T22:13:36.431+0000] {processor.py:753} INFO - DAG(s) dict_keys(['tutorial_taskflow_api']) retrieved from /home/airflow/.local/lib/python3.7/site-packages/airflow/example_dags/tutorial_taskflow_api.py
[2023-02-15T22:13:36.530+0000] {logging_mixin.py:137} INFO - [2023-02-15T22:13:36.530+0000] {dag.py:2690} INFO - Sync 1 DAGs
[2023-02-15T22:13:36.691+0000] {logging_mixin.py:137} INFO - [2023-02-15T22:13:36.691+0000] {dag.py:3441} INFO - Setting next_dagrun for tutorial_taskflow_api to None, run_after=None
[2023-02-15T22:13:36.770+0000] {processor.py:175} INFO - Processing /home/airflow/.local/lib/python3.7/site-packages/airflow/example_dags/tutorial_taskflow_api.py took 0.483 seconds
[2023-02-15T22:14:07.465+0000] {processor.py:153} INFO - Started process (PID=456) to work on /home/airflow/.local/lib/python3.7/site-packages/airflow/example_dags/tutorial_taskflow_api.py
[2023-02-15T22:14:07.466+0000] {processor.py:743} INFO - Processing file /home/airflow/.local/lib/python3.7/site-packages/airflow/example_dags/tutorial_taskflow_api.py for tasks to queue
[2023-02-15T22:14:07.467+0000] {logging_mixin.py:137} INFO - [2023-02-15T22:14:07.467+0000] {dagbag.py:538} INFO - Filling up the DagBag from /home/airflow/.local/lib/python3.7/site-packages/airflow/example_dags/tutorial_taskflow_api.py
[2023-02-15T22:14:07.493+0000] {processor.py:753} INFO - DAG(s) dict_keys(['tutorial_taskflow_api']) retrieved from /home/airflow/.local/lib/python3.7/site-packages/airflow/example_dags/tutorial_taskflow_api.py
[2023-02-15T22:14:07.526+0000] {logging_mixin.py:137} INFO - [2023-02-15T22:14:07.525+0000] {dag.py:2690} INFO - Sync 1 DAGs
[2023-02-15T22:14:07.565+0000] {logging_mixin.py:137} INFO - [2023-02-15T22:14:07.565+0000] {dag.py:3441} INFO - Setting next_dagrun for tutorial_taskflow_api to None, run_after=None
[2023-02-15T22:14:07.591+0000] {processor.py:175} INFO - Processing /home/airflow/.local/lib/python3.7/site-packages/airflow/example_dags/tutorial_taskflow_api.py took 0.131 seconds
[2023-02-15T22:14:37.807+0000] {processor.py:153} INFO - Started process (PID=519) to work on /home/airflow/.local/lib/python3.7/site-packages/airflow/example_dags/tutorial_taskflow_api.py
[2023-02-15T22:14:37.813+0000] {processor.py:743} INFO - Processing file /home/airflow/.local/lib/python3.7/site-packages/airflow/example_dags/tutorial_taskflow_api.py for tasks to queue
[2023-02-15T22:14:37.814+0000] {logging_mixin.py:137} INFO - [2023-02-15T22:14:37.814+0000] {dagbag.py:538} INFO - Filling up the DagBag from /home/airflow/.local/lib/python3.7/site-packages/airflow/example_dags/tutorial_taskflow_api.py
[2023-02-15T22:14:37.848+0000] {processor.py:753} INFO - DAG(s) dict_keys(['tutorial_taskflow_api']) retrieved from /home/airflow/.local/lib/python3.7/site-packages/airflow/example_dags/tutorial_taskflow_api.py
[2023-02-15T22:14:37.875+0000] {logging_mixin.py:137} INFO - [2023-02-15T22:14:37.875+0000] {dag.py:2690} INFO - Sync 1 DAGs
[2023-02-15T22:14:37.905+0000] {logging_mixin.py:137} INFO - [2023-02-15T22:14:37.905+0000] {dag.py:3441} INFO - Setting next_dagrun for tutorial_taskflow_api to None, run_after=None
[2023-02-15T22:14:37.928+0000] {processor.py:175} INFO - Processing /home/airflow/.local/lib/python3.7/site-packages/airflow/example_dags/tutorial_taskflow_api.py took 0.132 seconds
[2023-02-15T22:15:08.246+0000] {processor.py:153} INFO - Started process (PID=596) to work on /home/airflow/.local/lib/python3.7/site-packages/airflow/example_dags/tutorial_taskflow_api.py
[2023-02-15T22:15:08.247+0000] {processor.py:743} INFO - Processing file /home/airflow/.local/lib/python3.7/site-packages/airflow/example_dags/tutorial_taskflow_api.py for tasks to queue
[2023-02-15T22:15:08.248+0000] {logging_mixin.py:137} INFO - [2023-02-15T22:15:08.247+0000] {dagbag.py:538} INFO - Filling up the DagBag from /home/airflow/.local/lib/python3.7/site-packages/airflow/example_dags/tutorial_taskflow_api.py
[2023-02-15T22:15:08.273+0000] {processor.py:753} INFO - DAG(s) dict_keys(['tutorial_taskflow_api']) retrieved from /home/airflow/.local/lib/python3.7/site-packages/airflow/example_dags/tutorial_taskflow_api.py
[2023-02-15T22:15:08.303+0000] {logging_mixin.py:137} INFO - [2023-02-15T22:15:08.303+0000] {dag.py:2690} INFO - Sync 1 DAGs
[2023-02-15T22:15:08.338+0000] {logging_mixin.py:137} INFO - [2023-02-15T22:15:08.338+0000] {dag.py:3441} INFO - Setting next_dagrun for tutorial_taskflow_api to None, run_after=None
[2023-02-15T22:15:08.364+0000] {processor.py:175} INFO - Processing /home/airflow/.local/lib/python3.7/site-packages/airflow/example_dags/tutorial_taskflow_api.py took 0.122 seconds
[2023-02-15T22:15:38.470+0000] {processor.py:153} INFO - Started process (PID=660) to work on /home/airflow/.local/lib/python3.7/site-packages/airflow/example_dags/tutorial_taskflow_api.py
[2023-02-15T22:15:38.483+0000] {processor.py:743} INFO - Processing file /home/airflow/.local/lib/python3.7/site-packages/airflow/example_dags/tutorial_taskflow_api.py for tasks to queue
[2023-02-15T22:15:38.484+0000] {logging_mixin.py:137} INFO - [2023-02-15T22:15:38.483+0000] {dagbag.py:538} INFO - Filling up the DagBag from /home/airflow/.local/lib/python3.7/site-packages/airflow/example_dags/tutorial_taskflow_api.py
[2023-02-15T22:15:38.512+0000] {processor.py:753} INFO - DAG(s) dict_keys(['tutorial_taskflow_api']) retrieved from /home/airflow/.local/lib/python3.7/site-packages/airflow/example_dags/tutorial_taskflow_api.py
[2023-02-15T22:15:38.546+0000] {logging_mixin.py:137} INFO - [2023-02-15T22:15:38.546+0000] {dag.py:2690} INFO - Sync 1 DAGs
[2023-02-15T22:15:38.580+0000] {logging_mixin.py:137} INFO - [2023-02-15T22:15:38.580+0000] {dag.py:3441} INFO - Setting next_dagrun for tutorial_taskflow_api to None, run_after=None
[2023-02-15T22:15:38.611+0000] {processor.py:175} INFO - Processing /home/airflow/.local/lib/python3.7/site-packages/airflow/example_dags/tutorial_taskflow_api.py took 0.144 seconds
[2023-02-15T22:16:08.689+0000] {processor.py:153} INFO - Started process (PID=724) to work on /home/airflow/.local/lib/python3.7/site-packages/airflow/example_dags/tutorial_taskflow_api.py
[2023-02-15T22:16:08.689+0000] {processor.py:743} INFO - Processing file /home/airflow/.local/lib/python3.7/site-packages/airflow/example_dags/tutorial_taskflow_api.py for tasks to queue
[2023-02-15T22:16:08.690+0000] {logging_mixin.py:137} INFO - [2023-02-15T22:16:08.690+0000] {dagbag.py:538} INFO - Filling up the DagBag from /home/airflow/.local/lib/python3.7/site-packages/airflow/example_dags/tutorial_taskflow_api.py
[2023-02-15T22:16:08.718+0000] {processor.py:753} INFO - DAG(s) dict_keys(['tutorial_taskflow_api']) retrieved from /home/airflow/.local/lib/python3.7/site-packages/airflow/example_dags/tutorial_taskflow_api.py
[2023-02-15T22:16:08.752+0000] {logging_mixin.py:137} INFO - [2023-02-15T22:16:08.752+0000] {dag.py:2690} INFO - Sync 1 DAGs
[2023-02-15T22:16:08.791+0000] {logging_mixin.py:137} INFO - [2023-02-15T22:16:08.791+0000] {dag.py:3441} INFO - Setting next_dagrun for tutorial_taskflow_api to None, run_after=None
[2023-02-15T22:16:08.822+0000] {processor.py:175} INFO - Processing /home/airflow/.local/lib/python3.7/site-packages/airflow/example_dags/tutorial_taskflow_api.py took 0.137 seconds
[2023-02-15T22:16:38.972+0000] {processor.py:153} INFO - Started process (PID=800) to work on /home/airflow/.local/lib/python3.7/site-packages/airflow/example_dags/tutorial_taskflow_api.py
[2023-02-15T22:16:38.988+0000] {processor.py:743} INFO - Processing file /home/airflow/.local/lib/python3.7/site-packages/airflow/example_dags/tutorial_taskflow_api.py for tasks to queue
[2023-02-15T22:16:38.989+0000] {logging_mixin.py:137} INFO - [2023-02-15T22:16:38.989+0000] {dagbag.py:538} INFO - Filling up the DagBag from /home/airflow/.local/lib/python3.7/site-packages/airflow/example_dags/tutorial_taskflow_api.py
[2023-02-15T22:16:39.029+0000] {processor.py:753} INFO - DAG(s) dict_keys(['tutorial_taskflow_api']) retrieved from /home/airflow/.local/lib/python3.7/site-packages/airflow/example_dags/tutorial_taskflow_api.py
[2023-02-15T22:16:39.097+0000] {logging_mixin.py:137} INFO - [2023-02-15T22:16:39.097+0000] {dag.py:2690} INFO - Sync 1 DAGs
[2023-02-15T22:16:39.163+0000] {logging_mixin.py:137} INFO - [2023-02-15T22:16:39.162+0000] {dag.py:3441} INFO - Setting next_dagrun for tutorial_taskflow_api to None, run_after=None
[2023-02-15T22:16:39.204+0000] {processor.py:175} INFO - Processing /home/airflow/.local/lib/python3.7/site-packages/airflow/example_dags/tutorial_taskflow_api.py took 0.236 seconds
[2023-02-15T22:17:09.734+0000] {processor.py:153} INFO - Started process (PID=864) to work on /home/airflow/.local/lib/python3.7/site-packages/airflow/example_dags/tutorial_taskflow_api.py
[2023-02-15T22:17:09.735+0000] {processor.py:743} INFO - Processing file /home/airflow/.local/lib/python3.7/site-packages/airflow/example_dags/tutorial_taskflow_api.py for tasks to queue
[2023-02-15T22:17:09.736+0000] {logging_mixin.py:137} INFO - [2023-02-15T22:17:09.736+0000] {dagbag.py:538} INFO - Filling up the DagBag from /home/airflow/.local/lib/python3.7/site-packages/airflow/example_dags/tutorial_taskflow_api.py
[2023-02-15T22:17:09.765+0000] {processor.py:753} INFO - DAG(s) dict_keys(['tutorial_taskflow_api']) retrieved from /home/airflow/.local/lib/python3.7/site-packages/airflow/example_dags/tutorial_taskflow_api.py
[2023-02-15T22:17:09.804+0000] {logging_mixin.py:137} INFO - [2023-02-15T22:17:09.804+0000] {dag.py:2690} INFO - Sync 1 DAGs
[2023-02-15T22:17:09.837+0000] {logging_mixin.py:137} INFO - [2023-02-15T22:17:09.837+0000] {dag.py:3441} INFO - Setting next_dagrun for tutorial_taskflow_api to None, run_after=None
[2023-02-15T22:17:09.871+0000] {processor.py:175} INFO - Processing /home/airflow/.local/lib/python3.7/site-packages/airflow/example_dags/tutorial_taskflow_api.py took 0.141 seconds
[2023-02-15T22:17:40.464+0000] {processor.py:153} INFO - Started process (PID=927) to work on /home/airflow/.local/lib/python3.7/site-packages/airflow/example_dags/tutorial_taskflow_api.py
[2023-02-15T22:17:40.467+0000] {processor.py:743} INFO - Processing file /home/airflow/.local/lib/python3.7/site-packages/airflow/example_dags/tutorial_taskflow_api.py for tasks to queue
[2023-02-15T22:17:40.468+0000] {logging_mixin.py:137} INFO - [2023-02-15T22:17:40.468+0000] {dagbag.py:538} INFO - Filling up the DagBag from /home/airflow/.local/lib/python3.7/site-packages/airflow/example_dags/tutorial_taskflow_api.py
[2023-02-15T22:17:40.501+0000] {processor.py:753} INFO - DAG(s) dict_keys(['tutorial_taskflow_api']) retrieved from /home/airflow/.local/lib/python3.7/site-packages/airflow/example_dags/tutorial_taskflow_api.py
[2023-02-15T22:17:40.530+0000] {logging_mixin.py:137} INFO - [2023-02-15T22:17:40.530+0000] {dag.py:2690} INFO - Sync 1 DAGs
[2023-02-15T22:17:40.561+0000] {logging_mixin.py:137} INFO - [2023-02-15T22:17:40.561+0000] {dag.py:3441} INFO - Setting next_dagrun for tutorial_taskflow_api to None, run_after=None
[2023-02-15T22:17:40.584+0000] {processor.py:175} INFO - Processing /home/airflow/.local/lib/python3.7/site-packages/airflow/example_dags/tutorial_taskflow_api.py took 0.125 seconds
[2023-02-15T22:18:11.016+0000] {processor.py:153} INFO - Started process (PID=991) to work on /home/airflow/.local/lib/python3.7/site-packages/airflow/example_dags/tutorial_taskflow_api.py
[2023-02-15T22:18:11.017+0000] {processor.py:743} INFO - Processing file /home/airflow/.local/lib/python3.7/site-packages/airflow/example_dags/tutorial_taskflow_api.py for tasks to queue
[2023-02-15T22:18:11.017+0000] {logging_mixin.py:137} INFO - [2023-02-15T22:18:11.017+0000] {dagbag.py:538} INFO - Filling up the DagBag from /home/airflow/.local/lib/python3.7/site-packages/airflow/example_dags/tutorial_taskflow_api.py
[2023-02-15T22:18:11.050+0000] {processor.py:753} INFO - DAG(s) dict_keys(['tutorial_taskflow_api']) retrieved from /home/airflow/.local/lib/python3.7/site-packages/airflow/example_dags/tutorial_taskflow_api.py
[2023-02-15T22:18:11.081+0000] {logging_mixin.py:137} INFO - [2023-02-15T22:18:11.081+0000] {dag.py:2690} INFO - Sync 1 DAGs
[2023-02-15T22:18:11.110+0000] {logging_mixin.py:137} INFO - [2023-02-15T22:18:11.110+0000] {dag.py:3441} INFO - Setting next_dagrun for tutorial_taskflow_api to None, run_after=None
[2023-02-15T22:18:11.142+0000] {processor.py:175} INFO - Processing /home/airflow/.local/lib/python3.7/site-packages/airflow/example_dags/tutorial_taskflow_api.py took 0.130 seconds
[2023-02-15T22:18:41.717+0000] {processor.py:153} INFO - Started process (PID=1065) to work on /home/airflow/.local/lib/python3.7/site-packages/airflow/example_dags/tutorial_taskflow_api.py
[2023-02-15T22:18:41.718+0000] {processor.py:743} INFO - Processing file /home/airflow/.local/lib/python3.7/site-packages/airflow/example_dags/tutorial_taskflow_api.py for tasks to queue
[2023-02-15T22:18:41.719+0000] {logging_mixin.py:137} INFO - [2023-02-15T22:18:41.718+0000] {dagbag.py:538} INFO - Filling up the DagBag from /home/airflow/.local/lib/python3.7/site-packages/airflow/example_dags/tutorial_taskflow_api.py
[2023-02-15T22:18:41.745+0000] {processor.py:753} INFO - DAG(s) dict_keys(['tutorial_taskflow_api']) retrieved from /home/airflow/.local/lib/python3.7/site-packages/airflow/example_dags/tutorial_taskflow_api.py
[2023-02-15T22:18:41.773+0000] {logging_mixin.py:137} INFO - [2023-02-15T22:18:41.773+0000] {dag.py:2690} INFO - Sync 1 DAGs
[2023-02-15T22:18:41.804+0000] {logging_mixin.py:137} INFO - [2023-02-15T22:18:41.804+0000] {dag.py:3441} INFO - Setting next_dagrun for tutorial_taskflow_api to None, run_after=None
[2023-02-15T22:18:41.826+0000] {processor.py:175} INFO - Processing /home/airflow/.local/lib/python3.7/site-packages/airflow/example_dags/tutorial_taskflow_api.py took 0.113 seconds
[2023-02-15T22:19:12.037+0000] {processor.py:153} INFO - Started process (PID=1128) to work on /home/airflow/.local/lib/python3.7/site-packages/airflow/example_dags/tutorial_taskflow_api.py
[2023-02-15T22:19:12.042+0000] {processor.py:743} INFO - Processing file /home/airflow/.local/lib/python3.7/site-packages/airflow/example_dags/tutorial_taskflow_api.py for tasks to queue
[2023-02-15T22:19:12.042+0000] {logging_mixin.py:137} INFO - [2023-02-15T22:19:12.042+0000] {dagbag.py:538} INFO - Filling up the DagBag from /home/airflow/.local/lib/python3.7/site-packages/airflow/example_dags/tutorial_taskflow_api.py
[2023-02-15T22:19:12.069+0000] {processor.py:753} INFO - DAG(s) dict_keys(['tutorial_taskflow_api']) retrieved from /home/airflow/.local/lib/python3.7/site-packages/airflow/example_dags/tutorial_taskflow_api.py
[2023-02-15T22:19:12.102+0000] {logging_mixin.py:137} INFO - [2023-02-15T22:19:12.102+0000] {dag.py:2690} INFO - Sync 1 DAGs
[2023-02-15T22:19:12.133+0000] {logging_mixin.py:137} INFO - [2023-02-15T22:19:12.133+0000] {dag.py:3441} INFO - Setting next_dagrun for tutorial_taskflow_api to None, run_after=None
[2023-02-15T22:19:12.157+0000] {processor.py:175} INFO - Processing /home/airflow/.local/lib/python3.7/site-packages/airflow/example_dags/tutorial_taskflow_api.py took 0.125 seconds
[2023-02-15T22:19:42.543+0000] {processor.py:153} INFO - Started process (PID=1192) to work on /home/airflow/.local/lib/python3.7/site-packages/airflow/example_dags/tutorial_taskflow_api.py
[2023-02-15T22:19:42.547+0000] {processor.py:743} INFO - Processing file /home/airflow/.local/lib/python3.7/site-packages/airflow/example_dags/tutorial_taskflow_api.py for tasks to queue
[2023-02-15T22:19:42.548+0000] {logging_mixin.py:137} INFO - [2023-02-15T22:19:42.548+0000] {dagbag.py:538} INFO - Filling up the DagBag from /home/airflow/.local/lib/python3.7/site-packages/airflow/example_dags/tutorial_taskflow_api.py
[2023-02-15T22:19:42.581+0000] {processor.py:753} INFO - DAG(s) dict_keys(['tutorial_taskflow_api']) retrieved from /home/airflow/.local/lib/python3.7/site-packages/airflow/example_dags/tutorial_taskflow_api.py
[2023-02-15T22:19:42.614+0000] {logging_mixin.py:137} INFO - [2023-02-15T22:19:42.614+0000] {dag.py:2690} INFO - Sync 1 DAGs
[2023-02-15T22:19:42.649+0000] {logging_mixin.py:137} INFO - [2023-02-15T22:19:42.648+0000] {dag.py:3441} INFO - Setting next_dagrun for tutorial_taskflow_api to None, run_after=None
[2023-02-15T22:19:42.698+0000] {processor.py:175} INFO - Processing /home/airflow/.local/lib/python3.7/site-packages/airflow/example_dags/tutorial_taskflow_api.py took 0.160 seconds
[2023-02-15T22:20:12.913+0000] {processor.py:153} INFO - Started process (PID=1266) to work on /home/airflow/.local/lib/python3.7/site-packages/airflow/example_dags/tutorial_taskflow_api.py
[2023-02-15T22:20:12.914+0000] {processor.py:743} INFO - Processing file /home/airflow/.local/lib/python3.7/site-packages/airflow/example_dags/tutorial_taskflow_api.py for tasks to queue
[2023-02-15T22:20:12.915+0000] {logging_mixin.py:137} INFO - [2023-02-15T22:20:12.915+0000] {dagbag.py:538} INFO - Filling up the DagBag from /home/airflow/.local/lib/python3.7/site-packages/airflow/example_dags/tutorial_taskflow_api.py
[2023-02-15T22:20:12.943+0000] {processor.py:753} INFO - DAG(s) dict_keys(['tutorial_taskflow_api']) retrieved from /home/airflow/.local/lib/python3.7/site-packages/airflow/example_dags/tutorial_taskflow_api.py
[2023-02-15T22:20:12.977+0000] {logging_mixin.py:137} INFO - [2023-02-15T22:20:12.977+0000] {dag.py:2690} INFO - Sync 1 DAGs
[2023-02-15T22:20:13.008+0000] {logging_mixin.py:137} INFO - [2023-02-15T22:20:13.008+0000] {dag.py:3441} INFO - Setting next_dagrun for tutorial_taskflow_api to None, run_after=None
[2023-02-15T22:20:13.036+0000] {processor.py:175} INFO - Processing /home/airflow/.local/lib/python3.7/site-packages/airflow/example_dags/tutorial_taskflow_api.py took 0.127 seconds
[2023-02-15T22:20:43.469+0000] {processor.py:153} INFO - Started process (PID=1329) to work on /home/airflow/.local/lib/python3.7/site-packages/airflow/example_dags/tutorial_taskflow_api.py
[2023-02-15T22:20:43.476+0000] {processor.py:743} INFO - Processing file /home/airflow/.local/lib/python3.7/site-packages/airflow/example_dags/tutorial_taskflow_api.py for tasks to queue
[2023-02-15T22:20:43.477+0000] {logging_mixin.py:137} INFO - [2023-02-15T22:20:43.477+0000] {dagbag.py:538} INFO - Filling up the DagBag from /home/airflow/.local/lib/python3.7/site-packages/airflow/example_dags/tutorial_taskflow_api.py
[2023-02-15T22:20:43.505+0000] {processor.py:753} INFO - DAG(s) dict_keys(['tutorial_taskflow_api']) retrieved from /home/airflow/.local/lib/python3.7/site-packages/airflow/example_dags/tutorial_taskflow_api.py
[2023-02-15T22:20:43.544+0000] {logging_mixin.py:137} INFO - [2023-02-15T22:20:43.544+0000] {dag.py:2690} INFO - Sync 1 DAGs
[2023-02-15T22:20:43.589+0000] {logging_mixin.py:137} INFO - [2023-02-15T22:20:43.589+0000] {dag.py:3441} INFO - Setting next_dagrun for tutorial_taskflow_api to None, run_after=None
[2023-02-15T22:20:43.634+0000] {processor.py:175} INFO - Processing /home/airflow/.local/lib/python3.7/site-packages/airflow/example_dags/tutorial_taskflow_api.py took 0.168 seconds
[2023-02-15T22:21:14.329+0000] {processor.py:153} INFO - Started process (PID=1392) to work on /home/airflow/.local/lib/python3.7/site-packages/airflow/example_dags/tutorial_taskflow_api.py
[2023-02-15T22:21:14.330+0000] {processor.py:743} INFO - Processing file /home/airflow/.local/lib/python3.7/site-packages/airflow/example_dags/tutorial_taskflow_api.py for tasks to queue
[2023-02-15T22:21:14.331+0000] {logging_mixin.py:137} INFO - [2023-02-15T22:21:14.331+0000] {dagbag.py:538} INFO - Filling up the DagBag from /home/airflow/.local/lib/python3.7/site-packages/airflow/example_dags/tutorial_taskflow_api.py
[2023-02-15T22:21:14.356+0000] {processor.py:753} INFO - DAG(s) dict_keys(['tutorial_taskflow_api']) retrieved from /home/airflow/.local/lib/python3.7/site-packages/airflow/example_dags/tutorial_taskflow_api.py
[2023-02-15T22:21:14.384+0000] {logging_mixin.py:137} INFO - [2023-02-15T22:21:14.384+0000] {dag.py:2690} INFO - Sync 1 DAGs
[2023-02-15T22:21:14.412+0000] {logging_mixin.py:137} INFO - [2023-02-15T22:21:14.412+0000] {dag.py:3441} INFO - Setting next_dagrun for tutorial_taskflow_api to None, run_after=None
[2023-02-15T22:21:14.435+0000] {processor.py:175} INFO - Processing /home/airflow/.local/lib/python3.7/site-packages/airflow/example_dags/tutorial_taskflow_api.py took 0.110 seconds
[2023-02-15T22:21:45.224+0000] {processor.py:153} INFO - Started process (PID=1469) to work on /home/airflow/.local/lib/python3.7/site-packages/airflow/example_dags/tutorial_taskflow_api.py
[2023-02-15T22:21:45.225+0000] {processor.py:743} INFO - Processing file /home/airflow/.local/lib/python3.7/site-packages/airflow/example_dags/tutorial_taskflow_api.py for tasks to queue
[2023-02-15T22:21:45.228+0000] {logging_mixin.py:137} INFO - [2023-02-15T22:21:45.228+0000] {dagbag.py:538} INFO - Filling up the DagBag from /home/airflow/.local/lib/python3.7/site-packages/airflow/example_dags/tutorial_taskflow_api.py
[2023-02-15T22:21:45.267+0000] {processor.py:753} INFO - DAG(s) dict_keys(['tutorial_taskflow_api']) retrieved from /home/airflow/.local/lib/python3.7/site-packages/airflow/example_dags/tutorial_taskflow_api.py
[2023-02-15T22:21:45.299+0000] {logging_mixin.py:137} INFO - [2023-02-15T22:21:45.299+0000] {dag.py:2690} INFO - Sync 1 DAGs
[2023-02-15T22:21:45.341+0000] {logging_mixin.py:137} INFO - [2023-02-15T22:21:45.341+0000] {dag.py:3441} INFO - Setting next_dagrun for tutorial_taskflow_api to None, run_after=None
[2023-02-15T22:21:45.380+0000] {processor.py:175} INFO - Processing /home/airflow/.local/lib/python3.7/site-packages/airflow/example_dags/tutorial_taskflow_api.py took 0.159 seconds
[2023-02-15T22:22:15.482+0000] {processor.py:153} INFO - Started process (PID=1533) to work on /home/airflow/.local/lib/python3.7/site-packages/airflow/example_dags/tutorial_taskflow_api.py
[2023-02-15T22:22:15.483+0000] {processor.py:743} INFO - Processing file /home/airflow/.local/lib/python3.7/site-packages/airflow/example_dags/tutorial_taskflow_api.py for tasks to queue
[2023-02-15T22:22:15.484+0000] {logging_mixin.py:137} INFO - [2023-02-15T22:22:15.484+0000] {dagbag.py:538} INFO - Filling up the DagBag from /home/airflow/.local/lib/python3.7/site-packages/airflow/example_dags/tutorial_taskflow_api.py
[2023-02-15T22:22:15.544+0000] {processor.py:753} INFO - DAG(s) dict_keys(['tutorial_taskflow_api']) retrieved from /home/airflow/.local/lib/python3.7/site-packages/airflow/example_dags/tutorial_taskflow_api.py
[2023-02-15T22:22:15.647+0000] {logging_mixin.py:137} INFO - [2023-02-15T22:22:15.647+0000] {dag.py:2690} INFO - Sync 1 DAGs
[2023-02-15T22:22:15.768+0000] {logging_mixin.py:137} INFO - [2023-02-15T22:22:15.767+0000] {dag.py:3441} INFO - Setting next_dagrun for tutorial_taskflow_api to None, run_after=None
[2023-02-15T22:22:15.869+0000] {processor.py:175} INFO - Processing /home/airflow/.local/lib/python3.7/site-packages/airflow/example_dags/tutorial_taskflow_api.py took 0.400 seconds
[2023-02-15T22:22:46.731+0000] {processor.py:153} INFO - Started process (PID=1605) to work on /home/airflow/.local/lib/python3.7/site-packages/airflow/example_dags/tutorial_taskflow_api.py
[2023-02-15T22:22:46.731+0000] {processor.py:743} INFO - Processing file /home/airflow/.local/lib/python3.7/site-packages/airflow/example_dags/tutorial_taskflow_api.py for tasks to queue
[2023-02-15T22:22:46.732+0000] {logging_mixin.py:137} INFO - [2023-02-15T22:22:46.732+0000] {dagbag.py:538} INFO - Filling up the DagBag from /home/airflow/.local/lib/python3.7/site-packages/airflow/example_dags/tutorial_taskflow_api.py
[2023-02-15T22:22:46.794+0000] {processor.py:753} INFO - DAG(s) dict_keys(['tutorial_taskflow_api']) retrieved from /home/airflow/.local/lib/python3.7/site-packages/airflow/example_dags/tutorial_taskflow_api.py
[2023-02-15T22:22:46.829+0000] {logging_mixin.py:137} INFO - [2023-02-15T22:22:46.829+0000] {dag.py:2690} INFO - Sync 1 DAGs
[2023-02-15T22:22:46.882+0000] {logging_mixin.py:137} INFO - [2023-02-15T22:22:46.882+0000] {dag.py:3441} INFO - Setting next_dagrun for tutorial_taskflow_api to None, run_after=None
[2023-02-15T22:22:46.909+0000] {processor.py:175} INFO - Processing /home/airflow/.local/lib/python3.7/site-packages/airflow/example_dags/tutorial_taskflow_api.py took 0.193 seconds
[2023-02-15T22:23:17.853+0000] {processor.py:153} INFO - Started process (PID=1672) to work on /home/airflow/.local/lib/python3.7/site-packages/airflow/example_dags/tutorial_taskflow_api.py
[2023-02-15T22:23:17.857+0000] {processor.py:743} INFO - Processing file /home/airflow/.local/lib/python3.7/site-packages/airflow/example_dags/tutorial_taskflow_api.py for tasks to queue
[2023-02-15T22:23:17.865+0000] {logging_mixin.py:137} INFO - [2023-02-15T22:23:17.865+0000] {dagbag.py:538} INFO - Filling up the DagBag from /home/airflow/.local/lib/python3.7/site-packages/airflow/example_dags/tutorial_taskflow_api.py
[2023-02-15T22:23:17.920+0000] {processor.py:753} INFO - DAG(s) dict_keys(['tutorial_taskflow_api']) retrieved from /home/airflow/.local/lib/python3.7/site-packages/airflow/example_dags/tutorial_taskflow_api.py
[2023-02-15T22:23:18.003+0000] {logging_mixin.py:137} INFO - [2023-02-15T22:23:18.003+0000] {dag.py:2690} INFO - Sync 1 DAGs
[2023-02-15T22:23:18.037+0000] {logging_mixin.py:137} INFO - [2023-02-15T22:23:18.037+0000] {dag.py:3441} INFO - Setting next_dagrun for tutorial_taskflow_api to None, run_after=None
[2023-02-15T22:23:18.062+0000] {processor.py:175} INFO - Processing /home/airflow/.local/lib/python3.7/site-packages/airflow/example_dags/tutorial_taskflow_api.py took 0.213 seconds
