[2023-02-15T22:10:46.028+0000] {processor.py:153} INFO - Started process (PID=69) to work on /home/airflow/.local/lib/python3.7/site-packages/airflow/example_dags/tutorial.py
[2023-02-15T22:10:46.029+0000] {processor.py:743} INFO - Processing file /home/airflow/.local/lib/python3.7/site-packages/airflow/example_dags/tutorial.py for tasks to queue
[2023-02-15T22:10:46.029+0000] {logging_mixin.py:137} INFO - [2023-02-15T22:10:46.029+0000] {dagbag.py:538} INFO - Filling up the DagBag from /home/airflow/.local/lib/python3.7/site-packages/airflow/example_dags/tutorial.py
[2023-02-15T22:10:46.205+0000] {processor.py:753} INFO - DAG(s) dict_keys(['tutorial']) retrieved from /home/airflow/.local/lib/python3.7/site-packages/airflow/example_dags/tutorial.py
[2023-02-15T22:10:46.475+0000] {logging_mixin.py:137} INFO - [2023-02-15T22:10:46.475+0000] {dag.py:2690} INFO - Sync 1 DAGs
[2023-02-15T22:10:46.684+0000] {logging_mixin.py:137} INFO - [2023-02-15T22:10:46.684+0000] {dag.py:3441} INFO - Setting next_dagrun for tutorial to 2023-02-14T22:10:46.684016+00:00, run_after=2023-02-15T22:10:46.684016+00:00
[2023-02-15T22:10:46.989+0000] {processor.py:175} INFO - Processing /home/airflow/.local/lib/python3.7/site-packages/airflow/example_dags/tutorial.py took 0.992 seconds
[2023-02-15T22:11:17.699+0000] {processor.py:153} INFO - Started process (PID=122) to work on /home/airflow/.local/lib/python3.7/site-packages/airflow/example_dags/tutorial.py
[2023-02-15T22:11:17.713+0000] {processor.py:743} INFO - Processing file /home/airflow/.local/lib/python3.7/site-packages/airflow/example_dags/tutorial.py for tasks to queue
[2023-02-15T22:11:17.713+0000] {logging_mixin.py:137} INFO - [2023-02-15T22:11:17.713+0000] {dagbag.py:538} INFO - Filling up the DagBag from /home/airflow/.local/lib/python3.7/site-packages/airflow/example_dags/tutorial.py
[2023-02-15T22:11:17.811+0000] {processor.py:753} INFO - DAG(s) dict_keys(['tutorial']) retrieved from /home/airflow/.local/lib/python3.7/site-packages/airflow/example_dags/tutorial.py
[2023-02-15T22:11:17.985+0000] {logging_mixin.py:137} INFO - [2023-02-15T22:11:17.984+0000] {dag.py:2690} INFO - Sync 1 DAGs
[2023-02-15T22:11:18.085+0000] {logging_mixin.py:137} INFO - [2023-02-15T22:11:18.084+0000] {dag.py:3441} INFO - Setting next_dagrun for tutorial to 2023-02-14T22:11:18.084630+00:00, run_after=2023-02-15T22:11:18.084630+00:00
[2023-02-15T22:11:18.276+0000] {processor.py:175} INFO - Processing /home/airflow/.local/lib/python3.7/site-packages/airflow/example_dags/tutorial.py took 0.608 seconds
[2023-02-15T22:11:48.442+0000] {processor.py:153} INFO - Started process (PID=184) to work on /home/airflow/.local/lib/python3.7/site-packages/airflow/example_dags/tutorial.py
[2023-02-15T22:11:48.446+0000] {processor.py:743} INFO - Processing file /home/airflow/.local/lib/python3.7/site-packages/airflow/example_dags/tutorial.py for tasks to queue
[2023-02-15T22:11:48.446+0000] {logging_mixin.py:137} INFO - [2023-02-15T22:11:48.446+0000] {dagbag.py:538} INFO - Filling up the DagBag from /home/airflow/.local/lib/python3.7/site-packages/airflow/example_dags/tutorial.py
[2023-02-15T22:11:48.545+0000] {processor.py:753} INFO - DAG(s) dict_keys(['tutorial']) retrieved from /home/airflow/.local/lib/python3.7/site-packages/airflow/example_dags/tutorial.py
[2023-02-15T22:11:48.656+0000] {logging_mixin.py:137} INFO - [2023-02-15T22:11:48.655+0000] {dag.py:2690} INFO - Sync 1 DAGs
[2023-02-15T22:11:48.768+0000] {logging_mixin.py:137} INFO - [2023-02-15T22:11:48.768+0000] {dag.py:3441} INFO - Setting next_dagrun for tutorial to 2023-02-14T22:11:48.768212+00:00, run_after=2023-02-15T22:11:48.768212+00:00
[2023-02-15T22:11:48.864+0000] {processor.py:175} INFO - Processing /home/airflow/.local/lib/python3.7/site-packages/airflow/example_dags/tutorial.py took 0.437 seconds
[2023-02-15T22:12:19.734+0000] {processor.py:153} INFO - Started process (PID=240) to work on /home/airflow/.local/lib/python3.7/site-packages/airflow/example_dags/tutorial.py
[2023-02-15T22:12:19.737+0000] {processor.py:743} INFO - Processing file /home/airflow/.local/lib/python3.7/site-packages/airflow/example_dags/tutorial.py for tasks to queue
[2023-02-15T22:12:19.738+0000] {logging_mixin.py:137} INFO - [2023-02-15T22:12:19.738+0000] {dagbag.py:538} INFO - Filling up the DagBag from /home/airflow/.local/lib/python3.7/site-packages/airflow/example_dags/tutorial.py
[2023-02-15T22:12:19.799+0000] {processor.py:753} INFO - DAG(s) dict_keys(['tutorial']) retrieved from /home/airflow/.local/lib/python3.7/site-packages/airflow/example_dags/tutorial.py
[2023-02-15T22:12:19.955+0000] {logging_mixin.py:137} INFO - [2023-02-15T22:12:19.955+0000] {dag.py:2690} INFO - Sync 1 DAGs
[2023-02-15T22:12:20.101+0000] {logging_mixin.py:137} INFO - [2023-02-15T22:12:20.101+0000] {dag.py:3441} INFO - Setting next_dagrun for tutorial to 2023-02-14T22:12:20.100926+00:00, run_after=2023-02-15T22:12:20.100926+00:00
[2023-02-15T22:12:20.342+0000] {processor.py:175} INFO - Processing /home/airflow/.local/lib/python3.7/site-packages/airflow/example_dags/tutorial.py took 0.622 seconds
[2023-02-15T22:12:50.659+0000] {processor.py:153} INFO - Started process (PID=297) to work on /home/airflow/.local/lib/python3.7/site-packages/airflow/example_dags/tutorial.py
[2023-02-15T22:12:50.660+0000] {processor.py:743} INFO - Processing file /home/airflow/.local/lib/python3.7/site-packages/airflow/example_dags/tutorial.py for tasks to queue
[2023-02-15T22:12:50.661+0000] {logging_mixin.py:137} INFO - [2023-02-15T22:12:50.661+0000] {dagbag.py:538} INFO - Filling up the DagBag from /home/airflow/.local/lib/python3.7/site-packages/airflow/example_dags/tutorial.py
[2023-02-15T22:12:50.710+0000] {processor.py:753} INFO - DAG(s) dict_keys(['tutorial']) retrieved from /home/airflow/.local/lib/python3.7/site-packages/airflow/example_dags/tutorial.py
[2023-02-15T22:12:50.770+0000] {logging_mixin.py:137} INFO - [2023-02-15T22:12:50.770+0000] {dag.py:2690} INFO - Sync 1 DAGs
[2023-02-15T22:12:50.848+0000] {logging_mixin.py:137} INFO - [2023-02-15T22:12:50.839+0000] {dag.py:3441} INFO - Setting next_dagrun for tutorial to 2023-02-14T22:12:50.838959+00:00, run_after=2023-02-15T22:12:50.838959+00:00
[2023-02-15T22:12:50.895+0000] {processor.py:175} INFO - Processing /home/airflow/.local/lib/python3.7/site-packages/airflow/example_dags/tutorial.py took 0.250 seconds
[2023-02-15T22:13:21.513+0000] {processor.py:153} INFO - Started process (PID=362) to work on /home/airflow/.local/lib/python3.7/site-packages/airflow/example_dags/tutorial.py
[2023-02-15T22:13:21.519+0000] {processor.py:743} INFO - Processing file /home/airflow/.local/lib/python3.7/site-packages/airflow/example_dags/tutorial.py for tasks to queue
[2023-02-15T22:13:21.519+0000] {logging_mixin.py:137} INFO - [2023-02-15T22:13:21.519+0000] {dagbag.py:538} INFO - Filling up the DagBag from /home/airflow/.local/lib/python3.7/site-packages/airflow/example_dags/tutorial.py
[2023-02-15T22:13:21.563+0000] {processor.py:753} INFO - DAG(s) dict_keys(['tutorial']) retrieved from /home/airflow/.local/lib/python3.7/site-packages/airflow/example_dags/tutorial.py
[2023-02-15T22:13:21.640+0000] {logging_mixin.py:137} INFO - [2023-02-15T22:13:21.640+0000] {dag.py:2690} INFO - Sync 1 DAGs
[2023-02-15T22:13:21.711+0000] {logging_mixin.py:137} INFO - [2023-02-15T22:13:21.710+0000] {dag.py:3441} INFO - Setting next_dagrun for tutorial to 2023-02-14T22:13:21.710676+00:00, run_after=2023-02-15T22:13:21.710676+00:00
[2023-02-15T22:13:21.847+0000] {processor.py:175} INFO - Processing /home/airflow/.local/lib/python3.7/site-packages/airflow/example_dags/tutorial.py took 0.349 seconds
[2023-02-15T22:13:52.165+0000] {processor.py:153} INFO - Started process (PID=425) to work on /home/airflow/.local/lib/python3.7/site-packages/airflow/example_dags/tutorial.py
[2023-02-15T22:13:52.166+0000] {processor.py:743} INFO - Processing file /home/airflow/.local/lib/python3.7/site-packages/airflow/example_dags/tutorial.py for tasks to queue
[2023-02-15T22:13:52.166+0000] {logging_mixin.py:137} INFO - [2023-02-15T22:13:52.166+0000] {dagbag.py:538} INFO - Filling up the DagBag from /home/airflow/.local/lib/python3.7/site-packages/airflow/example_dags/tutorial.py
[2023-02-15T22:13:52.183+0000] {processor.py:753} INFO - DAG(s) dict_keys(['tutorial']) retrieved from /home/airflow/.local/lib/python3.7/site-packages/airflow/example_dags/tutorial.py
[2023-02-15T22:13:52.217+0000] {logging_mixin.py:137} INFO - [2023-02-15T22:13:52.217+0000] {dag.py:2690} INFO - Sync 1 DAGs
[2023-02-15T22:13:52.248+0000] {logging_mixin.py:137} INFO - [2023-02-15T22:13:52.248+0000] {dag.py:3441} INFO - Setting next_dagrun for tutorial to 2023-02-14T22:13:52.247785+00:00, run_after=2023-02-15T22:13:52.247785+00:00
[2023-02-15T22:13:52.268+0000] {processor.py:175} INFO - Processing /home/airflow/.local/lib/python3.7/site-packages/airflow/example_dags/tutorial.py took 0.107 seconds
[2023-02-15T22:14:22.345+0000] {processor.py:153} INFO - Started process (PID=488) to work on /home/airflow/.local/lib/python3.7/site-packages/airflow/example_dags/tutorial.py
[2023-02-15T22:14:22.347+0000] {processor.py:743} INFO - Processing file /home/airflow/.local/lib/python3.7/site-packages/airflow/example_dags/tutorial.py for tasks to queue
[2023-02-15T22:14:22.348+0000] {logging_mixin.py:137} INFO - [2023-02-15T22:14:22.347+0000] {dagbag.py:538} INFO - Filling up the DagBag from /home/airflow/.local/lib/python3.7/site-packages/airflow/example_dags/tutorial.py
[2023-02-15T22:14:22.364+0000] {processor.py:753} INFO - DAG(s) dict_keys(['tutorial']) retrieved from /home/airflow/.local/lib/python3.7/site-packages/airflow/example_dags/tutorial.py
[2023-02-15T22:14:22.399+0000] {logging_mixin.py:137} INFO - [2023-02-15T22:14:22.399+0000] {dag.py:2690} INFO - Sync 1 DAGs
[2023-02-15T22:14:22.427+0000] {logging_mixin.py:137} INFO - [2023-02-15T22:14:22.427+0000] {dag.py:3441} INFO - Setting next_dagrun for tutorial to 2023-02-14T22:14:22.427152+00:00, run_after=2023-02-15T22:14:22.427152+00:00
[2023-02-15T22:14:22.453+0000] {processor.py:175} INFO - Processing /home/airflow/.local/lib/python3.7/site-packages/airflow/example_dags/tutorial.py took 0.112 seconds
[2023-02-15T22:14:52.546+0000] {processor.py:153} INFO - Started process (PID=552) to work on /home/airflow/.local/lib/python3.7/site-packages/airflow/example_dags/tutorial.py
[2023-02-15T22:14:52.547+0000] {processor.py:743} INFO - Processing file /home/airflow/.local/lib/python3.7/site-packages/airflow/example_dags/tutorial.py for tasks to queue
[2023-02-15T22:14:52.548+0000] {logging_mixin.py:137} INFO - [2023-02-15T22:14:52.548+0000] {dagbag.py:538} INFO - Filling up the DagBag from /home/airflow/.local/lib/python3.7/site-packages/airflow/example_dags/tutorial.py
[2023-02-15T22:14:52.565+0000] {processor.py:753} INFO - DAG(s) dict_keys(['tutorial']) retrieved from /home/airflow/.local/lib/python3.7/site-packages/airflow/example_dags/tutorial.py
[2023-02-15T22:14:52.596+0000] {logging_mixin.py:137} INFO - [2023-02-15T22:14:52.596+0000] {dag.py:2690} INFO - Sync 1 DAGs
[2023-02-15T22:14:52.627+0000] {logging_mixin.py:137} INFO - [2023-02-15T22:14:52.627+0000] {dag.py:3441} INFO - Setting next_dagrun for tutorial to 2023-02-14T22:14:52.627471+00:00, run_after=2023-02-15T22:14:52.627471+00:00
[2023-02-15T22:14:52.654+0000] {processor.py:175} INFO - Processing /home/airflow/.local/lib/python3.7/site-packages/airflow/example_dags/tutorial.py took 0.112 seconds
[2023-02-15T22:15:22.862+0000] {processor.py:153} INFO - Started process (PID=628) to work on /home/airflow/.local/lib/python3.7/site-packages/airflow/example_dags/tutorial.py
[2023-02-15T22:15:22.864+0000] {processor.py:743} INFO - Processing file /home/airflow/.local/lib/python3.7/site-packages/airflow/example_dags/tutorial.py for tasks to queue
[2023-02-15T22:15:22.865+0000] {logging_mixin.py:137} INFO - [2023-02-15T22:15:22.865+0000] {dagbag.py:538} INFO - Filling up the DagBag from /home/airflow/.local/lib/python3.7/site-packages/airflow/example_dags/tutorial.py
[2023-02-15T22:15:22.884+0000] {processor.py:753} INFO - DAG(s) dict_keys(['tutorial']) retrieved from /home/airflow/.local/lib/python3.7/site-packages/airflow/example_dags/tutorial.py
[2023-02-15T22:15:22.914+0000] {logging_mixin.py:137} INFO - [2023-02-15T22:15:22.914+0000] {dag.py:2690} INFO - Sync 1 DAGs
[2023-02-15T22:15:22.946+0000] {logging_mixin.py:137} INFO - [2023-02-15T22:15:22.945+0000] {dag.py:3441} INFO - Setting next_dagrun for tutorial to 2023-02-14T22:15:22.945695+00:00, run_after=2023-02-15T22:15:22.945695+00:00
[2023-02-15T22:15:22.976+0000] {processor.py:175} INFO - Processing /home/airflow/.local/lib/python3.7/site-packages/airflow/example_dags/tutorial.py took 0.117 seconds
[2023-02-15T22:15:54.030+0000] {processor.py:153} INFO - Started process (PID=692) to work on /home/airflow/.local/lib/python3.7/site-packages/airflow/example_dags/tutorial.py
[2023-02-15T22:15:54.031+0000] {processor.py:743} INFO - Processing file /home/airflow/.local/lib/python3.7/site-packages/airflow/example_dags/tutorial.py for tasks to queue
[2023-02-15T22:15:54.031+0000] {logging_mixin.py:137} INFO - [2023-02-15T22:15:54.031+0000] {dagbag.py:538} INFO - Filling up the DagBag from /home/airflow/.local/lib/python3.7/site-packages/airflow/example_dags/tutorial.py
[2023-02-15T22:15:54.067+0000] {processor.py:753} INFO - DAG(s) dict_keys(['tutorial']) retrieved from /home/airflow/.local/lib/python3.7/site-packages/airflow/example_dags/tutorial.py
[2023-02-15T22:15:54.115+0000] {logging_mixin.py:137} INFO - [2023-02-15T22:15:54.115+0000] {dag.py:2690} INFO - Sync 1 DAGs
[2023-02-15T22:15:54.164+0000] {logging_mixin.py:137} INFO - [2023-02-15T22:15:54.164+0000] {dag.py:3441} INFO - Setting next_dagrun for tutorial to 2023-02-14T22:15:54.163917+00:00, run_after=2023-02-15T22:15:54.163917+00:00
[2023-02-15T22:15:54.186+0000] {processor.py:175} INFO - Processing /home/airflow/.local/lib/python3.7/site-packages/airflow/example_dags/tutorial.py took 0.163 seconds
[2023-02-15T22:16:24.389+0000] {processor.py:153} INFO - Started process (PID=763) to work on /home/airflow/.local/lib/python3.7/site-packages/airflow/example_dags/tutorial.py
[2023-02-15T22:16:24.394+0000] {processor.py:743} INFO - Processing file /home/airflow/.local/lib/python3.7/site-packages/airflow/example_dags/tutorial.py for tasks to queue
[2023-02-15T22:16:24.395+0000] {logging_mixin.py:137} INFO - [2023-02-15T22:16:24.395+0000] {dagbag.py:538} INFO - Filling up the DagBag from /home/airflow/.local/lib/python3.7/site-packages/airflow/example_dags/tutorial.py
[2023-02-15T22:16:24.413+0000] {processor.py:753} INFO - DAG(s) dict_keys(['tutorial']) retrieved from /home/airflow/.local/lib/python3.7/site-packages/airflow/example_dags/tutorial.py
[2023-02-15T22:16:24.449+0000] {logging_mixin.py:137} INFO - [2023-02-15T22:16:24.449+0000] {dag.py:2690} INFO - Sync 1 DAGs
[2023-02-15T22:16:24.483+0000] {logging_mixin.py:137} INFO - [2023-02-15T22:16:24.483+0000] {dag.py:3441} INFO - Setting next_dagrun for tutorial to 2023-02-14T22:16:24.483332+00:00, run_after=2023-02-15T22:16:24.483332+00:00
[2023-02-15T22:16:24.512+0000] {processor.py:175} INFO - Processing /home/airflow/.local/lib/python3.7/site-packages/airflow/example_dags/tutorial.py took 0.129 seconds
[2023-02-15T22:16:54.905+0000] {processor.py:153} INFO - Started process (PID=832) to work on /home/airflow/.local/lib/python3.7/site-packages/airflow/example_dags/tutorial.py
[2023-02-15T22:16:54.906+0000] {processor.py:743} INFO - Processing file /home/airflow/.local/lib/python3.7/site-packages/airflow/example_dags/tutorial.py for tasks to queue
[2023-02-15T22:16:54.907+0000] {logging_mixin.py:137} INFO - [2023-02-15T22:16:54.907+0000] {dagbag.py:538} INFO - Filling up the DagBag from /home/airflow/.local/lib/python3.7/site-packages/airflow/example_dags/tutorial.py
[2023-02-15T22:16:54.928+0000] {processor.py:753} INFO - DAG(s) dict_keys(['tutorial']) retrieved from /home/airflow/.local/lib/python3.7/site-packages/airflow/example_dags/tutorial.py
[2023-02-15T22:16:54.994+0000] {logging_mixin.py:137} INFO - [2023-02-15T22:16:54.994+0000] {dag.py:2690} INFO - Sync 1 DAGs
[2023-02-15T22:16:55.040+0000] {logging_mixin.py:137} INFO - [2023-02-15T22:16:55.040+0000] {dag.py:3441} INFO - Setting next_dagrun for tutorial to 2023-02-14T22:16:55.039861+00:00, run_after=2023-02-15T22:16:55.039861+00:00
[2023-02-15T22:16:55.079+0000] {processor.py:175} INFO - Processing /home/airflow/.local/lib/python3.7/site-packages/airflow/example_dags/tutorial.py took 0.179 seconds
[2023-02-15T22:17:25.422+0000] {processor.py:153} INFO - Started process (PID=895) to work on /home/airflow/.local/lib/python3.7/site-packages/airflow/example_dags/tutorial.py
[2023-02-15T22:17:25.428+0000] {processor.py:743} INFO - Processing file /home/airflow/.local/lib/python3.7/site-packages/airflow/example_dags/tutorial.py for tasks to queue
[2023-02-15T22:17:25.429+0000] {logging_mixin.py:137} INFO - [2023-02-15T22:17:25.429+0000] {dagbag.py:538} INFO - Filling up the DagBag from /home/airflow/.local/lib/python3.7/site-packages/airflow/example_dags/tutorial.py
[2023-02-15T22:17:25.457+0000] {processor.py:753} INFO - DAG(s) dict_keys(['tutorial']) retrieved from /home/airflow/.local/lib/python3.7/site-packages/airflow/example_dags/tutorial.py
[2023-02-15T22:17:25.544+0000] {logging_mixin.py:137} INFO - [2023-02-15T22:17:25.544+0000] {dag.py:2690} INFO - Sync 1 DAGs
[2023-02-15T22:17:25.593+0000] {logging_mixin.py:137} INFO - [2023-02-15T22:17:25.593+0000] {dag.py:3441} INFO - Setting next_dagrun for tutorial to 2023-02-14T22:17:25.593008+00:00, run_after=2023-02-15T22:17:25.593008+00:00
[2023-02-15T22:17:25.635+0000] {processor.py:175} INFO - Processing /home/airflow/.local/lib/python3.7/site-packages/airflow/example_dags/tutorial.py took 0.218 seconds
[2023-02-15T22:17:56.046+0000] {processor.py:153} INFO - Started process (PID=958) to work on /home/airflow/.local/lib/python3.7/site-packages/airflow/example_dags/tutorial.py
[2023-02-15T22:17:56.047+0000] {processor.py:743} INFO - Processing file /home/airflow/.local/lib/python3.7/site-packages/airflow/example_dags/tutorial.py for tasks to queue
[2023-02-15T22:17:56.048+0000] {logging_mixin.py:137} INFO - [2023-02-15T22:17:56.048+0000] {dagbag.py:538} INFO - Filling up the DagBag from /home/airflow/.local/lib/python3.7/site-packages/airflow/example_dags/tutorial.py
[2023-02-15T22:17:56.068+0000] {processor.py:753} INFO - DAG(s) dict_keys(['tutorial']) retrieved from /home/airflow/.local/lib/python3.7/site-packages/airflow/example_dags/tutorial.py
[2023-02-15T22:17:56.101+0000] {logging_mixin.py:137} INFO - [2023-02-15T22:17:56.101+0000] {dag.py:2690} INFO - Sync 1 DAGs
[2023-02-15T22:17:56.134+0000] {logging_mixin.py:137} INFO - [2023-02-15T22:17:56.134+0000] {dag.py:3441} INFO - Setting next_dagrun for tutorial to 2023-02-14T22:17:56.134468+00:00, run_after=2023-02-15T22:17:56.134468+00:00
[2023-02-15T22:17:56.164+0000] {processor.py:175} INFO - Processing /home/airflow/.local/lib/python3.7/site-packages/airflow/example_dags/tutorial.py took 0.122 seconds
[2023-02-15T22:18:26.653+0000] {processor.py:153} INFO - Started process (PID=1033) to work on /home/airflow/.local/lib/python3.7/site-packages/airflow/example_dags/tutorial.py
[2023-02-15T22:18:26.661+0000] {processor.py:743} INFO - Processing file /home/airflow/.local/lib/python3.7/site-packages/airflow/example_dags/tutorial.py for tasks to queue
[2023-02-15T22:18:26.662+0000] {logging_mixin.py:137} INFO - [2023-02-15T22:18:26.662+0000] {dagbag.py:538} INFO - Filling up the DagBag from /home/airflow/.local/lib/python3.7/site-packages/airflow/example_dags/tutorial.py
[2023-02-15T22:18:26.689+0000] {processor.py:753} INFO - DAG(s) dict_keys(['tutorial']) retrieved from /home/airflow/.local/lib/python3.7/site-packages/airflow/example_dags/tutorial.py
[2023-02-15T22:18:26.768+0000] {logging_mixin.py:137} INFO - [2023-02-15T22:18:26.767+0000] {dag.py:2690} INFO - Sync 1 DAGs
[2023-02-15T22:18:26.817+0000] {logging_mixin.py:137} INFO - [2023-02-15T22:18:26.817+0000] {dag.py:3441} INFO - Setting next_dagrun for tutorial to 2023-02-14T22:18:26.816969+00:00, run_after=2023-02-15T22:18:26.816969+00:00
[2023-02-15T22:18:26.982+0000] {processor.py:175} INFO - Processing /home/airflow/.local/lib/python3.7/site-packages/airflow/example_dags/tutorial.py took 0.334 seconds
[2023-02-15T22:18:57.029+0000] {processor.py:153} INFO - Started process (PID=1095) to work on /home/airflow/.local/lib/python3.7/site-packages/airflow/example_dags/tutorial.py
[2023-02-15T22:18:57.031+0000] {processor.py:743} INFO - Processing file /home/airflow/.local/lib/python3.7/site-packages/airflow/example_dags/tutorial.py for tasks to queue
[2023-02-15T22:18:57.031+0000] {logging_mixin.py:137} INFO - [2023-02-15T22:18:57.031+0000] {dagbag.py:538} INFO - Filling up the DagBag from /home/airflow/.local/lib/python3.7/site-packages/airflow/example_dags/tutorial.py
[2023-02-15T22:18:57.046+0000] {processor.py:753} INFO - DAG(s) dict_keys(['tutorial']) retrieved from /home/airflow/.local/lib/python3.7/site-packages/airflow/example_dags/tutorial.py
[2023-02-15T22:18:57.073+0000] {logging_mixin.py:137} INFO - [2023-02-15T22:18:57.072+0000] {dag.py:2690} INFO - Sync 1 DAGs
[2023-02-15T22:18:57.102+0000] {logging_mixin.py:137} INFO - [2023-02-15T22:18:57.102+0000] {dag.py:3441} INFO - Setting next_dagrun for tutorial to 2023-02-14T22:18:57.102140+00:00, run_after=2023-02-15T22:18:57.102140+00:00
[2023-02-15T22:18:57.129+0000] {processor.py:175} INFO - Processing /home/airflow/.local/lib/python3.7/site-packages/airflow/example_dags/tutorial.py took 0.104 seconds
[2023-02-15T22:19:27.552+0000] {processor.py:153} INFO - Started process (PID=1160) to work on /home/airflow/.local/lib/python3.7/site-packages/airflow/example_dags/tutorial.py
[2023-02-15T22:19:27.553+0000] {processor.py:743} INFO - Processing file /home/airflow/.local/lib/python3.7/site-packages/airflow/example_dags/tutorial.py for tasks to queue
[2023-02-15T22:19:27.554+0000] {logging_mixin.py:137} INFO - [2023-02-15T22:19:27.554+0000] {dagbag.py:538} INFO - Filling up the DagBag from /home/airflow/.local/lib/python3.7/site-packages/airflow/example_dags/tutorial.py
[2023-02-15T22:19:27.569+0000] {processor.py:753} INFO - DAG(s) dict_keys(['tutorial']) retrieved from /home/airflow/.local/lib/python3.7/site-packages/airflow/example_dags/tutorial.py
[2023-02-15T22:19:27.601+0000] {logging_mixin.py:137} INFO - [2023-02-15T22:19:27.601+0000] {dag.py:2690} INFO - Sync 1 DAGs
[2023-02-15T22:19:27.630+0000] {logging_mixin.py:137} INFO - [2023-02-15T22:19:27.630+0000] {dag.py:3441} INFO - Setting next_dagrun for tutorial to 2023-02-14T22:19:27.630544+00:00, run_after=2023-02-15T22:19:27.630544+00:00
[2023-02-15T22:19:27.652+0000] {processor.py:175} INFO - Processing /home/airflow/.local/lib/python3.7/site-packages/airflow/example_dags/tutorial.py took 0.104 seconds
[2023-02-15T22:19:58.198+0000] {processor.py:153} INFO - Started process (PID=1231) to work on /home/airflow/.local/lib/python3.7/site-packages/airflow/example_dags/tutorial.py
[2023-02-15T22:19:58.206+0000] {processor.py:743} INFO - Processing file /home/airflow/.local/lib/python3.7/site-packages/airflow/example_dags/tutorial.py for tasks to queue
[2023-02-15T22:19:58.207+0000] {logging_mixin.py:137} INFO - [2023-02-15T22:19:58.207+0000] {dagbag.py:538} INFO - Filling up the DagBag from /home/airflow/.local/lib/python3.7/site-packages/airflow/example_dags/tutorial.py
[2023-02-15T22:19:58.246+0000] {processor.py:753} INFO - DAG(s) dict_keys(['tutorial']) retrieved from /home/airflow/.local/lib/python3.7/site-packages/airflow/example_dags/tutorial.py
[2023-02-15T22:19:58.307+0000] {logging_mixin.py:137} INFO - [2023-02-15T22:19:58.307+0000] {dag.py:2690} INFO - Sync 1 DAGs
[2023-02-15T22:19:58.371+0000] {logging_mixin.py:137} INFO - [2023-02-15T22:19:58.371+0000] {dag.py:3441} INFO - Setting next_dagrun for tutorial to 2023-02-14T22:19:58.368740+00:00, run_after=2023-02-15T22:19:58.368740+00:00
[2023-02-15T22:19:58.406+0000] {processor.py:175} INFO - Processing /home/airflow/.local/lib/python3.7/site-packages/airflow/example_dags/tutorial.py took 0.223 seconds
[2023-02-15T22:20:29.311+0000] {processor.py:153} INFO - Started process (PID=1297) to work on /home/airflow/.local/lib/python3.7/site-packages/airflow/example_dags/tutorial.py
[2023-02-15T22:20:29.314+0000] {processor.py:743} INFO - Processing file /home/airflow/.local/lib/python3.7/site-packages/airflow/example_dags/tutorial.py for tasks to queue
[2023-02-15T22:20:29.314+0000] {logging_mixin.py:137} INFO - [2023-02-15T22:20:29.314+0000] {dagbag.py:538} INFO - Filling up the DagBag from /home/airflow/.local/lib/python3.7/site-packages/airflow/example_dags/tutorial.py
[2023-02-15T22:20:29.338+0000] {processor.py:753} INFO - DAG(s) dict_keys(['tutorial']) retrieved from /home/airflow/.local/lib/python3.7/site-packages/airflow/example_dags/tutorial.py
[2023-02-15T22:20:29.374+0000] {logging_mixin.py:137} INFO - [2023-02-15T22:20:29.374+0000] {dag.py:2690} INFO - Sync 1 DAGs
[2023-02-15T22:20:29.416+0000] {logging_mixin.py:137} INFO - [2023-02-15T22:20:29.416+0000] {dag.py:3441} INFO - Setting next_dagrun for tutorial to 2023-02-14T22:20:29.416358+00:00, run_after=2023-02-15T22:20:29.416358+00:00
[2023-02-15T22:20:29.467+0000] {processor.py:175} INFO - Processing /home/airflow/.local/lib/python3.7/site-packages/airflow/example_dags/tutorial.py took 0.161 seconds
[2023-02-15T22:20:59.877+0000] {processor.py:153} INFO - Started process (PID=1360) to work on /home/airflow/.local/lib/python3.7/site-packages/airflow/example_dags/tutorial.py
[2023-02-15T22:20:59.879+0000] {processor.py:743} INFO - Processing file /home/airflow/.local/lib/python3.7/site-packages/airflow/example_dags/tutorial.py for tasks to queue
[2023-02-15T22:20:59.879+0000] {logging_mixin.py:137} INFO - [2023-02-15T22:20:59.879+0000] {dagbag.py:538} INFO - Filling up the DagBag from /home/airflow/.local/lib/python3.7/site-packages/airflow/example_dags/tutorial.py
[2023-02-15T22:20:59.898+0000] {processor.py:753} INFO - DAG(s) dict_keys(['tutorial']) retrieved from /home/airflow/.local/lib/python3.7/site-packages/airflow/example_dags/tutorial.py
[2023-02-15T22:20:59.927+0000] {logging_mixin.py:137} INFO - [2023-02-15T22:20:59.927+0000] {dag.py:2690} INFO - Sync 1 DAGs
[2023-02-15T22:20:59.958+0000] {logging_mixin.py:137} INFO - [2023-02-15T22:20:59.958+0000] {dag.py:3441} INFO - Setting next_dagrun for tutorial to 2023-02-14T22:20:59.958408+00:00, run_after=2023-02-15T22:20:59.958408+00:00
[2023-02-15T22:20:59.983+0000] {processor.py:175} INFO - Processing /home/airflow/.local/lib/python3.7/site-packages/airflow/example_dags/tutorial.py took 0.109 seconds
[2023-02-15T22:21:30.756+0000] {processor.py:153} INFO - Started process (PID=1436) to work on /home/airflow/.local/lib/python3.7/site-packages/airflow/example_dags/tutorial.py
[2023-02-15T22:21:30.757+0000] {processor.py:743} INFO - Processing file /home/airflow/.local/lib/python3.7/site-packages/airflow/example_dags/tutorial.py for tasks to queue
[2023-02-15T22:21:30.758+0000] {logging_mixin.py:137} INFO - [2023-02-15T22:21:30.757+0000] {dagbag.py:538} INFO - Filling up the DagBag from /home/airflow/.local/lib/python3.7/site-packages/airflow/example_dags/tutorial.py
[2023-02-15T22:21:30.807+0000] {processor.py:753} INFO - DAG(s) dict_keys(['tutorial']) retrieved from /home/airflow/.local/lib/python3.7/site-packages/airflow/example_dags/tutorial.py
[2023-02-15T22:21:30.881+0000] {logging_mixin.py:137} INFO - [2023-02-15T22:21:30.881+0000] {dag.py:2690} INFO - Sync 1 DAGs
[2023-02-15T22:21:30.931+0000] {logging_mixin.py:137} INFO - [2023-02-15T22:21:30.931+0000] {dag.py:3441} INFO - Setting next_dagrun for tutorial to 2023-02-14T22:21:30.930913+00:00, run_after=2023-02-15T22:21:30.930913+00:00
[2023-02-15T22:21:30.967+0000] {processor.py:175} INFO - Processing /home/airflow/.local/lib/python3.7/site-packages/airflow/example_dags/tutorial.py took 0.216 seconds
[2023-02-15T22:22:01.256+0000] {processor.py:153} INFO - Started process (PID=1501) to work on /home/airflow/.local/lib/python3.7/site-packages/airflow/example_dags/tutorial.py
[2023-02-15T22:22:01.258+0000] {processor.py:743} INFO - Processing file /home/airflow/.local/lib/python3.7/site-packages/airflow/example_dags/tutorial.py for tasks to queue
[2023-02-15T22:22:01.259+0000] {logging_mixin.py:137} INFO - [2023-02-15T22:22:01.259+0000] {dagbag.py:538} INFO - Filling up the DagBag from /home/airflow/.local/lib/python3.7/site-packages/airflow/example_dags/tutorial.py
[2023-02-15T22:22:01.285+0000] {processor.py:753} INFO - DAG(s) dict_keys(['tutorial']) retrieved from /home/airflow/.local/lib/python3.7/site-packages/airflow/example_dags/tutorial.py
[2023-02-15T22:22:01.349+0000] {logging_mixin.py:137} INFO - [2023-02-15T22:22:01.348+0000] {dag.py:2690} INFO - Sync 1 DAGs
[2023-02-15T22:22:01.388+0000] {logging_mixin.py:137} INFO - [2023-02-15T22:22:01.388+0000] {dag.py:3441} INFO - Setting next_dagrun for tutorial to 2023-02-14T22:22:01.388207+00:00, run_after=2023-02-15T22:22:01.388207+00:00
[2023-02-15T22:22:01.447+0000] {processor.py:175} INFO - Processing /home/airflow/.local/lib/python3.7/site-packages/airflow/example_dags/tutorial.py took 0.195 seconds
[2023-02-15T22:22:32.093+0000] {processor.py:153} INFO - Started process (PID=1564) to work on /home/airflow/.local/lib/python3.7/site-packages/airflow/example_dags/tutorial.py
[2023-02-15T22:22:32.094+0000] {processor.py:743} INFO - Processing file /home/airflow/.local/lib/python3.7/site-packages/airflow/example_dags/tutorial.py for tasks to queue
[2023-02-15T22:22:32.095+0000] {logging_mixin.py:137} INFO - [2023-02-15T22:22:32.094+0000] {dagbag.py:538} INFO - Filling up the DagBag from /home/airflow/.local/lib/python3.7/site-packages/airflow/example_dags/tutorial.py
[2023-02-15T22:22:32.117+0000] {processor.py:753} INFO - DAG(s) dict_keys(['tutorial']) retrieved from /home/airflow/.local/lib/python3.7/site-packages/airflow/example_dags/tutorial.py
[2023-02-15T22:22:32.155+0000] {logging_mixin.py:137} INFO - [2023-02-15T22:22:32.155+0000] {dag.py:2690} INFO - Sync 1 DAGs
[2023-02-15T22:22:32.190+0000] {logging_mixin.py:137} INFO - [2023-02-15T22:22:32.190+0000] {dag.py:3441} INFO - Setting next_dagrun for tutorial to 2023-02-14T22:22:32.189910+00:00, run_after=2023-02-15T22:22:32.189910+00:00
[2023-02-15T22:22:32.217+0000] {processor.py:175} INFO - Processing /home/airflow/.local/lib/python3.7/site-packages/airflow/example_dags/tutorial.py took 0.128 seconds
[2023-02-15T22:23:02.305+0000] {processor.py:153} INFO - Started process (PID=1639) to work on /home/airflow/.local/lib/python3.7/site-packages/airflow/example_dags/tutorial.py
[2023-02-15T22:23:02.307+0000] {processor.py:743} INFO - Processing file /home/airflow/.local/lib/python3.7/site-packages/airflow/example_dags/tutorial.py for tasks to queue
[2023-02-15T22:23:02.308+0000] {logging_mixin.py:137} INFO - [2023-02-15T22:23:02.307+0000] {dagbag.py:538} INFO - Filling up the DagBag from /home/airflow/.local/lib/python3.7/site-packages/airflow/example_dags/tutorial.py
[2023-02-15T22:23:02.324+0000] {processor.py:753} INFO - DAG(s) dict_keys(['tutorial']) retrieved from /home/airflow/.local/lib/python3.7/site-packages/airflow/example_dags/tutorial.py
[2023-02-15T22:23:02.354+0000] {logging_mixin.py:137} INFO - [2023-02-15T22:23:02.354+0000] {dag.py:2690} INFO - Sync 1 DAGs
[2023-02-15T22:23:02.385+0000] {logging_mixin.py:137} INFO - [2023-02-15T22:23:02.385+0000] {dag.py:3441} INFO - Setting next_dagrun for tutorial to 2023-02-14T22:23:02.384916+00:00, run_after=2023-02-15T22:23:02.384916+00:00
[2023-02-15T22:23:02.406+0000] {processor.py:175} INFO - Processing /home/airflow/.local/lib/python3.7/site-packages/airflow/example_dags/tutorial.py took 0.104 seconds
[2023-02-15T22:23:32.803+0000] {processor.py:153} INFO - Started process (PID=1704) to work on /home/airflow/.local/lib/python3.7/site-packages/airflow/example_dags/tutorial.py
[2023-02-15T22:23:32.808+0000] {processor.py:743} INFO - Processing file /home/airflow/.local/lib/python3.7/site-packages/airflow/example_dags/tutorial.py for tasks to queue
[2023-02-15T22:23:32.809+0000] {logging_mixin.py:137} INFO - [2023-02-15T22:23:32.809+0000] {dagbag.py:538} INFO - Filling up the DagBag from /home/airflow/.local/lib/python3.7/site-packages/airflow/example_dags/tutorial.py
[2023-02-15T22:23:32.842+0000] {processor.py:753} INFO - DAG(s) dict_keys(['tutorial']) retrieved from /home/airflow/.local/lib/python3.7/site-packages/airflow/example_dags/tutorial.py
[2023-02-15T22:23:32.879+0000] {logging_mixin.py:137} INFO - [2023-02-15T22:23:32.879+0000] {dag.py:2690} INFO - Sync 1 DAGs
[2023-02-15T22:23:32.913+0000] {logging_mixin.py:137} INFO - [2023-02-15T22:23:32.913+0000] {dag.py:3441} INFO - Setting next_dagrun for tutorial to 2023-02-14T22:23:32.912335+00:00, run_after=2023-02-15T22:23:32.912335+00:00
[2023-02-15T22:23:32.943+0000] {processor.py:175} INFO - Processing /home/airflow/.local/lib/python3.7/site-packages/airflow/example_dags/tutorial.py took 0.143 seconds
